[0.559s] Invoking command in '/home/mauricio/minicurso-ros2/src/simulator_package': PYTHONPATH=/home/mauricio/minicurso-ros2/build/simulator_package/prefix_override:/home/mauricio/minicurso-ros2/install/simulator_package/lib/python3.10/site-packages:${PYTHONPATH} /usr/bin/python3 -W ignore:setup.py install is deprecated setup.py egg_info --egg-base ../../build/simulator_package build --build-base /home/mauricio/minicurso-ros2/build/simulator_package/build install --record /home/mauricio/minicurso-ros2/build/simulator_package/install.log --single-version-externally-managed install_data
[0.784s] running egg_info
[0.784s] writing ../../build/simulator_package/simulator_package.egg-info/PKG-INFO
[0.784s] writing dependency_links to ../../build/simulator_package/simulator_package.egg-info/dependency_links.txt
[0.784s] writing entry points to ../../build/simulator_package/simulator_package.egg-info/entry_points.txt
[0.785s] writing requirements to ../../build/simulator_package/simulator_package.egg-info/requires.txt
[0.785s] writing top-level names to ../../build/simulator_package/simulator_package.egg-info/top_level.txt
[0.786s] reading manifest file '../../build/simulator_package/simulator_package.egg-info/SOURCES.txt'
[0.786s] writing manifest file '../../build/simulator_package/simulator_package.egg-info/SOURCES.txt'
[0.786s] running build
[0.787s] running build_py
[0.787s] copying simulator_package/simulator_node.py -> /home/mauricio/minicurso-ros2/build/simulator_package/build/lib/simulator_package
[0.787s] running install
[0.787s] running install_lib
[0.788s] copying /home/mauricio/minicurso-ros2/build/simulator_package/build/lib/simulator_package/simulator_node.py -> /home/mauricio/minicurso-ros2/install/simulator_package/lib/python3.10/site-packages/simulator_package
[0.788s] byte-compiling /home/mauricio/minicurso-ros2/install/simulator_package/lib/python3.10/site-packages/simulator_package/simulator_node.py to simulator_node.cpython-310.pyc
[0.789s] running install_data
[0.789s] running install_egg_info
[0.790s] removing '/home/mauricio/minicurso-ros2/install/simulator_package/lib/python3.10/site-packages/simulator_package-0.0.0-py3.10.egg-info' (and everything under it)
[0.790s] Copying ../../build/simulator_package/simulator_package.egg-info to /home/mauricio/minicurso-ros2/install/simulator_package/lib/python3.10/site-packages/simulator_package-0.0.0-py3.10.egg-info
[0.791s] running install_scripts
[0.805s] Installing simulator script to /home/mauricio/minicurso-ros2/install/simulator_package/lib/simulator_package
[0.805s] writing list of installed files to '/home/mauricio/minicurso-ros2/build/simulator_package/install.log'
[0.821s] Invoked command in '/home/mauricio/minicurso-ros2/src/simulator_package' returned '0': PYTHONPATH=/home/mauricio/minicurso-ros2/build/simulator_package/prefix_override:/home/mauricio/minicurso-ros2/install/simulator_package/lib/python3.10/site-packages:${PYTHONPATH} /usr/bin/python3 -W ignore:setup.py install is deprecated setup.py egg_info --egg-base ../../build/simulator_package build --build-base /home/mauricio/minicurso-ros2/build/simulator_package/build install --record /home/mauricio/minicurso-ros2/build/simulator_package/install.log --single-version-externally-managed install_data
