[1.280s] Invoking command in '/home/mauricio/minicurso-ros2/src/auto_paddle_package': PYTHONPATH=/home/mauricio/minicurso-ros2/build/auto_paddle_package/prefix_override:/home/mauricio/minicurso-ros2/install/auto_paddle_package/lib/python3.10/site-packages:${PYTHONPATH} /usr/bin/python3 -W ignore:setup.py install is deprecated setup.py egg_info --egg-base ../../build/auto_paddle_package build --build-base /home/mauricio/minicurso-ros2/build/auto_paddle_package/build install --record /home/mauricio/minicurso-ros2/build/auto_paddle_package/install.log --single-version-externally-managed install_data
[1.579s] running egg_info
[1.580s] writing ../../build/auto_paddle_package/auto_paddle_package.egg-info/PKG-INFO
[1.580s] writing dependency_links to ../../build/auto_paddle_package/auto_paddle_package.egg-info/dependency_links.txt
[1.580s] writing entry points to ../../build/auto_paddle_package/auto_paddle_package.egg-info/entry_points.txt
[1.580s] writing requirements to ../../build/auto_paddle_package/auto_paddle_package.egg-info/requires.txt
[1.581s] writing top-level names to ../../build/auto_paddle_package/auto_paddle_package.egg-info/top_level.txt
[1.584s] reading manifest file '../../build/auto_paddle_package/auto_paddle_package.egg-info/SOURCES.txt'
[1.585s] writing manifest file '../../build/auto_paddle_package/auto_paddle_package.egg-info/SOURCES.txt'
[1.585s] running build
[1.585s] running build_py
[1.586s] copying auto_paddle_package/auto_paddle.py -> /home/mauricio/minicurso-ros2/build/auto_paddle_package/build/lib/auto_paddle_package
[1.586s] running install
[1.586s] running install_lib
[1.587s] copying /home/mauricio/minicurso-ros2/build/auto_paddle_package/build/lib/auto_paddle_package/auto_paddle.py -> /home/mauricio/minicurso-ros2/install/auto_paddle_package/lib/python3.10/site-packages/auto_paddle_package
[1.588s] byte-compiling /home/mauricio/minicurso-ros2/install/auto_paddle_package/lib/python3.10/site-packages/auto_paddle_package/auto_paddle.py to auto_paddle.cpython-310.pyc
[1.589s] running install_data
[1.590s] running install_egg_info
[1.592s] removing '/home/mauricio/minicurso-ros2/install/auto_paddle_package/lib/python3.10/site-packages/auto_paddle_package-0.0.0-py3.10.egg-info' (and everything under it)
[1.593s] Copying ../../build/auto_paddle_package/auto_paddle_package.egg-info to /home/mauricio/minicurso-ros2/install/auto_paddle_package/lib/python3.10/site-packages/auto_paddle_package-0.0.0-py3.10.egg-info
[1.606s] running install_scripts
[1.632s] Installing auto_paddle script to /home/mauricio/minicurso-ros2/install/auto_paddle_package/lib/auto_paddle_package
[1.633s] writing list of installed files to '/home/mauricio/minicurso-ros2/build/auto_paddle_package/install.log'
[1.670s] Invoked command in '/home/mauricio/minicurso-ros2/src/auto_paddle_package' returned '0': PYTHONPATH=/home/mauricio/minicurso-ros2/build/auto_paddle_package/prefix_override:/home/mauricio/minicurso-ros2/install/auto_paddle_package/lib/python3.10/site-packages:${PYTHONPATH} /usr/bin/python3 -W ignore:setup.py install is deprecated setup.py egg_info --egg-base ../../build/auto_paddle_package build --build-base /home/mauricio/minicurso-ros2/build/auto_paddle_package/build install --record /home/mauricio/minicurso-ros2/build/auto_paddle_package/install.log --single-version-externally-managed install_data
