running egg_info
creating ../../build/auto_paddle_package/auto_paddle_package.egg-info
writing ../../build/auto_paddle_package/auto_paddle_package.egg-info/PKG-INFO
writing dependency_links to ../../build/auto_paddle_package/auto_paddle_package.egg-info/dependency_links.txt
writing entry points to ../../build/auto_paddle_package/auto_paddle_package.egg-info/entry_points.txt
writing requirements to ../../build/auto_paddle_package/auto_paddle_package.egg-info/requires.txt
writing top-level names to ../../build/auto_paddle_package/auto_paddle_package.egg-info/top_level.txt
writing manifest file '../../build/auto_paddle_package/auto_paddle_package.egg-info/SOURCES.txt'
reading manifest file '../../build/auto_paddle_package/auto_paddle_package.egg-info/SOURCES.txt'
writing manifest file '../../build/auto_paddle_package/auto_paddle_package.egg-info/SOURCES.txt'
running build
running build_py
creating /home/mauricio/minicurso-ros2/build/auto_paddle_package/build
creating /home/mauricio/minicurso-ros2/build/auto_paddle_package/build/lib
creating /home/mauricio/minicurso-ros2/build/auto_paddle_package/build/lib/auto_paddle_package
copying auto_paddle_package/__init__.py -> /home/mauricio/minicurso-ros2/build/auto_paddle_package/build/lib/auto_paddle_package
copying auto_paddle_package/auto_paddle.py -> /home/mauricio/minicurso-ros2/build/auto_paddle_package/build/lib/auto_paddle_package
running install
running install_lib
creating /home/mauricio/minicurso-ros2/install/auto_paddle_package/lib/python3.10/site-packages/auto_paddle_package
copying /home/mauricio/minicurso-ros2/build/auto_paddle_package/build/lib/auto_paddle_package/__init__.py -> /home/mauricio/minicurso-ros2/install/auto_paddle_package/lib/python3.10/site-packages/auto_paddle_package
copying /home/mauricio/minicurso-ros2/build/auto_paddle_package/build/lib/auto_paddle_package/auto_paddle.py -> /home/mauricio/minicurso-ros2/install/auto_paddle_package/lib/python3.10/site-packages/auto_paddle_package
byte-compiling /home/mauricio/minicurso-ros2/install/auto_paddle_package/lib/python3.10/site-packages/auto_paddle_package/__init__.py to __init__.cpython-310.pyc
byte-compiling /home/mauricio/minicurso-ros2/install/auto_paddle_package/lib/python3.10/site-packages/auto_paddle_package/auto_paddle.py to auto_paddle.cpython-310.pyc
running install_data
creating /home/mauricio/minicurso-ros2/install/auto_paddle_package/share/ament_index
creating /home/mauricio/minicurso-ros2/install/auto_paddle_package/share/ament_index/resource_index
creating /home/mauricio/minicurso-ros2/install/auto_paddle_package/share/ament_index/resource_index/packages
copying resource/auto_paddle_package -> /home/mauricio/minicurso-ros2/install/auto_paddle_package/share/ament_index/resource_index/packages
copying package.xml -> /home/mauricio/minicurso-ros2/install/auto_paddle_package/share/auto_paddle_package
running install_egg_info
Copying ../../build/auto_paddle_package/auto_paddle_package.egg-info to /home/mauricio/minicurso-ros2/install/auto_paddle_package/lib/python3.10/site-packages/auto_paddle_package-0.0.0-py3.10.egg-info
running install_scripts
writing list of installed files to '/home/mauricio/minicurso-ros2/build/auto_paddle_package/install.log'
