[1.381s] Invoking command in '/home/mauricio/minicurso-ros2/src/auto_paddle_package': PYTHONPATH=/home/mauricio/minicurso-ros2/build/auto_paddle_package/prefix_override:/home/mauricio/minicurso-ros2/install/auto_paddle_package/lib/python3.10/site-packages:${PYTHONPATH} /usr/bin/python3 -W ignore:setup.py install is deprecated setup.py egg_info --egg-base ../../build/auto_paddle_package build --build-base /home/mauricio/minicurso-ros2/build/auto_paddle_package/build install --record /home/mauricio/minicurso-ros2/build/auto_paddle_package/install.log --single-version-externally-managed install_data
[1.701s] running egg_info
[1.703s] creating ../../build/auto_paddle_package/auto_paddle_package.egg-info
[1.703s] writing ../../build/auto_paddle_package/auto_paddle_package.egg-info/PKG-INFO
[1.704s] writing dependency_links to ../../build/auto_paddle_package/auto_paddle_package.egg-info/dependency_links.txt
[1.704s] writing entry points to ../../build/auto_paddle_package/auto_paddle_package.egg-info/entry_points.txt
[1.705s] writing requirements to ../../build/auto_paddle_package/auto_paddle_package.egg-info/requires.txt
[1.705s] writing top-level names to ../../build/auto_paddle_package/auto_paddle_package.egg-info/top_level.txt
[1.705s] writing manifest file '../../build/auto_paddle_package/auto_paddle_package.egg-info/SOURCES.txt'
[1.708s] reading manifest file '../../build/auto_paddle_package/auto_paddle_package.egg-info/SOURCES.txt'
[1.709s] writing manifest file '../../build/auto_paddle_package/auto_paddle_package.egg-info/SOURCES.txt'
[1.710s] running build
[1.710s] running build_py
[1.710s] creating /home/mauricio/minicurso-ros2/build/auto_paddle_package/build
[1.710s] creating /home/mauricio/minicurso-ros2/build/auto_paddle_package/build/lib
[1.710s] creating /home/mauricio/minicurso-ros2/build/auto_paddle_package/build/lib/auto_paddle_package
[1.710s] copying auto_paddle_package/__init__.py -> /home/mauricio/minicurso-ros2/build/auto_paddle_package/build/lib/auto_paddle_package
[1.711s] copying auto_paddle_package/auto_paddle.py -> /home/mauricio/minicurso-ros2/build/auto_paddle_package/build/lib/auto_paddle_package
[1.711s] running install
[1.711s] running install_lib
[1.713s] creating /home/mauricio/minicurso-ros2/install/auto_paddle_package/lib/python3.10/site-packages/auto_paddle_package
[1.713s] copying /home/mauricio/minicurso-ros2/build/auto_paddle_package/build/lib/auto_paddle_package/__init__.py -> /home/mauricio/minicurso-ros2/install/auto_paddle_package/lib/python3.10/site-packages/auto_paddle_package
[1.714s] copying /home/mauricio/minicurso-ros2/build/auto_paddle_package/build/lib/auto_paddle_package/auto_paddle.py -> /home/mauricio/minicurso-ros2/install/auto_paddle_package/lib/python3.10/site-packages/auto_paddle_package
[1.715s] byte-compiling /home/mauricio/minicurso-ros2/install/auto_paddle_package/lib/python3.10/site-packages/auto_paddle_package/__init__.py to __init__.cpython-310.pyc
[1.716s] byte-compiling /home/mauricio/minicurso-ros2/install/auto_paddle_package/lib/python3.10/site-packages/auto_paddle_package/auto_paddle.py to auto_paddle.cpython-310.pyc
[1.716s] running install_data
[1.717s] creating /home/mauricio/minicurso-ros2/install/auto_paddle_package/share/ament_index
[1.717s] creating /home/mauricio/minicurso-ros2/install/auto_paddle_package/share/ament_index/resource_index
[1.717s] creating /home/mauricio/minicurso-ros2/install/auto_paddle_package/share/ament_index/resource_index/packages
[1.718s] copying resource/auto_paddle_package -> /home/mauricio/minicurso-ros2/install/auto_paddle_package/share/ament_index/resource_index/packages
[1.718s] copying package.xml -> /home/mauricio/minicurso-ros2/install/auto_paddle_package/share/auto_paddle_package
[1.718s] running install_egg_info
[1.721s] Copying ../../build/auto_paddle_package/auto_paddle_package.egg-info to /home/mauricio/minicurso-ros2/install/auto_paddle_package/lib/python3.10/site-packages/auto_paddle_package-0.0.0-py3.10.egg-info
[1.722s] running install_scripts
[1.751s] writing list of installed files to '/home/mauricio/minicurso-ros2/build/auto_paddle_package/install.log'
[1.785s] Invoked command in '/home/mauricio/minicurso-ros2/src/auto_paddle_package' returned '0': PYTHONPATH=/home/mauricio/minicurso-ros2/build/auto_paddle_package/prefix_override:/home/mauricio/minicurso-ros2/install/auto_paddle_package/lib/python3.10/site-packages:${PYTHONPATH} /usr/bin/python3 -W ignore:setup.py install is deprecated setup.py egg_info --egg-base ../../build/auto_paddle_package build --build-base /home/mauricio/minicurso-ros2/build/auto_paddle_package/build install --record /home/mauricio/minicurso-ros2/build/auto_paddle_package/install.log --single-version-externally-managed install_data
