running egg_info
creating ../../build/paddle_controller_package/paddle_controller_package.egg-info
writing ../../build/paddle_controller_package/paddle_controller_package.egg-info/PKG-INFO
writing dependency_links to ../../build/paddle_controller_package/paddle_controller_package.egg-info/dependency_links.txt
writing entry points to ../../build/paddle_controller_package/paddle_controller_package.egg-info/entry_points.txt
writing requirements to ../../build/paddle_controller_package/paddle_controller_package.egg-info/requires.txt
writing top-level names to ../../build/paddle_controller_package/paddle_controller_package.egg-info/top_level.txt
writing manifest file '../../build/paddle_controller_package/paddle_controller_package.egg-info/SOURCES.txt'
reading manifest file '../../build/paddle_controller_package/paddle_controller_package.egg-info/SOURCES.txt'
writing manifest file '../../build/paddle_controller_package/paddle_controller_package.egg-info/SOURCES.txt'
running build
running build_py
creating /home/mauricio/minicurso-ros2/build/paddle_controller_package/build
creating /home/mauricio/minicurso-ros2/build/paddle_controller_package/build/lib
creating /home/mauricio/minicurso-ros2/build/paddle_controller_package/build/lib/paddle_controller_package
copying paddle_controller_package/paddle_controller.py -> /home/mauricio/minicurso-ros2/build/paddle_controller_package/build/lib/paddle_controller_package
copying paddle_controller_package/__init__.py -> /home/mauricio/minicurso-ros2/build/paddle_controller_package/build/lib/paddle_controller_package
running install
running install_lib
creating /home/mauricio/minicurso-ros2/install/paddle_controller_package/lib/python3.10/site-packages/paddle_controller_package
copying /home/mauricio/minicurso-ros2/build/paddle_controller_package/build/lib/paddle_controller_package/paddle_controller.py -> /home/mauricio/minicurso-ros2/install/paddle_controller_package/lib/python3.10/site-packages/paddle_controller_package
copying /home/mauricio/minicurso-ros2/build/paddle_controller_package/build/lib/paddle_controller_package/__init__.py -> /home/mauricio/minicurso-ros2/install/paddle_controller_package/lib/python3.10/site-packages/paddle_controller_package
byte-compiling /home/mauricio/minicurso-ros2/install/paddle_controller_package/lib/python3.10/site-packages/paddle_controller_package/paddle_controller.py to paddle_controller.cpython-310.pyc
byte-compiling /home/mauricio/minicurso-ros2/install/paddle_controller_package/lib/python3.10/site-packages/paddle_controller_package/__init__.py to __init__.cpython-310.pyc
running install_data
creating /home/mauricio/minicurso-ros2/install/paddle_controller_package/share/ament_index
creating /home/mauricio/minicurso-ros2/install/paddle_controller_package/share/ament_index/resource_index
creating /home/mauricio/minicurso-ros2/install/paddle_controller_package/share/ament_index/resource_index/packages
copying resource/paddle_controller_package -> /home/mauricio/minicurso-ros2/install/paddle_controller_package/share/ament_index/resource_index/packages
copying package.xml -> /home/mauricio/minicurso-ros2/install/paddle_controller_package/share/paddle_controller_package
running install_egg_info
Copying ../../build/paddle_controller_package/paddle_controller_package.egg-info to /home/mauricio/minicurso-ros2/install/paddle_controller_package/lib/python3.10/site-packages/paddle_controller_package-0.0.0-py3.10.egg-info
running install_scripts
Installing paddle_controller script to /home/mauricio/minicurso-ros2/install/paddle_controller_package/lib/paddle_controller_package
writing list of installed files to '/home/mauricio/minicurso-ros2/build/paddle_controller_package/install.log'
