[0.982s] Invoking command in '/home/mauricio/minicurso-ros2/src/paddle_controller_package': PYTHONPATH=/home/mauricio/minicurso-ros2/build/paddle_controller_package/prefix_override:/home/mauricio/minicurso-ros2/install/paddle_controller_package/lib/python3.10/site-packages:${PYTHONPATH} /usr/bin/python3 -W ignore:setup.py install is deprecated setup.py egg_info --egg-base ../../build/paddle_controller_package build --build-base /home/mauricio/minicurso-ros2/build/paddle_controller_package/build install --record /home/mauricio/minicurso-ros2/build/paddle_controller_package/install.log --single-version-externally-managed install_data
[1.244s] running egg_info
[1.245s] creating ../../build/paddle_controller_package/paddle_controller_package.egg-info
[1.245s] writing ../../build/paddle_controller_package/paddle_controller_package.egg-info/PKG-INFO
[1.246s] writing dependency_links to ../../build/paddle_controller_package/paddle_controller_package.egg-info/dependency_links.txt
[1.246s] writing entry points to ../../build/paddle_controller_package/paddle_controller_package.egg-info/entry_points.txt
[1.246s] writing requirements to ../../build/paddle_controller_package/paddle_controller_package.egg-info/requires.txt
[1.246s] writing top-level names to ../../build/paddle_controller_package/paddle_controller_package.egg-info/top_level.txt
[1.247s] writing manifest file '../../build/paddle_controller_package/paddle_controller_package.egg-info/SOURCES.txt'
[1.250s] reading manifest file '../../build/paddle_controller_package/paddle_controller_package.egg-info/SOURCES.txt'
[1.250s] writing manifest file '../../build/paddle_controller_package/paddle_controller_package.egg-info/SOURCES.txt'
[1.251s] running build
[1.251s] running build_py
[1.251s] creating /home/mauricio/minicurso-ros2/build/paddle_controller_package/build
[1.251s] creating /home/mauricio/minicurso-ros2/build/paddle_controller_package/build/lib
[1.251s] creating /home/mauricio/minicurso-ros2/build/paddle_controller_package/build/lib/paddle_controller_package
[1.253s] copying paddle_controller_package/paddle_controller.py -> /home/mauricio/minicurso-ros2/build/paddle_controller_package/build/lib/paddle_controller_package
[1.253s] copying paddle_controller_package/__init__.py -> /home/mauricio/minicurso-ros2/build/paddle_controller_package/build/lib/paddle_controller_package
[1.253s] running install
[1.254s] running install_lib
[1.255s] creating /home/mauricio/minicurso-ros2/install/paddle_controller_package/lib/python3.10/site-packages/paddle_controller_package
[1.255s] copying /home/mauricio/minicurso-ros2/build/paddle_controller_package/build/lib/paddle_controller_package/paddle_controller.py -> /home/mauricio/minicurso-ros2/install/paddle_controller_package/lib/python3.10/site-packages/paddle_controller_package
[1.255s] copying /home/mauricio/minicurso-ros2/build/paddle_controller_package/build/lib/paddle_controller_package/__init__.py -> /home/mauricio/minicurso-ros2/install/paddle_controller_package/lib/python3.10/site-packages/paddle_controller_package
[1.257s] byte-compiling /home/mauricio/minicurso-ros2/install/paddle_controller_package/lib/python3.10/site-packages/paddle_controller_package/paddle_controller.py to paddle_controller.cpython-310.pyc
[1.258s] byte-compiling /home/mauricio/minicurso-ros2/install/paddle_controller_package/lib/python3.10/site-packages/paddle_controller_package/__init__.py to __init__.cpython-310.pyc
[1.258s] running install_data
[1.258s] creating /home/mauricio/minicurso-ros2/install/paddle_controller_package/share/ament_index
[1.259s] creating /home/mauricio/minicurso-ros2/install/paddle_controller_package/share/ament_index/resource_index
[1.259s] creating /home/mauricio/minicurso-ros2/install/paddle_controller_package/share/ament_index/resource_index/packages
[1.259s] copying resource/paddle_controller_package -> /home/mauricio/minicurso-ros2/install/paddle_controller_package/share/ament_index/resource_index/packages
[1.259s] copying package.xml -> /home/mauricio/minicurso-ros2/install/paddle_controller_package/share/paddle_controller_package
[1.259s] running install_egg_info
[1.262s] Copying ../../build/paddle_controller_package/paddle_controller_package.egg-info to /home/mauricio/minicurso-ros2/install/paddle_controller_package/lib/python3.10/site-packages/paddle_controller_package-0.0.0-py3.10.egg-info
[1.263s] running install_scripts
[1.286s] Installing paddle_controller script to /home/mauricio/minicurso-ros2/install/paddle_controller_package/lib/paddle_controller_package
[1.286s] writing list of installed files to '/home/mauricio/minicurso-ros2/build/paddle_controller_package/install.log'
[1.316s] Invoked command in '/home/mauricio/minicurso-ros2/src/paddle_controller_package' returned '0': PYTHONPATH=/home/mauricio/minicurso-ros2/build/paddle_controller_package/prefix_override:/home/mauricio/minicurso-ros2/install/paddle_controller_package/lib/python3.10/site-packages:${PYTHONPATH} /usr/bin/python3 -W ignore:setup.py install is deprecated setup.py egg_info --egg-base ../../build/paddle_controller_package build --build-base /home/mauricio/minicurso-ros2/build/paddle_controller_package/build install --record /home/mauricio/minicurso-ros2/build/paddle_controller_package/install.log --single-version-externally-managed install_data
