-- Found ament_cmake: 1.3.9 (/opt/ros/humble/share/ament_cmake/cmake)
-- Found geometry_msgs: 4.2.3 (/opt/ros/humble/share/geometry_msgs/cmake)
-- Found rosidl_generator_c: 3.1.5 (/opt/ros/humble/share/rosidl_generator_c/cmake)
-- Found rosidl_adapter: 3.1.5 (/opt/ros/humble/share/rosidl_adapter/cmake)
-- Found rosidl_generator_cpp: 3.1.5 (/opt/ros/humble/share/rosidl_generator_cpp/cmake)
-- Using all available rosidl_typesupport_c: rosidl_typesupport_fastrtps_c;rosidl_typesupport_introspection_c
-- Using all available rosidl_typesupport_cpp: rosidl_typesupport_fastrtps_cpp;rosidl_typesupport_introspection_cpp
-- Found rosidl_default_generators: 1.2.0 (/opt/ros/humble/share/rosidl_default_generators/cmake)
-- Found ament_cmake_ros: 0.10.0 (/opt/ros/humble/share/ament_cmake_ros/cmake)
-- Using all available rosidl_typesupport_c: rosidl_typesupport_fastrtps_c;rosidl_typesupport_introspection_c
-- Using all available rosidl_typesupport_cpp: rosidl_typesupport_fastrtps_cpp;rosidl_typesupport_introspection_cpp
-- Found python_cmake_module: 0.10.0 (/opt/ros/humble/share/python_cmake_module/cmake)
-- Using PYTHON_EXECUTABLE: /usr/bin/python3
-- Using PYTHON_INCLUDE_DIRS: /usr/include/python3.10
-- Using PYTHON_LIBRARIES: /usr/lib/x86_64-linux-gnu/libpython3.10.so
-- Found ament_lint_auto: 0.12.11 (/opt/ros/humble/share/ament_lint_auto/cmake)
-- Added test 'lint_cmake' to check CMake code style
-- Added test 'xmllint' to check XML markup files
-- Configuring done
-- Generating done
-- Build files have been written to: /home/mauricio/minicurso-ros2/build/interfaces_package
[  3%] [34m[1mGenerating C code for ROS interfaces[0m
[  6%] [34m[1mGenerating C++ code for ROS interfaces[0m
[  6%] Built target ament_cmake_python_copy_interfaces_package
[  6%] Built target interfaces_package__cpp
[  9%] [34m[1mGenerating C++ type support dispatch for ROS interfaces[0m
[ 12%] [34m[1mGenerating C++ type support for eProsima Fast-RTPS[0m
[ 16%] [34m[1mGenerating C++ introspection for ROS interfaces[0m
running egg_info
writing interfaces_package.egg-info/PKG-INFO
writing dependency_links to interfaces_package.egg-info/dependency_links.txt
writing top-level names to interfaces_package.egg-info/top_level.txt
reading manifest file 'interfaces_package.egg-info/SOURCES.txt'
writing manifest file 'interfaces_package.egg-info/SOURCES.txt'
[ 19%] [32mBuilding C object CMakeFiles/interfaces_package__rosidl_generator_c.dir/rosidl_generator_c/interfaces_package/srv/detail/sim_control__functions.c.o[0m
[ 19%] Built target ament_cmake_python_build_interfaces_package_egg
[ 22%] [32mBuilding CXX object CMakeFiles/interfaces_package__rosidl_typesupport_cpp.dir/rosidl_typesupport_cpp/interfaces_package/srv/sim_control__type_support.cpp.o[0m
[ 25%] [32mBuilding CXX object CMakeFiles/interfaces_package__rosidl_typesupport_introspection_cpp.dir/rosidl_typesupport_introspection_cpp/interfaces_package/srv/detail/sim_control__type_support.cpp.o[0m
[ 29%] [32mBuilding CXX object CMakeFiles/interfaces_package__rosidl_typesupport_fastrtps_cpp.dir/rosidl_typesupport_fastrtps_cpp/interfaces_package/srv/detail/dds_fastrtps/sim_control__type_support.cpp.o[0m
[ 32%] [32m[1mLinking C shared library libinterfaces_package__rosidl_generator_c.so[0m
[ 32%] Built target interfaces_package__rosidl_generator_c
[ 41%] [34m[1mGenerating C introspection for ROS interfaces[0m
[ 41%] [34m[1mGenerating C type support for eProsima Fast-RTPS[0m
[ 41%] [34m[1mGenerating C type support dispatch for ROS interfaces[0m
[ 45%] [32mBuilding CXX object CMakeFiles/interfaces_package__rosidl_typesupport_c.dir/rosidl_typesupport_c/interfaces_package/srv/sim_control__type_support.cpp.o[0m
[ 48%] [32m[1mLinking CXX shared library libinterfaces_package__rosidl_typesupport_c.so[0m
[ 51%] [32mBuilding C object CMakeFiles/interfaces_package__rosidl_typesupport_introspection_c.dir/rosidl_typesupport_introspection_c/interfaces_package/srv/detail/sim_control__type_support.c.o[0m
[ 54%] [32mBuilding CXX object CMakeFiles/interfaces_package__rosidl_typesupport_fastrtps_c.dir/rosidl_typesupport_fastrtps_c/interfaces_package/srv/detail/sim_control__type_support_c.cpp.o[0m
[ 58%] [32m[1mLinking CXX shared library libinterfaces_package__rosidl_typesupport_cpp.so[0m
[ 58%] Built target interfaces_package__rosidl_typesupport_c
[ 61%] [32m[1mLinking C shared library libinterfaces_package__rosidl_typesupport_introspection_c.so[0m
[ 61%] Built target interfaces_package__rosidl_typesupport_cpp
[ 61%] Built target interfaces_package__rosidl_typesupport_introspection_c
[ 64%] [32m[1mLinking CXX shared library libinterfaces_package__rosidl_typesupport_introspection_cpp.so[0m
[ 67%] [32m[1mLinking CXX shared library libinterfaces_package__rosidl_typesupport_fastrtps_cpp.so[0m
[ 67%] Built target interfaces_package__rosidl_typesupport_introspection_cpp
[ 67%] Built target interfaces_package__rosidl_typesupport_fastrtps_cpp
[ 70%] [32m[1mLinking CXX shared library libinterfaces_package__rosidl_typesupport_fastrtps_c.so[0m
[ 70%] Built target interfaces_package__rosidl_typesupport_fastrtps_c
[ 70%] Built target interfaces_package
[ 74%] [34m[1mGenerating Python code for ROS interfaces[0m
[ 74%] Built target interfaces_package__py
[ 77%] [32mBuilding C object CMakeFiles/interfaces_package__rosidl_generator_py.dir/rosidl_generator_py/interfaces_package/srv/_sim_control_s.c.o[0m
[ 80%] [32m[1mLinking C shared library rosidl_generator_py/interfaces_package/libinterfaces_package__rosidl_generator_py.so[0m
[ 80%] Built target interfaces_package__rosidl_generator_py
[ 83%] [32mBuilding C object CMakeFiles/interfaces_package__rosidl_typesupport_c__pyext.dir/rosidl_generator_py/interfaces_package/_interfaces_package_s.ep.rosidl_typesupport_c.c.o[0m
[ 87%] [32mBuilding C object CMakeFiles/interfaces_package__rosidl_typesupport_introspection_c__pyext.dir/rosidl_generator_py/interfaces_package/_interfaces_package_s.ep.rosidl_typesupport_introspection_c.c.o[0m
[ 90%] [32mBuilding C object CMakeFiles/interfaces_package__rosidl_typesupport_fastrtps_c__pyext.dir/rosidl_generator_py/interfaces_package/_interfaces_package_s.ep.rosidl_typesupport_fastrtps_c.c.o[0m
[ 93%] [32m[1mLinking C shared library rosidl_generator_py/interfaces_package/interfaces_package_s__rosidl_typesupport_introspection_c.cpython-310-x86_64-linux-gnu.so[0m
[ 96%] [32m[1mLinking C shared library rosidl_generator_py/interfaces_package/interfaces_package_s__rosidl_typesupport_c.cpython-310-x86_64-linux-gnu.so[0m
[100%] [32m[1mLinking C shared library rosidl_generator_py/interfaces_package/interfaces_package_s__rosidl_typesupport_fastrtps_c.cpython-310-x86_64-linux-gnu.so[0m
[100%] Built target interfaces_package__rosidl_typesupport_c__pyext
[100%] Built target interfaces_package__rosidl_typesupport_introspection_c__pyext
[100%] Built target interfaces_package__rosidl_typesupport_fastrtps_c__pyext
-- Install configuration: ""
-- Installing: /home/mauricio/minicurso-ros2/install/interfaces_package/share/ament_index/resource_index/rosidl_interfaces/interfaces_package
-- Installing: /home/mauricio/minicurso-ros2/install/interfaces_package/include/interfaces_package/interfaces_package
-- Installing: /home/mauricio/minicurso-ros2/install/interfaces_package/include/interfaces_package/interfaces_package/msg
-- Installing: /home/mauricio/minicurso-ros2/install/interfaces_package/include/interfaces_package/interfaces_package/msg/game_info.h
-- Installing: /home/mauricio/minicurso-ros2/install/interfaces_package/include/interfaces_package/interfaces_package/msg/rosidl_generator_c__visibility_control.h
-- Installing: /home/mauricio/minicurso-ros2/install/interfaces_package/include/interfaces_package/interfaces_package/msg/detail
-- Installing: /home/mauricio/minicurso-ros2/install/interfaces_package/include/interfaces_package/interfaces_package/msg/detail/game_info__functions.c
-- Installing: /home/mauricio/minicurso-ros2/install/interfaces_package/include/interfaces_package/interfaces_package/msg/detail/game_info__struct.h
-- Installing: /home/mauricio/minicurso-ros2/install/interfaces_package/include/interfaces_package/interfaces_package/msg/detail/game_info__type_support.h
-- Installing: /home/mauricio/minicurso-ros2/install/interfaces_package/include/interfaces_package/interfaces_package/msg/detail/game_info__functions.h
-- Installing: /home/mauricio/minicurso-ros2/install/interfaces_package/include/interfaces_package/interfaces_package/srv
-- Installing: /home/mauricio/minicurso-ros2/install/interfaces_package/include/interfaces_package/interfaces_package/srv/sim_control.h
-- Installing: /home/mauricio/minicurso-ros2/install/interfaces_package/include/interfaces_package/interfaces_package/srv/detail
-- Installing: /home/mauricio/minicurso-ros2/install/interfaces_package/include/interfaces_package/interfaces_package/srv/detail/sim_control__functions.c
-- Installing: /home/mauricio/minicurso-ros2/install/interfaces_package/include/interfaces_package/interfaces_package/srv/detail/sim_control__struct.h
-- Installing: /home/mauricio/minicurso-ros2/install/interfaces_package/include/interfaces_package/interfaces_package/srv/detail/sim_control__functions.h
-- Installing: /home/mauricio/minicurso-ros2/install/interfaces_package/include/interfaces_package/interfaces_package/srv/detail/sim_control__type_support.h
-- Installing: /home/mauricio/minicurso-ros2/install/interfaces_package/share/interfaces_package/environment/library_path.sh
-- Installing: /home/mauricio/minicurso-ros2/install/interfaces_package/share/interfaces_package/environment/library_path.dsv
-- Installing: /home/mauricio/minicurso-ros2/install/interfaces_package/lib/libinterfaces_package__rosidl_generator_c.so
-- Set runtime path of "/home/mauricio/minicurso-ros2/install/interfaces_package/lib/libinterfaces_package__rosidl_generator_c.so" to ""
-- Up-to-date: /home/mauricio/minicurso-ros2/install/interfaces_package/include/interfaces_package/interfaces_package
-- Up-to-date: /home/mauricio/minicurso-ros2/install/interfaces_package/include/interfaces_package/interfaces_package/msg
-- Installing: /home/mauricio/minicurso-ros2/install/interfaces_package/include/interfaces_package/interfaces_package/msg/rosidl_typesupport_fastrtps_c__visibility_control.h
-- Up-to-date: /home/mauricio/minicurso-ros2/install/interfaces_package/include/interfaces_package/interfaces_package/srv
-- Up-to-date: /home/mauricio/minicurso-ros2/install/interfaces_package/include/interfaces_package/interfaces_package/srv/detail
-- Installing: /home/mauricio/minicurso-ros2/install/interfaces_package/include/interfaces_package/interfaces_package/srv/detail/sim_control__rosidl_typesupport_fastrtps_c.h
-- Installing: /home/mauricio/minicurso-ros2/install/interfaces_package/lib/libinterfaces_package__rosidl_typesupport_fastrtps_c.so
-- Set runtime path of "/home/mauricio/minicurso-ros2/install/interfaces_package/lib/libinterfaces_package__rosidl_typesupport_fastrtps_c.so" to ""
-- Up-to-date: /home/mauricio/minicurso-ros2/install/interfaces_package/include/interfaces_package/interfaces_package
-- Up-to-date: /home/mauricio/minicurso-ros2/install/interfaces_package/include/interfaces_package/interfaces_package/msg
-- Installing: /home/mauricio/minicurso-ros2/install/interfaces_package/include/interfaces_package/interfaces_package/msg/game_info.hpp
-- Up-to-date: /home/mauricio/minicurso-ros2/install/interfaces_package/include/interfaces_package/interfaces_package/msg/detail
-- Installing: /home/mauricio/minicurso-ros2/install/interfaces_package/include/interfaces_package/interfaces_package/msg/detail/game_info__struct.hpp
-- Installing: /home/mauricio/minicurso-ros2/install/interfaces_package/include/interfaces_package/interfaces_package/msg/detail/game_info__traits.hpp
-- Installing: /home/mauricio/minicurso-ros2/install/interfaces_package/include/interfaces_package/interfaces_package/msg/detail/game_info__builder.hpp
-- Up-to-date: /home/mauricio/minicurso-ros2/install/interfaces_package/include/interfaces_package/interfaces_package/srv
-- Installing: /home/mauricio/minicurso-ros2/install/interfaces_package/include/interfaces_package/interfaces_package/srv/sim_control.hpp
-- Up-to-date: /home/mauricio/minicurso-ros2/install/interfaces_package/include/interfaces_package/interfaces_package/srv/detail
-- Installing: /home/mauricio/minicurso-ros2/install/interfaces_package/include/interfaces_package/interfaces_package/srv/detail/sim_control__struct.hpp
-- Installing: /home/mauricio/minicurso-ros2/install/interfaces_package/include/interfaces_package/interfaces_package/srv/detail/sim_control__traits.hpp
-- Installing: /home/mauricio/minicurso-ros2/install/interfaces_package/include/interfaces_package/interfaces_package/srv/detail/sim_control__builder.hpp
-- Up-to-date: /home/mauricio/minicurso-ros2/install/interfaces_package/include/interfaces_package/interfaces_package
-- Up-to-date: /home/mauricio/minicurso-ros2/install/interfaces_package/include/interfaces_package/interfaces_package/msg
-- Installing: /home/mauricio/minicurso-ros2/install/interfaces_package/include/interfaces_package/interfaces_package/msg/rosidl_typesupport_fastrtps_cpp__visibility_control.h
-- Up-to-date: /home/mauricio/minicurso-ros2/install/interfaces_package/include/interfaces_package/interfaces_package/msg/detail
-- Installing: /home/mauricio/minicurso-ros2/install/interfaces_package/include/interfaces_package/interfaces_package/msg/detail/game_info__rosidl_typesupport_fastrtps_cpp.hpp
-- Installing: /home/mauricio/minicurso-ros2/install/interfaces_package/include/interfaces_package/interfaces_package/msg/detail/dds_fastrtps
-- Up-to-date: /home/mauricio/minicurso-ros2/install/interfaces_package/include/interfaces_package/interfaces_package/srv
-- Up-to-date: /home/mauricio/minicurso-ros2/install/interfaces_package/include/interfaces_package/interfaces_package/srv/detail
-- Installing: /home/mauricio/minicurso-ros2/install/interfaces_package/include/interfaces_package/interfaces_package/srv/detail/sim_control__rosidl_typesupport_fastrtps_cpp.hpp
-- Installing: /home/mauricio/minicurso-ros2/install/interfaces_package/include/interfaces_package/interfaces_package/srv/detail/dds_fastrtps
-- Installing: /home/mauricio/minicurso-ros2/install/interfaces_package/lib/libinterfaces_package__rosidl_typesupport_fastrtps_cpp.so
-- Set runtime path of "/home/mauricio/minicurso-ros2/install/interfaces_package/lib/libinterfaces_package__rosidl_typesupport_fastrtps_cpp.so" to ""
-- Up-to-date: /home/mauricio/minicurso-ros2/install/interfaces_package/include/interfaces_package/interfaces_package
-- Up-to-date: /home/mauricio/minicurso-ros2/install/interfaces_package/include/interfaces_package/interfaces_package/msg
-- Installing: /home/mauricio/minicurso-ros2/install/interfaces_package/include/interfaces_package/interfaces_package/msg/rosidl_typesupport_introspection_c__visibility_control.h
-- Up-to-date: /home/mauricio/minicurso-ros2/install/interfaces_package/include/interfaces_package/interfaces_package/srv
-- Up-to-date: /home/mauricio/minicurso-ros2/install/interfaces_package/include/interfaces_package/interfaces_package/srv/detail
-- Installing: /home/mauricio/minicurso-ros2/install/interfaces_package/include/interfaces_package/interfaces_package/srv/detail/sim_control__rosidl_typesupport_introspection_c.h
-- Installing: /home/mauricio/minicurso-ros2/install/interfaces_package/include/interfaces_package/interfaces_package/srv/detail/sim_control__type_support.c
-- Installing: /home/mauricio/minicurso-ros2/install/interfaces_package/lib/libinterfaces_package__rosidl_typesupport_introspection_c.so
-- Set runtime path of "/home/mauricio/minicurso-ros2/install/interfaces_package/lib/libinterfaces_package__rosidl_typesupport_introspection_c.so" to ""
-- Installing: /home/mauricio/minicurso-ros2/install/interfaces_package/lib/libinterfaces_package__rosidl_typesupport_c.so
-- Set runtime path of "/home/mauricio/minicurso-ros2/install/interfaces_package/lib/libinterfaces_package__rosidl_typesupport_c.so" to ""
-- Up-to-date: /home/mauricio/minicurso-ros2/install/interfaces_package/include/interfaces_package/interfaces_package
-- Up-to-date: /home/mauricio/minicurso-ros2/install/interfaces_package/include/interfaces_package/interfaces_package/msg
-- Up-to-date: /home/mauricio/minicurso-ros2/install/interfaces_package/include/interfaces_package/interfaces_package/msg/detail
-- Installing: /home/mauricio/minicurso-ros2/install/interfaces_package/include/interfaces_package/interfaces_package/msg/detail/game_info__rosidl_typesupport_introspection_cpp.hpp
-- Installing: /home/mauricio/minicurso-ros2/install/interfaces_package/include/interfaces_package/interfaces_package/msg/detail/game_info__type_support.cpp
-- Up-to-date: /home/mauricio/minicurso-ros2/install/interfaces_package/include/interfaces_package/interfaces_package/srv
-- Up-to-date: /home/mauricio/minicurso-ros2/install/interfaces_package/include/interfaces_package/interfaces_package/srv/detail
-- Installing: /home/mauricio/minicurso-ros2/install/interfaces_package/include/interfaces_package/interfaces_package/srv/detail/sim_control__type_support.cpp
-- Installing: /home/mauricio/minicurso-ros2/install/interfaces_package/include/interfaces_package/interfaces_package/srv/detail/sim_control__rosidl_typesupport_introspection_cpp.hpp
-- Installing: /home/mauricio/minicurso-ros2/install/interfaces_package/lib/libinterfaces_package__rosidl_typesupport_introspection_cpp.so
-- Set runtime path of "/home/mauricio/minicurso-ros2/install/interfaces_package/lib/libinterfaces_package__rosidl_typesupport_introspection_cpp.so" to ""
-- Installing: /home/mauricio/minicurso-ros2/install/interfaces_package/lib/libinterfaces_package__rosidl_typesupport_cpp.so
-- Set runtime path of "/home/mauricio/minicurso-ros2/install/interfaces_package/lib/libinterfaces_package__rosidl_typesupport_cpp.so" to ""
-- Installing: /home/mauricio/minicurso-ros2/install/interfaces_package/share/interfaces_package/environment/pythonpath.sh
-- Installing: /home/mauricio/minicurso-ros2/install/interfaces_package/share/interfaces_package/environment/pythonpath.dsv
-- Installing: /home/mauricio/minicurso-ros2/install/interfaces_package/local/lib/python3.10/dist-packages/interfaces_package-0.0.0-py3.10.egg-info
-- Installing: /home/mauricio/minicurso-ros2/install/interfaces_package/local/lib/python3.10/dist-packages/interfaces_package-0.0.0-py3.10.egg-info/top_level.txt
-- Installing: /home/mauricio/minicurso-ros2/install/interfaces_package/local/lib/python3.10/dist-packages/interfaces_package-0.0.0-py3.10.egg-info/dependency_links.txt
-- Installing: /home/mauricio/minicurso-ros2/install/interfaces_package/local/lib/python3.10/dist-packages/interfaces_package-0.0.0-py3.10.egg-info/PKG-INFO
-- Installing: /home/mauricio/minicurso-ros2/install/interfaces_package/local/lib/python3.10/dist-packages/interfaces_package-0.0.0-py3.10.egg-info/SOURCES.txt
-- Installing: /home/mauricio/minicurso-ros2/install/interfaces_package/local/lib/python3.10/dist-packages/interfaces_package
-- Installing: /home/mauricio/minicurso-ros2/install/interfaces_package/local/lib/python3.10/dist-packages/interfaces_package/interfaces_package_s__rosidl_typesupport_introspection_c.cpython-310-x86_64-linux-gnu.so
-- Installing: /home/mauricio/minicurso-ros2/install/interfaces_package/local/lib/python3.10/dist-packages/interfaces_package/_interfaces_package_s.ep.rosidl_typesupport_introspection_c.c
-- Installing: /home/mauricio/minicurso-ros2/install/interfaces_package/local/lib/python3.10/dist-packages/interfaces_package/__init__.py
-- Installing: /home/mauricio/minicurso-ros2/install/interfaces_package/local/lib/python3.10/dist-packages/interfaces_package/srv
-- Installing: /home/mauricio/minicurso-ros2/install/interfaces_package/local/lib/python3.10/dist-packages/interfaces_package/srv/_sim_control_s.c
-- Installing: /home/mauricio/minicurso-ros2/install/interfaces_package/local/lib/python3.10/dist-packages/interfaces_package/srv/_sim_control.py
-- Installing: /home/mauricio/minicurso-ros2/install/interfaces_package/local/lib/python3.10/dist-packages/interfaces_package/srv/__init__.py
-- Installing: /home/mauricio/minicurso-ros2/install/interfaces_package/local/lib/python3.10/dist-packages/interfaces_package/interfaces_package_s__rosidl_typesupport_c.cpython-310-x86_64-linux-gnu.so
-- Installing: /home/mauricio/minicurso-ros2/install/interfaces_package/local/lib/python3.10/dist-packages/interfaces_package/_interfaces_package_s.ep.rosidl_typesupport_c.c
-- Installing: /home/mauricio/minicurso-ros2/install/interfaces_package/local/lib/python3.10/dist-packages/interfaces_package/libinterfaces_package__rosidl_generator_py.so
-- Installing: /home/mauricio/minicurso-ros2/install/interfaces_package/local/lib/python3.10/dist-packages/interfaces_package/interfaces_package_s__rosidl_typesupport_fastrtps_c.cpython-310-x86_64-linux-gnu.so
-- Installing: /home/mauricio/minicurso-ros2/install/interfaces_package/local/lib/python3.10/dist-packages/interfaces_package/_interfaces_package_s.ep.rosidl_typesupport_fastrtps_c.c
Listing '/home/mauricio/minicurso-ros2/install/interfaces_package/local/lib/python3.10/dist-packages/interfaces_package'...
Compiling '/home/mauricio/minicurso-ros2/install/interfaces_package/local/lib/python3.10/dist-packages/interfaces_package/__init__.py'...
Listing '/home/mauricio/minicurso-ros2/install/interfaces_package/local/lib/python3.10/dist-packages/interfaces_package/srv'...
Compiling '/home/mauricio/minicurso-ros2/install/interfaces_package/local/lib/python3.10/dist-packages/interfaces_package/srv/__init__.py'...
Compiling '/home/mauricio/minicurso-ros2/install/interfaces_package/local/lib/python3.10/dist-packages/interfaces_package/srv/_sim_control.py'...
-- Installing: /home/mauricio/minicurso-ros2/install/interfaces_package/local/lib/python3.10/dist-packages/interfaces_package/interfaces_package_s__rosidl_typesupport_fastrtps_c.cpython-310-x86_64-linux-gnu.so
-- Set runtime path of "/home/mauricio/minicurso-ros2/install/interfaces_package/local/lib/python3.10/dist-packages/interfaces_package/interfaces_package_s__rosidl_typesupport_fastrtps_c.cpython-310-x86_64-linux-gnu.so" to ""
-- Installing: /home/mauricio/minicurso-ros2/install/interfaces_package/local/lib/python3.10/dist-packages/interfaces_package/interfaces_package_s__rosidl_typesupport_introspection_c.cpython-310-x86_64-linux-gnu.so
-- Set runtime path of "/home/mauricio/minicurso-ros2/install/interfaces_package/local/lib/python3.10/dist-packages/interfaces_package/interfaces_package_s__rosidl_typesupport_introspection_c.cpython-310-x86_64-linux-gnu.so" to ""
-- Installing: /home/mauricio/minicurso-ros2/install/interfaces_package/local/lib/python3.10/dist-packages/interfaces_package/interfaces_package_s__rosidl_typesupport_c.cpython-310-x86_64-linux-gnu.so
-- Set runtime path of "/home/mauricio/minicurso-ros2/install/interfaces_package/local/lib/python3.10/dist-packages/interfaces_package/interfaces_package_s__rosidl_typesupport_c.cpython-310-x86_64-linux-gnu.so" to ""
-- Installing: /home/mauricio/minicurso-ros2/install/interfaces_package/lib/libinterfaces_package__rosidl_generator_py.so
-- Set runtime path of "/home/mauricio/minicurso-ros2/install/interfaces_package/lib/libinterfaces_package__rosidl_generator_py.so" to ""
-- Installing: /home/mauricio/minicurso-ros2/install/interfaces_package/share/interfaces_package/srv/SimControl.idl
-- Installing: /home/mauricio/minicurso-ros2/install/interfaces_package/share/interfaces_package/srv/SimControl.srv
-- Installing: /home/mauricio/minicurso-ros2/install/interfaces_package/share/interfaces_package/srv/SimControl_Request.msg
-- Installing: /home/mauricio/minicurso-ros2/install/interfaces_package/share/interfaces_package/srv/SimControl_Response.msg
-- Installing: /home/mauricio/minicurso-ros2/install/interfaces_package/share/ament_index/resource_index/package_run_dependencies/interfaces_package
-- Installing: /home/mauricio/minicurso-ros2/install/interfaces_package/share/ament_index/resource_index/parent_prefix_path/interfaces_package
-- Installing: /home/mauricio/minicurso-ros2/install/interfaces_package/share/interfaces_package/environment/ament_prefix_path.sh
-- Installing: /home/mauricio/minicurso-ros2/install/interfaces_package/share/interfaces_package/environment/ament_prefix_path.dsv
-- Installing: /home/mauricio/minicurso-ros2/install/interfaces_package/share/interfaces_package/environment/path.sh
-- Installing: /home/mauricio/minicurso-ros2/install/interfaces_package/share/interfaces_package/environment/path.dsv
-- Installing: /home/mauricio/minicurso-ros2/install/interfaces_package/share/interfaces_package/local_setup.bash
-- Installing: /home/mauricio/minicurso-ros2/install/interfaces_package/share/interfaces_package/local_setup.sh
-- Installing: /home/mauricio/minicurso-ros2/install/interfaces_package/share/interfaces_package/local_setup.zsh
-- Installing: /home/mauricio/minicurso-ros2/install/interfaces_package/share/interfaces_package/local_setup.dsv
-- Installing: /home/mauricio/minicurso-ros2/install/interfaces_package/share/interfaces_package/package.dsv
-- Installing: /home/mauricio/minicurso-ros2/install/interfaces_package/share/ament_index/resource_index/packages/interfaces_package
-- Installing: /home/mauricio/minicurso-ros2/install/interfaces_package/share/interfaces_package/cmake/export_interfaces_package__rosidl_generator_cExport.cmake
-- Installing: /home/mauricio/minicurso-ros2/install/interfaces_package/share/interfaces_package/cmake/export_interfaces_package__rosidl_generator_cExport-noconfig.cmake
-- Installing: /home/mauricio/minicurso-ros2/install/interfaces_package/share/interfaces_package/cmake/export_interfaces_package__rosidl_typesupport_fastrtps_cExport.cmake
-- Installing: /home/mauricio/minicurso-ros2/install/interfaces_package/share/interfaces_package/cmake/export_interfaces_package__rosidl_typesupport_fastrtps_cExport-noconfig.cmake
-- Installing: /home/mauricio/minicurso-ros2/install/interfaces_package/share/interfaces_package/cmake/export_interfaces_package__rosidl_generator_cppExport.cmake
-- Installing: /home/mauricio/minicurso-ros2/install/interfaces_package/share/interfaces_package/cmake/export_interfaces_package__rosidl_typesupport_fastrtps_cppExport.cmake
-- Installing: /home/mauricio/minicurso-ros2/install/interfaces_package/share/interfaces_package/cmake/export_interfaces_package__rosidl_typesupport_fastrtps_cppExport-noconfig.cmake
-- Installing: /home/mauricio/minicurso-ros2/install/interfaces_package/share/interfaces_package/cmake/interfaces_package__rosidl_typesupport_introspection_cExport.cmake
-- Installing: /home/mauricio/minicurso-ros2/install/interfaces_package/share/interfaces_package/cmake/interfaces_package__rosidl_typesupport_introspection_cExport-noconfig.cmake
-- Installing: /home/mauricio/minicurso-ros2/install/interfaces_package/share/interfaces_package/cmake/interfaces_package__rosidl_typesupport_cExport.cmake
-- Installing: /home/mauricio/minicurso-ros2/install/interfaces_package/share/interfaces_package/cmake/interfaces_package__rosidl_typesupport_cExport-noconfig.cmake
-- Installing: /home/mauricio/minicurso-ros2/install/interfaces_package/share/interfaces_package/cmake/interfaces_package__rosidl_typesupport_introspection_cppExport.cmake
-- Installing: /home/mauricio/minicurso-ros2/install/interfaces_package/share/interfaces_package/cmake/interfaces_package__rosidl_typesupport_introspection_cppExport-noconfig.cmake
-- Installing: /home/mauricio/minicurso-ros2/install/interfaces_package/share/interfaces_package/cmake/interfaces_package__rosidl_typesupport_cppExport.cmake
-- Installing: /home/mauricio/minicurso-ros2/install/interfaces_package/share/interfaces_package/cmake/interfaces_package__rosidl_typesupport_cppExport-noconfig.cmake
-- Installing: /home/mauricio/minicurso-ros2/install/interfaces_package/share/interfaces_package/cmake/export_interfaces_package__rosidl_generator_pyExport.cmake
-- Installing: /home/mauricio/minicurso-ros2/install/interfaces_package/share/interfaces_package/cmake/export_interfaces_package__rosidl_generator_pyExport-noconfig.cmake
-- Installing: /home/mauricio/minicurso-ros2/install/interfaces_package/share/interfaces_package/cmake/rosidl_cmake-extras.cmake
-- Installing: /home/mauricio/minicurso-ros2/install/interfaces_package/share/interfaces_package/cmake/ament_cmake_export_dependencies-extras.cmake
-- Installing: /home/mauricio/minicurso-ros2/install/interfaces_package/share/interfaces_package/cmake/ament_cmake_export_include_directories-extras.cmake
-- Installing: /home/mauricio/minicurso-ros2/install/interfaces_package/share/interfaces_package/cmake/ament_cmake_export_libraries-extras.cmake
-- Installing: /home/mauricio/minicurso-ros2/install/interfaces_package/share/interfaces_package/cmake/ament_cmake_export_targets-extras.cmake
-- Installing: /home/mauricio/minicurso-ros2/install/interfaces_package/share/interfaces_package/cmake/rosidl_cmake_export_typesupport_targets-extras.cmake
-- Installing: /home/mauricio/minicurso-ros2/install/interfaces_package/share/interfaces_package/cmake/rosidl_cmake_export_typesupport_libraries-extras.cmake
-- Installing: /home/mauricio/minicurso-ros2/install/interfaces_package/share/interfaces_package/cmake/interfaces_packageConfig.cmake
-- Installing: /home/mauricio/minicurso-ros2/install/interfaces_package/share/interfaces_package/cmake/interfaces_packageConfig-version.cmake
-- Installing: /home/mauricio/minicurso-ros2/install/interfaces_package/share/interfaces_package/package.xml
