[0.238s] Invoking command in '/home/mauricio/minicurso-ros2/build/interfaces_package': CMAKE_PREFIX_PATH=${CMAKE_PREFIX_PATH}:/home/mauricio/Documents/Taura/soccer-client-ros2/install/trajectory_package:/home/mauricio/Documents/Taura/soccer-client-ros2/install/strategy_package:/home/mauricio/Documents/Taura/soccer-client-ros2/install/sender_package:/home/mauricio/Documents/Taura/soccer-client-ros2/install/robots_package:/home/mauricio/Documents/Taura/soccer-client-ros2/install/receiver_package:/home/mauricio/Documents/Taura/soccer-client-ros2/install/protobuf_package:/home/mauricio/Documents/Taura/soccer-client-ros2/install/manager_package:/home/mauricio/Documents/Taura/soccer-client-ros2/install/controller_package:/home/mauricio/Documents/Taura/soccer-client-ros2/install/behavior_package:/opt/ros/humble /usr/bin/cmake --build /home/mauricio/minicurso-ros2/build/interfaces_package -- -j12 -l12
[0.455s] -- Found ament_cmake: 1.3.9 (/opt/ros/humble/share/ament_cmake/cmake)
[0.455s] -- Found geometry_msgs: 4.2.3 (/opt/ros/humble/share/geometry_msgs/cmake)
[0.456s] -- Found rosidl_generator_c: 3.1.5 (/opt/ros/humble/share/rosidl_generator_c/cmake)
[0.458s] -- Found rosidl_adapter: 3.1.5 (/opt/ros/humble/share/rosidl_adapter/cmake)
[0.463s] -- Found rosidl_generator_cpp: 3.1.5 (/opt/ros/humble/share/rosidl_generator_cpp/cmake)
[0.473s] -- Using all available rosidl_typesupport_c: rosidl_typesupport_fastrtps_c;rosidl_typesupport_introspection_c
[0.487s] -- Using all available rosidl_typesupport_cpp: rosidl_typesupport_fastrtps_cpp;rosidl_typesupport_introspection_cpp
[0.590s] -- Found rosidl_default_generators: 1.2.0 (/opt/ros/humble/share/rosidl_default_generators/cmake)
[0.897s] -- Found ament_cmake_ros: 0.10.0 (/opt/ros/humble/share/ament_cmake_ros/cmake)
[1.317s] -- Using all available rosidl_typesupport_c: rosidl_typesupport_fastrtps_c;rosidl_typesupport_introspection_c
[1.476s] -- Using all available rosidl_typesupport_cpp: rosidl_typesupport_fastrtps_cpp;rosidl_typesupport_introspection_cpp
[1.495s] -- Found python_cmake_module: 0.10.0 (/opt/ros/humble/share/python_cmake_module/cmake)
[1.528s] -- Using PYTHON_EXECUTABLE: /usr/bin/python3
[1.528s] -- Using PYTHON_INCLUDE_DIRS: /usr/include/python3.10
[1.528s] -- Using PYTHON_LIBRARIES: /usr/lib/x86_64-linux-gnu/libpython3.10.so
[1.561s] -- Found ament_lint_auto: 0.12.11 (/opt/ros/humble/share/ament_lint_auto/cmake)
[1.585s] -- Added test 'lint_cmake' to check CMake code style
[1.586s] -- Added test 'xmllint' to check XML markup files
[1.588s] -- Configuring done
[1.629s] -- Generating done
[1.632s] -- Build files have been written to: /home/mauricio/minicurso-ros2/build/interfaces_package
[1.649s] [  3%] [34m[1mGenerating C code for ROS interfaces[0m
[1.655s] [  6%] [34m[1mGenerating C++ code for ROS interfaces[0m
[1.664s] [  6%] Built target ament_cmake_python_copy_interfaces_package
[1.888s] [  6%] Built target interfaces_package__cpp
[1.894s] [  9%] [34m[1mGenerating C++ type support dispatch for ROS interfaces[0m
[1.894s] [ 12%] [34m[1mGenerating C++ type support for eProsima Fast-RTPS[0m
[1.899s] [ 16%] [34m[1mGenerating C++ introspection for ROS interfaces[0m
[1.901s] running egg_info
[1.901s] writing interfaces_package.egg-info/PKG-INFO
[1.901s] writing dependency_links to interfaces_package.egg-info/dependency_links.txt
[1.902s] writing top-level names to interfaces_package.egg-info/top_level.txt
[1.904s] reading manifest file 'interfaces_package.egg-info/SOURCES.txt'
[1.904s] writing manifest file 'interfaces_package.egg-info/SOURCES.txt'
[1.906s] [ 19%] [32mBuilding C object CMakeFiles/interfaces_package__rosidl_generator_c.dir/rosidl_generator_c/interfaces_package/srv/detail/sim_control__functions.c.o[0m
[1.931s] [ 19%] Built target ament_cmake_python_build_interfaces_package_egg
[2.106s] [ 22%] [32mBuilding CXX object CMakeFiles/interfaces_package__rosidl_typesupport_cpp.dir/rosidl_typesupport_cpp/interfaces_package/srv/sim_control__type_support.cpp.o[0m
[2.129s] [ 25%] [32mBuilding CXX object CMakeFiles/interfaces_package__rosidl_typesupport_introspection_cpp.dir/rosidl_typesupport_introspection_cpp/interfaces_package/srv/detail/sim_control__type_support.cpp.o[0m
[2.131s] [ 29%] [32mBuilding CXX object CMakeFiles/interfaces_package__rosidl_typesupport_fastrtps_cpp.dir/rosidl_typesupport_fastrtps_cpp/interfaces_package/srv/detail/dds_fastrtps/sim_control__type_support.cpp.o[0m
[2.180s] [ 32%] [32m[1mLinking C shared library libinterfaces_package__rosidl_generator_c.so[0m
[2.260s] [ 32%] Built target interfaces_package__rosidl_generator_c
[2.268s] [ 41%] [34m[1mGenerating C introspection for ROS interfaces[0m
[2.268s] [ 41%] [34m[1mGenerating C type support for eProsima Fast-RTPS[0m
[2.268s] [ 41%] [34m[1mGenerating C type support dispatch for ROS interfaces[0m
[2.466s] [ 45%] [32mBuilding CXX object CMakeFiles/interfaces_package__rosidl_typesupport_c.dir/rosidl_typesupport_c/interfaces_package/srv/sim_control__type_support.cpp.o[0m
[2.527s] [ 48%] [32m[1mLinking CXX shared library libinterfaces_package__rosidl_typesupport_c.so[0m
[2.563s] [ 51%] [32mBuilding C object CMakeFiles/interfaces_package__rosidl_typesupport_introspection_c.dir/rosidl_typesupport_introspection_c/interfaces_package/srv/detail/sim_control__type_support.c.o[0m
[2.563s] [ 54%] [32mBuilding CXX object CMakeFiles/interfaces_package__rosidl_typesupport_fastrtps_c.dir/rosidl_typesupport_fastrtps_c/interfaces_package/srv/detail/sim_control__type_support_c.cpp.o[0m
[2.567s] [ 58%] [32m[1mLinking CXX shared library libinterfaces_package__rosidl_typesupport_cpp.so[0m
[2.576s] [ 58%] Built target interfaces_package__rosidl_typesupport_c
[2.587s] [ 61%] [32m[1mLinking C shared library libinterfaces_package__rosidl_typesupport_introspection_c.so[0m
[2.608s] [ 61%] Built target interfaces_package__rosidl_typesupport_cpp
[2.612s] [ 61%] Built target interfaces_package__rosidl_typesupport_introspection_c
[2.653s] [ 64%] [32m[1mLinking CXX shared library libinterfaces_package__rosidl_typesupport_introspection_cpp.so[0m
[2.654s] [ 67%] [32m[1mLinking CXX shared library libinterfaces_package__rosidl_typesupport_fastrtps_cpp.so[0m
[2.699s] [ 67%] Built target interfaces_package__rosidl_typesupport_introspection_cpp
[2.707s] [ 67%] Built target interfaces_package__rosidl_typesupport_fastrtps_cpp
[2.805s] [ 70%] [32m[1mLinking CXX shared library libinterfaces_package__rosidl_typesupport_fastrtps_c.so[0m
[2.854s] [ 70%] Built target interfaces_package__rosidl_typesupport_fastrtps_c
[2.873s] [ 70%] Built target interfaces_package
[2.892s] [ 74%] [34m[1mGenerating Python code for ROS interfaces[0m
[3.202s] [ 74%] Built target interfaces_package__py
[3.220s] [ 77%] [32mBuilding C object CMakeFiles/interfaces_package__rosidl_generator_py.dir/rosidl_generator_py/interfaces_package/srv/_sim_control_s.c.o[0m
[3.370s] [ 80%] [32m[1mLinking C shared library rosidl_generator_py/interfaces_package/libinterfaces_package__rosidl_generator_py.so[0m
[3.397s] [ 80%] Built target interfaces_package__rosidl_generator_py
[3.411s] [ 83%] [32mBuilding C object CMakeFiles/interfaces_package__rosidl_typesupport_c__pyext.dir/rosidl_generator_py/interfaces_package/_interfaces_package_s.ep.rosidl_typesupport_c.c.o[0m
[3.412s] [ 87%] [32mBuilding C object CMakeFiles/interfaces_package__rosidl_typesupport_introspection_c__pyext.dir/rosidl_generator_py/interfaces_package/_interfaces_package_s.ep.rosidl_typesupport_introspection_c.c.o[0m
[3.417s] [ 90%] [32mBuilding C object CMakeFiles/interfaces_package__rosidl_typesupport_fastrtps_c__pyext.dir/rosidl_generator_py/interfaces_package/_interfaces_package_s.ep.rosidl_typesupport_fastrtps_c.c.o[0m
[3.481s] [ 93%] [32m[1mLinking C shared library rosidl_generator_py/interfaces_package/interfaces_package_s__rosidl_typesupport_introspection_c.cpython-310-x86_64-linux-gnu.so[0m
[3.481s] [ 96%] [32m[1mLinking C shared library rosidl_generator_py/interfaces_package/interfaces_package_s__rosidl_typesupport_c.cpython-310-x86_64-linux-gnu.so[0m
[3.487s] [100%] [32m[1mLinking C shared library rosidl_generator_py/interfaces_package/interfaces_package_s__rosidl_typesupport_fastrtps_c.cpython-310-x86_64-linux-gnu.so[0m
[3.508s] [100%] Built target interfaces_package__rosidl_typesupport_c__pyext
[3.511s] [100%] Built target interfaces_package__rosidl_typesupport_introspection_c__pyext
[3.517s] [100%] Built target interfaces_package__rosidl_typesupport_fastrtps_c__pyext
[3.526s] Invoked command in '/home/mauricio/minicurso-ros2/build/interfaces_package' returned '0': CMAKE_PREFIX_PATH=${CMAKE_PREFIX_PATH}:/home/mauricio/Documents/Taura/soccer-client-ros2/install/trajectory_package:/home/mauricio/Documents/Taura/soccer-client-ros2/install/strategy_package:/home/mauricio/Documents/Taura/soccer-client-ros2/install/sender_package:/home/mauricio/Documents/Taura/soccer-client-ros2/install/robots_package:/home/mauricio/Documents/Taura/soccer-client-ros2/install/receiver_package:/home/mauricio/Documents/Taura/soccer-client-ros2/install/protobuf_package:/home/mauricio/Documents/Taura/soccer-client-ros2/install/manager_package:/home/mauricio/Documents/Taura/soccer-client-ros2/install/controller_package:/home/mauricio/Documents/Taura/soccer-client-ros2/install/behavior_package:/opt/ros/humble /usr/bin/cmake --build /home/mauricio/minicurso-ros2/build/interfaces_package -- -j12 -l12
[3.576s] Invoking command in '/home/mauricio/minicurso-ros2/build/interfaces_package': CMAKE_PREFIX_PATH=${CMAKE_PREFIX_PATH}:/home/mauricio/Documents/Taura/soccer-client-ros2/install/trajectory_package:/home/mauricio/Documents/Taura/soccer-client-ros2/install/strategy_package:/home/mauricio/Documents/Taura/soccer-client-ros2/install/sender_package:/home/mauricio/Documents/Taura/soccer-client-ros2/install/robots_package:/home/mauricio/Documents/Taura/soccer-client-ros2/install/receiver_package:/home/mauricio/Documents/Taura/soccer-client-ros2/install/protobuf_package:/home/mauricio/Documents/Taura/soccer-client-ros2/install/manager_package:/home/mauricio/Documents/Taura/soccer-client-ros2/install/controller_package:/home/mauricio/Documents/Taura/soccer-client-ros2/install/behavior_package:/opt/ros/humble /usr/bin/cmake --install /home/mauricio/minicurso-ros2/build/interfaces_package
[3.584s] -- Install configuration: ""
[3.585s] -- Installing: /home/mauricio/minicurso-ros2/install/interfaces_package/share/ament_index/resource_index/rosidl_interfaces/interfaces_package
[3.585s] -- Installing: /home/mauricio/minicurso-ros2/install/interfaces_package/include/interfaces_package/interfaces_package
[3.585s] -- Installing: /home/mauricio/minicurso-ros2/install/interfaces_package/include/interfaces_package/interfaces_package/msg
[3.585s] -- Installing: /home/mauricio/minicurso-ros2/install/interfaces_package/include/interfaces_package/interfaces_package/msg/game_info.h
[3.585s] -- Installing: /home/mauricio/minicurso-ros2/install/interfaces_package/include/interfaces_package/interfaces_package/msg/rosidl_generator_c__visibility_control.h
[3.585s] -- Installing: /home/mauricio/minicurso-ros2/install/interfaces_package/include/interfaces_package/interfaces_package/msg/detail
[3.586s] -- Installing: /home/mauricio/minicurso-ros2/install/interfaces_package/include/interfaces_package/interfaces_package/msg/detail/game_info__functions.c
[3.586s] -- Installing: /home/mauricio/minicurso-ros2/install/interfaces_package/include/interfaces_package/interfaces_package/msg/detail/game_info__struct.h
[3.586s] -- Installing: /home/mauricio/minicurso-ros2/install/interfaces_package/include/interfaces_package/interfaces_package/msg/detail/game_info__type_support.h
[3.586s] -- Installing: /home/mauricio/minicurso-ros2/install/interfaces_package/include/interfaces_package/interfaces_package/msg/detail/game_info__functions.h
[3.586s] -- Installing: /home/mauricio/minicurso-ros2/install/interfaces_package/include/interfaces_package/interfaces_package/srv
[3.586s] -- Installing: /home/mauricio/minicurso-ros2/install/interfaces_package/include/interfaces_package/interfaces_package/srv/sim_control.h
[3.586s] -- Installing: /home/mauricio/minicurso-ros2/install/interfaces_package/include/interfaces_package/interfaces_package/srv/detail
[3.587s] -- Installing: /home/mauricio/minicurso-ros2/install/interfaces_package/include/interfaces_package/interfaces_package/srv/detail/sim_control__functions.c
[3.587s] -- Installing: /home/mauricio/minicurso-ros2/install/interfaces_package/include/interfaces_package/interfaces_package/srv/detail/sim_control__struct.h
[3.587s] -- Installing: /home/mauricio/minicurso-ros2/install/interfaces_package/include/interfaces_package/interfaces_package/srv/detail/sim_control__functions.h
[3.587s] -- Installing: /home/mauricio/minicurso-ros2/install/interfaces_package/include/interfaces_package/interfaces_package/srv/detail/sim_control__type_support.h
[3.587s] -- Installing: /home/mauricio/minicurso-ros2/install/interfaces_package/share/interfaces_package/environment/library_path.sh
[3.588s] -- Installing: /home/mauricio/minicurso-ros2/install/interfaces_package/share/interfaces_package/environment/library_path.dsv
[3.588s] -- Installing: /home/mauricio/minicurso-ros2/install/interfaces_package/lib/libinterfaces_package__rosidl_generator_c.so
[3.588s] -- Set runtime path of "/home/mauricio/minicurso-ros2/install/interfaces_package/lib/libinterfaces_package__rosidl_generator_c.so" to ""
[3.588s] -- Up-to-date: /home/mauricio/minicurso-ros2/install/interfaces_package/include/interfaces_package/interfaces_package
[3.589s] -- Up-to-date: /home/mauricio/minicurso-ros2/install/interfaces_package/include/interfaces_package/interfaces_package/msg
[3.589s] -- Installing: /home/mauricio/minicurso-ros2/install/interfaces_package/include/interfaces_package/interfaces_package/msg/rosidl_typesupport_fastrtps_c__visibility_control.h
[3.589s] -- Up-to-date: /home/mauricio/minicurso-ros2/install/interfaces_package/include/interfaces_package/interfaces_package/srv
[3.589s] -- Up-to-date: /home/mauricio/minicurso-ros2/install/interfaces_package/include/interfaces_package/interfaces_package/srv/detail
[3.589s] -- Installing: /home/mauricio/minicurso-ros2/install/interfaces_package/include/interfaces_package/interfaces_package/srv/detail/sim_control__rosidl_typesupport_fastrtps_c.h
[3.589s] -- Installing: /home/mauricio/minicurso-ros2/install/interfaces_package/lib/libinterfaces_package__rosidl_typesupport_fastrtps_c.so
[3.590s] -- Set runtime path of "/home/mauricio/minicurso-ros2/install/interfaces_package/lib/libinterfaces_package__rosidl_typesupport_fastrtps_c.so" to ""
[3.590s] -- Up-to-date: /home/mauricio/minicurso-ros2/install/interfaces_package/include/interfaces_package/interfaces_package
[3.590s] -- Up-to-date: /home/mauricio/minicurso-ros2/install/interfaces_package/include/interfaces_package/interfaces_package/msg
[3.590s] -- Installing: /home/mauricio/minicurso-ros2/install/interfaces_package/include/interfaces_package/interfaces_package/msg/game_info.hpp
[3.590s] -- Up-to-date: /home/mauricio/minicurso-ros2/install/interfaces_package/include/interfaces_package/interfaces_package/msg/detail
[3.590s] -- Installing: /home/mauricio/minicurso-ros2/install/interfaces_package/include/interfaces_package/interfaces_package/msg/detail/game_info__struct.hpp
[3.590s] -- Installing: /home/mauricio/minicurso-ros2/install/interfaces_package/include/interfaces_package/interfaces_package/msg/detail/game_info__traits.hpp
[3.590s] -- Installing: /home/mauricio/minicurso-ros2/install/interfaces_package/include/interfaces_package/interfaces_package/msg/detail/game_info__builder.hpp
[3.590s] -- Up-to-date: /home/mauricio/minicurso-ros2/install/interfaces_package/include/interfaces_package/interfaces_package/srv
[3.590s] -- Installing: /home/mauricio/minicurso-ros2/install/interfaces_package/include/interfaces_package/interfaces_package/srv/sim_control.hpp
[3.591s] -- Up-to-date: /home/mauricio/minicurso-ros2/install/interfaces_package/include/interfaces_package/interfaces_package/srv/detail
[3.591s] -- Installing: /home/mauricio/minicurso-ros2/install/interfaces_package/include/interfaces_package/interfaces_package/srv/detail/sim_control__struct.hpp
[3.591s] -- Installing: /home/mauricio/minicurso-ros2/install/interfaces_package/include/interfaces_package/interfaces_package/srv/detail/sim_control__traits.hpp
[3.591s] -- Installing: /home/mauricio/minicurso-ros2/install/interfaces_package/include/interfaces_package/interfaces_package/srv/detail/sim_control__builder.hpp
[3.591s] -- Up-to-date: /home/mauricio/minicurso-ros2/install/interfaces_package/include/interfaces_package/interfaces_package
[3.591s] -- Up-to-date: /home/mauricio/minicurso-ros2/install/interfaces_package/include/interfaces_package/interfaces_package/msg
[3.591s] -- Installing: /home/mauricio/minicurso-ros2/install/interfaces_package/include/interfaces_package/interfaces_package/msg/rosidl_typesupport_fastrtps_cpp__visibility_control.h
[3.592s] -- Up-to-date: /home/mauricio/minicurso-ros2/install/interfaces_package/include/interfaces_package/interfaces_package/msg/detail
[3.592s] -- Installing: /home/mauricio/minicurso-ros2/install/interfaces_package/include/interfaces_package/interfaces_package/msg/detail/game_info__rosidl_typesupport_fastrtps_cpp.hpp
[3.592s] -- Installing: /home/mauricio/minicurso-ros2/install/interfaces_package/include/interfaces_package/interfaces_package/msg/detail/dds_fastrtps
[3.592s] -- Up-to-date: /home/mauricio/minicurso-ros2/install/interfaces_package/include/interfaces_package/interfaces_package/srv
[3.592s] -- Up-to-date: /home/mauricio/minicurso-ros2/install/interfaces_package/include/interfaces_package/interfaces_package/srv/detail
[3.592s] -- Installing: /home/mauricio/minicurso-ros2/install/interfaces_package/include/interfaces_package/interfaces_package/srv/detail/sim_control__rosidl_typesupport_fastrtps_cpp.hpp
[3.592s] -- Installing: /home/mauricio/minicurso-ros2/install/interfaces_package/include/interfaces_package/interfaces_package/srv/detail/dds_fastrtps
[3.592s] -- Installing: /home/mauricio/minicurso-ros2/install/interfaces_package/lib/libinterfaces_package__rosidl_typesupport_fastrtps_cpp.so
[3.593s] -- Set runtime path of "/home/mauricio/minicurso-ros2/install/interfaces_package/lib/libinterfaces_package__rosidl_typesupport_fastrtps_cpp.so" to ""
[3.593s] -- Up-to-date: /home/mauricio/minicurso-ros2/install/interfaces_package/include/interfaces_package/interfaces_package
[3.593s] -- Up-to-date: /home/mauricio/minicurso-ros2/install/interfaces_package/include/interfaces_package/interfaces_package/msg
[3.593s] -- Installing: /home/mauricio/minicurso-ros2/install/interfaces_package/include/interfaces_package/interfaces_package/msg/rosidl_typesupport_introspection_c__visibility_control.h
[3.593s] -- Up-to-date: /home/mauricio/minicurso-ros2/install/interfaces_package/include/interfaces_package/interfaces_package/srv
[3.593s] -- Up-to-date: /home/mauricio/minicurso-ros2/install/interfaces_package/include/interfaces_package/interfaces_package/srv/detail
[3.593s] -- Installing: /home/mauricio/minicurso-ros2/install/interfaces_package/include/interfaces_package/interfaces_package/srv/detail/sim_control__rosidl_typesupport_introspection_c.h
[3.593s] -- Installing: /home/mauricio/minicurso-ros2/install/interfaces_package/include/interfaces_package/interfaces_package/srv/detail/sim_control__type_support.c
[3.594s] -- Installing: /home/mauricio/minicurso-ros2/install/interfaces_package/lib/libinterfaces_package__rosidl_typesupport_introspection_c.so
[3.594s] -- Set runtime path of "/home/mauricio/minicurso-ros2/install/interfaces_package/lib/libinterfaces_package__rosidl_typesupport_introspection_c.so" to ""
[3.594s] -- Installing: /home/mauricio/minicurso-ros2/install/interfaces_package/lib/libinterfaces_package__rosidl_typesupport_c.so
[3.595s] -- Set runtime path of "/home/mauricio/minicurso-ros2/install/interfaces_package/lib/libinterfaces_package__rosidl_typesupport_c.so" to ""
[3.595s] -- Up-to-date: /home/mauricio/minicurso-ros2/install/interfaces_package/include/interfaces_package/interfaces_package
[3.595s] -- Up-to-date: /home/mauricio/minicurso-ros2/install/interfaces_package/include/interfaces_package/interfaces_package/msg
[3.595s] -- Up-to-date: /home/mauricio/minicurso-ros2/install/interfaces_package/include/interfaces_package/interfaces_package/msg/detail
[3.595s] -- Installing: /home/mauricio/minicurso-ros2/install/interfaces_package/include/interfaces_package/interfaces_package/msg/detail/game_info__rosidl_typesupport_introspection_cpp.hpp
[3.595s] -- Installing: /home/mauricio/minicurso-ros2/install/interfaces_package/include/interfaces_package/interfaces_package/msg/detail/game_info__type_support.cpp
[3.595s] -- Up-to-date: /home/mauricio/minicurso-ros2/install/interfaces_package/include/interfaces_package/interfaces_package/srv
[3.595s] -- Up-to-date: /home/mauricio/minicurso-ros2/install/interfaces_package/include/interfaces_package/interfaces_package/srv/detail
[3.595s] -- Installing: /home/mauricio/minicurso-ros2/install/interfaces_package/include/interfaces_package/interfaces_package/srv/detail/sim_control__type_support.cpp
[3.595s] -- Installing: /home/mauricio/minicurso-ros2/install/interfaces_package/include/interfaces_package/interfaces_package/srv/detail/sim_control__rosidl_typesupport_introspection_cpp.hpp
[3.596s] -- Installing: /home/mauricio/minicurso-ros2/install/interfaces_package/lib/libinterfaces_package__rosidl_typesupport_introspection_cpp.so
[3.596s] -- Set runtime path of "/home/mauricio/minicurso-ros2/install/interfaces_package/lib/libinterfaces_package__rosidl_typesupport_introspection_cpp.so" to ""
[3.596s] -- Installing: /home/mauricio/minicurso-ros2/install/interfaces_package/lib/libinterfaces_package__rosidl_typesupport_cpp.so
[3.597s] -- Set runtime path of "/home/mauricio/minicurso-ros2/install/interfaces_package/lib/libinterfaces_package__rosidl_typesupport_cpp.so" to ""
[3.597s] -- Installing: /home/mauricio/minicurso-ros2/install/interfaces_package/share/interfaces_package/environment/pythonpath.sh
[3.597s] -- Installing: /home/mauricio/minicurso-ros2/install/interfaces_package/share/interfaces_package/environment/pythonpath.dsv
[3.597s] -- Installing: /home/mauricio/minicurso-ros2/install/interfaces_package/local/lib/python3.10/dist-packages/interfaces_package-0.0.0-py3.10.egg-info
[3.597s] -- Installing: /home/mauricio/minicurso-ros2/install/interfaces_package/local/lib/python3.10/dist-packages/interfaces_package-0.0.0-py3.10.egg-info/top_level.txt
[3.598s] -- Installing: /home/mauricio/minicurso-ros2/install/interfaces_package/local/lib/python3.10/dist-packages/interfaces_package-0.0.0-py3.10.egg-info/dependency_links.txt
[3.598s] -- Installing: /home/mauricio/minicurso-ros2/install/interfaces_package/local/lib/python3.10/dist-packages/interfaces_package-0.0.0-py3.10.egg-info/PKG-INFO
[3.598s] -- Installing: /home/mauricio/minicurso-ros2/install/interfaces_package/local/lib/python3.10/dist-packages/interfaces_package-0.0.0-py3.10.egg-info/SOURCES.txt
[3.598s] -- Installing: /home/mauricio/minicurso-ros2/install/interfaces_package/local/lib/python3.10/dist-packages/interfaces_package
[3.598s] -- Installing: /home/mauricio/minicurso-ros2/install/interfaces_package/local/lib/python3.10/dist-packages/interfaces_package/interfaces_package_s__rosidl_typesupport_introspection_c.cpython-310-x86_64-linux-gnu.so
[3.599s] -- Installing: /home/mauricio/minicurso-ros2/install/interfaces_package/local/lib/python3.10/dist-packages/interfaces_package/_interfaces_package_s.ep.rosidl_typesupport_introspection_c.c
[3.599s] -- Installing: /home/mauricio/minicurso-ros2/install/interfaces_package/local/lib/python3.10/dist-packages/interfaces_package/__init__.py
[3.599s] -- Installing: /home/mauricio/minicurso-ros2/install/interfaces_package/local/lib/python3.10/dist-packages/interfaces_package/srv
[3.599s] -- Installing: /home/mauricio/minicurso-ros2/install/interfaces_package/local/lib/python3.10/dist-packages/interfaces_package/srv/_sim_control_s.c
[3.599s] -- Installing: /home/mauricio/minicurso-ros2/install/interfaces_package/local/lib/python3.10/dist-packages/interfaces_package/srv/_sim_control.py
[3.599s] -- Installing: /home/mauricio/minicurso-ros2/install/interfaces_package/local/lib/python3.10/dist-packages/interfaces_package/srv/__init__.py
[3.600s] -- Installing: /home/mauricio/minicurso-ros2/install/interfaces_package/local/lib/python3.10/dist-packages/interfaces_package/interfaces_package_s__rosidl_typesupport_c.cpython-310-x86_64-linux-gnu.so
[3.600s] -- Installing: /home/mauricio/minicurso-ros2/install/interfaces_package/local/lib/python3.10/dist-packages/interfaces_package/_interfaces_package_s.ep.rosidl_typesupport_c.c
[3.600s] -- Installing: /home/mauricio/minicurso-ros2/install/interfaces_package/local/lib/python3.10/dist-packages/interfaces_package/libinterfaces_package__rosidl_generator_py.so
[3.600s] -- Installing: /home/mauricio/minicurso-ros2/install/interfaces_package/local/lib/python3.10/dist-packages/interfaces_package/interfaces_package_s__rosidl_typesupport_fastrtps_c.cpython-310-x86_64-linux-gnu.so
[3.600s] -- Installing: /home/mauricio/minicurso-ros2/install/interfaces_package/local/lib/python3.10/dist-packages/interfaces_package/_interfaces_package_s.ep.rosidl_typesupport_fastrtps_c.c
[3.631s] Listing '/home/mauricio/minicurso-ros2/install/interfaces_package/local/lib/python3.10/dist-packages/interfaces_package'...
[3.631s] Compiling '/home/mauricio/minicurso-ros2/install/interfaces_package/local/lib/python3.10/dist-packages/interfaces_package/__init__.py'...
[3.631s] Listing '/home/mauricio/minicurso-ros2/install/interfaces_package/local/lib/python3.10/dist-packages/interfaces_package/srv'...
[3.631s] Compiling '/home/mauricio/minicurso-ros2/install/interfaces_package/local/lib/python3.10/dist-packages/interfaces_package/srv/__init__.py'...
[3.631s] Compiling '/home/mauricio/minicurso-ros2/install/interfaces_package/local/lib/python3.10/dist-packages/interfaces_package/srv/_sim_control.py'...
[3.634s] -- Installing: /home/mauricio/minicurso-ros2/install/interfaces_package/local/lib/python3.10/dist-packages/interfaces_package/interfaces_package_s__rosidl_typesupport_fastrtps_c.cpython-310-x86_64-linux-gnu.so
[3.635s] -- Set runtime path of "/home/mauricio/minicurso-ros2/install/interfaces_package/local/lib/python3.10/dist-packages/interfaces_package/interfaces_package_s__rosidl_typesupport_fastrtps_c.cpython-310-x86_64-linux-gnu.so" to ""
[3.635s] -- Installing: /home/mauricio/minicurso-ros2/install/interfaces_package/local/lib/python3.10/dist-packages/interfaces_package/interfaces_package_s__rosidl_typesupport_introspection_c.cpython-310-x86_64-linux-gnu.so
[3.636s] -- Set runtime path of "/home/mauricio/minicurso-ros2/install/interfaces_package/local/lib/python3.10/dist-packages/interfaces_package/interfaces_package_s__rosidl_typesupport_introspection_c.cpython-310-x86_64-linux-gnu.so" to ""
[3.636s] -- Installing: /home/mauricio/minicurso-ros2/install/interfaces_package/local/lib/python3.10/dist-packages/interfaces_package/interfaces_package_s__rosidl_typesupport_c.cpython-310-x86_64-linux-gnu.so
[3.636s] -- Set runtime path of "/home/mauricio/minicurso-ros2/install/interfaces_package/local/lib/python3.10/dist-packages/interfaces_package/interfaces_package_s__rosidl_typesupport_c.cpython-310-x86_64-linux-gnu.so" to ""
[3.637s] -- Installing: /home/mauricio/minicurso-ros2/install/interfaces_package/lib/libinterfaces_package__rosidl_generator_py.so
[3.637s] -- Set runtime path of "/home/mauricio/minicurso-ros2/install/interfaces_package/lib/libinterfaces_package__rosidl_generator_py.so" to ""
[3.638s] -- Installing: /home/mauricio/minicurso-ros2/install/interfaces_package/share/interfaces_package/srv/SimControl.idl
[3.638s] -- Installing: /home/mauricio/minicurso-ros2/install/interfaces_package/share/interfaces_package/srv/SimControl.srv
[3.638s] -- Installing: /home/mauricio/minicurso-ros2/install/interfaces_package/share/interfaces_package/srv/SimControl_Request.msg
[3.638s] -- Installing: /home/mauricio/minicurso-ros2/install/interfaces_package/share/interfaces_package/srv/SimControl_Response.msg
[3.639s] -- Installing: /home/mauricio/minicurso-ros2/install/interfaces_package/share/ament_index/resource_index/package_run_dependencies/interfaces_package
[3.639s] -- Installing: /home/mauricio/minicurso-ros2/install/interfaces_package/share/ament_index/resource_index/parent_prefix_path/interfaces_package
[3.639s] -- Installing: /home/mauricio/minicurso-ros2/install/interfaces_package/share/interfaces_package/environment/ament_prefix_path.sh
[3.639s] -- Installing: /home/mauricio/minicurso-ros2/install/interfaces_package/share/interfaces_package/environment/ament_prefix_path.dsv
[3.640s] -- Installing: /home/mauricio/minicurso-ros2/install/interfaces_package/share/interfaces_package/environment/path.sh
[3.640s] -- Installing: /home/mauricio/minicurso-ros2/install/interfaces_package/share/interfaces_package/environment/path.dsv
[3.640s] -- Installing: /home/mauricio/minicurso-ros2/install/interfaces_package/share/interfaces_package/local_setup.bash
[3.640s] -- Installing: /home/mauricio/minicurso-ros2/install/interfaces_package/share/interfaces_package/local_setup.sh
[3.641s] -- Installing: /home/mauricio/minicurso-ros2/install/interfaces_package/share/interfaces_package/local_setup.zsh
[3.641s] -- Installing: /home/mauricio/minicurso-ros2/install/interfaces_package/share/interfaces_package/local_setup.dsv
[3.641s] -- Installing: /home/mauricio/minicurso-ros2/install/interfaces_package/share/interfaces_package/package.dsv
[3.641s] -- Installing: /home/mauricio/minicurso-ros2/install/interfaces_package/share/ament_index/resource_index/packages/interfaces_package
[3.641s] -- Installing: /home/mauricio/minicurso-ros2/install/interfaces_package/share/interfaces_package/cmake/export_interfaces_package__rosidl_generator_cExport.cmake
[3.641s] -- Installing: /home/mauricio/minicurso-ros2/install/interfaces_package/share/interfaces_package/cmake/export_interfaces_package__rosidl_generator_cExport-noconfig.cmake
[3.641s] -- Installing: /home/mauricio/minicurso-ros2/install/interfaces_package/share/interfaces_package/cmake/export_interfaces_package__rosidl_typesupport_fastrtps_cExport.cmake
[3.641s] -- Installing: /home/mauricio/minicurso-ros2/install/interfaces_package/share/interfaces_package/cmake/export_interfaces_package__rosidl_typesupport_fastrtps_cExport-noconfig.cmake
[3.641s] -- Installing: /home/mauricio/minicurso-ros2/install/interfaces_package/share/interfaces_package/cmake/export_interfaces_package__rosidl_generator_cppExport.cmake
[3.642s] -- Installing: /home/mauricio/minicurso-ros2/install/interfaces_package/share/interfaces_package/cmake/export_interfaces_package__rosidl_typesupport_fastrtps_cppExport.cmake
[3.642s] -- Installing: /home/mauricio/minicurso-ros2/install/interfaces_package/share/interfaces_package/cmake/export_interfaces_package__rosidl_typesupport_fastrtps_cppExport-noconfig.cmake
[3.642s] -- Installing: /home/mauricio/minicurso-ros2/install/interfaces_package/share/interfaces_package/cmake/interfaces_package__rosidl_typesupport_introspection_cExport.cmake
[3.642s] -- Installing: /home/mauricio/minicurso-ros2/install/interfaces_package/share/interfaces_package/cmake/interfaces_package__rosidl_typesupport_introspection_cExport-noconfig.cmake
[3.642s] -- Installing: /home/mauricio/minicurso-ros2/install/interfaces_package/share/interfaces_package/cmake/interfaces_package__rosidl_typesupport_cExport.cmake
[3.642s] -- Installing: /home/mauricio/minicurso-ros2/install/interfaces_package/share/interfaces_package/cmake/interfaces_package__rosidl_typesupport_cExport-noconfig.cmake
[3.642s] -- Installing: /home/mauricio/minicurso-ros2/install/interfaces_package/share/interfaces_package/cmake/interfaces_package__rosidl_typesupport_introspection_cppExport.cmake
[3.642s] -- Installing: /home/mauricio/minicurso-ros2/install/interfaces_package/share/interfaces_package/cmake/interfaces_package__rosidl_typesupport_introspection_cppExport-noconfig.cmake
[3.642s] -- Installing: /home/mauricio/minicurso-ros2/install/interfaces_package/share/interfaces_package/cmake/interfaces_package__rosidl_typesupport_cppExport.cmake
[3.643s] -- Installing: /home/mauricio/minicurso-ros2/install/interfaces_package/share/interfaces_package/cmake/interfaces_package__rosidl_typesupport_cppExport-noconfig.cmake
[3.643s] -- Installing: /home/mauricio/minicurso-ros2/install/interfaces_package/share/interfaces_package/cmake/export_interfaces_package__rosidl_generator_pyExport.cmake
[3.643s] -- Installing: /home/mauricio/minicurso-ros2/install/interfaces_package/share/interfaces_package/cmake/export_interfaces_package__rosidl_generator_pyExport-noconfig.cmake
[3.643s] -- Installing: /home/mauricio/minicurso-ros2/install/interfaces_package/share/interfaces_package/cmake/rosidl_cmake-extras.cmake
[3.643s] -- Installing: /home/mauricio/minicurso-ros2/install/interfaces_package/share/interfaces_package/cmake/ament_cmake_export_dependencies-extras.cmake
[3.643s] -- Installing: /home/mauricio/minicurso-ros2/install/interfaces_package/share/interfaces_package/cmake/ament_cmake_export_include_directories-extras.cmake
[3.643s] -- Installing: /home/mauricio/minicurso-ros2/install/interfaces_package/share/interfaces_package/cmake/ament_cmake_export_libraries-extras.cmake
[3.643s] -- Installing: /home/mauricio/minicurso-ros2/install/interfaces_package/share/interfaces_package/cmake/ament_cmake_export_targets-extras.cmake
[3.643s] -- Installing: /home/mauricio/minicurso-ros2/install/interfaces_package/share/interfaces_package/cmake/rosidl_cmake_export_typesupport_targets-extras.cmake
[3.643s] -- Installing: /home/mauricio/minicurso-ros2/install/interfaces_package/share/interfaces_package/cmake/rosidl_cmake_export_typesupport_libraries-extras.cmake
[3.644s] -- Installing: /home/mauricio/minicurso-ros2/install/interfaces_package/share/interfaces_package/cmake/interfaces_packageConfig.cmake
[3.644s] -- Installing: /home/mauricio/minicurso-ros2/install/interfaces_package/share/interfaces_package/cmake/interfaces_packageConfig-version.cmake
[3.644s] -- Installing: /home/mauricio/minicurso-ros2/install/interfaces_package/share/interfaces_package/package.xml
[3.646s] Invoked command in '/home/mauricio/minicurso-ros2/build/interfaces_package' returned '0': CMAKE_PREFIX_PATH=${CMAKE_PREFIX_PATH}:/home/mauricio/Documents/Taura/soccer-client-ros2/install/trajectory_package:/home/mauricio/Documents/Taura/soccer-client-ros2/install/strategy_package:/home/mauricio/Documents/Taura/soccer-client-ros2/install/sender_package:/home/mauricio/Documents/Taura/soccer-client-ros2/install/robots_package:/home/mauricio/Documents/Taura/soccer-client-ros2/install/receiver_package:/home/mauricio/Documents/Taura/soccer-client-ros2/install/protobuf_package:/home/mauricio/Documents/Taura/soccer-client-ros2/install/manager_package:/home/mauricio/Documents/Taura/soccer-client-ros2/install/controller_package:/home/mauricio/Documents/Taura/soccer-client-ros2/install/behavior_package:/opt/ros/humble /usr/bin/cmake --install /home/mauricio/minicurso-ros2/build/interfaces_package
