[1.030s] Invoking command in '/home/mauricio/minicurso-ros2/src/simulator_package': PYTHONPATH=/home/mauricio/minicurso-ros2/build/simulator_package/prefix_override:/home/mauricio/minicurso-ros2/install/simulator_package/lib/python3.10/site-packages:${PYTHONPATH} /usr/bin/python3 -W ignore:setup.py install is deprecated setup.py egg_info --egg-base ../../build/simulator_package build --build-base /home/mauricio/minicurso-ros2/build/simulator_package/build install --record /home/mauricio/minicurso-ros2/build/simulator_package/install.log --single-version-externally-managed install_data
[1.256s] running egg_info
[1.257s] writing ../../build/simulator_package/simulator_package.egg-info/PKG-INFO
[1.258s] writing dependency_links to ../../build/simulator_package/simulator_package.egg-info/dependency_links.txt
[1.258s] writing entry points to ../../build/simulator_package/simulator_package.egg-info/entry_points.txt
[1.258s] writing requirements to ../../build/simulator_package/simulator_package.egg-info/requires.txt
[1.258s] writing top-level names to ../../build/simulator_package/simulator_package.egg-info/top_level.txt
[1.259s] reading manifest file '../../build/simulator_package/simulator_package.egg-info/SOURCES.txt'
[1.259s] writing manifest file '../../build/simulator_package/simulator_package.egg-info/SOURCES.txt'
[1.259s] running build
[1.260s] running build_py
[1.260s] running install
[1.260s] running install_lib
[1.261s] running install_data
[1.261s] creating /home/mauricio/minicurso-ros2/install/simulator_package/share/simulator_package/launch
[1.261s] copying launch/pong2d.py -> /home/mauricio/minicurso-ros2/install/simulator_package/share/simulator_package/launch
[1.261s] running install_egg_info
[1.263s] removing '/home/mauricio/minicurso-ros2/install/simulator_package/lib/python3.10/site-packages/simulator_package-0.0.0-py3.10.egg-info' (and everything under it)
[1.263s] Copying ../../build/simulator_package/simulator_package.egg-info to /home/mauricio/minicurso-ros2/install/simulator_package/lib/python3.10/site-packages/simulator_package-0.0.0-py3.10.egg-info
[1.264s] running install_scripts
[1.279s] Installing gui script to /home/mauricio/minicurso-ros2/install/simulator_package/lib/simulator_package
[1.279s] Installing simulator script to /home/mauricio/minicurso-ros2/install/simulator_package/lib/simulator_package
[1.279s] writing list of installed files to '/home/mauricio/minicurso-ros2/build/simulator_package/install.log'
[1.300s] Invoked command in '/home/mauricio/minicurso-ros2/src/simulator_package' returned '0': PYTHONPATH=/home/mauricio/minicurso-ros2/build/simulator_package/prefix_override:/home/mauricio/minicurso-ros2/install/simulator_package/lib/python3.10/site-packages:${PYTHONPATH} /usr/bin/python3 -W ignore:setup.py install is deprecated setup.py egg_info --egg-base ../../build/simulator_package build --build-base /home/mauricio/minicurso-ros2/build/simulator_package/build install --record /home/mauricio/minicurso-ros2/build/simulator_package/install.log --single-version-externally-managed install_data
