[0.775s] Invoking command in '/home/mauricio/ros2_ws/src/simulator_package': PYTHONPATH=/home/mauricio/ros2_ws/build/simulator_package/prefix_override:/home/mauricio/ros2_ws/install/simulator_package/lib/python3.10/site-packages:${PYTHONPATH} /usr/bin/python3 -W ignore:setup.py install is deprecated setup.py egg_info --egg-base ../../build/simulator_package build --build-base /home/mauricio/ros2_ws/build/simulator_package/build install --record /home/mauricio/ros2_ws/build/simulator_package/install.log --single-version-externally-managed install_data
[0.991s] running egg_info
[0.991s] writing ../../build/simulator_package/simulator_package.egg-info/PKG-INFO
[0.991s] writing dependency_links to ../../build/simulator_package/simulator_package.egg-info/dependency_links.txt
[0.992s] writing entry points to ../../build/simulator_package/simulator_package.egg-info/entry_points.txt
[0.992s] writing requirements to ../../build/simulator_package/simulator_package.egg-info/requires.txt
[0.992s] writing top-level names to ../../build/simulator_package/simulator_package.egg-info/top_level.txt
[0.993s] reading manifest file '../../build/simulator_package/simulator_package.egg-info/SOURCES.txt'
[0.994s] writing manifest file '../../build/simulator_package/simulator_package.egg-info/SOURCES.txt'
[0.994s] running build
[0.994s] running build_py
[0.995s] copying simulator_package/simulator_node.py -> /home/mauricio/ros2_ws/build/simulator_package/build/lib/simulator_package
[0.995s] running install
[0.995s] running install_lib
[0.996s] copying /home/mauricio/ros2_ws/build/simulator_package/build/lib/simulator_package/simulator_node.py -> /home/mauricio/ros2_ws/install/simulator_package/lib/python3.10/site-packages/simulator_package
[0.996s] byte-compiling /home/mauricio/ros2_ws/install/simulator_package/lib/python3.10/site-packages/simulator_package/simulator_node.py to simulator_node.cpython-310.pyc
[0.997s] running install_data
[0.997s] running install_egg_info
[0.999s] removing '/home/mauricio/ros2_ws/install/simulator_package/lib/python3.10/site-packages/simulator_package-0.0.0-py3.10.egg-info' (and everything under it)
[0.999s] Copying ../../build/simulator_package/simulator_package.egg-info to /home/mauricio/ros2_ws/install/simulator_package/lib/python3.10/site-packages/simulator_package-0.0.0-py3.10.egg-info
[1.000s] running install_scripts
[1.016s] Installing pong2d script to /home/mauricio/ros2_ws/install/simulator_package/lib/simulator_package
[1.016s] writing list of installed files to '/home/mauricio/ros2_ws/build/simulator_package/install.log'
[1.038s] Invoked command in '/home/mauricio/ros2_ws/src/simulator_package' returned '0': PYTHONPATH=/home/mauricio/ros2_ws/build/simulator_package/prefix_override:/home/mauricio/ros2_ws/install/simulator_package/lib/python3.10/site-packages:${PYTHONPATH} /usr/bin/python3 -W ignore:setup.py install is deprecated setup.py egg_info --egg-base ../../build/simulator_package build --build-base /home/mauricio/ros2_ws/build/simulator_package/build install --record /home/mauricio/ros2_ws/build/simulator_package/install.log --single-version-externally-managed install_data
