[0.269s] Invoking command in '/home/mauricio/ros2_ws/build/interfaces_package': CMAKE_PREFIX_PATH=${CMAKE_PREFIX_PATH}:/home/mauricio/ros2_ws/install/simulator_package:/home/mauricio/ros2_ws/install/controller_package:/home/mauricio/Documents/Taura/soccer-client-ros2/install/trajectory_package:/home/mauricio/Documents/Taura/soccer-client-ros2/install/strategy_package:/home/mauricio/Documents/Taura/soccer-client-ros2/install/sender_package:/home/mauricio/Documents/Taura/soccer-client-ros2/install/robots_package:/home/mauricio/Documents/Taura/soccer-client-ros2/install/receiver_package:/home/mauricio/Documents/Taura/soccer-client-ros2/install/protobuf_package:/home/mauricio/Documents/Taura/soccer-client-ros2/install/manager_package:/home/mauricio/Documents/Taura/soccer-client-ros2/install/controller_package:/home/mauricio/Documents/Taura/soccer-client-ros2/install/behavior_package:/opt/ros/humble /usr/bin/cmake --build /home/mauricio/ros2_ws/build/interfaces_package -- -j12 -l12
[0.320s] [  3%] Built target interfaces_package__cpp
[0.324s] [ 12%] Built target interfaces_package__rosidl_generator_c
[0.328s] [ 12%] Built target ament_cmake_python_copy_interfaces_package
[0.340s] [ 22%] Built target interfaces_package__rosidl_typesupport_cpp
[0.342s] [ 35%] Built target interfaces_package__rosidl_typesupport_introspection_cpp
[0.342s] [ 41%] Built target interfaces_package__rosidl_typesupport_fastrtps_cpp
[0.344s] [ 61%] Built target interfaces_package__rosidl_typesupport_introspection_c
[0.344s] [ 61%] Built target interfaces_package__rosidl_typesupport_c
[0.349s] [ 70%] Built target interfaces_package__rosidl_typesupport_fastrtps_c
[0.367s] [ 70%] Built target interfaces_package
[0.384s] [ 74%] Built target interfaces_package__py
[0.402s] [ 80%] Built target interfaces_package__rosidl_generator_py
[0.421s] [ 87%] Built target interfaces_package__rosidl_typesupport_fastrtps_c__pyext
[0.423s] [ 93%] Built target interfaces_package__rosidl_typesupport_c__pyext
[0.425s] [100%] Built target interfaces_package__rosidl_typesupport_introspection_c__pyext
[0.590s] running egg_info
[0.591s] writing interfaces_package.egg-info/PKG-INFO
[0.591s] writing dependency_links to interfaces_package.egg-info/dependency_links.txt
[0.591s] writing top-level names to interfaces_package.egg-info/top_level.txt
[0.593s] reading manifest file 'interfaces_package.egg-info/SOURCES.txt'
[0.593s] writing manifest file 'interfaces_package.egg-info/SOURCES.txt'
[0.623s] [100%] Built target ament_cmake_python_build_interfaces_package_egg
[0.634s] Invoked command in '/home/mauricio/ros2_ws/build/interfaces_package' returned '0': CMAKE_PREFIX_PATH=${CMAKE_PREFIX_PATH}:/home/mauricio/ros2_ws/install/simulator_package:/home/mauricio/ros2_ws/install/controller_package:/home/mauricio/Documents/Taura/soccer-client-ros2/install/trajectory_package:/home/mauricio/Documents/Taura/soccer-client-ros2/install/strategy_package:/home/mauricio/Documents/Taura/soccer-client-ros2/install/sender_package:/home/mauricio/Documents/Taura/soccer-client-ros2/install/robots_package:/home/mauricio/Documents/Taura/soccer-client-ros2/install/receiver_package:/home/mauricio/Documents/Taura/soccer-client-ros2/install/protobuf_package:/home/mauricio/Documents/Taura/soccer-client-ros2/install/manager_package:/home/mauricio/Documents/Taura/soccer-client-ros2/install/controller_package:/home/mauricio/Documents/Taura/soccer-client-ros2/install/behavior_package:/opt/ros/humble /usr/bin/cmake --build /home/mauricio/ros2_ws/build/interfaces_package -- -j12 -l12
[0.679s] Invoking command in '/home/mauricio/ros2_ws/build/interfaces_package': CMAKE_PREFIX_PATH=${CMAKE_PREFIX_PATH}:/home/mauricio/ros2_ws/install/simulator_package:/home/mauricio/ros2_ws/install/controller_package:/home/mauricio/Documents/Taura/soccer-client-ros2/install/trajectory_package:/home/mauricio/Documents/Taura/soccer-client-ros2/install/strategy_package:/home/mauricio/Documents/Taura/soccer-client-ros2/install/sender_package:/home/mauricio/Documents/Taura/soccer-client-ros2/install/robots_package:/home/mauricio/Documents/Taura/soccer-client-ros2/install/receiver_package:/home/mauricio/Documents/Taura/soccer-client-ros2/install/protobuf_package:/home/mauricio/Documents/Taura/soccer-client-ros2/install/manager_package:/home/mauricio/Documents/Taura/soccer-client-ros2/install/controller_package:/home/mauricio/Documents/Taura/soccer-client-ros2/install/behavior_package:/opt/ros/humble /usr/bin/cmake --install /home/mauricio/ros2_ws/build/interfaces_package
[0.684s] -- Install configuration: ""
[0.684s] -- Up-to-date: /home/mauricio/ros2_ws/install/interfaces_package/share/ament_index/resource_index/rosidl_interfaces/interfaces_package
[0.684s] -- Up-to-date: /home/mauricio/ros2_ws/install/interfaces_package/include/interfaces_package/interfaces_package
[0.685s] -- Up-to-date: /home/mauricio/ros2_ws/install/interfaces_package/include/interfaces_package/interfaces_package/msg
[0.685s] -- Up-to-date: /home/mauricio/ros2_ws/install/interfaces_package/include/interfaces_package/interfaces_package/msg/rosidl_generator_c__visibility_control.h
[0.685s] -- Up-to-date: /home/mauricio/ros2_ws/install/interfaces_package/include/interfaces_package/interfaces_package/srv
[0.685s] -- Up-to-date: /home/mauricio/ros2_ws/install/interfaces_package/include/interfaces_package/interfaces_package/srv/sim_control.h
[0.685s] -- Up-to-date: /home/mauricio/ros2_ws/install/interfaces_package/include/interfaces_package/interfaces_package/srv/detail
[0.685s] -- Up-to-date: /home/mauricio/ros2_ws/install/interfaces_package/include/interfaces_package/interfaces_package/srv/detail/sim_control__functions.c
[0.685s] -- Up-to-date: /home/mauricio/ros2_ws/install/interfaces_package/include/interfaces_package/interfaces_package/srv/detail/sim_control__struct.h
[0.685s] -- Up-to-date: /home/mauricio/ros2_ws/install/interfaces_package/include/interfaces_package/interfaces_package/srv/detail/sim_control__functions.h
[0.686s] -- Up-to-date: /home/mauricio/ros2_ws/install/interfaces_package/include/interfaces_package/interfaces_package/srv/detail/sim_control__type_support.h
[0.686s] -- Up-to-date: /home/mauricio/ros2_ws/install/interfaces_package/share/interfaces_package/environment/library_path.sh
[0.686s] -- Up-to-date: /home/mauricio/ros2_ws/install/interfaces_package/share/interfaces_package/environment/library_path.dsv
[0.686s] -- Up-to-date: /home/mauricio/ros2_ws/install/interfaces_package/lib/libinterfaces_package__rosidl_generator_c.so
[0.686s] -- Up-to-date: /home/mauricio/ros2_ws/install/interfaces_package/include/interfaces_package/interfaces_package
[0.686s] -- Up-to-date: /home/mauricio/ros2_ws/install/interfaces_package/include/interfaces_package/interfaces_package/msg
[0.686s] -- Up-to-date: /home/mauricio/ros2_ws/install/interfaces_package/include/interfaces_package/interfaces_package/msg/rosidl_typesupport_fastrtps_c__visibility_control.h
[0.686s] -- Up-to-date: /home/mauricio/ros2_ws/install/interfaces_package/include/interfaces_package/interfaces_package/srv
[0.686s] -- Up-to-date: /home/mauricio/ros2_ws/install/interfaces_package/include/interfaces_package/interfaces_package/srv/detail
[0.686s] -- Up-to-date: /home/mauricio/ros2_ws/install/interfaces_package/include/interfaces_package/interfaces_package/srv/detail/sim_control__rosidl_typesupport_fastrtps_c.h
[0.686s] -- Up-to-date: /home/mauricio/ros2_ws/install/interfaces_package/lib/libinterfaces_package__rosidl_typesupport_fastrtps_c.so
[0.686s] -- Up-to-date: /home/mauricio/ros2_ws/install/interfaces_package/include/interfaces_package/interfaces_package
[0.686s] -- Up-to-date: /home/mauricio/ros2_ws/install/interfaces_package/include/interfaces_package/interfaces_package/srv
[0.687s] -- Up-to-date: /home/mauricio/ros2_ws/install/interfaces_package/include/interfaces_package/interfaces_package/srv/sim_control.hpp
[0.687s] -- Up-to-date: /home/mauricio/ros2_ws/install/interfaces_package/include/interfaces_package/interfaces_package/srv/detail
[0.687s] -- Up-to-date: /home/mauricio/ros2_ws/install/interfaces_package/include/interfaces_package/interfaces_package/srv/detail/sim_control__struct.hpp
[0.687s] -- Up-to-date: /home/mauricio/ros2_ws/install/interfaces_package/include/interfaces_package/interfaces_package/srv/detail/sim_control__traits.hpp
[0.687s] -- Up-to-date: /home/mauricio/ros2_ws/install/interfaces_package/include/interfaces_package/interfaces_package/srv/detail/sim_control__builder.hpp
[0.687s] -- Up-to-date: /home/mauricio/ros2_ws/install/interfaces_package/include/interfaces_package/interfaces_package
[0.687s] -- Up-to-date: /home/mauricio/ros2_ws/install/interfaces_package/include/interfaces_package/interfaces_package/msg
[0.687s] -- Up-to-date: /home/mauricio/ros2_ws/install/interfaces_package/include/interfaces_package/interfaces_package/msg/rosidl_typesupport_fastrtps_cpp__visibility_control.h
[0.687s] -- Up-to-date: /home/mauricio/ros2_ws/install/interfaces_package/include/interfaces_package/interfaces_package/srv
[0.687s] -- Up-to-date: /home/mauricio/ros2_ws/install/interfaces_package/include/interfaces_package/interfaces_package/srv/detail
[0.688s] -- Up-to-date: /home/mauricio/ros2_ws/install/interfaces_package/include/interfaces_package/interfaces_package/srv/detail/sim_control__rosidl_typesupport_fastrtps_cpp.hpp
[0.688s] -- Up-to-date: /home/mauricio/ros2_ws/install/interfaces_package/include/interfaces_package/interfaces_package/srv/detail/dds_fastrtps
[0.688s] -- Up-to-date: /home/mauricio/ros2_ws/install/interfaces_package/lib/libinterfaces_package__rosidl_typesupport_fastrtps_cpp.so
[0.688s] -- Up-to-date: /home/mauricio/ros2_ws/install/interfaces_package/include/interfaces_package/interfaces_package
[0.688s] -- Up-to-date: /home/mauricio/ros2_ws/install/interfaces_package/include/interfaces_package/interfaces_package/msg
[0.688s] -- Up-to-date: /home/mauricio/ros2_ws/install/interfaces_package/include/interfaces_package/interfaces_package/msg/rosidl_typesupport_introspection_c__visibility_control.h
[0.688s] -- Up-to-date: /home/mauricio/ros2_ws/install/interfaces_package/include/interfaces_package/interfaces_package/srv
[0.688s] -- Up-to-date: /home/mauricio/ros2_ws/install/interfaces_package/include/interfaces_package/interfaces_package/srv/detail
[0.688s] -- Up-to-date: /home/mauricio/ros2_ws/install/interfaces_package/include/interfaces_package/interfaces_package/srv/detail/sim_control__rosidl_typesupport_introspection_c.h
[0.688s] -- Up-to-date: /home/mauricio/ros2_ws/install/interfaces_package/include/interfaces_package/interfaces_package/srv/detail/sim_control__type_support.c
[0.688s] -- Up-to-date: /home/mauricio/ros2_ws/install/interfaces_package/lib/libinterfaces_package__rosidl_typesupport_introspection_c.so
[0.688s] -- Up-to-date: /home/mauricio/ros2_ws/install/interfaces_package/lib/libinterfaces_package__rosidl_typesupport_c.so
[0.689s] -- Up-to-date: /home/mauricio/ros2_ws/install/interfaces_package/include/interfaces_package/interfaces_package
[0.689s] -- Up-to-date: /home/mauricio/ros2_ws/install/interfaces_package/include/interfaces_package/interfaces_package/srv
[0.689s] -- Up-to-date: /home/mauricio/ros2_ws/install/interfaces_package/include/interfaces_package/interfaces_package/srv/detail
[0.689s] -- Up-to-date: /home/mauricio/ros2_ws/install/interfaces_package/include/interfaces_package/interfaces_package/srv/detail/sim_control__type_support.cpp
[0.689s] -- Up-to-date: /home/mauricio/ros2_ws/install/interfaces_package/include/interfaces_package/interfaces_package/srv/detail/sim_control__rosidl_typesupport_introspection_cpp.hpp
[0.689s] -- Up-to-date: /home/mauricio/ros2_ws/install/interfaces_package/lib/libinterfaces_package__rosidl_typesupport_introspection_cpp.so
[0.689s] -- Up-to-date: /home/mauricio/ros2_ws/install/interfaces_package/lib/libinterfaces_package__rosidl_typesupport_cpp.so
[0.689s] -- Up-to-date: /home/mauricio/ros2_ws/install/interfaces_package/share/interfaces_package/environment/pythonpath.sh
[0.689s] -- Up-to-date: /home/mauricio/ros2_ws/install/interfaces_package/share/interfaces_package/environment/pythonpath.dsv
[0.689s] -- Up-to-date: /home/mauricio/ros2_ws/install/interfaces_package/local/lib/python3.10/dist-packages/interfaces_package-0.0.0-py3.10.egg-info
[0.689s] -- Installing: /home/mauricio/ros2_ws/install/interfaces_package/local/lib/python3.10/dist-packages/interfaces_package-0.0.0-py3.10.egg-info/top_level.txt
[0.689s] -- Installing: /home/mauricio/ros2_ws/install/interfaces_package/local/lib/python3.10/dist-packages/interfaces_package-0.0.0-py3.10.egg-info/dependency_links.txt
[0.689s] -- Installing: /home/mauricio/ros2_ws/install/interfaces_package/local/lib/python3.10/dist-packages/interfaces_package-0.0.0-py3.10.egg-info/PKG-INFO
[0.690s] -- Installing: /home/mauricio/ros2_ws/install/interfaces_package/local/lib/python3.10/dist-packages/interfaces_package-0.0.0-py3.10.egg-info/SOURCES.txt
[0.690s] -- Up-to-date: /home/mauricio/ros2_ws/install/interfaces_package/local/lib/python3.10/dist-packages/interfaces_package
[0.690s] -- Up-to-date: /home/mauricio/ros2_ws/install/interfaces_package/local/lib/python3.10/dist-packages/interfaces_package/interfaces_package_s__rosidl_typesupport_introspection_c.cpython-310-x86_64-linux-gnu.so
[0.690s] -- Up-to-date: /home/mauricio/ros2_ws/install/interfaces_package/local/lib/python3.10/dist-packages/interfaces_package/_interfaces_package_s.ep.rosidl_typesupport_introspection_c.c
[0.690s] -- Up-to-date: /home/mauricio/ros2_ws/install/interfaces_package/local/lib/python3.10/dist-packages/interfaces_package/__init__.py
[0.690s] -- Up-to-date: /home/mauricio/ros2_ws/install/interfaces_package/local/lib/python3.10/dist-packages/interfaces_package/srv
[0.690s] -- Up-to-date: /home/mauricio/ros2_ws/install/interfaces_package/local/lib/python3.10/dist-packages/interfaces_package/srv/_sim_control_s.c
[0.690s] -- Up-to-date: /home/mauricio/ros2_ws/install/interfaces_package/local/lib/python3.10/dist-packages/interfaces_package/srv/_sim_control.py
[0.690s] -- Up-to-date: /home/mauricio/ros2_ws/install/interfaces_package/local/lib/python3.10/dist-packages/interfaces_package/srv/__init__.py
[0.690s] -- Up-to-date: /home/mauricio/ros2_ws/install/interfaces_package/local/lib/python3.10/dist-packages/interfaces_package/interfaces_package_s__rosidl_typesupport_c.cpython-310-x86_64-linux-gnu.so
[0.690s] -- Up-to-date: /home/mauricio/ros2_ws/install/interfaces_package/local/lib/python3.10/dist-packages/interfaces_package/_interfaces_package_s.ep.rosidl_typesupport_c.c
[0.690s] -- Up-to-date: /home/mauricio/ros2_ws/install/interfaces_package/local/lib/python3.10/dist-packages/interfaces_package/libinterfaces_package__rosidl_generator_py.so
[0.690s] -- Up-to-date: /home/mauricio/ros2_ws/install/interfaces_package/local/lib/python3.10/dist-packages/interfaces_package/interfaces_package_s__rosidl_typesupport_fastrtps_c.cpython-310-x86_64-linux-gnu.so
[0.690s] -- Up-to-date: /home/mauricio/ros2_ws/install/interfaces_package/local/lib/python3.10/dist-packages/interfaces_package/_interfaces_package_s.ep.rosidl_typesupport_fastrtps_c.c
[0.730s] Listing '/home/mauricio/ros2_ws/install/interfaces_package/local/lib/python3.10/dist-packages/interfaces_package'...
[0.730s] Listing '/home/mauricio/ros2_ws/install/interfaces_package/local/lib/python3.10/dist-packages/interfaces_package/srv'...
[0.734s] -- Up-to-date: /home/mauricio/ros2_ws/install/interfaces_package/local/lib/python3.10/dist-packages/interfaces_package/interfaces_package_s__rosidl_typesupport_fastrtps_c.cpython-310-x86_64-linux-gnu.so
[0.735s] -- Up-to-date: /home/mauricio/ros2_ws/install/interfaces_package/local/lib/python3.10/dist-packages/interfaces_package/interfaces_package_s__rosidl_typesupport_introspection_c.cpython-310-x86_64-linux-gnu.so
[0.735s] -- Up-to-date: /home/mauricio/ros2_ws/install/interfaces_package/local/lib/python3.10/dist-packages/interfaces_package/interfaces_package_s__rosidl_typesupport_c.cpython-310-x86_64-linux-gnu.so
[0.735s] -- Up-to-date: /home/mauricio/ros2_ws/install/interfaces_package/lib/libinterfaces_package__rosidl_generator_py.so
[0.735s] -- Up-to-date: /home/mauricio/ros2_ws/install/interfaces_package/share/interfaces_package/srv/SimControl.idl
[0.735s] -- Up-to-date: /home/mauricio/ros2_ws/install/interfaces_package/share/interfaces_package/srv/SimControl.srv
[0.735s] -- Up-to-date: /home/mauricio/ros2_ws/install/interfaces_package/share/interfaces_package/srv/SimControl_Request.msg
[0.736s] -- Up-to-date: /home/mauricio/ros2_ws/install/interfaces_package/share/interfaces_package/srv/SimControl_Response.msg
[0.736s] -- Up-to-date: /home/mauricio/ros2_ws/install/interfaces_package/share/ament_index/resource_index/package_run_dependencies/interfaces_package
[0.736s] -- Up-to-date: /home/mauricio/ros2_ws/install/interfaces_package/share/ament_index/resource_index/parent_prefix_path/interfaces_package
[0.736s] -- Up-to-date: /home/mauricio/ros2_ws/install/interfaces_package/share/interfaces_package/environment/ament_prefix_path.sh
[0.736s] -- Up-to-date: /home/mauricio/ros2_ws/install/interfaces_package/share/interfaces_package/environment/ament_prefix_path.dsv
[0.736s] -- Up-to-date: /home/mauricio/ros2_ws/install/interfaces_package/share/interfaces_package/environment/path.sh
[0.736s] -- Up-to-date: /home/mauricio/ros2_ws/install/interfaces_package/share/interfaces_package/environment/path.dsv
[0.736s] -- Up-to-date: /home/mauricio/ros2_ws/install/interfaces_package/share/interfaces_package/local_setup.bash
[0.736s] -- Up-to-date: /home/mauricio/ros2_ws/install/interfaces_package/share/interfaces_package/local_setup.sh
[0.736s] -- Up-to-date: /home/mauricio/ros2_ws/install/interfaces_package/share/interfaces_package/local_setup.zsh
[0.736s] -- Up-to-date: /home/mauricio/ros2_ws/install/interfaces_package/share/interfaces_package/local_setup.dsv
[0.736s] -- Installing: /home/mauricio/ros2_ws/install/interfaces_package/share/interfaces_package/package.dsv
[0.737s] -- Up-to-date: /home/mauricio/ros2_ws/install/interfaces_package/share/ament_index/resource_index/packages/interfaces_package
[0.737s] -- Up-to-date: /home/mauricio/ros2_ws/install/interfaces_package/share/interfaces_package/cmake/export_interfaces_package__rosidl_generator_cExport.cmake
[0.737s] -- Up-to-date: /home/mauricio/ros2_ws/install/interfaces_package/share/interfaces_package/cmake/export_interfaces_package__rosidl_generator_cExport-noconfig.cmake
[0.737s] -- Up-to-date: /home/mauricio/ros2_ws/install/interfaces_package/share/interfaces_package/cmake/export_interfaces_package__rosidl_typesupport_fastrtps_cExport.cmake
[0.737s] -- Up-to-date: /home/mauricio/ros2_ws/install/interfaces_package/share/interfaces_package/cmake/export_interfaces_package__rosidl_typesupport_fastrtps_cExport-noconfig.cmake
[0.737s] -- Up-to-date: /home/mauricio/ros2_ws/install/interfaces_package/share/interfaces_package/cmake/export_interfaces_package__rosidl_generator_cppExport.cmake
[0.737s] -- Up-to-date: /home/mauricio/ros2_ws/install/interfaces_package/share/interfaces_package/cmake/export_interfaces_package__rosidl_typesupport_fastrtps_cppExport.cmake
[0.737s] -- Up-to-date: /home/mauricio/ros2_ws/install/interfaces_package/share/interfaces_package/cmake/export_interfaces_package__rosidl_typesupport_fastrtps_cppExport-noconfig.cmake
[0.737s] -- Up-to-date: /home/mauricio/ros2_ws/install/interfaces_package/share/interfaces_package/cmake/interfaces_package__rosidl_typesupport_introspection_cExport.cmake
[0.737s] -- Up-to-date: /home/mauricio/ros2_ws/install/interfaces_package/share/interfaces_package/cmake/interfaces_package__rosidl_typesupport_introspection_cExport-noconfig.cmake
[0.737s] -- Up-to-date: /home/mauricio/ros2_ws/install/interfaces_package/share/interfaces_package/cmake/interfaces_package__rosidl_typesupport_cExport.cmake
[0.737s] -- Up-to-date: /home/mauricio/ros2_ws/install/interfaces_package/share/interfaces_package/cmake/interfaces_package__rosidl_typesupport_cExport-noconfig.cmake
[0.737s] -- Up-to-date: /home/mauricio/ros2_ws/install/interfaces_package/share/interfaces_package/cmake/interfaces_package__rosidl_typesupport_introspection_cppExport.cmake
[0.737s] -- Up-to-date: /home/mauricio/ros2_ws/install/interfaces_package/share/interfaces_package/cmake/interfaces_package__rosidl_typesupport_introspection_cppExport-noconfig.cmake
[0.738s] -- Up-to-date: /home/mauricio/ros2_ws/install/interfaces_package/share/interfaces_package/cmake/interfaces_package__rosidl_typesupport_cppExport.cmake
[0.738s] -- Up-to-date: /home/mauricio/ros2_ws/install/interfaces_package/share/interfaces_package/cmake/interfaces_package__rosidl_typesupport_cppExport-noconfig.cmake
[0.738s] -- Up-to-date: /home/mauricio/ros2_ws/install/interfaces_package/share/interfaces_package/cmake/export_interfaces_package__rosidl_generator_pyExport.cmake
[0.738s] -- Up-to-date: /home/mauricio/ros2_ws/install/interfaces_package/share/interfaces_package/cmake/export_interfaces_package__rosidl_generator_pyExport-noconfig.cmake
[0.738s] -- Up-to-date: /home/mauricio/ros2_ws/install/interfaces_package/share/interfaces_package/cmake/rosidl_cmake-extras.cmake
[0.738s] -- Up-to-date: /home/mauricio/ros2_ws/install/interfaces_package/share/interfaces_package/cmake/ament_cmake_export_dependencies-extras.cmake
[0.738s] -- Up-to-date: /home/mauricio/ros2_ws/install/interfaces_package/share/interfaces_package/cmake/ament_cmake_export_include_directories-extras.cmake
[0.738s] -- Up-to-date: /home/mauricio/ros2_ws/install/interfaces_package/share/interfaces_package/cmake/ament_cmake_export_libraries-extras.cmake
[0.738s] -- Up-to-date: /home/mauricio/ros2_ws/install/interfaces_package/share/interfaces_package/cmake/ament_cmake_export_targets-extras.cmake
[0.738s] -- Up-to-date: /home/mauricio/ros2_ws/install/interfaces_package/share/interfaces_package/cmake/rosidl_cmake_export_typesupport_targets-extras.cmake
[0.739s] -- Up-to-date: /home/mauricio/ros2_ws/install/interfaces_package/share/interfaces_package/cmake/rosidl_cmake_export_typesupport_libraries-extras.cmake
[0.739s] -- Up-to-date: /home/mauricio/ros2_ws/install/interfaces_package/share/interfaces_package/cmake/interfaces_packageConfig.cmake
[0.739s] -- Up-to-date: /home/mauricio/ros2_ws/install/interfaces_package/share/interfaces_package/cmake/interfaces_packageConfig-version.cmake
[0.739s] -- Up-to-date: /home/mauricio/ros2_ws/install/interfaces_package/share/interfaces_package/package.xml
[0.741s] Invoked command in '/home/mauricio/ros2_ws/build/interfaces_package' returned '0': CMAKE_PREFIX_PATH=${CMAKE_PREFIX_PATH}:/home/mauricio/ros2_ws/install/simulator_package:/home/mauricio/ros2_ws/install/controller_package:/home/mauricio/Documents/Taura/soccer-client-ros2/install/trajectory_package:/home/mauricio/Documents/Taura/soccer-client-ros2/install/strategy_package:/home/mauricio/Documents/Taura/soccer-client-ros2/install/sender_package:/home/mauricio/Documents/Taura/soccer-client-ros2/install/robots_package:/home/mauricio/Documents/Taura/soccer-client-ros2/install/receiver_package:/home/mauricio/Documents/Taura/soccer-client-ros2/install/protobuf_package:/home/mauricio/Documents/Taura/soccer-client-ros2/install/manager_package:/home/mauricio/Documents/Taura/soccer-client-ros2/install/controller_package:/home/mauricio/Documents/Taura/soccer-client-ros2/install/behavior_package:/opt/ros/humble /usr/bin/cmake --install /home/mauricio/ros2_ws/build/interfaces_package
