[0.552s] Invoking command in '/home/mauricio/ros2_ws/src/simulator_package': PYTHONPATH=/home/mauricio/ros2_ws/build/simulator_package/prefix_override:/home/mauricio/ros2_ws/install/simulator_package/lib/python3.10/site-packages:${PYTHONPATH} /usr/bin/python3 -W ignore:setup.py install is deprecated setup.py egg_info --egg-base ../../build/simulator_package build --build-base /home/mauricio/ros2_ws/build/simulator_package/build install --record /home/mauricio/ros2_ws/build/simulator_package/install.log --single-version-externally-managed install_data
[0.780s] running egg_info
[0.780s] creating ../../build/simulator_package/simulator_package.egg-info
[0.780s] writing ../../build/simulator_package/simulator_package.egg-info/PKG-INFO
[0.780s] writing dependency_links to ../../build/simulator_package/simulator_package.egg-info/dependency_links.txt
[0.780s] writing entry points to ../../build/simulator_package/simulator_package.egg-info/entry_points.txt
[0.780s] writing requirements to ../../build/simulator_package/simulator_package.egg-info/requires.txt
[0.780s] writing top-level names to ../../build/simulator_package/simulator_package.egg-info/top_level.txt
[0.780s] writing manifest file '../../build/simulator_package/simulator_package.egg-info/SOURCES.txt'
[0.781s] reading manifest file '../../build/simulator_package/simulator_package.egg-info/SOURCES.txt'
[0.782s] writing manifest file '../../build/simulator_package/simulator_package.egg-info/SOURCES.txt'
[0.782s] running build
[0.782s] running build_py
[0.783s] creating /home/mauricio/ros2_ws/build/simulator_package/build
[0.783s] creating /home/mauricio/ros2_ws/build/simulator_package/build/lib
[0.783s] creating /home/mauricio/ros2_ws/build/simulator_package/build/lib/simulator_package
[0.783s] copying simulator_package/__init__.py -> /home/mauricio/ros2_ws/build/simulator_package/build/lib/simulator_package
[0.783s] copying simulator_package/simulator_node.py -> /home/mauricio/ros2_ws/build/simulator_package/build/lib/simulator_package
[0.783s] running install
[0.783s] running install_lib
[0.783s] creating /home/mauricio/ros2_ws/install/simulator_package/lib/python3.10/site-packages/simulator_package
[0.784s] copying /home/mauricio/ros2_ws/build/simulator_package/build/lib/simulator_package/__init__.py -> /home/mauricio/ros2_ws/install/simulator_package/lib/python3.10/site-packages/simulator_package
[0.784s] copying /home/mauricio/ros2_ws/build/simulator_package/build/lib/simulator_package/simulator_node.py -> /home/mauricio/ros2_ws/install/simulator_package/lib/python3.10/site-packages/simulator_package
[0.784s] byte-compiling /home/mauricio/ros2_ws/install/simulator_package/lib/python3.10/site-packages/simulator_package/__init__.py to __init__.cpython-310.pyc
[0.784s] byte-compiling /home/mauricio/ros2_ws/install/simulator_package/lib/python3.10/site-packages/simulator_package/simulator_node.py to simulator_node.cpython-310.pyc
[0.785s] running install_data
[0.785s] creating /home/mauricio/ros2_ws/install/simulator_package/share/ament_index
[0.785s] creating /home/mauricio/ros2_ws/install/simulator_package/share/ament_index/resource_index
[0.785s] creating /home/mauricio/ros2_ws/install/simulator_package/share/ament_index/resource_index/packages
[0.785s] copying resource/simulator_package -> /home/mauricio/ros2_ws/install/simulator_package/share/ament_index/resource_index/packages
[0.785s] copying package.xml -> /home/mauricio/ros2_ws/install/simulator_package/share/simulator_package
[0.785s] running install_egg_info
[0.786s] Copying ../../build/simulator_package/simulator_package.egg-info to /home/mauricio/ros2_ws/install/simulator_package/lib/python3.10/site-packages/simulator_package-0.0.0-py3.10.egg-info
[0.787s] running install_scripts
[0.801s] writing list of installed files to '/home/mauricio/ros2_ws/build/simulator_package/install.log'
[0.820s] Invoked command in '/home/mauricio/ros2_ws/src/simulator_package' returned '0': PYTHONPATH=/home/mauricio/ros2_ws/build/simulator_package/prefix_override:/home/mauricio/ros2_ws/install/simulator_package/lib/python3.10/site-packages:${PYTHONPATH} /usr/bin/python3 -W ignore:setup.py install is deprecated setup.py egg_info --egg-base ../../build/simulator_package build --build-base /home/mauricio/ros2_ws/build/simulator_package/build install --record /home/mauricio/ros2_ws/build/simulator_package/install.log --single-version-externally-managed install_data
