[0.259s] Invoking command in '/home/mauricio/ros2_ws/build/interfaces_package': CMAKE_PREFIX_PATH=${CMAKE_PREFIX_PATH}:/home/mauricio/ros2_ws/install/simulator_package:/home/mauricio/ros2_ws/install/controller_package:/home/mauricio/Documents/Taura/soccer-client-ros2/install/trajectory_package:/home/mauricio/Documents/Taura/soccer-client-ros2/install/strategy_package:/home/mauricio/Documents/Taura/soccer-client-ros2/install/sender_package:/home/mauricio/Documents/Taura/soccer-client-ros2/install/robots_package:/home/mauricio/Documents/Taura/soccer-client-ros2/install/receiver_package:/home/mauricio/Documents/Taura/soccer-client-ros2/install/protobuf_package:/home/mauricio/Documents/Taura/soccer-client-ros2/install/manager_package:/home/mauricio/Documents/Taura/soccer-client-ros2/install/controller_package:/home/mauricio/Documents/Taura/soccer-client-ros2/install/behavior_package:/opt/ros/humble /usr/bin/cmake /home/mauricio/ros2_ws/src/interfaces_package -DCMAKE_INSTALL_PREFIX=/home/mauricio/ros2_ws/install/interfaces_package
[0.330s] -- The C compiler identification is GNU 11.4.0
[0.381s] -- The CXX compiler identification is GNU 11.4.0
[0.389s] -- Detecting C compiler ABI info
[0.464s] -- Detecting C compiler ABI info - done
[0.474s] -- Check for working C compiler: /usr/bin/cc - skipped
[0.475s] -- Detecting C compile features
[0.478s] -- Detecting C compile features - done
[0.483s] -- Detecting CXX compiler ABI info
[0.548s] -- Detecting CXX compiler ABI info - done
[0.554s] -- Check for working CXX compiler: /usr/bin/c++ - skipped
[0.554s] -- Detecting CXX compile features
[0.555s] -- Detecting CXX compile features - done
[0.561s] -- Found ament_cmake: 1.3.9 (/opt/ros/humble/share/ament_cmake/cmake)
[0.692s] -- Found Python3: /usr/bin/python3 (found version "3.10.12") found components: Interpreter 
[0.803s] -- Found geometry_msgs: 4.2.3 (/opt/ros/humble/share/geometry_msgs/cmake)
[0.858s] -- Found rosidl_generator_c: 3.1.5 (/opt/ros/humble/share/rosidl_generator_c/cmake)
[0.863s] -- Found rosidl_adapter: 3.1.5 (/opt/ros/humble/share/rosidl_adapter/cmake)
[0.871s] -- Found rosidl_generator_cpp: 3.1.5 (/opt/ros/humble/share/rosidl_generator_cpp/cmake)
[0.887s] -- Using all available rosidl_typesupport_c: rosidl_typesupport_fastrtps_c;rosidl_typesupport_introspection_c
[0.906s] -- Using all available rosidl_typesupport_cpp: rosidl_typesupport_fastrtps_cpp;rosidl_typesupport_introspection_cpp
[1.024s] -- Found rosidl_default_generators: 1.2.0 (/opt/ros/humble/share/rosidl_default_generators/cmake)
[1.334s] -- Found ament_cmake_ros: 0.10.0 (/opt/ros/humble/share/ament_cmake_ros/cmake)
[1.902s] -- Using all available rosidl_typesupport_c: rosidl_typesupport_fastrtps_c;rosidl_typesupport_introspection_c
[2.122s] -- Using all available rosidl_typesupport_cpp: rosidl_typesupport_fastrtps_cpp;rosidl_typesupport_introspection_cpp
[2.159s] -- Found PythonInterp: /usr/bin/python3 (found suitable version "3.10.12", minimum required is "3.6") 
[2.163s] -- Found python_cmake_module: 0.10.0 (/opt/ros/humble/share/python_cmake_module/cmake)
[2.186s] -- Found PythonLibs: /usr/lib/x86_64-linux-gnu/libpython3.10.so (found suitable version "3.10.12", minimum required is "3.5") 
[2.186s] -- Using PYTHON_EXECUTABLE: /usr/bin/python3
[2.186s] -- Using PYTHON_INCLUDE_DIRS: /usr/include/python3.10
[2.187s] -- Using PYTHON_LIBRARIES: /usr/lib/x86_64-linux-gnu/libpython3.10.so
[2.224s] -- Found PythonExtra: .so  
[2.321s] -- Found ament_lint_auto: 0.12.11 (/opt/ros/humble/share/ament_lint_auto/cmake)
[2.340s] -- Added test 'lint_cmake' to check CMake code style
[2.341s] -- Added test 'xmllint' to check XML markup files
[2.344s] -- Configuring done
[2.374s] -- Generating done
[2.377s] -- Build files have been written to: /home/mauricio/ros2_ws/build/interfaces_package
[2.384s] Invoked command in '/home/mauricio/ros2_ws/build/interfaces_package' returned '0': CMAKE_PREFIX_PATH=${CMAKE_PREFIX_PATH}:/home/mauricio/ros2_ws/install/simulator_package:/home/mauricio/ros2_ws/install/controller_package:/home/mauricio/Documents/Taura/soccer-client-ros2/install/trajectory_package:/home/mauricio/Documents/Taura/soccer-client-ros2/install/strategy_package:/home/mauricio/Documents/Taura/soccer-client-ros2/install/sender_package:/home/mauricio/Documents/Taura/soccer-client-ros2/install/robots_package:/home/mauricio/Documents/Taura/soccer-client-ros2/install/receiver_package:/home/mauricio/Documents/Taura/soccer-client-ros2/install/protobuf_package:/home/mauricio/Documents/Taura/soccer-client-ros2/install/manager_package:/home/mauricio/Documents/Taura/soccer-client-ros2/install/controller_package:/home/mauricio/Documents/Taura/soccer-client-ros2/install/behavior_package:/opt/ros/humble /usr/bin/cmake /home/mauricio/ros2_ws/src/interfaces_package -DCMAKE_INSTALL_PREFIX=/home/mauricio/ros2_ws/install/interfaces_package
[2.386s] Invoking command in '/home/mauricio/ros2_ws/build/interfaces_package': CMAKE_PREFIX_PATH=${CMAKE_PREFIX_PATH}:/home/mauricio/ros2_ws/install/simulator_package:/home/mauricio/ros2_ws/install/controller_package:/home/mauricio/Documents/Taura/soccer-client-ros2/install/trajectory_package:/home/mauricio/Documents/Taura/soccer-client-ros2/install/strategy_package:/home/mauricio/Documents/Taura/soccer-client-ros2/install/sender_package:/home/mauricio/Documents/Taura/soccer-client-ros2/install/robots_package:/home/mauricio/Documents/Taura/soccer-client-ros2/install/receiver_package:/home/mauricio/Documents/Taura/soccer-client-ros2/install/protobuf_package:/home/mauricio/Documents/Taura/soccer-client-ros2/install/manager_package:/home/mauricio/Documents/Taura/soccer-client-ros2/install/controller_package:/home/mauricio/Documents/Taura/soccer-client-ros2/install/behavior_package:/opt/ros/humble /usr/bin/cmake --build /home/mauricio/ros2_ws/build/interfaces_package -- -j12 -l12
[2.423s] [  3%] [34m[1mGenerating C code for ROS interfaces[0m
[2.432s] [  6%] [34m[1mGenerating C++ code for ROS interfaces[0m
[2.436s] [  6%] Built target ament_cmake_python_copy_interfaces_package
[2.655s] [  6%] Built target interfaces_package__cpp
[2.663s] [ 12%] [34m[1mGenerating C++ introspection for ROS interfaces[0m
[2.663s] [ 12%] [34m[1mGenerating C++ type support dispatch for ROS interfaces[0m
[2.663s] [ 16%] [34m[1mGenerating C++ type support for eProsima Fast-RTPS[0m
[2.672s] [ 19%] [32mBuilding C object CMakeFiles/interfaces_package__rosidl_generator_c.dir/rosidl_generator_c/interfaces_package/srv/detail/sim_control__functions.c.o[0m
[2.683s] running egg_info
[2.684s] creating interfaces_package.egg-info
[2.684s] writing interfaces_package.egg-info/PKG-INFO
[2.684s] writing dependency_links to interfaces_package.egg-info/dependency_links.txt
[2.684s] writing top-level names to interfaces_package.egg-info/top_level.txt
[2.684s] writing manifest file 'interfaces_package.egg-info/SOURCES.txt'
[2.686s] reading manifest file 'interfaces_package.egg-info/SOURCES.txt'
[2.686s] writing manifest file 'interfaces_package.egg-info/SOURCES.txt'
[2.714s] [ 19%] Built target ament_cmake_python_build_interfaces_package_egg
[2.721s] [ 22%] [32m[1mLinking C shared library libinterfaces_package__rosidl_generator_c.so[0m
[2.751s] [ 22%] Built target interfaces_package__rosidl_generator_c
[2.760s] [ 25%] [34m[1mGenerating C type support dispatch for ROS interfaces[0m
[2.760s] [ 29%] [34m[1mGenerating C introspection for ROS interfaces[0m
[2.761s] [ 32%] [34m[1mGenerating C type support for eProsima Fast-RTPS[0m
[2.928s] [ 35%] [32mBuilding CXX object CMakeFiles/interfaces_package__rosidl_typesupport_fastrtps_cpp.dir/rosidl_typesupport_fastrtps_cpp/interfaces_package/srv/detail/dds_fastrtps/sim_control__type_support.cpp.o[0m
[2.933s] [ 38%] [32mBuilding CXX object CMakeFiles/interfaces_package__rosidl_typesupport_cpp.dir/rosidl_typesupport_cpp/interfaces_package/srv/sim_control__type_support.cpp.o[0m
[2.949s] [ 41%] [32mBuilding CXX object CMakeFiles/interfaces_package__rosidl_typesupport_introspection_cpp.dir/rosidl_typesupport_introspection_cpp/interfaces_package/srv/detail/sim_control__type_support.cpp.o[0m
[2.976s] [ 45%] [32mBuilding CXX object CMakeFiles/interfaces_package__rosidl_typesupport_c.dir/rosidl_typesupport_c/interfaces_package/srv/sim_control__type_support.cpp.o[0m
[3.002s] [ 48%] [32m[1mLinking CXX shared library libinterfaces_package__rosidl_typesupport_c.so[0m
[3.007s] [ 51%] [32mBuilding C object CMakeFiles/interfaces_package__rosidl_typesupport_introspection_c.dir/rosidl_typesupport_introspection_c/interfaces_package/srv/detail/sim_control__type_support.c.o[0m
[3.007s] [ 54%] [32mBuilding CXX object CMakeFiles/interfaces_package__rosidl_typesupport_fastrtps_c.dir/rosidl_typesupport_fastrtps_c/interfaces_package/srv/detail/sim_control__type_support_c.cpp.o[0m
[3.033s] [ 54%] Built target interfaces_package__rosidl_typesupport_c
[3.041s] [ 58%] [32m[1mLinking C shared library libinterfaces_package__rosidl_typesupport_introspection_c.so[0m
[3.062s] [ 58%] Built target interfaces_package__rosidl_typesupport_introspection_c
[3.137s] [ 61%] [32m[1mLinking CXX shared library libinterfaces_package__rosidl_typesupport_cpp.so[0m
[3.170s] [ 61%] Built target interfaces_package__rosidl_typesupport_cpp
[3.242s] [ 64%] [32m[1mLinking CXX shared library libinterfaces_package__rosidl_typesupport_introspection_cpp.so[0m
[3.257s] [ 67%] [32m[1mLinking CXX shared library libinterfaces_package__rosidl_typesupport_fastrtps_cpp.so[0m
[3.269s] [ 70%] [32m[1mLinking CXX shared library libinterfaces_package__rosidl_typesupport_fastrtps_c.so[0m
[3.289s] [ 70%] Built target interfaces_package__rosidl_typesupport_introspection_cpp
[3.328s] [ 70%] Built target interfaces_package__rosidl_typesupport_fastrtps_cpp
[3.334s] [ 70%] Built target interfaces_package__rosidl_typesupport_fastrtps_c
[3.344s] [ 70%] Built target interfaces_package
[3.358s] [ 74%] [34m[1mGenerating Python code for ROS interfaces[0m
[3.638s] [ 74%] Built target interfaces_package__py
[3.657s] [ 77%] [32mBuilding C object CMakeFiles/interfaces_package__rosidl_generator_py.dir/rosidl_generator_py/interfaces_package/srv/_sim_control_s.c.o[0m
[3.758s] [ 80%] [32m[1mLinking C shared library rosidl_generator_py/interfaces_package/libinterfaces_package__rosidl_generator_py.so[0m
[3.786s] [ 80%] Built target interfaces_package__rosidl_generator_py
[3.799s] [ 83%] [32mBuilding C object CMakeFiles/interfaces_package__rosidl_typesupport_introspection_c__pyext.dir/rosidl_generator_py/interfaces_package/_interfaces_package_s.ep.rosidl_typesupport_introspection_c.c.o[0m
[3.804s] [ 87%] [32mBuilding C object CMakeFiles/interfaces_package__rosidl_typesupport_c__pyext.dir/rosidl_generator_py/interfaces_package/_interfaces_package_s.ep.rosidl_typesupport_c.c.o[0m
[3.805s] [ 90%] [32mBuilding C object CMakeFiles/interfaces_package__rosidl_typesupport_fastrtps_c__pyext.dir/rosidl_generator_py/interfaces_package/_interfaces_package_s.ep.rosidl_typesupport_fastrtps_c.c.o[0m
[3.875s] [ 93%] [32m[1mLinking C shared library rosidl_generator_py/interfaces_package/interfaces_package_s__rosidl_typesupport_c.cpython-310-x86_64-linux-gnu.so[0m
[3.882s] [ 96%] [32m[1mLinking C shared library rosidl_generator_py/interfaces_package/interfaces_package_s__rosidl_typesupport_introspection_c.cpython-310-x86_64-linux-gnu.so[0m
[3.907s] [ 96%] Built target interfaces_package__rosidl_typesupport_c__pyext
[3.911s] [100%] [32m[1mLinking C shared library rosidl_generator_py/interfaces_package/interfaces_package_s__rosidl_typesupport_fastrtps_c.cpython-310-x86_64-linux-gnu.so[0m
[3.911s] [100%] Built target interfaces_package__rosidl_typesupport_introspection_c__pyext
[3.939s] [100%] Built target interfaces_package__rosidl_typesupport_fastrtps_c__pyext
[3.957s] Invoked command in '/home/mauricio/ros2_ws/build/interfaces_package' returned '0': CMAKE_PREFIX_PATH=${CMAKE_PREFIX_PATH}:/home/mauricio/ros2_ws/install/simulator_package:/home/mauricio/ros2_ws/install/controller_package:/home/mauricio/Documents/Taura/soccer-client-ros2/install/trajectory_package:/home/mauricio/Documents/Taura/soccer-client-ros2/install/strategy_package:/home/mauricio/Documents/Taura/soccer-client-ros2/install/sender_package:/home/mauricio/Documents/Taura/soccer-client-ros2/install/robots_package:/home/mauricio/Documents/Taura/soccer-client-ros2/install/receiver_package:/home/mauricio/Documents/Taura/soccer-client-ros2/install/protobuf_package:/home/mauricio/Documents/Taura/soccer-client-ros2/install/manager_package:/home/mauricio/Documents/Taura/soccer-client-ros2/install/controller_package:/home/mauricio/Documents/Taura/soccer-client-ros2/install/behavior_package:/opt/ros/humble /usr/bin/cmake --build /home/mauricio/ros2_ws/build/interfaces_package -- -j12 -l12
[3.997s] Invoking command in '/home/mauricio/ros2_ws/build/interfaces_package': CMAKE_PREFIX_PATH=${CMAKE_PREFIX_PATH}:/home/mauricio/ros2_ws/install/simulator_package:/home/mauricio/ros2_ws/install/controller_package:/home/mauricio/Documents/Taura/soccer-client-ros2/install/trajectory_package:/home/mauricio/Documents/Taura/soccer-client-ros2/install/strategy_package:/home/mauricio/Documents/Taura/soccer-client-ros2/install/sender_package:/home/mauricio/Documents/Taura/soccer-client-ros2/install/robots_package:/home/mauricio/Documents/Taura/soccer-client-ros2/install/receiver_package:/home/mauricio/Documents/Taura/soccer-client-ros2/install/protobuf_package:/home/mauricio/Documents/Taura/soccer-client-ros2/install/manager_package:/home/mauricio/Documents/Taura/soccer-client-ros2/install/controller_package:/home/mauricio/Documents/Taura/soccer-client-ros2/install/behavior_package:/opt/ros/humble /usr/bin/cmake --install /home/mauricio/ros2_ws/build/interfaces_package
[4.002s] -- Install configuration: ""
[4.002s] -- Installing: /home/mauricio/ros2_ws/install/interfaces_package/share/ament_index/resource_index/rosidl_interfaces/interfaces_package
[4.002s] -- Installing: /home/mauricio/ros2_ws/install/interfaces_package/include/interfaces_package/interfaces_package
[4.002s] -- Installing: /home/mauricio/ros2_ws/install/interfaces_package/include/interfaces_package/interfaces_package/msg
[4.003s] -- Installing: /home/mauricio/ros2_ws/install/interfaces_package/include/interfaces_package/interfaces_package/msg/rosidl_generator_c__visibility_control.h
[4.003s] -- Installing: /home/mauricio/ros2_ws/install/interfaces_package/include/interfaces_package/interfaces_package/srv
[4.003s] -- Installing: /home/mauricio/ros2_ws/install/interfaces_package/include/interfaces_package/interfaces_package/srv/sim_control.h
[4.003s] -- Installing: /home/mauricio/ros2_ws/install/interfaces_package/include/interfaces_package/interfaces_package/srv/detail
[4.003s] -- Installing: /home/mauricio/ros2_ws/install/interfaces_package/include/interfaces_package/interfaces_package/srv/detail/sim_control__functions.c
[4.003s] -- Installing: /home/mauricio/ros2_ws/install/interfaces_package/include/interfaces_package/interfaces_package/srv/detail/sim_control__struct.h
[4.003s] -- Installing: /home/mauricio/ros2_ws/install/interfaces_package/include/interfaces_package/interfaces_package/srv/detail/sim_control__functions.h
[4.003s] -- Installing: /home/mauricio/ros2_ws/install/interfaces_package/include/interfaces_package/interfaces_package/srv/detail/sim_control__type_support.h
[4.003s] -- Installing: /home/mauricio/ros2_ws/install/interfaces_package/share/interfaces_package/environment/library_path.sh
[4.003s] -- Installing: /home/mauricio/ros2_ws/install/interfaces_package/share/interfaces_package/environment/library_path.dsv
[4.004s] -- Installing: /home/mauricio/ros2_ws/install/interfaces_package/lib/libinterfaces_package__rosidl_generator_c.so
[4.004s] -- Set runtime path of "/home/mauricio/ros2_ws/install/interfaces_package/lib/libinterfaces_package__rosidl_generator_c.so" to ""
[4.004s] -- Up-to-date: /home/mauricio/ros2_ws/install/interfaces_package/include/interfaces_package/interfaces_package
[4.004s] -- Up-to-date: /home/mauricio/ros2_ws/install/interfaces_package/include/interfaces_package/interfaces_package/msg
[4.004s] -- Installing: /home/mauricio/ros2_ws/install/interfaces_package/include/interfaces_package/interfaces_package/msg/rosidl_typesupport_fastrtps_c__visibility_control.h
[4.004s] -- Up-to-date: /home/mauricio/ros2_ws/install/interfaces_package/include/interfaces_package/interfaces_package/srv
[4.004s] -- Up-to-date: /home/mauricio/ros2_ws/install/interfaces_package/include/interfaces_package/interfaces_package/srv/detail
[4.004s] -- Installing: /home/mauricio/ros2_ws/install/interfaces_package/include/interfaces_package/interfaces_package/srv/detail/sim_control__rosidl_typesupport_fastrtps_c.h
[4.004s] -- Installing: /home/mauricio/ros2_ws/install/interfaces_package/lib/libinterfaces_package__rosidl_typesupport_fastrtps_c.so
[4.004s] -- Set runtime path of "/home/mauricio/ros2_ws/install/interfaces_package/lib/libinterfaces_package__rosidl_typesupport_fastrtps_c.so" to ""
[4.005s] -- Up-to-date: /home/mauricio/ros2_ws/install/interfaces_package/include/interfaces_package/interfaces_package
[4.005s] -- Up-to-date: /home/mauricio/ros2_ws/install/interfaces_package/include/interfaces_package/interfaces_package/srv
[4.005s] -- Installing: /home/mauricio/ros2_ws/install/interfaces_package/include/interfaces_package/interfaces_package/srv/sim_control.hpp
[4.005s] -- Up-to-date: /home/mauricio/ros2_ws/install/interfaces_package/include/interfaces_package/interfaces_package/srv/detail
[4.005s] -- Installing: /home/mauricio/ros2_ws/install/interfaces_package/include/interfaces_package/interfaces_package/srv/detail/sim_control__struct.hpp
[4.005s] -- Installing: /home/mauricio/ros2_ws/install/interfaces_package/include/interfaces_package/interfaces_package/srv/detail/sim_control__traits.hpp
[4.005s] -- Installing: /home/mauricio/ros2_ws/install/interfaces_package/include/interfaces_package/interfaces_package/srv/detail/sim_control__builder.hpp
[4.005s] -- Up-to-date: /home/mauricio/ros2_ws/install/interfaces_package/include/interfaces_package/interfaces_package
[4.005s] -- Up-to-date: /home/mauricio/ros2_ws/install/interfaces_package/include/interfaces_package/interfaces_package/msg
[4.006s] -- Installing: /home/mauricio/ros2_ws/install/interfaces_package/include/interfaces_package/interfaces_package/msg/rosidl_typesupport_fastrtps_cpp__visibility_control.h
[4.006s] -- Up-to-date: /home/mauricio/ros2_ws/install/interfaces_package/include/interfaces_package/interfaces_package/srv
[4.006s] -- Up-to-date: /home/mauricio/ros2_ws/install/interfaces_package/include/interfaces_package/interfaces_package/srv/detail
[4.006s] -- Installing: /home/mauricio/ros2_ws/install/interfaces_package/include/interfaces_package/interfaces_package/srv/detail/sim_control__rosidl_typesupport_fastrtps_cpp.hpp
[4.006s] -- Installing: /home/mauricio/ros2_ws/install/interfaces_package/include/interfaces_package/interfaces_package/srv/detail/dds_fastrtps
[4.006s] -- Installing: /home/mauricio/ros2_ws/install/interfaces_package/lib/libinterfaces_package__rosidl_typesupport_fastrtps_cpp.so
[4.006s] -- Set runtime path of "/home/mauricio/ros2_ws/install/interfaces_package/lib/libinterfaces_package__rosidl_typesupport_fastrtps_cpp.so" to ""
[4.006s] -- Up-to-date: /home/mauricio/ros2_ws/install/interfaces_package/include/interfaces_package/interfaces_package
[4.006s] -- Up-to-date: /home/mauricio/ros2_ws/install/interfaces_package/include/interfaces_package/interfaces_package/msg
[4.006s] -- Installing: /home/mauricio/ros2_ws/install/interfaces_package/include/interfaces_package/interfaces_package/msg/rosidl_typesupport_introspection_c__visibility_control.h
[4.006s] -- Up-to-date: /home/mauricio/ros2_ws/install/interfaces_package/include/interfaces_package/interfaces_package/srv
[4.007s] -- Up-to-date: /home/mauricio/ros2_ws/install/interfaces_package/include/interfaces_package/interfaces_package/srv/detail
[4.007s] -- Installing: /home/mauricio/ros2_ws/install/interfaces_package/include/interfaces_package/interfaces_package/srv/detail/sim_control__rosidl_typesupport_introspection_c.h
[4.007s] -- Installing: /home/mauricio/ros2_ws/install/interfaces_package/include/interfaces_package/interfaces_package/srv/detail/sim_control__type_support.c
[4.007s] -- Installing: /home/mauricio/ros2_ws/install/interfaces_package/lib/libinterfaces_package__rosidl_typesupport_introspection_c.so
[4.007s] -- Set runtime path of "/home/mauricio/ros2_ws/install/interfaces_package/lib/libinterfaces_package__rosidl_typesupport_introspection_c.so" to ""
[4.007s] -- Installing: /home/mauricio/ros2_ws/install/interfaces_package/lib/libinterfaces_package__rosidl_typesupport_c.so
[4.007s] -- Set runtime path of "/home/mauricio/ros2_ws/install/interfaces_package/lib/libinterfaces_package__rosidl_typesupport_c.so" to ""
[4.007s] -- Up-to-date: /home/mauricio/ros2_ws/install/interfaces_package/include/interfaces_package/interfaces_package
[4.007s] -- Up-to-date: /home/mauricio/ros2_ws/install/interfaces_package/include/interfaces_package/interfaces_package/srv
[4.007s] -- Up-to-date: /home/mauricio/ros2_ws/install/interfaces_package/include/interfaces_package/interfaces_package/srv/detail
[4.007s] -- Installing: /home/mauricio/ros2_ws/install/interfaces_package/include/interfaces_package/interfaces_package/srv/detail/sim_control__type_support.cpp
[4.008s] -- Installing: /home/mauricio/ros2_ws/install/interfaces_package/include/interfaces_package/interfaces_package/srv/detail/sim_control__rosidl_typesupport_introspection_cpp.hpp
[4.008s] -- Installing: /home/mauricio/ros2_ws/install/interfaces_package/lib/libinterfaces_package__rosidl_typesupport_introspection_cpp.so
[4.008s] -- Set runtime path of "/home/mauricio/ros2_ws/install/interfaces_package/lib/libinterfaces_package__rosidl_typesupport_introspection_cpp.so" to ""
[4.008s] -- Installing: /home/mauricio/ros2_ws/install/interfaces_package/lib/libinterfaces_package__rosidl_typesupport_cpp.so
[4.008s] -- Set runtime path of "/home/mauricio/ros2_ws/install/interfaces_package/lib/libinterfaces_package__rosidl_typesupport_cpp.so" to ""
[4.008s] -- Installing: /home/mauricio/ros2_ws/install/interfaces_package/share/interfaces_package/environment/pythonpath.sh
[4.008s] -- Installing: /home/mauricio/ros2_ws/install/interfaces_package/share/interfaces_package/environment/pythonpath.dsv
[4.008s] -- Installing: /home/mauricio/ros2_ws/install/interfaces_package/local/lib/python3.10/dist-packages/interfaces_package-0.0.0-py3.10.egg-info
[4.009s] -- Installing: /home/mauricio/ros2_ws/install/interfaces_package/local/lib/python3.10/dist-packages/interfaces_package-0.0.0-py3.10.egg-info/top_level.txt
[4.009s] -- Installing: /home/mauricio/ros2_ws/install/interfaces_package/local/lib/python3.10/dist-packages/interfaces_package-0.0.0-py3.10.egg-info/dependency_links.txt
[4.009s] -- Installing: /home/mauricio/ros2_ws/install/interfaces_package/local/lib/python3.10/dist-packages/interfaces_package-0.0.0-py3.10.egg-info/PKG-INFO
[4.009s] -- Installing: /home/mauricio/ros2_ws/install/interfaces_package/local/lib/python3.10/dist-packages/interfaces_package-0.0.0-py3.10.egg-info/SOURCES.txt
[4.009s] -- Installing: /home/mauricio/ros2_ws/install/interfaces_package/local/lib/python3.10/dist-packages/interfaces_package
[4.009s] -- Installing: /home/mauricio/ros2_ws/install/interfaces_package/local/lib/python3.10/dist-packages/interfaces_package/interfaces_package_s__rosidl_typesupport_introspection_c.cpython-310-x86_64-linux-gnu.so
[4.009s] -- Installing: /home/mauricio/ros2_ws/install/interfaces_package/local/lib/python3.10/dist-packages/interfaces_package/_interfaces_package_s.ep.rosidl_typesupport_introspection_c.c
[4.009s] -- Installing: /home/mauricio/ros2_ws/install/interfaces_package/local/lib/python3.10/dist-packages/interfaces_package/__init__.py
[4.009s] -- Installing: /home/mauricio/ros2_ws/install/interfaces_package/local/lib/python3.10/dist-packages/interfaces_package/srv
[4.009s] -- Installing: /home/mauricio/ros2_ws/install/interfaces_package/local/lib/python3.10/dist-packages/interfaces_package/srv/_sim_control_s.c
[4.009s] -- Installing: /home/mauricio/ros2_ws/install/interfaces_package/local/lib/python3.10/dist-packages/interfaces_package/srv/_sim_control.py
[4.010s] -- Installing: /home/mauricio/ros2_ws/install/interfaces_package/local/lib/python3.10/dist-packages/interfaces_package/srv/__init__.py
[4.010s] -- Installing: /home/mauricio/ros2_ws/install/interfaces_package/local/lib/python3.10/dist-packages/interfaces_package/interfaces_package_s__rosidl_typesupport_c.cpython-310-x86_64-linux-gnu.so
[4.010s] -- Installing: /home/mauricio/ros2_ws/install/interfaces_package/local/lib/python3.10/dist-packages/interfaces_package/_interfaces_package_s.ep.rosidl_typesupport_c.c
[4.010s] -- Installing: /home/mauricio/ros2_ws/install/interfaces_package/local/lib/python3.10/dist-packages/interfaces_package/libinterfaces_package__rosidl_generator_py.so
[4.010s] -- Installing: /home/mauricio/ros2_ws/install/interfaces_package/local/lib/python3.10/dist-packages/interfaces_package/interfaces_package_s__rosidl_typesupport_fastrtps_c.cpython-310-x86_64-linux-gnu.so
[4.010s] -- Installing: /home/mauricio/ros2_ws/install/interfaces_package/local/lib/python3.10/dist-packages/interfaces_package/_interfaces_package_s.ep.rosidl_typesupport_fastrtps_c.c
[4.039s] Listing '/home/mauricio/ros2_ws/install/interfaces_package/local/lib/python3.10/dist-packages/interfaces_package'...
[4.039s] Compiling '/home/mauricio/ros2_ws/install/interfaces_package/local/lib/python3.10/dist-packages/interfaces_package/__init__.py'...
[4.039s] Listing '/home/mauricio/ros2_ws/install/interfaces_package/local/lib/python3.10/dist-packages/interfaces_package/srv'...
[4.039s] Compiling '/home/mauricio/ros2_ws/install/interfaces_package/local/lib/python3.10/dist-packages/interfaces_package/srv/__init__.py'...
[4.039s] Compiling '/home/mauricio/ros2_ws/install/interfaces_package/local/lib/python3.10/dist-packages/interfaces_package/srv/_sim_control.py'...
[4.042s] -- Installing: /home/mauricio/ros2_ws/install/interfaces_package/local/lib/python3.10/dist-packages/interfaces_package/interfaces_package_s__rosidl_typesupport_fastrtps_c.cpython-310-x86_64-linux-gnu.so
[4.043s] -- Set runtime path of "/home/mauricio/ros2_ws/install/interfaces_package/local/lib/python3.10/dist-packages/interfaces_package/interfaces_package_s__rosidl_typesupport_fastrtps_c.cpython-310-x86_64-linux-gnu.so" to ""
[4.043s] -- Installing: /home/mauricio/ros2_ws/install/interfaces_package/local/lib/python3.10/dist-packages/interfaces_package/interfaces_package_s__rosidl_typesupport_introspection_c.cpython-310-x86_64-linux-gnu.so
[4.043s] -- Set runtime path of "/home/mauricio/ros2_ws/install/interfaces_package/local/lib/python3.10/dist-packages/interfaces_package/interfaces_package_s__rosidl_typesupport_introspection_c.cpython-310-x86_64-linux-gnu.so" to ""
[4.044s] -- Installing: /home/mauricio/ros2_ws/install/interfaces_package/local/lib/python3.10/dist-packages/interfaces_package/interfaces_package_s__rosidl_typesupport_c.cpython-310-x86_64-linux-gnu.so
[4.044s] -- Set runtime path of "/home/mauricio/ros2_ws/install/interfaces_package/local/lib/python3.10/dist-packages/interfaces_package/interfaces_package_s__rosidl_typesupport_c.cpython-310-x86_64-linux-gnu.so" to ""
[4.044s] -- Installing: /home/mauricio/ros2_ws/install/interfaces_package/lib/libinterfaces_package__rosidl_generator_py.so
[4.044s] -- Set runtime path of "/home/mauricio/ros2_ws/install/interfaces_package/lib/libinterfaces_package__rosidl_generator_py.so" to ""
[4.044s] -- Installing: /home/mauricio/ros2_ws/install/interfaces_package/share/interfaces_package/srv/SimControl.idl
[4.044s] -- Installing: /home/mauricio/ros2_ws/install/interfaces_package/share/interfaces_package/srv/SimControl.srv
[4.045s] -- Installing: /home/mauricio/ros2_ws/install/interfaces_package/share/interfaces_package/srv/SimControl_Request.msg
[4.045s] -- Installing: /home/mauricio/ros2_ws/install/interfaces_package/share/interfaces_package/srv/SimControl_Response.msg
[4.045s] -- Installing: /home/mauricio/ros2_ws/install/interfaces_package/share/ament_index/resource_index/package_run_dependencies/interfaces_package
[4.045s] -- Installing: /home/mauricio/ros2_ws/install/interfaces_package/share/ament_index/resource_index/parent_prefix_path/interfaces_package
[4.045s] -- Installing: /home/mauricio/ros2_ws/install/interfaces_package/share/interfaces_package/environment/ament_prefix_path.sh
[4.045s] -- Installing: /home/mauricio/ros2_ws/install/interfaces_package/share/interfaces_package/environment/ament_prefix_path.dsv
[4.045s] -- Installing: /home/mauricio/ros2_ws/install/interfaces_package/share/interfaces_package/environment/path.sh
[4.045s] -- Installing: /home/mauricio/ros2_ws/install/interfaces_package/share/interfaces_package/environment/path.dsv
[4.046s] -- Installing: /home/mauricio/ros2_ws/install/interfaces_package/share/interfaces_package/local_setup.bash
[4.046s] -- Installing: /home/mauricio/ros2_ws/install/interfaces_package/share/interfaces_package/local_setup.sh
[4.046s] -- Installing: /home/mauricio/ros2_ws/install/interfaces_package/share/interfaces_package/local_setup.zsh
[4.046s] -- Installing: /home/mauricio/ros2_ws/install/interfaces_package/share/interfaces_package/local_setup.dsv
[4.046s] -- Installing: /home/mauricio/ros2_ws/install/interfaces_package/share/interfaces_package/package.dsv
[4.046s] -- Installing: /home/mauricio/ros2_ws/install/interfaces_package/share/ament_index/resource_index/packages/interfaces_package
[4.046s] -- Installing: /home/mauricio/ros2_ws/install/interfaces_package/share/interfaces_package/cmake/export_interfaces_package__rosidl_generator_cExport.cmake
[4.047s] -- Installing: /home/mauricio/ros2_ws/install/interfaces_package/share/interfaces_package/cmake/export_interfaces_package__rosidl_generator_cExport-noconfig.cmake
[4.047s] -- Installing: /home/mauricio/ros2_ws/install/interfaces_package/share/interfaces_package/cmake/export_interfaces_package__rosidl_typesupport_fastrtps_cExport.cmake
[4.047s] -- Installing: /home/mauricio/ros2_ws/install/interfaces_package/share/interfaces_package/cmake/export_interfaces_package__rosidl_typesupport_fastrtps_cExport-noconfig.cmake
[4.047s] -- Installing: /home/mauricio/ros2_ws/install/interfaces_package/share/interfaces_package/cmake/export_interfaces_package__rosidl_generator_cppExport.cmake
[4.047s] -- Installing: /home/mauricio/ros2_ws/install/interfaces_package/share/interfaces_package/cmake/export_interfaces_package__rosidl_typesupport_fastrtps_cppExport.cmake
[4.047s] -- Installing: /home/mauricio/ros2_ws/install/interfaces_package/share/interfaces_package/cmake/export_interfaces_package__rosidl_typesupport_fastrtps_cppExport-noconfig.cmake
[4.048s] -- Installing: /home/mauricio/ros2_ws/install/interfaces_package/share/interfaces_package/cmake/interfaces_package__rosidl_typesupport_introspection_cExport.cmake
[4.048s] -- Installing: /home/mauricio/ros2_ws/install/interfaces_package/share/interfaces_package/cmake/interfaces_package__rosidl_typesupport_introspection_cExport-noconfig.cmake
[4.048s] -- Installing: /home/mauricio/ros2_ws/install/interfaces_package/share/interfaces_package/cmake/interfaces_package__rosidl_typesupport_cExport.cmake
[4.048s] -- Installing: /home/mauricio/ros2_ws/install/interfaces_package/share/interfaces_package/cmake/interfaces_package__rosidl_typesupport_cExport-noconfig.cmake
[4.048s] -- Installing: /home/mauricio/ros2_ws/install/interfaces_package/share/interfaces_package/cmake/interfaces_package__rosidl_typesupport_introspection_cppExport.cmake
[4.048s] -- Installing: /home/mauricio/ros2_ws/install/interfaces_package/share/interfaces_package/cmake/interfaces_package__rosidl_typesupport_introspection_cppExport-noconfig.cmake
[4.048s] -- Installing: /home/mauricio/ros2_ws/install/interfaces_package/share/interfaces_package/cmake/interfaces_package__rosidl_typesupport_cppExport.cmake
[4.048s] -- Installing: /home/mauricio/ros2_ws/install/interfaces_package/share/interfaces_package/cmake/interfaces_package__rosidl_typesupport_cppExport-noconfig.cmake
[4.048s] -- Installing: /home/mauricio/ros2_ws/install/interfaces_package/share/interfaces_package/cmake/export_interfaces_package__rosidl_generator_pyExport.cmake
[4.049s] -- Installing: /home/mauricio/ros2_ws/install/interfaces_package/share/interfaces_package/cmake/export_interfaces_package__rosidl_generator_pyExport-noconfig.cmake
[4.049s] -- Installing: /home/mauricio/ros2_ws/install/interfaces_package/share/interfaces_package/cmake/rosidl_cmake-extras.cmake
[4.049s] -- Installing: /home/mauricio/ros2_ws/install/interfaces_package/share/interfaces_package/cmake/ament_cmake_export_dependencies-extras.cmake
[4.049s] -- Installing: /home/mauricio/ros2_ws/install/interfaces_package/share/interfaces_package/cmake/ament_cmake_export_include_directories-extras.cmake
[4.049s] -- Installing: /home/mauricio/ros2_ws/install/interfaces_package/share/interfaces_package/cmake/ament_cmake_export_libraries-extras.cmake
[4.049s] -- Installing: /home/mauricio/ros2_ws/install/interfaces_package/share/interfaces_package/cmake/ament_cmake_export_targets-extras.cmake
[4.049s] -- Installing: /home/mauricio/ros2_ws/install/interfaces_package/share/interfaces_package/cmake/rosidl_cmake_export_typesupport_targets-extras.cmake
[4.049s] -- Installing: /home/mauricio/ros2_ws/install/interfaces_package/share/interfaces_package/cmake/rosidl_cmake_export_typesupport_libraries-extras.cmake
[4.050s] -- Installing: /home/mauricio/ros2_ws/install/interfaces_package/share/interfaces_package/cmake/interfaces_packageConfig.cmake
[4.050s] -- Installing: /home/mauricio/ros2_ws/install/interfaces_package/share/interfaces_package/cmake/interfaces_packageConfig-version.cmake
[4.050s] -- Installing: /home/mauricio/ros2_ws/install/interfaces_package/share/interfaces_package/package.xml
[4.053s] Invoked command in '/home/mauricio/ros2_ws/build/interfaces_package' returned '0': CMAKE_PREFIX_PATH=${CMAKE_PREFIX_PATH}:/home/mauricio/ros2_ws/install/simulator_package:/home/mauricio/ros2_ws/install/controller_package:/home/mauricio/Documents/Taura/soccer-client-ros2/install/trajectory_package:/home/mauricio/Documents/Taura/soccer-client-ros2/install/strategy_package:/home/mauricio/Documents/Taura/soccer-client-ros2/install/sender_package:/home/mauricio/Documents/Taura/soccer-client-ros2/install/robots_package:/home/mauricio/Documents/Taura/soccer-client-ros2/install/receiver_package:/home/mauricio/Documents/Taura/soccer-client-ros2/install/protobuf_package:/home/mauricio/Documents/Taura/soccer-client-ros2/install/manager_package:/home/mauricio/Documents/Taura/soccer-client-ros2/install/controller_package:/home/mauricio/Documents/Taura/soccer-client-ros2/install/behavior_package:/opt/ros/humble /usr/bin/cmake --install /home/mauricio/ros2_ws/build/interfaces_package
