[0.332s] Invoking command in '/home/mauricio/minicurso-ros2/build/interfaces_package': CMAKE_PREFIX_PATH=${CMAKE_PREFIX_PATH}:/home/mauricio/minicurso-ros2/install/simulator_package:/home/mauricio/minicurso-ros2/install/paddle_controller_package:/home/mauricio/Documents/taurabots/soccer-client-ros2/install/strategy_package:/home/mauricio/Documents/taurabots/soccer-client-ros2/install/sender_package:/home/mauricio/Documents/taurabots/soccer-client-ros2/install/robots_package:/home/mauricio/Documents/taurabots/soccer-client-ros2/install/receiver_package:/home/mauricio/Documents/taurabots/soccer-client-ros2/install/protobuf_package:/home/mauricio/Documents/taurabots/soccer-client-ros2/install/navigation_package:/home/mauricio/Documents/taurabots/soccer-client-ros2/install/manager_package:/home/mauricio/Documents/taurabots/soccer-client/install/sender_package:/home/mauricio/Documents/taurabots/soccer-client/install/robots_package:/home/mauricio/Documents/taurabots/soccer-client/install/receiver_package:/home/mauricio/Documents/taurabots/soccer-client/install/manager_package:/home/mauricio/Documents/taurabots/soccer-client/install/controller_package:/home/mauricio/Documents/taurabots/soccer-client/install/behavior_package:/opt/ros/humble /usr/bin/cmake /home/mauricio/minicurso-ros2/src/interfaces_package -DCMAKE_INSTALL_PREFIX=/home/mauricio/minicurso-ros2/install/interfaces_package
[0.655s] -- The C compiler identification is GNU 11.4.0
[0.800s] -- The CXX compiler identification is GNU 11.4.0
[0.818s] -- Detecting C compiler ABI info
[0.902s] -- Detecting C compiler ABI info - done
[0.915s] -- Check for working C compiler: /usr/bin/cc - skipped
[0.916s] -- Detecting C compile features
[0.917s] -- Detecting C compile features - done
[0.924s] -- Detecting CXX compiler ABI info
[1.016s] -- Detecting CXX compiler ABI info - done
[1.031s] -- Check for working CXX compiler: /usr/bin/c++ - skipped
[1.031s] -- Detecting CXX compile features
[1.032s] -- Detecting CXX compile features - done
[1.092s] -- Found ament_cmake: 1.3.8 (/opt/ros/humble/share/ament_cmake/cmake)
[1.310s] -- Found Python3: /usr/bin/python3 (found version "3.10.12") found components: Interpreter 
[1.524s] -- Found rclpy: 3.3.12 (/opt/ros/humble/share/rclpy/cmake)
[1.532s] -- Found std_msgs: 4.2.3 (/opt/ros/humble/share/std_msgs/cmake)
[1.679s] -- Found rosidl_generator_c: 3.1.5 (/opt/ros/humble/share/rosidl_generator_c/cmake)
[1.706s] -- Found rosidl_adapter: 3.1.5 (/opt/ros/humble/share/rosidl_adapter/cmake)
[1.738s] -- Found rosidl_generator_cpp: 3.1.5 (/opt/ros/humble/share/rosidl_generator_cpp/cmake)
[1.817s] -- Using all available rosidl_typesupport_c: rosidl_typesupport_fastrtps_c;rosidl_typesupport_introspection_c
[1.876s] -- Using all available rosidl_typesupport_cpp: rosidl_typesupport_fastrtps_cpp;rosidl_typesupport_introspection_cpp
[1.992s] -- Found rosidl_default_generators: 1.2.0 (/opt/ros/humble/share/rosidl_default_generators/cmake)
[2.014s] [31mCMake Error at /opt/ros/humble/share/rosidl_cmake/cmake/rosidl_generate_interfaces.cmake:93 (message):
[2.014s]   rosidl_generate_interfaces() the passed file 'msg/GameInfo.msg' doesn't
[2.015s]   exist relative to the CMAKE_CURRENT_SOURCE_DIR
[2.015s]   '/home/mauricio/minicurso-ros2/src/interfaces_package'
[2.015s] Call Stack (most recent call first):
[2.015s]   CMakeLists.txt:15 (rosidl_generate_interfaces)
[2.015s] 
[2.015s] [0m
[2.015s] -- Configuring incomplete, errors occurred!
[2.015s] See also "/home/mauricio/minicurso-ros2/build/interfaces_package/CMakeFiles/CMakeOutput.log".
[2.020s] Invoked command in '/home/mauricio/minicurso-ros2/build/interfaces_package' returned '1': CMAKE_PREFIX_PATH=${CMAKE_PREFIX_PATH}:/home/mauricio/minicurso-ros2/install/simulator_package:/home/mauricio/minicurso-ros2/install/paddle_controller_package:/home/mauricio/Documents/taurabots/soccer-client-ros2/install/strategy_package:/home/mauricio/Documents/taurabots/soccer-client-ros2/install/sender_package:/home/mauricio/Documents/taurabots/soccer-client-ros2/install/robots_package:/home/mauricio/Documents/taurabots/soccer-client-ros2/install/receiver_package:/home/mauricio/Documents/taurabots/soccer-client-ros2/install/protobuf_package:/home/mauricio/Documents/taurabots/soccer-client-ros2/install/navigation_package:/home/mauricio/Documents/taurabots/soccer-client-ros2/install/manager_package:/home/mauricio/Documents/taurabots/soccer-client/install/sender_package:/home/mauricio/Documents/taurabots/soccer-client/install/robots_package:/home/mauricio/Documents/taurabots/soccer-client/install/receiver_package:/home/mauricio/Documents/taurabots/soccer-client/install/manager_package:/home/mauricio/Documents/taurabots/soccer-client/install/controller_package:/home/mauricio/Documents/taurabots/soccer-client/install/behavior_package:/opt/ros/humble /usr/bin/cmake /home/mauricio/minicurso-ros2/src/interfaces_package -DCMAKE_INSTALL_PREFIX=/home/mauricio/minicurso-ros2/install/interfaces_package
