running egg_info
writing ../../build/paddle_controller_package/paddle_controller_package.egg-info/PKG-INFO
writing dependency_links to ../../build/paddle_controller_package/paddle_controller_package.egg-info/dependency_links.txt
writing entry points to ../../build/paddle_controller_package/paddle_controller_package.egg-info/entry_points.txt
writing requirements to ../../build/paddle_controller_package/paddle_controller_package.egg-info/requires.txt
writing top-level names to ../../build/paddle_controller_package/paddle_controller_package.egg-info/top_level.txt
reading manifest file '../../build/paddle_controller_package/paddle_controller_package.egg-info/SOURCES.txt'
writing manifest file '../../build/paddle_controller_package/paddle_controller_package.egg-info/SOURCES.txt'
running build
running build_py
copying paddle_controller_package/paddle_controller.py -> /home/mauricio/minicurso-ros2/build/paddle_controller_package/build/lib/paddle_controller_package
running install
running install_lib
copying /home/mauricio/minicurso-ros2/build/paddle_controller_package/build/lib/paddle_controller_package/paddle_controller.py -> /home/mauricio/minicurso-ros2/install/paddle_controller_package/lib/python3.10/site-packages/paddle_controller_package
byte-compiling /home/mauricio/minicurso-ros2/install/paddle_controller_package/lib/python3.10/site-packages/paddle_controller_package/paddle_controller.py to paddle_controller.cpython-310.pyc
running install_data
running install_egg_info
removing '/home/mauricio/minicurso-ros2/install/paddle_controller_package/lib/python3.10/site-packages/paddle_controller_package-0.0.0-py3.10.egg-info' (and everything under it)
Copying ../../build/paddle_controller_package/paddle_controller_package.egg-info to /home/mauricio/minicurso-ros2/install/paddle_controller_package/lib/python3.10/site-packages/paddle_controller_package-0.0.0-py3.10.egg-info
running install_scripts
Installing paddle_controller script to /home/mauricio/minicurso-ros2/install/paddle_controller_package/lib/paddle_controller_package
writing list of installed files to '/home/mauricio/minicurso-ros2/build/paddle_controller_package/install.log'
