[1.041s] Invoking command in '/home/mauricio/minicurso-ros2/src/paddle_controller_package': PYTHONPATH=/home/mauricio/minicurso-ros2/build/paddle_controller_package/prefix_override:/home/mauricio/minicurso-ros2/install/paddle_controller_package/lib/python3.10/site-packages:${PYTHONPATH} /usr/bin/python3 -W ignore:setup.py install is deprecated setup.py egg_info --egg-base ../../build/paddle_controller_package build --build-base /home/mauricio/minicurso-ros2/build/paddle_controller_package/build install --record /home/mauricio/minicurso-ros2/build/paddle_controller_package/install.log --single-version-externally-managed install_data
[1.266s] running egg_info
[1.266s] writing ../../build/paddle_controller_package/paddle_controller_package.egg-info/PKG-INFO
[1.267s] writing dependency_links to ../../build/paddle_controller_package/paddle_controller_package.egg-info/dependency_links.txt
[1.267s] writing entry points to ../../build/paddle_controller_package/paddle_controller_package.egg-info/entry_points.txt
[1.267s] writing requirements to ../../build/paddle_controller_package/paddle_controller_package.egg-info/requires.txt
[1.267s] writing top-level names to ../../build/paddle_controller_package/paddle_controller_package.egg-info/top_level.txt
[1.268s] reading manifest file '../../build/paddle_controller_package/paddle_controller_package.egg-info/SOURCES.txt'
[1.268s] writing manifest file '../../build/paddle_controller_package/paddle_controller_package.egg-info/SOURCES.txt'
[1.269s] running build
[1.269s] running build_py
[1.269s] running install
[1.269s] running install_lib
[1.270s] running install_data
[1.270s] running install_egg_info
[1.271s] removing '/home/mauricio/minicurso-ros2/install/paddle_controller_package/lib/python3.10/site-packages/paddle_controller_package-0.0.0-py3.10.egg-info' (and everything under it)
[1.271s] Copying ../../build/paddle_controller_package/paddle_controller_package.egg-info to /home/mauricio/minicurso-ros2/install/paddle_controller_package/lib/python3.10/site-packages/paddle_controller_package-0.0.0-py3.10.egg-info
[1.272s] running install_scripts
[1.286s] Installing keyboard_controller script to /home/mauricio/minicurso-ros2/install/paddle_controller_package/lib/paddle_controller_package
[1.286s] writing list of installed files to '/home/mauricio/minicurso-ros2/build/paddle_controller_package/install.log'
[1.306s] Invoked command in '/home/mauricio/minicurso-ros2/src/paddle_controller_package' returned '0': PYTHONPATH=/home/mauricio/minicurso-ros2/build/paddle_controller_package/prefix_override:/home/mauricio/minicurso-ros2/install/paddle_controller_package/lib/python3.10/site-packages:${PYTHONPATH} /usr/bin/python3 -W ignore:setup.py install is deprecated setup.py egg_info --egg-base ../../build/paddle_controller_package build --build-base /home/mauricio/minicurso-ros2/build/paddle_controller_package/build install --record /home/mauricio/minicurso-ros2/build/paddle_controller_package/install.log --single-version-externally-managed install_data
