[0.968s] Invoking command in '/home/mauricio/minicurso-ros2/src/simulator_package': PYTHONPATH=/home/mauricio/minicurso-ros2/build/simulator_package/prefix_override:/home/mauricio/minicurso-ros2/install/simulator_package/lib/python3.10/site-packages:${PYTHONPATH} /usr/bin/python3 -W ignore:setup.py install is deprecated setup.py egg_info --egg-base ../../build/simulator_package build --build-base /home/mauricio/minicurso-ros2/build/simulator_package/build install --record /home/mauricio/minicurso-ros2/build/simulator_package/install.log --single-version-externally-managed install_data
[1.232s] running egg_info
[1.233s] writing ../../build/simulator_package/simulator_package.egg-info/PKG-INFO
[1.233s] writing dependency_links to ../../build/simulator_package/simulator_package.egg-info/dependency_links.txt
[1.234s] writing entry points to ../../build/simulator_package/simulator_package.egg-info/entry_points.txt
[1.234s] writing requirements to ../../build/simulator_package/simulator_package.egg-info/requires.txt
[1.234s] writing top-level names to ../../build/simulator_package/simulator_package.egg-info/top_level.txt
[1.236s] reading manifest file '../../build/simulator_package/simulator_package.egg-info/SOURCES.txt'
[1.238s] writing manifest file '../../build/simulator_package/simulator_package.egg-info/SOURCES.txt'
[1.238s] running build
[1.238s] running build_py
[1.239s] running install
[1.239s] running install_lib
[1.241s] running install_data
[1.241s] running install_egg_info
[1.244s] removing '/home/mauricio/minicurso-ros2/install/simulator_package/lib/python3.10/site-packages/simulator_package-0.0.0-py3.10.egg-info' (and everything under it)
[1.244s] Copying ../../build/simulator_package/simulator_package.egg-info to /home/mauricio/minicurso-ros2/install/simulator_package/lib/python3.10/site-packages/simulator_package-0.0.0-py3.10.egg-info
[1.245s] running install_scripts
[1.268s] Installing simulator script to /home/mauricio/minicurso-ros2/install/simulator_package/lib/simulator_package
[1.269s] writing list of installed files to '/home/mauricio/minicurso-ros2/build/simulator_package/install.log'
[1.292s] Invoked command in '/home/mauricio/minicurso-ros2/src/simulator_package' returned '0': PYTHONPATH=/home/mauricio/minicurso-ros2/build/simulator_package/prefix_override:/home/mauricio/minicurso-ros2/install/simulator_package/lib/python3.10/site-packages:${PYTHONPATH} /usr/bin/python3 -W ignore:setup.py install is deprecated setup.py egg_info --egg-base ../../build/simulator_package build --build-base /home/mauricio/minicurso-ros2/build/simulator_package/build install --record /home/mauricio/minicurso-ros2/build/simulator_package/install.log --single-version-externally-managed install_data
