[0.123s] [34mcolcon[0m [1;30mDEBUG[0m [32mCommand line arguments: ['/usr/bin/colcon', 'build'][0m
[0.123s] [34mcolcon[0m [1;30mDEBUG[0m [32mParsed command line arguments: Namespace(log_base=None, log_level=None, verb_name='build', build_base='build', install_base='install', merge_install=False, symlink_install=False, test_result_base=None, continue_on_error=False, executor='parallel', parallel_workers=12, event_handlers=None, ignore_user_meta=False, metas=['./colcon.meta'], base_paths=['.'], packages_ignore=None, packages_ignore_regex=None, paths=None, packages_up_to=None, packages_up_to_regex=None, packages_above=None, packages_above_and_dependencies=None, packages_above_depth=None, packages_select_by_dep=None, packages_skip_by_dep=None, packages_skip_up_to=None, packages_select_build_failed=False, packages_skip_build_finished=False, packages_select_test_failures=False, packages_skip_test_passed=False, packages_select=None, packages_skip=None, packages_select_regex=None, packages_skip_regex=None, packages_start=None, packages_end=None, allow_overriding=[], cmake_args=None, cmake_target=None, cmake_target_skip_unavailable=False, cmake_clean_cache=False, cmake_clean_first=False, cmake_force_configure=False, ament_cmake_args=None, catkin_cmake_args=None, catkin_skip_building_tests=False, mixin_files=None, mixin=None, verb_parser=<colcon_mixin.mixin.mixin_argument.MixinArgumentDecorator object at 0x7dfbb05c21d0>, verb_extension=<colcon_core.verb.build.BuildVerb object at 0x7dfbb06b2890>, main=<bound method BuildVerb.main of <colcon_core.verb.build.BuildVerb object at 0x7dfbb06b2890>>, mixin_verb=('build',))[0m
[0.312s] [34mcolcon.colcon_core.package_discovery[0m [1;30mLevel 1[0m discover_packages(colcon_meta) check parameters
[0.312s] [34mcolcon.colcon_core.package_discovery[0m [1;30mLevel 1[0m discover_packages(recursive) check parameters
[0.313s] [34mcolcon.colcon_core.package_discovery[0m [1;30mLevel 1[0m discover_packages(ignore) check parameters
[0.313s] [34mcolcon.colcon_core.package_discovery[0m [1;30mLevel 1[0m discover_packages(path) check parameters
[0.313s] [34mcolcon.colcon_core.package_discovery[0m [1;30mLevel 1[0m discover_packages(colcon_meta) discover
[0.313s] [34mcolcon.colcon_core.package_discovery[0m [1;30mLevel 1[0m discover_packages(recursive) discover
[0.313s] [34mcolcon.colcon_core.package_discovery[0m [1;30mINFO[0m Crawling recursively for packages in '/home/mauricio/minicurso-ros2'
[0.313s] [34mcolcon.colcon_core.package_identification[0m [1;30mLevel 1[0m _identify(.) by extensions ['ignore', 'ignore_ament_install']
[0.313s] [34mcolcon.colcon_core.package_identification[0m [1;30mLevel 1[0m _identify(.) by extension 'ignore'
[0.313s] [34mcolcon.colcon_core.package_identification[0m [1;30mLevel 1[0m _identify(.) by extension 'ignore_ament_install'
[0.314s] [34mcolcon.colcon_core.package_identification[0m [1;30mLevel 1[0m _identify(.) by extensions ['colcon_pkg']
[0.314s] [34mcolcon.colcon_core.package_identification[0m [1;30mLevel 1[0m _identify(.) by extension 'colcon_pkg'
[0.314s] [34mcolcon.colcon_core.package_identification[0m [1;30mLevel 1[0m _identify(.) by extensions ['colcon_meta']
[0.314s] [34mcolcon.colcon_core.package_identification[0m [1;30mLevel 1[0m _identify(.) by extension 'colcon_meta'
[0.314s] [34mcolcon.colcon_core.package_identification[0m [1;30mLevel 1[0m _identify(.) by extensions ['ros']
[0.314s] [34mcolcon.colcon_core.package_identification[0m [1;30mLevel 1[0m _identify(.) by extension 'ros'
[0.332s] [34mcolcon.colcon_core.package_identification[0m [1;30mLevel 1[0m _identify(.) by extensions ['cmake', 'python']
[0.332s] [34mcolcon.colcon_core.package_identification[0m [1;30mLevel 1[0m _identify(.) by extension 'cmake'
[0.333s] [34mcolcon.colcon_core.package_identification[0m [1;30mLevel 1[0m _identify(.) by extension 'python'
[0.333s] [34mcolcon.colcon_core.package_identification[0m [1;30mLevel 1[0m _identify(.) by extensions ['python_setup_py']
[0.333s] [34mcolcon.colcon_core.package_identification[0m [1;30mLevel 1[0m _identify(.) by extension 'python_setup_py'
[0.333s] [34mcolcon.colcon_core.package_identification[0m [1;30mLevel 1[0m _identify(build) by extensions ['ignore', 'ignore_ament_install']
[0.333s] [34mcolcon.colcon_core.package_identification[0m [1;30mLevel 1[0m _identify(build) by extension 'ignore'
[0.333s] [34mcolcon.colcon_core.package_identification[0m [1;30mLevel 1[0m _identify(build) ignored
[0.334s] [34mcolcon.colcon_core.package_identification[0m [1;30mLevel 1[0m _identify(install) by extensions ['ignore', 'ignore_ament_install']
[0.334s] [34mcolcon.colcon_core.package_identification[0m [1;30mLevel 1[0m _identify(install) by extension 'ignore'
[0.334s] [34mcolcon.colcon_core.package_identification[0m [1;30mLevel 1[0m _identify(install) ignored
[0.334s] [34mcolcon.colcon_core.package_identification[0m [1;30mLevel 1[0m _identify(log) by extensions ['ignore', 'ignore_ament_install']
[0.334s] [34mcolcon.colcon_core.package_identification[0m [1;30mLevel 1[0m _identify(log) by extension 'ignore'
[0.334s] [34mcolcon.colcon_core.package_identification[0m [1;30mLevel 1[0m _identify(log) ignored
[0.335s] [34mcolcon.colcon_core.package_identification[0m [1;30mLevel 1[0m _identify(src) by extensions ['ignore', 'ignore_ament_install']
[0.335s] [34mcolcon.colcon_core.package_identification[0m [1;30mLevel 1[0m _identify(src) by extension 'ignore'
[0.335s] [34mcolcon.colcon_core.package_identification[0m [1;30mLevel 1[0m _identify(src) by extension 'ignore_ament_install'
[0.335s] [34mcolcon.colcon_core.package_identification[0m [1;30mLevel 1[0m _identify(src) by extensions ['colcon_pkg']
[0.335s] [34mcolcon.colcon_core.package_identification[0m [1;30mLevel 1[0m _identify(src) by extension 'colcon_pkg'
[0.335s] [34mcolcon.colcon_core.package_identification[0m [1;30mLevel 1[0m _identify(src) by extensions ['colcon_meta']
[0.335s] [34mcolcon.colcon_core.package_identification[0m [1;30mLevel 1[0m _identify(src) by extension 'colcon_meta'
[0.335s] [34mcolcon.colcon_core.package_identification[0m [1;30mLevel 1[0m _identify(src) by extensions ['ros']
[0.335s] [34mcolcon.colcon_core.package_identification[0m [1;30mLevel 1[0m _identify(src) by extension 'ros'
[0.335s] [34mcolcon.colcon_core.package_identification[0m [1;30mLevel 1[0m _identify(src) by extensions ['cmake', 'python']
[0.336s] [34mcolcon.colcon_core.package_identification[0m [1;30mLevel 1[0m _identify(src) by extension 'cmake'
[0.336s] [34mcolcon.colcon_core.package_identification[0m [1;30mLevel 1[0m _identify(src) by extension 'python'
[0.336s] [34mcolcon.colcon_core.package_identification[0m [1;30mLevel 1[0m _identify(src) by extensions ['python_setup_py']
[0.336s] [34mcolcon.colcon_core.package_identification[0m [1;30mLevel 1[0m _identify(src) by extension 'python_setup_py'
[0.336s] [34mcolcon.colcon_core.package_identification[0m [1;30mLevel 1[0m _identify(src/auto_paddle_package) by extensions ['ignore', 'ignore_ament_install']
[0.336s] [34mcolcon.colcon_core.package_identification[0m [1;30mLevel 1[0m _identify(src/auto_paddle_package) by extension 'ignore'
[0.336s] [34mcolcon.colcon_core.package_identification[0m [1;30mLevel 1[0m _identify(src/auto_paddle_package) by extension 'ignore_ament_install'
[0.336s] [34mcolcon.colcon_core.package_identification[0m [1;30mLevel 1[0m _identify(src/auto_paddle_package) by extensions ['colcon_pkg']
[0.337s] [34mcolcon.colcon_core.package_identification[0m [1;30mLevel 1[0m _identify(src/auto_paddle_package) by extension 'colcon_pkg'
[0.337s] [34mcolcon.colcon_core.package_identification[0m [1;30mLevel 1[0m _identify(src/auto_paddle_package) by extensions ['colcon_meta']
[0.337s] [34mcolcon.colcon_core.package_identification[0m [1;30mLevel 1[0m _identify(src/auto_paddle_package) by extension 'colcon_meta'
[0.337s] [34mcolcon.colcon_core.package_identification[0m [1;30mLevel 1[0m _identify(src/auto_paddle_package) by extensions ['ros']
[0.337s] [34mcolcon.colcon_core.package_identification[0m [1;30mLevel 1[0m _identify(src/auto_paddle_package) by extension 'ros'
[0.340s] [34mcolcon.colcon_core.package_identification[0m [1;30mDEBUG[0m [32mPackage 'src/auto_paddle_package' with type 'ros.ament_python' and name 'auto_paddle_package'[0m
[0.340s] [34mcolcon.colcon_core.package_identification[0m [1;30mLevel 1[0m _identify(src/paddle_controller_package) by extensions ['ignore', 'ignore_ament_install']
[0.340s] [34mcolcon.colcon_core.package_identification[0m [1;30mLevel 1[0m _identify(src/paddle_controller_package) by extension 'ignore'
[0.340s] [34mcolcon.colcon_core.package_identification[0m [1;30mLevel 1[0m _identify(src/paddle_controller_package) by extension 'ignore_ament_install'
[0.341s] [34mcolcon.colcon_core.package_identification[0m [1;30mLevel 1[0m _identify(src/paddle_controller_package) by extensions ['colcon_pkg']
[0.341s] [34mcolcon.colcon_core.package_identification[0m [1;30mLevel 1[0m _identify(src/paddle_controller_package) by extension 'colcon_pkg'
[0.341s] [34mcolcon.colcon_core.package_identification[0m [1;30mLevel 1[0m _identify(src/paddle_controller_package) by extensions ['colcon_meta']
[0.341s] [34mcolcon.colcon_core.package_identification[0m [1;30mLevel 1[0m _identify(src/paddle_controller_package) by extension 'colcon_meta'
[0.341s] [34mcolcon.colcon_core.package_identification[0m [1;30mLevel 1[0m _identify(src/paddle_controller_package) by extensions ['ros']
[0.341s] [34mcolcon.colcon_core.package_identification[0m [1;30mLevel 1[0m _identify(src/paddle_controller_package) by extension 'ros'
[0.342s] [34mcolcon.colcon_core.package_identification[0m [1;30mDEBUG[0m [32mPackage 'src/paddle_controller_package' with type 'ros.ament_python' and name 'paddle_controller_package'[0m
[0.342s] [34mcolcon.colcon_core.package_identification[0m [1;30mLevel 1[0m _identify(src/simulator_package) by extensions ['ignore', 'ignore_ament_install']
[0.342s] [34mcolcon.colcon_core.package_identification[0m [1;30mLevel 1[0m _identify(src/simulator_package) by extension 'ignore'
[0.342s] [34mcolcon.colcon_core.package_identification[0m [1;30mLevel 1[0m _identify(src/simulator_package) by extension 'ignore_ament_install'
[0.342s] [34mcolcon.colcon_core.package_identification[0m [1;30mLevel 1[0m _identify(src/simulator_package) by extensions ['colcon_pkg']
[0.342s] [34mcolcon.colcon_core.package_identification[0m [1;30mLevel 1[0m _identify(src/simulator_package) by extension 'colcon_pkg'
[0.342s] [34mcolcon.colcon_core.package_identification[0m [1;30mLevel 1[0m _identify(src/simulator_package) by extensions ['colcon_meta']
[0.342s] [34mcolcon.colcon_core.package_identification[0m [1;30mLevel 1[0m _identify(src/simulator_package) by extension 'colcon_meta'
[0.342s] [34mcolcon.colcon_core.package_identification[0m [1;30mLevel 1[0m _identify(src/simulator_package) by extensions ['ros']
[0.343s] [34mcolcon.colcon_core.package_identification[0m [1;30mLevel 1[0m _identify(src/simulator_package) by extension 'ros'
[0.343s] [34mcolcon.colcon_core.package_identification[0m [1;30mDEBUG[0m [32mPackage 'src/simulator_package' with type 'ros.ament_python' and name 'simulator_package'[0m
[0.343s] [34mcolcon.colcon_core.package_discovery[0m [1;30mLevel 1[0m discover_packages(recursive) using defaults
[0.343s] [34mcolcon.colcon_core.package_discovery[0m [1;30mLevel 1[0m discover_packages(ignore) discover
[0.344s] [34mcolcon.colcon_core.package_discovery[0m [1;30mLevel 1[0m discover_packages(ignore) using defaults
[0.344s] [34mcolcon.colcon_core.package_discovery[0m [1;30mLevel 1[0m discover_packages(path) discover
[0.344s] [34mcolcon.colcon_core.package_discovery[0m [1;30mLevel 1[0m discover_packages(path) using defaults
[0.360s] [34mcolcon.colcon_core.package_discovery[0m [1;30mLevel 1[0m discover_packages(prefix_path) check parameters
[0.360s] [34mcolcon.colcon_core.package_discovery[0m [1;30mLevel 1[0m discover_packages(prefix_path) discover
[0.362s] [34mcolcon.colcon_installed_package_information.package_discovery[0m [1;30mDEBUG[0m [32mFound 4 installed packages in /home/mauricio/minicurso-ros2/install[0m
[0.363s] [34mcolcon.colcon_installed_package_information.package_discovery[0m [1;30mDEBUG[0m [32mFound 8 installed packages in /home/mauricio/Documents/taurabots/soccer-client-ros2/install[0m
[0.364s] [34mcolcon.colcon_installed_package_information.package_discovery[0m [1;30mDEBUG[0m [32mFound 7 installed packages in /home/mauricio/Documents/taurabots/soccer-client/install[0m
[0.365s] [34mcolcon.colcon_installed_package_information.package_discovery[0m [1;30mDEBUG[0m [32mFound 226 installed packages in /opt/ros/humble[0m
[0.367s] [34mcolcon.colcon_core.package_discovery[0m [1;30mLevel 1[0m discover_packages(prefix_path) using defaults
[0.398s] [34mcolcon.colcon_core.verb[0m [1;30mLevel 5[0m set package 'auto_paddle_package' build argument 'cmake_args' from command line to 'None'
[0.398s] [34mcolcon.colcon_core.verb[0m [1;30mLevel 5[0m set package 'auto_paddle_package' build argument 'cmake_target' from command line to 'None'
[0.398s] [34mcolcon.colcon_core.verb[0m [1;30mLevel 5[0m set package 'auto_paddle_package' build argument 'cmake_target_skip_unavailable' from command line to 'False'
[0.398s] [34mcolcon.colcon_core.verb[0m [1;30mLevel 5[0m set package 'auto_paddle_package' build argument 'cmake_clean_cache' from command line to 'False'
[0.398s] [34mcolcon.colcon_core.verb[0m [1;30mLevel 5[0m set package 'auto_paddle_package' build argument 'cmake_clean_first' from command line to 'False'
[0.398s] [34mcolcon.colcon_core.verb[0m [1;30mLevel 5[0m set package 'auto_paddle_package' build argument 'cmake_force_configure' from command line to 'False'
[0.398s] [34mcolcon.colcon_core.verb[0m [1;30mLevel 5[0m set package 'auto_paddle_package' build argument 'ament_cmake_args' from command line to 'None'
[0.398s] [34mcolcon.colcon_core.verb[0m [1;30mLevel 5[0m set package 'auto_paddle_package' build argument 'catkin_cmake_args' from command line to 'None'
[0.398s] [34mcolcon.colcon_core.verb[0m [1;30mLevel 5[0m set package 'auto_paddle_package' build argument 'catkin_skip_building_tests' from command line to 'False'
[0.398s] [34mcolcon.colcon_core.verb[0m [1;30mDEBUG[0m [32mBuilding package 'auto_paddle_package' with the following arguments: {'ament_cmake_args': None, 'build_base': '/home/mauricio/minicurso-ros2/build/auto_paddle_package', 'catkin_cmake_args': None, 'catkin_skip_building_tests': False, 'cmake_args': None, 'cmake_clean_cache': False, 'cmake_clean_first': False, 'cmake_force_configure': False, 'cmake_target': None, 'cmake_target_skip_unavailable': False, 'install_base': '/home/mauricio/minicurso-ros2/install/auto_paddle_package', 'merge_install': False, 'path': '/home/mauricio/minicurso-ros2/src/auto_paddle_package', 'symlink_install': False, 'test_result_base': None}[0m
[0.398s] [34mcolcon.colcon_core.verb[0m [1;30mLevel 5[0m set package 'paddle_controller_package' build argument 'cmake_args' from command line to 'None'
[0.398s] [34mcolcon.colcon_core.verb[0m [1;30mLevel 5[0m set package 'paddle_controller_package' build argument 'cmake_target' from command line to 'None'
[0.399s] [34mcolcon.colcon_core.verb[0m [1;30mLevel 5[0m set package 'paddle_controller_package' build argument 'cmake_target_skip_unavailable' from command line to 'False'
[0.399s] [34mcolcon.colcon_core.verb[0m [1;30mLevel 5[0m set package 'paddle_controller_package' build argument 'cmake_clean_cache' from command line to 'False'
[0.399s] [34mcolcon.colcon_core.verb[0m [1;30mLevel 5[0m set package 'paddle_controller_package' build argument 'cmake_clean_first' from command line to 'False'
[0.399s] [34mcolcon.colcon_core.verb[0m [1;30mLevel 5[0m set package 'paddle_controller_package' build argument 'cmake_force_configure' from command line to 'False'
[0.399s] [34mcolcon.colcon_core.verb[0m [1;30mLevel 5[0m set package 'paddle_controller_package' build argument 'ament_cmake_args' from command line to 'None'
[0.399s] [34mcolcon.colcon_core.verb[0m [1;30mLevel 5[0m set package 'paddle_controller_package' build argument 'catkin_cmake_args' from command line to 'None'
[0.399s] [34mcolcon.colcon_core.verb[0m [1;30mLevel 5[0m set package 'paddle_controller_package' build argument 'catkin_skip_building_tests' from command line to 'False'
[0.399s] [34mcolcon.colcon_core.verb[0m [1;30mDEBUG[0m [32mBuilding package 'paddle_controller_package' with the following arguments: {'ament_cmake_args': None, 'build_base': '/home/mauricio/minicurso-ros2/build/paddle_controller_package', 'catkin_cmake_args': None, 'catkin_skip_building_tests': False, 'cmake_args': None, 'cmake_clean_cache': False, 'cmake_clean_first': False, 'cmake_force_configure': False, 'cmake_target': None, 'cmake_target_skip_unavailable': False, 'install_base': '/home/mauricio/minicurso-ros2/install/paddle_controller_package', 'merge_install': False, 'path': '/home/mauricio/minicurso-ros2/src/paddle_controller_package', 'symlink_install': False, 'test_result_base': None}[0m
[0.399s] [34mcolcon.colcon_core.verb[0m [1;30mLevel 5[0m set package 'simulator_package' build argument 'cmake_args' from command line to 'None'
[0.399s] [34mcolcon.colcon_core.verb[0m [1;30mLevel 5[0m set package 'simulator_package' build argument 'cmake_target' from command line to 'None'
[0.399s] [34mcolcon.colcon_core.verb[0m [1;30mLevel 5[0m set package 'simulator_package' build argument 'cmake_target_skip_unavailable' from command line to 'False'
[0.399s] [34mcolcon.colcon_core.verb[0m [1;30mLevel 5[0m set package 'simulator_package' build argument 'cmake_clean_cache' from command line to 'False'
[0.399s] [34mcolcon.colcon_core.verb[0m [1;30mLevel 5[0m set package 'simulator_package' build argument 'cmake_clean_first' from command line to 'False'
[0.399s] [34mcolcon.colcon_core.verb[0m [1;30mLevel 5[0m set package 'simulator_package' build argument 'cmake_force_configure' from command line to 'False'
[0.400s] [34mcolcon.colcon_core.verb[0m [1;30mLevel 5[0m set package 'simulator_package' build argument 'ament_cmake_args' from command line to 'None'
[0.400s] [34mcolcon.colcon_core.verb[0m [1;30mLevel 5[0m set package 'simulator_package' build argument 'catkin_cmake_args' from command line to 'None'
[0.400s] [34mcolcon.colcon_core.verb[0m [1;30mLevel 5[0m set package 'simulator_package' build argument 'catkin_skip_building_tests' from command line to 'False'
[0.400s] [34mcolcon.colcon_core.verb[0m [1;30mDEBUG[0m [32mBuilding package 'simulator_package' with the following arguments: {'ament_cmake_args': None, 'build_base': '/home/mauricio/minicurso-ros2/build/simulator_package', 'catkin_cmake_args': None, 'catkin_skip_building_tests': False, 'cmake_args': None, 'cmake_clean_cache': False, 'cmake_clean_first': False, 'cmake_force_configure': False, 'cmake_target': None, 'cmake_target_skip_unavailable': False, 'install_base': '/home/mauricio/minicurso-ros2/install/simulator_package', 'merge_install': False, 'path': '/home/mauricio/minicurso-ros2/src/simulator_package', 'symlink_install': False, 'test_result_base': None}[0m
[0.400s] [34mcolcon.colcon_core.executor[0m [1;30mINFO[0m Executing jobs using 'parallel' executor
[0.401s] [34mcolcon.colcon_parallel_executor.executor.parallel[0m [1;30mDEBUG[0m [32mrun_until_complete[0m
[0.401s] [34mcolcon.colcon_ros.task.ament_python.build[0m [1;30mINFO[0m Building ROS package in '/home/mauricio/minicurso-ros2/src/auto_paddle_package' with build type 'ament_python'
[0.401s] [34mcolcon.colcon_core.shell[0m [1;30mLevel 1[0m create_environment_hook('auto_paddle_package', 'ament_prefix_path')
[0.403s] [34mcolcon.colcon_core.plugin_system[0m [1;30mINFO[0m Skipping extension 'colcon_core.shell.bat': Not used on non-Windows systems
[0.404s] [34mcolcon.colcon_core.shell[0m [1;30mINFO[0m Creating environment hook '/home/mauricio/minicurso-ros2/install/auto_paddle_package/share/auto_paddle_package/hook/ament_prefix_path.ps1'
[0.404s] [34mcolcon.colcon_core.shell[0m [1;30mINFO[0m Creating environment descriptor '/home/mauricio/minicurso-ros2/install/auto_paddle_package/share/auto_paddle_package/hook/ament_prefix_path.dsv'
[0.405s] [34mcolcon.colcon_core.shell[0m [1;30mINFO[0m Creating environment hook '/home/mauricio/minicurso-ros2/install/auto_paddle_package/share/auto_paddle_package/hook/ament_prefix_path.sh'
[0.406s] [34mcolcon.colcon_core.shell[0m [1;30mINFO[0m Skip shell extension 'powershell' for command environment: Not usable outside of PowerShell
[0.406s] [34mcolcon.colcon_core.shell[0m [1;30mDEBUG[0m [32mSkip shell extension 'dsv' for command environment[0m
[0.413s] [34mcolcon.colcon_ros.task.ament_python.build[0m [1;30mINFO[0m Building ROS package in '/home/mauricio/minicurso-ros2/src/paddle_controller_package' with build type 'ament_python'
[0.413s] [34mcolcon.colcon_core.shell[0m [1;30mLevel 1[0m create_environment_hook('paddle_controller_package', 'ament_prefix_path')
[0.413s] [34mcolcon.colcon_core.shell[0m [1;30mINFO[0m Creating environment hook '/home/mauricio/minicurso-ros2/install/paddle_controller_package/share/paddle_controller_package/hook/ament_prefix_path.ps1'
[0.414s] [34mcolcon.colcon_core.shell[0m [1;30mINFO[0m Creating environment descriptor '/home/mauricio/minicurso-ros2/install/paddle_controller_package/share/paddle_controller_package/hook/ament_prefix_path.dsv'
[0.414s] [34mcolcon.colcon_core.shell[0m [1;30mINFO[0m Creating environment hook '/home/mauricio/minicurso-ros2/install/paddle_controller_package/share/paddle_controller_package/hook/ament_prefix_path.sh'
[0.415s] [34mcolcon.colcon_core.shell[0m [1;30mINFO[0m Skip shell extension 'powershell' for command environment: Not usable outside of PowerShell
[0.415s] [34mcolcon.colcon_core.shell[0m [1;30mDEBUG[0m [32mSkip shell extension 'dsv' for command environment[0m
[0.421s] [34mcolcon.colcon_ros.task.ament_python.build[0m [1;30mINFO[0m Building ROS package in '/home/mauricio/minicurso-ros2/src/simulator_package' with build type 'ament_python'
[0.421s] [34mcolcon.colcon_core.shell[0m [1;30mLevel 1[0m create_environment_hook('simulator_package', 'ament_prefix_path')
[0.422s] [34mcolcon.colcon_core.shell[0m [1;30mINFO[0m Creating environment hook '/home/mauricio/minicurso-ros2/install/simulator_package/share/simulator_package/hook/ament_prefix_path.ps1'
[0.422s] [34mcolcon.colcon_core.shell[0m [1;30mINFO[0m Creating environment descriptor '/home/mauricio/minicurso-ros2/install/simulator_package/share/simulator_package/hook/ament_prefix_path.dsv'
[0.423s] [34mcolcon.colcon_core.shell[0m [1;30mINFO[0m Creating environment hook '/home/mauricio/minicurso-ros2/install/simulator_package/share/simulator_package/hook/ament_prefix_path.sh'
[0.423s] [34mcolcon.colcon_core.shell[0m [1;30mINFO[0m Skip shell extension 'powershell' for command environment: Not usable outside of PowerShell
[0.423s] [34mcolcon.colcon_core.shell[0m [1;30mDEBUG[0m [32mSkip shell extension 'dsv' for command environment[0m
[0.718s] [34mcolcon.colcon_core.task.python.build[0m [1;30mINFO[0m Building Python package in '/home/mauricio/minicurso-ros2/src/auto_paddle_package'
[0.719s] [34mcolcon.colcon_core.shell[0m [1;30mINFO[0m Skip shell extension 'powershell' for command environment: Not usable outside of PowerShell
[0.719s] [34mcolcon.colcon_core.shell[0m [1;30mDEBUG[0m [32mSkip shell extension 'dsv' for command environment[0m
[1.006s] [34mcolcon.colcon_core.task.python.build[0m [1;30mINFO[0m Building Python package in '/home/mauricio/minicurso-ros2/src/paddle_controller_package'
[1.006s] [34mcolcon.colcon_core.shell[0m [1;30mINFO[0m Skip shell extension 'powershell' for command environment: Not usable outside of PowerShell
[1.006s] [34mcolcon.colcon_core.shell[0m [1;30mDEBUG[0m [32mSkip shell extension 'dsv' for command environment[0m
[1.303s] [34mcolcon.colcon_core.task.python.build[0m [1;30mINFO[0m Building Python package in '/home/mauricio/minicurso-ros2/src/simulator_package'
[1.304s] [34mcolcon.colcon_core.shell[0m [1;30mINFO[0m Skip shell extension 'powershell' for command environment: Not usable outside of PowerShell
[1.304s] [34mcolcon.colcon_core.shell[0m [1;30mDEBUG[0m [32mSkip shell extension 'dsv' for command environment[0m
[1.710s] [34mcolcon.colcon_core.event_handler.log_command[0m [1;30mDEBUG[0m [32mInvoking command in '/home/mauricio/minicurso-ros2/src/paddle_controller_package': PYTHONPATH=/home/mauricio/minicurso-ros2/build/paddle_controller_package/prefix_override:/home/mauricio/minicurso-ros2/install/paddle_controller_package/lib/python3.10/site-packages:${PYTHONPATH} /usr/bin/python3 -W ignore:setup.py install is deprecated setup.py egg_info --egg-base ../../build/paddle_controller_package build --build-base /home/mauricio/minicurso-ros2/build/paddle_controller_package/build install --record /home/mauricio/minicurso-ros2/build/paddle_controller_package/install.log --single-version-externally-managed install_data[0m
[1.716s] [34mcolcon.colcon_core.event_handler.log_command[0m [1;30mDEBUG[0m [32mInvoking command in '/home/mauricio/minicurso-ros2/src/simulator_package': PYTHONPATH=/home/mauricio/minicurso-ros2/build/simulator_package/prefix_override:/home/mauricio/minicurso-ros2/install/simulator_package/lib/python3.10/site-packages:${PYTHONPATH} /usr/bin/python3 -W ignore:setup.py install is deprecated setup.py egg_info --egg-base ../../build/simulator_package build --build-base /home/mauricio/minicurso-ros2/build/simulator_package/build install --record /home/mauricio/minicurso-ros2/build/simulator_package/install.log --single-version-externally-managed install_data[0m
[1.718s] [34mcolcon.colcon_core.event_handler.log_command[0m [1;30mDEBUG[0m [32mInvoking command in '/home/mauricio/minicurso-ros2/src/auto_paddle_package': PYTHONPATH=/home/mauricio/minicurso-ros2/build/auto_paddle_package/prefix_override:/home/mauricio/minicurso-ros2/install/auto_paddle_package/lib/python3.10/site-packages:${PYTHONPATH} /usr/bin/python3 -W ignore:setup.py install is deprecated setup.py egg_info --egg-base ../../build/auto_paddle_package build --build-base /home/mauricio/minicurso-ros2/build/auto_paddle_package/build install --record /home/mauricio/minicurso-ros2/build/auto_paddle_package/install.log --single-version-externally-managed install_data[0m
[2.092s] [34mcolcon.colcon_core.event_handler.log_command[0m [1;30mDEBUG[0m [32mInvoked command in '/home/mauricio/minicurso-ros2/src/simulator_package' returned '0': PYTHONPATH=/home/mauricio/minicurso-ros2/build/simulator_package/prefix_override:/home/mauricio/minicurso-ros2/install/simulator_package/lib/python3.10/site-packages:${PYTHONPATH} /usr/bin/python3 -W ignore:setup.py install is deprecated setup.py egg_info --egg-base ../../build/simulator_package build --build-base /home/mauricio/minicurso-ros2/build/simulator_package/build install --record /home/mauricio/minicurso-ros2/build/simulator_package/install.log --single-version-externally-managed install_data[0m
[2.095s] [34mcolcon.colcon_core.environment[0m [1;30mLevel 1[0m checking '/home/mauricio/minicurso-ros2/install/simulator_package' for CMake module files
[2.095s] [34mcolcon.colcon_core.environment[0m [1;30mLevel 1[0m checking '/home/mauricio/minicurso-ros2/install/simulator_package' for CMake config files
[2.096s] [34mcolcon.colcon_core.environment[0m [1;30mLevel 1[0m checking '/home/mauricio/minicurso-ros2/install/simulator_package/lib'
[2.096s] [34mcolcon.colcon_core.environment[0m [1;30mLevel 1[0m checking '/home/mauricio/minicurso-ros2/install/simulator_package/bin'
[2.096s] [34mcolcon.colcon_core.environment[0m [1;30mLevel 1[0m checking '/home/mauricio/minicurso-ros2/install/simulator_package/lib/pkgconfig/simulator_package.pc'
[2.097s] [34mcolcon.colcon_core.environment[0m [1;30mLevel 1[0m checking '/home/mauricio/minicurso-ros2/install/simulator_package/lib/python3.10/site-packages'
[2.097s] [34mcolcon.colcon_core.shell[0m [1;30mLevel 1[0m create_environment_hook('simulator_package', 'pythonpath')
[2.097s] [34mcolcon.colcon_core.shell[0m [1;30mINFO[0m Creating environment hook '/home/mauricio/minicurso-ros2/install/simulator_package/share/simulator_package/hook/pythonpath.ps1'
[2.098s] [34mcolcon.colcon_core.shell[0m [1;30mINFO[0m Creating environment descriptor '/home/mauricio/minicurso-ros2/install/simulator_package/share/simulator_package/hook/pythonpath.dsv'
[2.098s] [34mcolcon.colcon_core.shell[0m [1;30mINFO[0m Creating environment hook '/home/mauricio/minicurso-ros2/install/simulator_package/share/simulator_package/hook/pythonpath.sh'
[2.099s] [34mcolcon.colcon_core.environment[0m [1;30mLevel 1[0m checking '/home/mauricio/minicurso-ros2/install/simulator_package/bin'
[2.099s] [34mcolcon.colcon_core.environment[0m [1;30mLevel 1[0m create_environment_scripts_only(simulator_package)
[2.099s] [34mcolcon.colcon_core.shell[0m [1;30mINFO[0m Creating package script '/home/mauricio/minicurso-ros2/install/simulator_package/share/simulator_package/package.ps1'
[2.100s] [34mcolcon.colcon_core.shell[0m [1;30mINFO[0m Creating package descriptor '/home/mauricio/minicurso-ros2/install/simulator_package/share/simulator_package/package.dsv'
[2.101s] [34mcolcon.colcon_core.shell[0m [1;30mINFO[0m Creating package script '/home/mauricio/minicurso-ros2/install/simulator_package/share/simulator_package/package.sh'
[2.102s] [34mcolcon.colcon_core.shell[0m [1;30mINFO[0m Creating package script '/home/mauricio/minicurso-ros2/install/simulator_package/share/simulator_package/package.bash'
[2.103s] [34mcolcon.colcon_core.shell[0m [1;30mINFO[0m Creating package script '/home/mauricio/minicurso-ros2/install/simulator_package/share/simulator_package/package.zsh'
[2.103s] [34mcolcon.colcon_core.environment[0m [1;30mLevel 1[0m create_file_with_runtime_dependencies(/home/mauricio/minicurso-ros2/install/simulator_package/share/colcon-core/packages/simulator_package)
[2.105s] [34mcolcon.colcon_core.environment[0m [1;30mLevel 1[0m checking '/home/mauricio/minicurso-ros2/install/auto_paddle_package' for CMake module files
[2.106s] [34mcolcon.colcon_core.event_handler.log_command[0m [1;30mDEBUG[0m [32mInvoked command in '/home/mauricio/minicurso-ros2/src/auto_paddle_package' returned '0': PYTHONPATH=/home/mauricio/minicurso-ros2/build/auto_paddle_package/prefix_override:/home/mauricio/minicurso-ros2/install/auto_paddle_package/lib/python3.10/site-packages:${PYTHONPATH} /usr/bin/python3 -W ignore:setup.py install is deprecated setup.py egg_info --egg-base ../../build/auto_paddle_package build --build-base /home/mauricio/minicurso-ros2/build/auto_paddle_package/build install --record /home/mauricio/minicurso-ros2/build/auto_paddle_package/install.log --single-version-externally-managed install_data[0m
[2.107s] [34mcolcon.colcon_core.environment[0m [1;30mLevel 1[0m checking '/home/mauricio/minicurso-ros2/install/auto_paddle_package' for CMake config files
[2.107s] [34mcolcon.colcon_core.environment[0m [1;30mLevel 1[0m checking '/home/mauricio/minicurso-ros2/install/auto_paddle_package/lib'
[2.107s] [34mcolcon.colcon_core.environment[0m [1;30mLevel 1[0m checking '/home/mauricio/minicurso-ros2/install/auto_paddle_package/bin'
[2.107s] [34mcolcon.colcon_core.environment[0m [1;30mLevel 1[0m checking '/home/mauricio/minicurso-ros2/install/auto_paddle_package/lib/pkgconfig/auto_paddle_package.pc'
[2.108s] [34mcolcon.colcon_core.environment[0m [1;30mLevel 1[0m checking '/home/mauricio/minicurso-ros2/install/auto_paddle_package/lib/python3.10/site-packages'
[2.109s] [34mcolcon.colcon_core.shell[0m [1;30mLevel 1[0m create_environment_hook('auto_paddle_package', 'pythonpath')
[2.109s] [34mcolcon.colcon_core.shell[0m [1;30mINFO[0m Creating environment hook '/home/mauricio/minicurso-ros2/install/auto_paddle_package/share/auto_paddle_package/hook/pythonpath.ps1'
[2.109s] [34mcolcon.colcon_core.shell[0m [1;30mINFO[0m Creating environment descriptor '/home/mauricio/minicurso-ros2/install/auto_paddle_package/share/auto_paddle_package/hook/pythonpath.dsv'
[2.110s] [34mcolcon.colcon_core.shell[0m [1;30mINFO[0m Creating environment hook '/home/mauricio/minicurso-ros2/install/auto_paddle_package/share/auto_paddle_package/hook/pythonpath.sh'
[2.110s] [34mcolcon.colcon_core.environment[0m [1;30mLevel 1[0m checking '/home/mauricio/minicurso-ros2/install/auto_paddle_package/bin'
[2.111s] [34mcolcon.colcon_core.environment[0m [1;30mLevel 1[0m create_environment_scripts_only(auto_paddle_package)
[2.111s] [34mcolcon.colcon_core.shell[0m [1;30mINFO[0m Creating package script '/home/mauricio/minicurso-ros2/install/auto_paddle_package/share/auto_paddle_package/package.ps1'
[2.112s] [34mcolcon.colcon_core.shell[0m [1;30mINFO[0m Creating package descriptor '/home/mauricio/minicurso-ros2/install/auto_paddle_package/share/auto_paddle_package/package.dsv'
[2.113s] [34mcolcon.colcon_core.shell[0m [1;30mINFO[0m Creating package script '/home/mauricio/minicurso-ros2/install/auto_paddle_package/share/auto_paddle_package/package.sh'
[2.113s] [34mcolcon.colcon_core.shell[0m [1;30mINFO[0m Creating package script '/home/mauricio/minicurso-ros2/install/auto_paddle_package/share/auto_paddle_package/package.bash'
[2.114s] [34mcolcon.colcon_core.shell[0m [1;30mINFO[0m Creating package script '/home/mauricio/minicurso-ros2/install/auto_paddle_package/share/auto_paddle_package/package.zsh'
[2.114s] [34mcolcon.colcon_core.environment[0m [1;30mLevel 1[0m create_file_with_runtime_dependencies(/home/mauricio/minicurso-ros2/install/auto_paddle_package/share/colcon-core/packages/auto_paddle_package)
[2.115s] [34mcolcon.colcon_core.environment[0m [1;30mLevel 1[0m checking '/home/mauricio/minicurso-ros2/install/paddle_controller_package' for CMake module files
[2.116s] [34mcolcon.colcon_core.environment[0m [1;30mLevel 1[0m checking '/home/mauricio/minicurso-ros2/install/paddle_controller_package' for CMake config files
[2.116s] [34mcolcon.colcon_core.event_handler.log_command[0m [1;30mDEBUG[0m [32mInvoked command in '/home/mauricio/minicurso-ros2/src/paddle_controller_package' returned '0': PYTHONPATH=/home/mauricio/minicurso-ros2/build/paddle_controller_package/prefix_override:/home/mauricio/minicurso-ros2/install/paddle_controller_package/lib/python3.10/site-packages:${PYTHONPATH} /usr/bin/python3 -W ignore:setup.py install is deprecated setup.py egg_info --egg-base ../../build/paddle_controller_package build --build-base /home/mauricio/minicurso-ros2/build/paddle_controller_package/build install --record /home/mauricio/minicurso-ros2/build/paddle_controller_package/install.log --single-version-externally-managed install_data[0m
[2.117s] [34mcolcon.colcon_core.environment[0m [1;30mLevel 1[0m checking '/home/mauricio/minicurso-ros2/install/paddle_controller_package/lib'
[2.118s] [34mcolcon.colcon_core.environment[0m [1;30mLevel 1[0m checking '/home/mauricio/minicurso-ros2/install/paddle_controller_package/bin'
[2.118s] [34mcolcon.colcon_core.environment[0m [1;30mLevel 1[0m checking '/home/mauricio/minicurso-ros2/install/paddle_controller_package/lib/pkgconfig/paddle_controller_package.pc'
[2.118s] [34mcolcon.colcon_core.environment[0m [1;30mLevel 1[0m checking '/home/mauricio/minicurso-ros2/install/paddle_controller_package/lib/python3.10/site-packages'
[2.118s] [34mcolcon.colcon_core.shell[0m [1;30mLevel 1[0m create_environment_hook('paddle_controller_package', 'pythonpath')
[2.118s] [34mcolcon.colcon_core.shell[0m [1;30mINFO[0m Creating environment hook '/home/mauricio/minicurso-ros2/install/paddle_controller_package/share/paddle_controller_package/hook/pythonpath.ps1'
[2.119s] [34mcolcon.colcon_core.shell[0m [1;30mINFO[0m Creating environment descriptor '/home/mauricio/minicurso-ros2/install/paddle_controller_package/share/paddle_controller_package/hook/pythonpath.dsv'
[2.119s] [34mcolcon.colcon_core.shell[0m [1;30mINFO[0m Creating environment hook '/home/mauricio/minicurso-ros2/install/paddle_controller_package/share/paddle_controller_package/hook/pythonpath.sh'
[2.120s] [34mcolcon.colcon_core.environment[0m [1;30mLevel 1[0m checking '/home/mauricio/minicurso-ros2/install/paddle_controller_package/bin'
[2.120s] [34mcolcon.colcon_core.environment[0m [1;30mLevel 1[0m create_environment_scripts_only(paddle_controller_package)
[2.120s] [34mcolcon.colcon_core.shell[0m [1;30mINFO[0m Creating package script '/home/mauricio/minicurso-ros2/install/paddle_controller_package/share/paddle_controller_package/package.ps1'
[2.122s] [34mcolcon.colcon_core.shell[0m [1;30mINFO[0m Creating package descriptor '/home/mauricio/minicurso-ros2/install/paddle_controller_package/share/paddle_controller_package/package.dsv'
[2.122s] [34mcolcon.colcon_core.shell[0m [1;30mINFO[0m Creating package script '/home/mauricio/minicurso-ros2/install/paddle_controller_package/share/paddle_controller_package/package.sh'
[2.123s] [34mcolcon.colcon_core.shell[0m [1;30mINFO[0m Creating package script '/home/mauricio/minicurso-ros2/install/paddle_controller_package/share/paddle_controller_package/package.bash'
[2.123s] [34mcolcon.colcon_core.shell[0m [1;30mINFO[0m Creating package script '/home/mauricio/minicurso-ros2/install/paddle_controller_package/share/paddle_controller_package/package.zsh'
[2.124s] [34mcolcon.colcon_core.environment[0m [1;30mLevel 1[0m create_file_with_runtime_dependencies(/home/mauricio/minicurso-ros2/install/paddle_controller_package/share/colcon-core/packages/paddle_controller_package)
[2.124s] [34mcolcon.colcon_parallel_executor.executor.parallel[0m [1;30mDEBUG[0m [32mclosing loop[0m
[2.124s] [34mcolcon.colcon_parallel_executor.executor.parallel[0m [1;30mDEBUG[0m [32mloop closed[0m
[2.125s] [34mcolcon.colcon_parallel_executor.executor.parallel[0m [1;30mDEBUG[0m [32mrun_until_complete finished with '0'[0m
[2.125s] [34mcolcon.colcon_core.event_reactor[0m [1;30mDEBUG[0m [32mjoining thread[0m
[2.133s] [34mcolcon.colcon_core.plugin_system[0m [1;30mINFO[0m Skipping extension 'colcon_notification.desktop_notification.notify_send': Could not find 'notify-send'
[2.133s] [34mcolcon.colcon_core.plugin_system[0m [1;30mINFO[0m Skipping extension 'colcon_notification.desktop_notification.terminal_notifier': Not used on non-Darwin systems
[2.133s] [34mcolcon.colcon_core.plugin_system[0m [1;30mINFO[0m Skipping extension 'colcon_notification.desktop_notification.win32': Not used on non-Windows systems
[2.133s] [34mcolcon.colcon_notification.desktop_notification[0m [1;30mINFO[0m Sending desktop notification using 'notify2'
[2.163s] [34mcolcon.colcon_core.event_reactor[0m [1;30mDEBUG[0m [32mjoined thread[0m
[2.163s] [34mcolcon.colcon_core.shell[0m [1;30mINFO[0m Creating prefix script '/home/mauricio/minicurso-ros2/install/local_setup.ps1'
[2.165s] [34mcolcon.colcon_core.shell[0m [1;30mINFO[0m Creating prefix util module '/home/mauricio/minicurso-ros2/install/_local_setup_util_ps1.py'
[2.168s] [34mcolcon.colcon_core.shell[0m [1;30mINFO[0m Creating prefix chain script '/home/mauricio/minicurso-ros2/install/setup.ps1'
[2.172s] [34mcolcon.colcon_core.shell[0m [1;30mINFO[0m Creating prefix script '/home/mauricio/minicurso-ros2/install/local_setup.sh'
[2.172s] [34mcolcon.colcon_core.shell[0m [1;30mINFO[0m Creating prefix util module '/home/mauricio/minicurso-ros2/install/_local_setup_util_sh.py'
[2.173s] [34mcolcon.colcon_core.shell[0m [1;30mINFO[0m Creating prefix chain script '/home/mauricio/minicurso-ros2/install/setup.sh'
[2.176s] [34mcolcon.colcon_core.shell[0m [1;30mINFO[0m Creating prefix script '/home/mauricio/minicurso-ros2/install/local_setup.bash'
[2.176s] [34mcolcon.colcon_core.shell[0m [1;30mINFO[0m Creating prefix chain script '/home/mauricio/minicurso-ros2/install/setup.bash'
[2.179s] [34mcolcon.colcon_core.shell[0m [1;30mINFO[0m Creating prefix script '/home/mauricio/minicurso-ros2/install/local_setup.zsh'
[2.180s] [34mcolcon.colcon_core.shell[0m [1;30mINFO[0m Creating prefix chain script '/home/mauricio/minicurso-ros2/install/setup.zsh'
