[0.573s] Invoking command in '/home/mauricio/minicurso-ros2/src/simulator_package': PYTHONPATH=/home/mauricio/minicurso-ros2/build/simulator_package/prefix_override:/home/mauricio/minicurso-ros2/install/simulator_package/lib/python3.10/site-packages:${PYTHONPATH} /usr/bin/python3 -W ignore:setup.py install is deprecated setup.py egg_info --egg-base ../../build/simulator_package build --build-base /home/mauricio/minicurso-ros2/build/simulator_package/build install --record /home/mauricio/minicurso-ros2/build/simulator_package/install.log --single-version-externally-managed install_data
[0.789s] running egg_info
[0.790s] creating ../../build/simulator_package/simulator_package.egg-info
[0.790s] writing ../../build/simulator_package/simulator_package.egg-info/PKG-INFO
[0.790s] writing dependency_links to ../../build/simulator_package/simulator_package.egg-info/dependency_links.txt
[0.790s] writing entry points to ../../build/simulator_package/simulator_package.egg-info/entry_points.txt
[0.790s] writing requirements to ../../build/simulator_package/simulator_package.egg-info/requires.txt
[0.790s] writing top-level names to ../../build/simulator_package/simulator_package.egg-info/top_level.txt
[0.790s] writing manifest file '../../build/simulator_package/simulator_package.egg-info/SOURCES.txt'
[0.791s] reading manifest file '../../build/simulator_package/simulator_package.egg-info/SOURCES.txt'
[0.792s] writing manifest file '../../build/simulator_package/simulator_package.egg-info/SOURCES.txt'
[0.792s] running build
[0.792s] running build_py
[0.792s] creating /home/mauricio/minicurso-ros2/build/simulator_package/build
[0.792s] creating /home/mauricio/minicurso-ros2/build/simulator_package/build/lib
[0.792s] creating /home/mauricio/minicurso-ros2/build/simulator_package/build/lib/simulator_package
[0.792s] copying simulator_package/__init__.py -> /home/mauricio/minicurso-ros2/build/simulator_package/build/lib/simulator_package
[0.792s] copying simulator_package/simulator_node.py -> /home/mauricio/minicurso-ros2/build/simulator_package/build/lib/simulator_package
[0.793s] running install
[0.793s] running install_lib
[0.793s] creating /home/mauricio/minicurso-ros2/install/simulator_package/lib/python3.10/site-packages/simulator_package
[0.793s] copying /home/mauricio/minicurso-ros2/build/simulator_package/build/lib/simulator_package/__init__.py -> /home/mauricio/minicurso-ros2/install/simulator_package/lib/python3.10/site-packages/simulator_package
[0.793s] copying /home/mauricio/minicurso-ros2/build/simulator_package/build/lib/simulator_package/simulator_node.py -> /home/mauricio/minicurso-ros2/install/simulator_package/lib/python3.10/site-packages/simulator_package
[0.793s] byte-compiling /home/mauricio/minicurso-ros2/install/simulator_package/lib/python3.10/site-packages/simulator_package/__init__.py to __init__.cpython-310.pyc
[0.793s] byte-compiling /home/mauricio/minicurso-ros2/install/simulator_package/lib/python3.10/site-packages/simulator_package/simulator_node.py to simulator_node.cpython-310.pyc
[0.794s] running install_data
[0.794s] creating /home/mauricio/minicurso-ros2/install/simulator_package/share/ament_index
[0.794s] creating /home/mauricio/minicurso-ros2/install/simulator_package/share/ament_index/resource_index
[0.794s] creating /home/mauricio/minicurso-ros2/install/simulator_package/share/ament_index/resource_index/packages
[0.795s] copying resource/simulator_package -> /home/mauricio/minicurso-ros2/install/simulator_package/share/ament_index/resource_index/packages
[0.795s] copying package.xml -> /home/mauricio/minicurso-ros2/install/simulator_package/share/simulator_package
[0.795s] running install_egg_info
[0.796s] Copying ../../build/simulator_package/simulator_package.egg-info to /home/mauricio/minicurso-ros2/install/simulator_package/lib/python3.10/site-packages/simulator_package-0.0.0-py3.10.egg-info
[0.796s] running install_scripts
[0.810s] Installing simulator script to /home/mauricio/minicurso-ros2/install/simulator_package/lib/simulator_package
[0.810s] writing list of installed files to '/home/mauricio/minicurso-ros2/build/simulator_package/install.log'
[0.828s] Invoked command in '/home/mauricio/minicurso-ros2/src/simulator_package' returned '0': PYTHONPATH=/home/mauricio/minicurso-ros2/build/simulator_package/prefix_override:/home/mauricio/minicurso-ros2/install/simulator_package/lib/python3.10/site-packages:${PYTHONPATH} /usr/bin/python3 -W ignore:setup.py install is deprecated setup.py egg_info --egg-base ../../build/simulator_package build --build-base /home/mauricio/minicurso-ros2/build/simulator_package/build install --record /home/mauricio/minicurso-ros2/build/simulator_package/install.log --single-version-externally-managed install_data
