[0.763s] Invoking command in '/home/mauricio/ros2_ws/src/controller_package': PYTHONPATH=/home/mauricio/ros2_ws/build/controller_package/prefix_override:/home/mauricio/ros2_ws/install/controller_package/lib/python3.10/site-packages:${PYTHONPATH} /usr/bin/python3 -W ignore:setup.py install is deprecated setup.py egg_info --egg-base ../../build/controller_package build --build-base /home/mauricio/ros2_ws/build/controller_package/build install --record /home/mauricio/ros2_ws/build/controller_package/install.log --single-version-externally-managed install_data
[1.001s] running egg_info
[1.002s] writing ../../build/controller_package/controller_package.egg-info/PKG-INFO
[1.002s] writing dependency_links to ../../build/controller_package/controller_package.egg-info/dependency_links.txt
[1.002s] writing entry points to ../../build/controller_package/controller_package.egg-info/entry_points.txt
[1.002s] writing requirements to ../../build/controller_package/controller_package.egg-info/requires.txt
[1.002s] writing top-level names to ../../build/controller_package/controller_package.egg-info/top_level.txt
[1.003s] reading manifest file '../../build/controller_package/controller_package.egg-info/SOURCES.txt'
[1.004s] writing manifest file '../../build/controller_package/controller_package.egg-info/SOURCES.txt'
[1.004s] running build
[1.004s] running build_py
[1.005s] copying controller_package/auto_controller.py -> /home/mauricio/ros2_ws/build/controller_package/build/lib/controller_package
[1.005s] running install
[1.005s] running install_lib
[1.005s] copying /home/mauricio/ros2_ws/build/controller_package/build/lib/controller_package/auto_controller.py -> /home/mauricio/ros2_ws/install/controller_package/lib/python3.10/site-packages/controller_package
[1.006s] byte-compiling /home/mauricio/ros2_ws/install/controller_package/lib/python3.10/site-packages/controller_package/auto_controller.py to auto_controller.cpython-310.pyc
[1.006s] running install_data
[1.006s] running install_egg_info
[1.007s] removing '/home/mauricio/ros2_ws/install/controller_package/lib/python3.10/site-packages/controller_package-0.0.0-py3.10.egg-info' (and everything under it)
[1.008s] Copying ../../build/controller_package/controller_package.egg-info to /home/mauricio/ros2_ws/install/controller_package/lib/python3.10/site-packages/controller_package-0.0.0-py3.10.egg-info
[1.010s] running install_scripts
[1.024s] Installing auto script to /home/mauricio/ros2_ws/install/controller_package/lib/controller_package
[1.024s] writing list of installed files to '/home/mauricio/ros2_ws/build/controller_package/install.log'
[1.045s] Invoked command in '/home/mauricio/ros2_ws/src/controller_package' returned '0': PYTHONPATH=/home/mauricio/ros2_ws/build/controller_package/prefix_override:/home/mauricio/ros2_ws/install/controller_package/lib/python3.10/site-packages:${PYTHONPATH} /usr/bin/python3 -W ignore:setup.py install is deprecated setup.py egg_info --egg-base ../../build/controller_package build --build-base /home/mauricio/ros2_ws/build/controller_package/build install --record /home/mauricio/ros2_ws/build/controller_package/install.log --single-version-externally-managed install_data
