-- Found ament_cmake: 1.3.8 (/opt/ros/humble/share/ament_cmake/cmake)
-- Found rclpy: 3.3.12 (/opt/ros/humble/share/rclpy/cmake)
-- Found std_msgs: 4.2.3 (/opt/ros/humble/share/std_msgs/cmake)
-- Found rosidl_generator_c: 3.1.5 (/opt/ros/humble/share/rosidl_generator_c/cmake)
-- Found rosidl_adapter: 3.1.5 (/opt/ros/humble/share/rosidl_adapter/cmake)
-- Found rosidl_generator_cpp: 3.1.5 (/opt/ros/humble/share/rosidl_generator_cpp/cmake)
-- Using all available rosidl_typesupport_c: rosidl_typesupport_fastrtps_c;rosidl_typesupport_introspection_c
-- Using all available rosidl_typesupport_cpp: rosidl_typesupport_fastrtps_cpp;rosidl_typesupport_introspection_cpp
-- Found rosidl_default_generators: 1.2.0 (/opt/ros/humble/share/rosidl_default_generators/cmake)
-- Found ament_cmake_ros: 0.10.0 (/opt/ros/humble/share/ament_cmake_ros/cmake)
-- Using all available rosidl_typesupport_c: rosidl_typesupport_fastrtps_c;rosidl_typesupport_introspection_c
-- Using all available rosidl_typesupport_cpp: rosidl_typesupport_fastrtps_cpp;rosidl_typesupport_introspection_cpp
-- Found PythonInterp: /usr/bin/python3 (found suitable version "3.10.12", minimum required is "3.6") 
-- Found python_cmake_module: 0.10.0 (/opt/ros/humble/share/python_cmake_module/cmake)
-- Found PythonLibs: /usr/lib/x86_64-linux-gnu/libpython3.10.so (found suitable version "3.10.12", minimum required is "3.5") 
-- Using PYTHON_EXECUTABLE: /usr/bin/python3
-- Using PYTHON_INCLUDE_DIRS: /usr/include/python3.10
-- Using PYTHON_LIBRARIES: /usr/lib/x86_64-linux-gnu/libpython3.10.so
-- Found PythonExtra: .so  
-- Found ament_lint_auto: 0.12.10 (/opt/ros/humble/share/ament_lint_auto/cmake)
-- Added test 'lint_cmake' to check CMake code style
-- Added test 'xmllint' to check XML markup files
-- Configuring done
-- Generating done
-- Build files have been written to: /home/mauricio/minicurso-ros2/build/interfaces_package
[  3%] [34m[1mGenerating C code for ROS interfaces[0m
[  6%] [34m[1mGenerating C++ code for ROS interfaces[0m
[  6%] Built target ament_cmake_python_copy_interfaces_package
[  6%] Built target interfaces_package__cpp
running egg_info
creating interfaces_package.egg-info
[  9%] [34m[1mGenerating C++ type support for eProsima Fast-RTPS[0m
[ 16%] [34m[1mGenerating C++ introspection for ROS interfaces[0m
[ 16%] [34m[1mGenerating C++ type support dispatch for ROS interfaces[0m
writing interfaces_package.egg-info/PKG-INFO
writing dependency_links to interfaces_package.egg-info/dependency_links.txt
writing top-level names to interfaces_package.egg-info/top_level.txt
writing manifest file 'interfaces_package.egg-info/SOURCES.txt'
reading manifest file 'interfaces_package.egg-info/SOURCES.txt'
writing manifest file 'interfaces_package.egg-info/SOURCES.txt'
[ 16%] Built target ament_cmake_python_build_interfaces_package_egg
[ 19%] [32mBuilding C object CMakeFiles/interfaces_package__rosidl_generator_c.dir/rosidl_generator_c/interfaces_package/msg/detail/game_info__functions.c.o[0m
In file included from [01m[K/home/mauricio/minicurso-ros2/build/interfaces_package/rosidl_generator_c/interfaces_package/msg/detail/game_info__functions.h:19[m[K,
                 from [01m[K/home/mauricio/minicurso-ros2/build/interfaces_package/rosidl_generator_c/interfaces_package/msg/detail/game_info__functions.c:4[m[K:
[01m[K/home/mauricio/minicurso-ros2/build/interfaces_package/rosidl_generator_c/interfaces_package/msg/detail/game_info__struct.h:23:10:[m[K [01;31m[Kfatal error: [m[Kinterfaces_package/msg/detail/int16__struct.h: No such file or directory
   23 | #include [01;31m[K"interfaces_package/msg/detail/int16__struct.h"[m[K
      |          [01;31m[K^~~~~~~~~~~~~~~~~~~~~~~~~~~~~~~~~~~~~~~~~~~~~~~[m[K
compilation terminated.
gmake[2]: *** [CMakeFiles/interfaces_package__rosidl_generator_c.dir/build.make:137: CMakeFiles/interfaces_package__rosidl_generator_c.dir/rosidl_generator_c/interfaces_package/msg/detail/game_info__functions.c.o] Error 1
gmake[1]: *** [CMakeFiles/Makefile2:213: CMakeFiles/interfaces_package__rosidl_generator_c.dir/all] Error 2
gmake[1]: *** Waiting for unfinished jobs....
[ 22%] [32mBuilding CXX object CMakeFiles/interfaces_package__rosidl_typesupport_cpp.dir/rosidl_typesupport_cpp/interfaces_package/msg/game_info__type_support.cpp.o[0m
[ 25%] [32mBuilding CXX object CMakeFiles/interfaces_package__rosidl_typesupport_introspection_cpp.dir/rosidl_typesupport_introspection_cpp/interfaces_package/msg/detail/game_info__type_support.cpp.o[0m
[ 29%] [32mBuilding CXX object CMakeFiles/interfaces_package__rosidl_typesupport_fastrtps_cpp.dir/rosidl_typesupport_fastrtps_cpp/interfaces_package/msg/detail/dds_fastrtps/game_info__type_support.cpp.o[0m
In file included from [01m[K/home/mauricio/minicurso-ros2/build/interfaces_package/rosidl_typesupport_cpp/interfaces_package/msg/game_info__type_support.cpp:7[m[K:
[01m[K/home/mauricio/minicurso-ros2/build/interfaces_package/rosidl_generator_cpp/interfaces_package/msg/detail/game_info__struct.hpp:21:10:[m[K [01;31m[Kfatal error: [m[Kinterfaces_package/msg/detail/int16__struct.hpp: No such file or directory
   21 | #include [01;31m[K"interfaces_package/msg/detail/int16__struct.hpp"[m[K
      |          [01;31m[K^~~~~~~~~~~~~~~~~~~~~~~~~~~~~~~~~~~~~~~~~~~~~~~~~[m[K
In file included from [01m[K/home/mauricio/minicurso-ros2/build/interfaces_package/rosidl_typesupport_fastrtps_cpp/interfaces_package/msg/detail/game_info__rosidl_typesupport_fastrtps_cpp.hpp:11[m[K,
                 from [01m[K/home/mauricio/minicurso-ros2/build/interfaces_package/rosidl_typesupport_fastrtps_cpp/interfaces_package/msg/detail/dds_fastrtps/game_info__type_support.cpp:4[m[K:
[01m[K/home/mauricio/minicurso-ros2/build/interfaces_package/rosidl_generator_cpp/interfaces_package/msg/detail/game_info__struct.hpp:21:10:[m[K [01;31m[Kfatal error: [m[Kinterfaces_package/msg/detail/int16__struct.hpp: No such file or directory
   21 | #include [01;31m[K"interfaces_package/msg/detail/int16__struct.hpp"[m[K
      |          [01;31m[K^~~~~~~~~~~~~~~~~~~~~~~~~~~~~~~~~~~~~~~~~~~~~~~~~[m[K
compilation terminated.
compilation terminated.
gmake[2]: *** [CMakeFiles/interfaces_package__rosidl_typesupport_fastrtps_cpp.dir/build.make:123: CMakeFiles/interfaces_package__rosidl_typesupport_fastrtps_cpp.dir/rosidl_typesupport_fastrtps_cpp/interfaces_package/msg/detail/dds_fastrtps/game_info__type_support.cpp.o] Error 1
gmake[1]: *** [CMakeFiles/Makefile2:291: CMakeFiles/interfaces_package__rosidl_typesupport_fastrtps_cpp.dir/all] Error 2
gmake[2]: *** [CMakeFiles/interfaces_package__rosidl_typesupport_cpp.dir/build.make:118: CMakeFiles/interfaces_package__rosidl_typesupport_cpp.dir/rosidl_typesupport_cpp/interfaces_package/msg/game_info__type_support.cpp.o] Error 1
gmake[1]: *** [CMakeFiles/Makefile2:395: CMakeFiles/interfaces_package__rosidl_typesupport_cpp.dir/all] Error 2
In file included from [01m[K/home/mauricio/minicurso-ros2/build/interfaces_package/rosidl_typesupport_introspection_cpp/interfaces_package/msg/detail/game_info__type_support.cpp:12[m[K:
[01m[K/home/mauricio/minicurso-ros2/build/interfaces_package/rosidl_generator_cpp/interfaces_package/msg/detail/game_info__struct.hpp:21:10:[m[K [01;31m[Kfatal error: [m[Kinterfaces_package/msg/detail/int16__struct.hpp: No such file or directory
   21 | #include [01;31m[K"interfaces_package/msg/detail/int16__struct.hpp"[m[K
      |          [01;31m[K^~~~~~~~~~~~~~~~~~~~~~~~~~~~~~~~~~~~~~~~~~~~~~~~~[m[K
compilation terminated.
gmake[2]: *** [CMakeFiles/interfaces_package__rosidl_typesupport_introspection_cpp.dir/build.make:123: CMakeFiles/interfaces_package__rosidl_typesupport_introspection_cpp.dir/rosidl_typesupport_introspection_cpp/interfaces_package/msg/detail/game_info__type_support.cpp.o] Error 1
gmake[1]: *** [CMakeFiles/Makefile2:369: CMakeFiles/interfaces_package__rosidl_typesupport_introspection_cpp.dir/all] Error 2
gmake: *** [Makefile:146: all] Error 2
