[0.321s] Invoking command in '/home/mauricio/minicurso-ros2/build/interfaces_package': CMAKE_PREFIX_PATH=${CMAKE_PREFIX_PATH}:/home/mauricio/minicurso-ros2/install/simulator_package:/home/mauricio/minicurso-ros2/install/paddle_controller_package:/home/mauricio/Documents/taurabots/soccer-client-ros2/install/strategy_package:/home/mauricio/Documents/taurabots/soccer-client-ros2/install/sender_package:/home/mauricio/Documents/taurabots/soccer-client-ros2/install/robots_package:/home/mauricio/Documents/taurabots/soccer-client-ros2/install/receiver_package:/home/mauricio/Documents/taurabots/soccer-client-ros2/install/protobuf_package:/home/mauricio/Documents/taurabots/soccer-client-ros2/install/navigation_package:/home/mauricio/Documents/taurabots/soccer-client-ros2/install/manager_package:/home/mauricio/Documents/taurabots/soccer-client/install/sender_package:/home/mauricio/Documents/taurabots/soccer-client/install/robots_package:/home/mauricio/Documents/taurabots/soccer-client/install/receiver_package:/home/mauricio/Documents/taurabots/soccer-client/install/manager_package:/home/mauricio/Documents/taurabots/soccer-client/install/controller_package:/home/mauricio/Documents/taurabots/soccer-client/install/behavior_package:/opt/ros/humble /usr/bin/cmake /home/mauricio/minicurso-ros2/src/interfaces_package -DCMAKE_INSTALL_PREFIX=/home/mauricio/minicurso-ros2/install/interfaces_package
[0.625s] -- Found ament_cmake: 1.3.8 (/opt/ros/humble/share/ament_cmake/cmake)
[0.626s] -- Found rclpy: 3.3.12 (/opt/ros/humble/share/rclpy/cmake)
[0.626s] -- Found std_msgs: 4.2.3 (/opt/ros/humble/share/std_msgs/cmake)
[0.627s] -- Found rosidl_generator_c: 3.1.5 (/opt/ros/humble/share/rosidl_generator_c/cmake)
[0.627s] -- Found rosidl_adapter: 3.1.5 (/opt/ros/humble/share/rosidl_adapter/cmake)
[0.627s] -- Found rosidl_generator_cpp: 3.1.5 (/opt/ros/humble/share/rosidl_generator_cpp/cmake)
[0.627s] -- Using all available rosidl_typesupport_c: rosidl_typesupport_fastrtps_c;rosidl_typesupport_introspection_c
[0.628s] -- Using all available rosidl_typesupport_cpp: rosidl_typesupport_fastrtps_cpp;rosidl_typesupport_introspection_cpp
[0.628s] -- Found rosidl_default_generators: 1.2.0 (/opt/ros/humble/share/rosidl_default_generators/cmake)
[0.941s] -- Found ament_cmake_ros: 0.10.0 (/opt/ros/humble/share/ament_cmake_ros/cmake)
[1.508s] -- Using all available rosidl_typesupport_c: rosidl_typesupport_fastrtps_c;rosidl_typesupport_introspection_c
[1.751s] -- Using all available rosidl_typesupport_cpp: rosidl_typesupport_fastrtps_cpp;rosidl_typesupport_introspection_cpp
[1.793s] -- Found PythonInterp: /usr/bin/python3 (found suitable version "3.10.12", minimum required is "3.6") 
[1.800s] -- Found python_cmake_module: 0.10.0 (/opt/ros/humble/share/python_cmake_module/cmake)
[1.868s] -- Found PythonLibs: /usr/lib/x86_64-linux-gnu/libpython3.10.so (found suitable version "3.10.12", minimum required is "3.5") 
[1.869s] -- Using PYTHON_EXECUTABLE: /usr/bin/python3
[1.871s] -- Using PYTHON_INCLUDE_DIRS: /usr/include/python3.10
[1.872s] -- Using PYTHON_LIBRARIES: /usr/lib/x86_64-linux-gnu/libpython3.10.so
[1.917s] -- Found PythonExtra: .so  
[1.991s] -- Found ament_lint_auto: 0.12.10 (/opt/ros/humble/share/ament_lint_auto/cmake)
[2.090s] -- Added test 'lint_cmake' to check CMake code style
[2.094s] -- Added test 'xmllint' to check XML markup files
[2.101s] -- Configuring done
[2.153s] -- Generating done
[2.157s] -- Build files have been written to: /home/mauricio/minicurso-ros2/build/interfaces_package
[2.167s] Invoked command in '/home/mauricio/minicurso-ros2/build/interfaces_package' returned '0': CMAKE_PREFIX_PATH=${CMAKE_PREFIX_PATH}:/home/mauricio/minicurso-ros2/install/simulator_package:/home/mauricio/minicurso-ros2/install/paddle_controller_package:/home/mauricio/Documents/taurabots/soccer-client-ros2/install/strategy_package:/home/mauricio/Documents/taurabots/soccer-client-ros2/install/sender_package:/home/mauricio/Documents/taurabots/soccer-client-ros2/install/robots_package:/home/mauricio/Documents/taurabots/soccer-client-ros2/install/receiver_package:/home/mauricio/Documents/taurabots/soccer-client-ros2/install/protobuf_package:/home/mauricio/Documents/taurabots/soccer-client-ros2/install/navigation_package:/home/mauricio/Documents/taurabots/soccer-client-ros2/install/manager_package:/home/mauricio/Documents/taurabots/soccer-client/install/sender_package:/home/mauricio/Documents/taurabots/soccer-client/install/robots_package:/home/mauricio/Documents/taurabots/soccer-client/install/receiver_package:/home/mauricio/Documents/taurabots/soccer-client/install/manager_package:/home/mauricio/Documents/taurabots/soccer-client/install/controller_package:/home/mauricio/Documents/taurabots/soccer-client/install/behavior_package:/opt/ros/humble /usr/bin/cmake /home/mauricio/minicurso-ros2/src/interfaces_package -DCMAKE_INSTALL_PREFIX=/home/mauricio/minicurso-ros2/install/interfaces_package
[2.170s] Invoking command in '/home/mauricio/minicurso-ros2/build/interfaces_package': CMAKE_PREFIX_PATH=${CMAKE_PREFIX_PATH}:/home/mauricio/minicurso-ros2/install/simulator_package:/home/mauricio/minicurso-ros2/install/paddle_controller_package:/home/mauricio/Documents/taurabots/soccer-client-ros2/install/strategy_package:/home/mauricio/Documents/taurabots/soccer-client-ros2/install/sender_package:/home/mauricio/Documents/taurabots/soccer-client-ros2/install/robots_package:/home/mauricio/Documents/taurabots/soccer-client-ros2/install/receiver_package:/home/mauricio/Documents/taurabots/soccer-client-ros2/install/protobuf_package:/home/mauricio/Documents/taurabots/soccer-client-ros2/install/navigation_package:/home/mauricio/Documents/taurabots/soccer-client-ros2/install/manager_package:/home/mauricio/Documents/taurabots/soccer-client/install/sender_package:/home/mauricio/Documents/taurabots/soccer-client/install/robots_package:/home/mauricio/Documents/taurabots/soccer-client/install/receiver_package:/home/mauricio/Documents/taurabots/soccer-client/install/manager_package:/home/mauricio/Documents/taurabots/soccer-client/install/controller_package:/home/mauricio/Documents/taurabots/soccer-client/install/behavior_package:/opt/ros/humble /usr/bin/cmake --build /home/mauricio/minicurso-ros2/build/interfaces_package -- -j12 -l12
[2.215s] [  3%] [34m[1mGenerating C code for ROS interfaces[0m
[2.226s] [  6%] [34m[1mGenerating C++ code for ROS interfaces[0m
[2.235s] [  6%] Built target ament_cmake_python_copy_interfaces_package
[2.577s] [  6%] Built target interfaces_package__cpp
[2.589s] running egg_info
[2.590s] creating interfaces_package.egg-info
[2.590s] [  9%] [34m[1mGenerating C++ type support for eProsima Fast-RTPS[0m
[2.590s] [ 16%] [34m[1mGenerating C++ introspection for ROS interfaces[0m
[2.590s] [ 16%] [34m[1mGenerating C++ type support dispatch for ROS interfaces[0m
[2.591s] writing interfaces_package.egg-info/PKG-INFO
[2.591s] writing dependency_links to interfaces_package.egg-info/dependency_links.txt
[2.591s] writing top-level names to interfaces_package.egg-info/top_level.txt
[2.591s] writing manifest file 'interfaces_package.egg-info/SOURCES.txt'
[2.595s] reading manifest file 'interfaces_package.egg-info/SOURCES.txt'
[2.596s] writing manifest file 'interfaces_package.egg-info/SOURCES.txt'
[2.645s] [ 16%] Built target ament_cmake_python_build_interfaces_package_egg
[2.661s] [ 19%] [32mBuilding C object CMakeFiles/interfaces_package__rosidl_generator_c.dir/rosidl_generator_c/interfaces_package/msg/detail/game_info__functions.c.o[0m
[2.717s] In file included from [01m[K/home/mauricio/minicurso-ros2/build/interfaces_package/rosidl_generator_c/interfaces_package/msg/detail/game_info__functions.h:19[m[K,
[2.718s]                  from [01m[K/home/mauricio/minicurso-ros2/build/interfaces_package/rosidl_generator_c/interfaces_package/msg/detail/game_info__functions.c:4[m[K:
[2.718s] [01m[K/home/mauricio/minicurso-ros2/build/interfaces_package/rosidl_generator_c/interfaces_package/msg/detail/game_info__struct.h:23:10:[m[K [01;31m[Kfatal error: [m[Kinterfaces_package/msg/detail/int16__struct.h: No such file or directory
[2.718s]    23 | #include [01;31m[K"interfaces_package/msg/detail/int16__struct.h"[m[K
[2.718s]       |          [01;31m[K^~~~~~~~~~~~~~~~~~~~~~~~~~~~~~~~~~~~~~~~~~~~~~~[m[K
[2.718s] compilation terminated.
[2.719s] gmake[2]: *** [CMakeFiles/interfaces_package__rosidl_generator_c.dir/build.make:137: CMakeFiles/interfaces_package__rosidl_generator_c.dir/rosidl_generator_c/interfaces_package/msg/detail/game_info__functions.c.o] Error 1
[2.719s] gmake[1]: *** [CMakeFiles/Makefile2:213: CMakeFiles/interfaces_package__rosidl_generator_c.dir/all] Error 2
[2.719s] gmake[1]: *** Waiting for unfinished jobs....
[2.909s] [ 22%] [32mBuilding CXX object CMakeFiles/interfaces_package__rosidl_typesupport_cpp.dir/rosidl_typesupport_cpp/interfaces_package/msg/game_info__type_support.cpp.o[0m
[2.920s] [ 25%] [32mBuilding CXX object CMakeFiles/interfaces_package__rosidl_typesupport_introspection_cpp.dir/rosidl_typesupport_introspection_cpp/interfaces_package/msg/detail/game_info__type_support.cpp.o[0m
[2.939s] [ 29%] [32mBuilding CXX object CMakeFiles/interfaces_package__rosidl_typesupport_fastrtps_cpp.dir/rosidl_typesupport_fastrtps_cpp/interfaces_package/msg/detail/dds_fastrtps/game_info__type_support.cpp.o[0m
[3.043s] In file included from [01m[K/home/mauricio/minicurso-ros2/build/interfaces_package/rosidl_typesupport_cpp/interfaces_package/msg/game_info__type_support.cpp:7[m[K:
[3.044s] [01m[K/home/mauricio/minicurso-ros2/build/interfaces_package/rosidl_generator_cpp/interfaces_package/msg/detail/game_info__struct.hpp:21:10:[m[K [01;31m[Kfatal error: [m[Kinterfaces_package/msg/detail/int16__struct.hpp: No such file or directory
[3.044s]    21 | #include [01;31m[K"interfaces_package/msg/detail/int16__struct.hpp"[m[K
[3.044s]       |          [01;31m[K^~~~~~~~~~~~~~~~~~~~~~~~~~~~~~~~~~~~~~~~~~~~~~~~~[m[K
[3.044s] In file included from [01m[K/home/mauricio/minicurso-ros2/build/interfaces_package/rosidl_typesupport_fastrtps_cpp/interfaces_package/msg/detail/game_info__rosidl_typesupport_fastrtps_cpp.hpp:11[m[K,
[3.044s]                  from [01m[K/home/mauricio/minicurso-ros2/build/interfaces_package/rosidl_typesupport_fastrtps_cpp/interfaces_package/msg/detail/dds_fastrtps/game_info__type_support.cpp:4[m[K:
[3.044s] [01m[K/home/mauricio/minicurso-ros2/build/interfaces_package/rosidl_generator_cpp/interfaces_package/msg/detail/game_info__struct.hpp:21:10:[m[K [01;31m[Kfatal error: [m[Kinterfaces_package/msg/detail/int16__struct.hpp: No such file or directory
[3.044s]    21 | #include [01;31m[K"interfaces_package/msg/detail/int16__struct.hpp"[m[K
[3.044s]       |          [01;31m[K^~~~~~~~~~~~~~~~~~~~~~~~~~~~~~~~~~~~~~~~~~~~~~~~~[m[K
[3.045s] compilation terminated.
[3.045s] compilation terminated.
[3.046s] gmake[2]: *** [CMakeFiles/interfaces_package__rosidl_typesupport_fastrtps_cpp.dir/build.make:123: CMakeFiles/interfaces_package__rosidl_typesupport_fastrtps_cpp.dir/rosidl_typesupport_fastrtps_cpp/interfaces_package/msg/detail/dds_fastrtps/game_info__type_support.cpp.o] Error 1
[3.046s] gmake[1]: *** [CMakeFiles/Makefile2:291: CMakeFiles/interfaces_package__rosidl_typesupport_fastrtps_cpp.dir/all] Error 2
[3.046s] gmake[2]: *** [CMakeFiles/interfaces_package__rosidl_typesupport_cpp.dir/build.make:118: CMakeFiles/interfaces_package__rosidl_typesupport_cpp.dir/rosidl_typesupport_cpp/interfaces_package/msg/game_info__type_support.cpp.o] Error 1
[3.046s] gmake[1]: *** [CMakeFiles/Makefile2:395: CMakeFiles/interfaces_package__rosidl_typesupport_cpp.dir/all] Error 2
[3.069s] In file included from [01m[K/home/mauricio/minicurso-ros2/build/interfaces_package/rosidl_typesupport_introspection_cpp/interfaces_package/msg/detail/game_info__type_support.cpp:12[m[K:
[3.069s] [01m[K/home/mauricio/minicurso-ros2/build/interfaces_package/rosidl_generator_cpp/interfaces_package/msg/detail/game_info__struct.hpp:21:10:[m[K [01;31m[Kfatal error: [m[Kinterfaces_package/msg/detail/int16__struct.hpp: No such file or directory
[3.069s]    21 | #include [01;31m[K"interfaces_package/msg/detail/int16__struct.hpp"[m[K
[3.069s]       |          [01;31m[K^~~~~~~~~~~~~~~~~~~~~~~~~~~~~~~~~~~~~~~~~~~~~~~~~[m[K
[3.069s] compilation terminated.
[3.071s] gmake[2]: *** [CMakeFiles/interfaces_package__rosidl_typesupport_introspection_cpp.dir/build.make:123: CMakeFiles/interfaces_package__rosidl_typesupport_introspection_cpp.dir/rosidl_typesupport_introspection_cpp/interfaces_package/msg/detail/game_info__type_support.cpp.o] Error 1
[3.071s] gmake[1]: *** [CMakeFiles/Makefile2:369: CMakeFiles/interfaces_package__rosidl_typesupport_introspection_cpp.dir/all] Error 2
[3.071s] gmake: *** [Makefile:146: all] Error 2
[3.074s] Invoked command in '/home/mauricio/minicurso-ros2/build/interfaces_package' returned '2': CMAKE_PREFIX_PATH=${CMAKE_PREFIX_PATH}:/home/mauricio/minicurso-ros2/install/simulator_package:/home/mauricio/minicurso-ros2/install/paddle_controller_package:/home/mauricio/Documents/taurabots/soccer-client-ros2/install/strategy_package:/home/mauricio/Documents/taurabots/soccer-client-ros2/install/sender_package:/home/mauricio/Documents/taurabots/soccer-client-ros2/install/robots_package:/home/mauricio/Documents/taurabots/soccer-client-ros2/install/receiver_package:/home/mauricio/Documents/taurabots/soccer-client-ros2/install/protobuf_package:/home/mauricio/Documents/taurabots/soccer-client-ros2/install/navigation_package:/home/mauricio/Documents/taurabots/soccer-client-ros2/install/manager_package:/home/mauricio/Documents/taurabots/soccer-client/install/sender_package:/home/mauricio/Documents/taurabots/soccer-client/install/robots_package:/home/mauricio/Documents/taurabots/soccer-client/install/receiver_package:/home/mauricio/Documents/taurabots/soccer-client/install/manager_package:/home/mauricio/Documents/taurabots/soccer-client/install/controller_package:/home/mauricio/Documents/taurabots/soccer-client/install/behavior_package:/opt/ros/humble /usr/bin/cmake --build /home/mauricio/minicurso-ros2/build/interfaces_package -- -j12 -l12
