[0.932s] Invoking command in '/home/mauricio/ros2_ws/src/controller_package': PYTHONPATH=/home/mauricio/ros2_ws/build/controller_package/prefix_override:/home/mauricio/ros2_ws/install/controller_package/lib/python3.10/site-packages:${PYTHONPATH} /usr/bin/python3 -W ignore:setup.py install is deprecated setup.py egg_info --egg-base ../../build/controller_package build --build-base /home/mauricio/ros2_ws/build/controller_package/build install --record /home/mauricio/ros2_ws/build/controller_package/install.log --single-version-externally-managed install_data
[1.180s] running egg_info
[1.183s] writing ../../build/controller_package/controller_package.egg-info/PKG-INFO
[1.183s] writing dependency_links to ../../build/controller_package/controller_package.egg-info/dependency_links.txt
[1.183s] writing entry points to ../../build/controller_package/controller_package.egg-info/entry_points.txt
[1.183s] writing requirements to ../../build/controller_package/controller_package.egg-info/requires.txt
[1.183s] writing top-level names to ../../build/controller_package/controller_package.egg-info/top_level.txt
[1.184s] reading manifest file '../../build/controller_package/controller_package.egg-info/SOURCES.txt'
[1.184s] writing manifest file '../../build/controller_package/controller_package.egg-info/SOURCES.txt'
[1.184s] running build
[1.184s] running build_py
[1.185s] running install
[1.185s] running install_lib
[1.185s] running install_data
[1.185s] running install_egg_info
[1.186s] removing '/home/mauricio/ros2_ws/install/controller_package/lib/python3.10/site-packages/controller_package-0.0.0-py3.10.egg-info' (and everything under it)
[1.187s] Copying ../../build/controller_package/controller_package.egg-info to /home/mauricio/ros2_ws/install/controller_package/lib/python3.10/site-packages/controller_package-0.0.0-py3.10.egg-info
[1.187s] running install_scripts
[1.205s] Installing auto script to /home/mauricio/ros2_ws/install/controller_package/lib/controller_package
[1.206s] writing list of installed files to '/home/mauricio/ros2_ws/build/controller_package/install.log'
[1.241s] Invoked command in '/home/mauricio/ros2_ws/src/controller_package' returned '0': PYTHONPATH=/home/mauricio/ros2_ws/build/controller_package/prefix_override:/home/mauricio/ros2_ws/install/controller_package/lib/python3.10/site-packages:${PYTHONPATH} /usr/bin/python3 -W ignore:setup.py install is deprecated setup.py egg_info --egg-base ../../build/controller_package build --build-base /home/mauricio/ros2_ws/build/controller_package/build install --record /home/mauricio/ros2_ws/build/controller_package/install.log --single-version-externally-managed install_data
