[1.361s] Invoking command in '/home/mauricio/minicurso-ros2/src/simulator_package': PYTHONPATH=/home/mauricio/minicurso-ros2/build/simulator_package/prefix_override:/home/mauricio/minicurso-ros2/install/simulator_package/lib/python3.10/site-packages:${PYTHONPATH} /usr/bin/python3 -W ignore:setup.py install is deprecated setup.py egg_info --egg-base ../../build/simulator_package build --build-base /home/mauricio/minicurso-ros2/build/simulator_package/build install --record /home/mauricio/minicurso-ros2/build/simulator_package/install.log --single-version-externally-managed install_data
[1.672s] running egg_info
[1.673s] writing ../../build/simulator_package/simulator_package.egg-info/PKG-INFO
[1.673s] writing dependency_links to ../../build/simulator_package/simulator_package.egg-info/dependency_links.txt
[1.673s] writing entry points to ../../build/simulator_package/simulator_package.egg-info/entry_points.txt
[1.674s] writing requirements to ../../build/simulator_package/simulator_package.egg-info/requires.txt
[1.674s] writing top-level names to ../../build/simulator_package/simulator_package.egg-info/top_level.txt
[1.676s] reading manifest file '../../build/simulator_package/simulator_package.egg-info/SOURCES.txt'
[1.678s] writing manifest file '../../build/simulator_package/simulator_package.egg-info/SOURCES.txt'
[1.678s] running build
[1.678s] running build_py
[1.678s] copying simulator_package/simulator_node.py -> /home/mauricio/minicurso-ros2/build/simulator_package/build/lib/simulator_package
[1.678s] running install
[1.679s] running install_lib
[1.680s] copying /home/mauricio/minicurso-ros2/build/simulator_package/build/lib/simulator_package/simulator_node.py -> /home/mauricio/minicurso-ros2/install/simulator_package/lib/python3.10/site-packages/simulator_package
[1.681s] byte-compiling /home/mauricio/minicurso-ros2/install/simulator_package/lib/python3.10/site-packages/simulator_package/simulator_node.py to simulator_node.cpython-310.pyc
[1.683s] running install_data
[1.683s] running install_egg_info
[1.686s] removing '/home/mauricio/minicurso-ros2/install/simulator_package/lib/python3.10/site-packages/simulator_package-0.0.0-py3.10.egg-info' (and everything under it)
[1.687s] Copying ../../build/simulator_package/simulator_package.egg-info to /home/mauricio/minicurso-ros2/install/simulator_package/lib/python3.10/site-packages/simulator_package-0.0.0-py3.10.egg-info
[1.688s] running install_scripts
[1.718s] Installing simulator script to /home/mauricio/minicurso-ros2/install/simulator_package/lib/simulator_package
[1.718s] writing list of installed files to '/home/mauricio/minicurso-ros2/build/simulator_package/install.log'
[1.750s] Invoked command in '/home/mauricio/minicurso-ros2/src/simulator_package' returned '0': PYTHONPATH=/home/mauricio/minicurso-ros2/build/simulator_package/prefix_override:/home/mauricio/minicurso-ros2/install/simulator_package/lib/python3.10/site-packages:${PYTHONPATH} /usr/bin/python3 -W ignore:setup.py install is deprecated setup.py egg_info --egg-base ../../build/simulator_package build --build-base /home/mauricio/minicurso-ros2/build/simulator_package/build install --record /home/mauricio/minicurso-ros2/build/simulator_package/install.log --single-version-externally-managed install_data
