[  9%] Built target interfaces_package__rosidl_generator_c
[ 12%] Built target interfaces_package__cpp
[ 12%] Built target ament_cmake_python_copy_interfaces_package
[ 22%] Built target interfaces_package__rosidl_typesupport_fastrtps_c
[ 32%] Built target interfaces_package__rosidl_typesupport_introspection_c
[ 41%] Built target interfaces_package__rosidl_typesupport_c
[ 51%] Built target interfaces_package__rosidl_typesupport_introspection_cpp
[ 61%] Built target interfaces_package__rosidl_typesupport_fastrtps_cpp
[ 70%] Built target interfaces_package__rosidl_typesupport_cpp
[ 70%] Built target interfaces_package
[ 74%] Built target interfaces_package__py
[ 80%] Built target interfaces_package__rosidl_generator_py
[ 93%] Built target interfaces_package__rosidl_typesupport_introspection_c__pyext
[ 93%] Built target interfaces_package__rosidl_typesupport_fastrtps_c__pyext
[100%] Built target interfaces_package__rosidl_typesupport_c__pyext
running egg_info
writing interfaces_package.egg-info/PKG-INFO
writing dependency_links to interfaces_package.egg-info/dependency_links.txt
writing top-level names to interfaces_package.egg-info/top_level.txt
reading manifest file 'interfaces_package.egg-info/SOURCES.txt'
writing manifest file 'interfaces_package.egg-info/SOURCES.txt'
[100%] Built target ament_cmake_python_build_interfaces_package_egg
-- Install configuration: ""
-- Up-to-date: /home/mauricio/minicurso-ros2/install/interfaces_package/share/ament_index/resource_index/rosidl_interfaces/interfaces_package
-- Up-to-date: /home/mauricio/minicurso-ros2/install/interfaces_package/include/interfaces_package/interfaces_package
-- Up-to-date: /home/mauricio/minicurso-ros2/install/interfaces_package/include/interfaces_package/interfaces_package/msg
-- Up-to-date: /home/mauricio/minicurso-ros2/install/interfaces_package/include/interfaces_package/interfaces_package/msg/game_info.h
-- Up-to-date: /home/mauricio/minicurso-ros2/install/interfaces_package/include/interfaces_package/interfaces_package/msg/rosidl_generator_c__visibility_control.h
-- Up-to-date: /home/mauricio/minicurso-ros2/install/interfaces_package/include/interfaces_package/interfaces_package/msg/detail
-- Up-to-date: /home/mauricio/minicurso-ros2/install/interfaces_package/include/interfaces_package/interfaces_package/msg/detail/game_info__functions.c
-- Up-to-date: /home/mauricio/minicurso-ros2/install/interfaces_package/include/interfaces_package/interfaces_package/msg/detail/game_info__struct.h
-- Up-to-date: /home/mauricio/minicurso-ros2/install/interfaces_package/include/interfaces_package/interfaces_package/msg/detail/game_info__type_support.h
-- Up-to-date: /home/mauricio/minicurso-ros2/install/interfaces_package/include/interfaces_package/interfaces_package/msg/detail/game_info__functions.h
-- Up-to-date: /home/mauricio/minicurso-ros2/install/interfaces_package/include/interfaces_package/interfaces_package/srv
-- Up-to-date: /home/mauricio/minicurso-ros2/install/interfaces_package/include/interfaces_package/interfaces_package/srv/sim_control.h
-- Up-to-date: /home/mauricio/minicurso-ros2/install/interfaces_package/include/interfaces_package/interfaces_package/srv/detail
-- Up-to-date: /home/mauricio/minicurso-ros2/install/interfaces_package/include/interfaces_package/interfaces_package/srv/detail/sim_control__functions.c
-- Up-to-date: /home/mauricio/minicurso-ros2/install/interfaces_package/include/interfaces_package/interfaces_package/srv/detail/sim_control__struct.h
-- Up-to-date: /home/mauricio/minicurso-ros2/install/interfaces_package/include/interfaces_package/interfaces_package/srv/detail/sim_control__functions.h
-- Up-to-date: /home/mauricio/minicurso-ros2/install/interfaces_package/include/interfaces_package/interfaces_package/srv/detail/sim_control__type_support.h
-- Up-to-date: /home/mauricio/minicurso-ros2/install/interfaces_package/share/interfaces_package/environment/library_path.sh
-- Up-to-date: /home/mauricio/minicurso-ros2/install/interfaces_package/share/interfaces_package/environment/library_path.dsv
-- Up-to-date: /home/mauricio/minicurso-ros2/install/interfaces_package/lib/libinterfaces_package__rosidl_generator_c.so
-- Up-to-date: /home/mauricio/minicurso-ros2/install/interfaces_package/include/interfaces_package/interfaces_package
-- Up-to-date: /home/mauricio/minicurso-ros2/install/interfaces_package/include/interfaces_package/interfaces_package/msg
-- Up-to-date: /home/mauricio/minicurso-ros2/install/interfaces_package/include/interfaces_package/interfaces_package/msg/rosidl_typesupport_fastrtps_c__visibility_control.h
-- Up-to-date: /home/mauricio/minicurso-ros2/install/interfaces_package/include/interfaces_package/interfaces_package/srv
-- Up-to-date: /home/mauricio/minicurso-ros2/install/interfaces_package/include/interfaces_package/interfaces_package/srv/detail
-- Up-to-date: /home/mauricio/minicurso-ros2/install/interfaces_package/include/interfaces_package/interfaces_package/srv/detail/sim_control__rosidl_typesupport_fastrtps_c.h
-- Up-to-date: /home/mauricio/minicurso-ros2/install/interfaces_package/lib/libinterfaces_package__rosidl_typesupport_fastrtps_c.so
-- Up-to-date: /home/mauricio/minicurso-ros2/install/interfaces_package/include/interfaces_package/interfaces_package
-- Up-to-date: /home/mauricio/minicurso-ros2/install/interfaces_package/include/interfaces_package/interfaces_package/msg
-- Up-to-date: /home/mauricio/minicurso-ros2/install/interfaces_package/include/interfaces_package/interfaces_package/msg/game_info.hpp
-- Up-to-date: /home/mauricio/minicurso-ros2/install/interfaces_package/include/interfaces_package/interfaces_package/msg/detail
-- Up-to-date: /home/mauricio/minicurso-ros2/install/interfaces_package/include/interfaces_package/interfaces_package/msg/detail/game_info__struct.hpp
-- Up-to-date: /home/mauricio/minicurso-ros2/install/interfaces_package/include/interfaces_package/interfaces_package/msg/detail/game_info__traits.hpp
-- Up-to-date: /home/mauricio/minicurso-ros2/install/interfaces_package/include/interfaces_package/interfaces_package/msg/detail/game_info__builder.hpp
-- Up-to-date: /home/mauricio/minicurso-ros2/install/interfaces_package/include/interfaces_package/interfaces_package/srv
-- Up-to-date: /home/mauricio/minicurso-ros2/install/interfaces_package/include/interfaces_package/interfaces_package/srv/sim_control.hpp
-- Up-to-date: /home/mauricio/minicurso-ros2/install/interfaces_package/include/interfaces_package/interfaces_package/srv/detail
-- Up-to-date: /home/mauricio/minicurso-ros2/install/interfaces_package/include/interfaces_package/interfaces_package/srv/detail/sim_control__struct.hpp
-- Up-to-date: /home/mauricio/minicurso-ros2/install/interfaces_package/include/interfaces_package/interfaces_package/srv/detail/sim_control__traits.hpp
-- Up-to-date: /home/mauricio/minicurso-ros2/install/interfaces_package/include/interfaces_package/interfaces_package/srv/detail/sim_control__builder.hpp
-- Up-to-date: /home/mauricio/minicurso-ros2/install/interfaces_package/include/interfaces_package/interfaces_package
-- Up-to-date: /home/mauricio/minicurso-ros2/install/interfaces_package/include/interfaces_package/interfaces_package/msg
-- Up-to-date: /home/mauricio/minicurso-ros2/install/interfaces_package/include/interfaces_package/interfaces_package/msg/rosidl_typesupport_fastrtps_cpp__visibility_control.h
-- Up-to-date: /home/mauricio/minicurso-ros2/install/interfaces_package/include/interfaces_package/interfaces_package/msg/detail
-- Up-to-date: /home/mauricio/minicurso-ros2/install/interfaces_package/include/interfaces_package/interfaces_package/msg/detail/game_info__rosidl_typesupport_fastrtps_cpp.hpp
-- Up-to-date: /home/mauricio/minicurso-ros2/install/interfaces_package/include/interfaces_package/interfaces_package/msg/detail/dds_fastrtps
-- Up-to-date: /home/mauricio/minicurso-ros2/install/interfaces_package/include/interfaces_package/interfaces_package/srv
-- Up-to-date: /home/mauricio/minicurso-ros2/install/interfaces_package/include/interfaces_package/interfaces_package/srv/detail
-- Up-to-date: /home/mauricio/minicurso-ros2/install/interfaces_package/include/interfaces_package/interfaces_package/srv/detail/sim_control__rosidl_typesupport_fastrtps_cpp.hpp
-- Up-to-date: /home/mauricio/minicurso-ros2/install/interfaces_package/include/interfaces_package/interfaces_package/srv/detail/dds_fastrtps
-- Up-to-date: /home/mauricio/minicurso-ros2/install/interfaces_package/lib/libinterfaces_package__rosidl_typesupport_fastrtps_cpp.so
-- Up-to-date: /home/mauricio/minicurso-ros2/install/interfaces_package/include/interfaces_package/interfaces_package
-- Up-to-date: /home/mauricio/minicurso-ros2/install/interfaces_package/include/interfaces_package/interfaces_package/msg
-- Up-to-date: /home/mauricio/minicurso-ros2/install/interfaces_package/include/interfaces_package/interfaces_package/msg/rosidl_typesupport_introspection_c__visibility_control.h
-- Up-to-date: /home/mauricio/minicurso-ros2/install/interfaces_package/include/interfaces_package/interfaces_package/srv
-- Up-to-date: /home/mauricio/minicurso-ros2/install/interfaces_package/include/interfaces_package/interfaces_package/srv/detail
-- Up-to-date: /home/mauricio/minicurso-ros2/install/interfaces_package/include/interfaces_package/interfaces_package/srv/detail/sim_control__rosidl_typesupport_introspection_c.h
-- Up-to-date: /home/mauricio/minicurso-ros2/install/interfaces_package/include/interfaces_package/interfaces_package/srv/detail/sim_control__type_support.c
-- Up-to-date: /home/mauricio/minicurso-ros2/install/interfaces_package/lib/libinterfaces_package__rosidl_typesupport_introspection_c.so
-- Up-to-date: /home/mauricio/minicurso-ros2/install/interfaces_package/lib/libinterfaces_package__rosidl_typesupport_c.so
-- Up-to-date: /home/mauricio/minicurso-ros2/install/interfaces_package/include/interfaces_package/interfaces_package
-- Up-to-date: /home/mauricio/minicurso-ros2/install/interfaces_package/include/interfaces_package/interfaces_package/msg
-- Up-to-date: /home/mauricio/minicurso-ros2/install/interfaces_package/include/interfaces_package/interfaces_package/msg/detail
-- Up-to-date: /home/mauricio/minicurso-ros2/install/interfaces_package/include/interfaces_package/interfaces_package/msg/detail/game_info__rosidl_typesupport_introspection_cpp.hpp
-- Up-to-date: /home/mauricio/minicurso-ros2/install/interfaces_package/include/interfaces_package/interfaces_package/msg/detail/game_info__type_support.cpp
-- Up-to-date: /home/mauricio/minicurso-ros2/install/interfaces_package/include/interfaces_package/interfaces_package/srv
-- Up-to-date: /home/mauricio/minicurso-ros2/install/interfaces_package/include/interfaces_package/interfaces_package/srv/detail
-- Up-to-date: /home/mauricio/minicurso-ros2/install/interfaces_package/include/interfaces_package/interfaces_package/srv/detail/sim_control__type_support.cpp
-- Up-to-date: /home/mauricio/minicurso-ros2/install/interfaces_package/include/interfaces_package/interfaces_package/srv/detail/sim_control__rosidl_typesupport_introspection_cpp.hpp
-- Up-to-date: /home/mauricio/minicurso-ros2/install/interfaces_package/lib/libinterfaces_package__rosidl_typesupport_introspection_cpp.so
-- Up-to-date: /home/mauricio/minicurso-ros2/install/interfaces_package/lib/libinterfaces_package__rosidl_typesupport_cpp.so
-- Up-to-date: /home/mauricio/minicurso-ros2/install/interfaces_package/share/interfaces_package/environment/pythonpath.sh
-- Up-to-date: /home/mauricio/minicurso-ros2/install/interfaces_package/share/interfaces_package/environment/pythonpath.dsv
-- Up-to-date: /home/mauricio/minicurso-ros2/install/interfaces_package/local/lib/python3.10/dist-packages/interfaces_package-0.0.0-py3.10.egg-info
-- Installing: /home/mauricio/minicurso-ros2/install/interfaces_package/local/lib/python3.10/dist-packages/interfaces_package-0.0.0-py3.10.egg-info/top_level.txt
-- Installing: /home/mauricio/minicurso-ros2/install/interfaces_package/local/lib/python3.10/dist-packages/interfaces_package-0.0.0-py3.10.egg-info/dependency_links.txt
-- Installing: /home/mauricio/minicurso-ros2/install/interfaces_package/local/lib/python3.10/dist-packages/interfaces_package-0.0.0-py3.10.egg-info/PKG-INFO
-- Installing: /home/mauricio/minicurso-ros2/install/interfaces_package/local/lib/python3.10/dist-packages/interfaces_package-0.0.0-py3.10.egg-info/SOURCES.txt
-- Up-to-date: /home/mauricio/minicurso-ros2/install/interfaces_package/local/lib/python3.10/dist-packages/interfaces_package
-- Up-to-date: /home/mauricio/minicurso-ros2/install/interfaces_package/local/lib/python3.10/dist-packages/interfaces_package/interfaces_package_s__rosidl_typesupport_introspection_c.cpython-310-x86_64-linux-gnu.so
-- Up-to-date: /home/mauricio/minicurso-ros2/install/interfaces_package/local/lib/python3.10/dist-packages/interfaces_package/_interfaces_package_s.ep.rosidl_typesupport_introspection_c.c
-- Up-to-date: /home/mauricio/minicurso-ros2/install/interfaces_package/local/lib/python3.10/dist-packages/interfaces_package/__init__.py
-- Up-to-date: /home/mauricio/minicurso-ros2/install/interfaces_package/local/lib/python3.10/dist-packages/interfaces_package/srv
-- Up-to-date: /home/mauricio/minicurso-ros2/install/interfaces_package/local/lib/python3.10/dist-packages/interfaces_package/srv/_sim_control_s.c
-- Up-to-date: /home/mauricio/minicurso-ros2/install/interfaces_package/local/lib/python3.10/dist-packages/interfaces_package/srv/_sim_control.py
-- Up-to-date: /home/mauricio/minicurso-ros2/install/interfaces_package/local/lib/python3.10/dist-packages/interfaces_package/srv/__init__.py
-- Up-to-date: /home/mauricio/minicurso-ros2/install/interfaces_package/local/lib/python3.10/dist-packages/interfaces_package/interfaces_package_s__rosidl_typesupport_c.cpython-310-x86_64-linux-gnu.so
-- Up-to-date: /home/mauricio/minicurso-ros2/install/interfaces_package/local/lib/python3.10/dist-packages/interfaces_package/_interfaces_package_s.ep.rosidl_typesupport_c.c
-- Up-to-date: /home/mauricio/minicurso-ros2/install/interfaces_package/local/lib/python3.10/dist-packages/interfaces_package/libinterfaces_package__rosidl_generator_py.so
-- Up-to-date: /home/mauricio/minicurso-ros2/install/interfaces_package/local/lib/python3.10/dist-packages/interfaces_package/interfaces_package_s__rosidl_typesupport_fastrtps_c.cpython-310-x86_64-linux-gnu.so
-- Up-to-date: /home/mauricio/minicurso-ros2/install/interfaces_package/local/lib/python3.10/dist-packages/interfaces_package/_interfaces_package_s.ep.rosidl_typesupport_fastrtps_c.c
Listing '/home/mauricio/minicurso-ros2/install/interfaces_package/local/lib/python3.10/dist-packages/interfaces_package'...
Listing '/home/mauricio/minicurso-ros2/install/interfaces_package/local/lib/python3.10/dist-packages/interfaces_package/srv'...
-- Up-to-date: /home/mauricio/minicurso-ros2/install/interfaces_package/local/lib/python3.10/dist-packages/interfaces_package/interfaces_package_s__rosidl_typesupport_fastrtps_c.cpython-310-x86_64-linux-gnu.so
-- Up-to-date: /home/mauricio/minicurso-ros2/install/interfaces_package/local/lib/python3.10/dist-packages/interfaces_package/interfaces_package_s__rosidl_typesupport_introspection_c.cpython-310-x86_64-linux-gnu.so
-- Up-to-date: /home/mauricio/minicurso-ros2/install/interfaces_package/local/lib/python3.10/dist-packages/interfaces_package/interfaces_package_s__rosidl_typesupport_c.cpython-310-x86_64-linux-gnu.so
-- Up-to-date: /home/mauricio/minicurso-ros2/install/interfaces_package/lib/libinterfaces_package__rosidl_generator_py.so
-- Up-to-date: /home/mauricio/minicurso-ros2/install/interfaces_package/share/interfaces_package/srv/SimControl.idl
-- Up-to-date: /home/mauricio/minicurso-ros2/install/interfaces_package/share/interfaces_package/srv/SimControl.srv
-- Up-to-date: /home/mauricio/minicurso-ros2/install/interfaces_package/share/interfaces_package/srv/SimControl_Request.msg
-- Up-to-date: /home/mauricio/minicurso-ros2/install/interfaces_package/share/interfaces_package/srv/SimControl_Response.msg
-- Up-to-date: /home/mauricio/minicurso-ros2/install/interfaces_package/share/ament_index/resource_index/package_run_dependencies/interfaces_package
-- Up-to-date: /home/mauricio/minicurso-ros2/install/interfaces_package/share/ament_index/resource_index/parent_prefix_path/interfaces_package
-- Up-to-date: /home/mauricio/minicurso-ros2/install/interfaces_package/share/interfaces_package/environment/ament_prefix_path.sh
-- Up-to-date: /home/mauricio/minicurso-ros2/install/interfaces_package/share/interfaces_package/environment/ament_prefix_path.dsv
-- Up-to-date: /home/mauricio/minicurso-ros2/install/interfaces_package/share/interfaces_package/environment/path.sh
-- Up-to-date: /home/mauricio/minicurso-ros2/install/interfaces_package/share/interfaces_package/environment/path.dsv
-- Up-to-date: /home/mauricio/minicurso-ros2/install/interfaces_package/share/interfaces_package/local_setup.bash
-- Up-to-date: /home/mauricio/minicurso-ros2/install/interfaces_package/share/interfaces_package/local_setup.sh
-- Up-to-date: /home/mauricio/minicurso-ros2/install/interfaces_package/share/interfaces_package/local_setup.zsh
-- Up-to-date: /home/mauricio/minicurso-ros2/install/interfaces_package/share/interfaces_package/local_setup.dsv
-- Installing: /home/mauricio/minicurso-ros2/install/interfaces_package/share/interfaces_package/package.dsv
-- Up-to-date: /home/mauricio/minicurso-ros2/install/interfaces_package/share/ament_index/resource_index/packages/interfaces_package
-- Up-to-date: /home/mauricio/minicurso-ros2/install/interfaces_package/share/interfaces_package/cmake/export_interfaces_package__rosidl_generator_cExport.cmake
-- Up-to-date: /home/mauricio/minicurso-ros2/install/interfaces_package/share/interfaces_package/cmake/export_interfaces_package__rosidl_generator_cExport-noconfig.cmake
-- Up-to-date: /home/mauricio/minicurso-ros2/install/interfaces_package/share/interfaces_package/cmake/export_interfaces_package__rosidl_typesupport_fastrtps_cExport.cmake
-- Up-to-date: /home/mauricio/minicurso-ros2/install/interfaces_package/share/interfaces_package/cmake/export_interfaces_package__rosidl_typesupport_fastrtps_cExport-noconfig.cmake
-- Up-to-date: /home/mauricio/minicurso-ros2/install/interfaces_package/share/interfaces_package/cmake/export_interfaces_package__rosidl_generator_cppExport.cmake
-- Up-to-date: /home/mauricio/minicurso-ros2/install/interfaces_package/share/interfaces_package/cmake/export_interfaces_package__rosidl_typesupport_fastrtps_cppExport.cmake
-- Up-to-date: /home/mauricio/minicurso-ros2/install/interfaces_package/share/interfaces_package/cmake/export_interfaces_package__rosidl_typesupport_fastrtps_cppExport-noconfig.cmake
-- Up-to-date: /home/mauricio/minicurso-ros2/install/interfaces_package/share/interfaces_package/cmake/interfaces_package__rosidl_typesupport_introspection_cExport.cmake
-- Up-to-date: /home/mauricio/minicurso-ros2/install/interfaces_package/share/interfaces_package/cmake/interfaces_package__rosidl_typesupport_introspection_cExport-noconfig.cmake
-- Up-to-date: /home/mauricio/minicurso-ros2/install/interfaces_package/share/interfaces_package/cmake/interfaces_package__rosidl_typesupport_cExport.cmake
-- Up-to-date: /home/mauricio/minicurso-ros2/install/interfaces_package/share/interfaces_package/cmake/interfaces_package__rosidl_typesupport_cExport-noconfig.cmake
-- Up-to-date: /home/mauricio/minicurso-ros2/install/interfaces_package/share/interfaces_package/cmake/interfaces_package__rosidl_typesupport_introspection_cppExport.cmake
-- Up-to-date: /home/mauricio/minicurso-ros2/install/interfaces_package/share/interfaces_package/cmake/interfaces_package__rosidl_typesupport_introspection_cppExport-noconfig.cmake
-- Up-to-date: /home/mauricio/minicurso-ros2/install/interfaces_package/share/interfaces_package/cmake/interfaces_package__rosidl_typesupport_cppExport.cmake
-- Up-to-date: /home/mauricio/minicurso-ros2/install/interfaces_package/share/interfaces_package/cmake/interfaces_package__rosidl_typesupport_cppExport-noconfig.cmake
-- Up-to-date: /home/mauricio/minicurso-ros2/install/interfaces_package/share/interfaces_package/cmake/export_interfaces_package__rosidl_generator_pyExport.cmake
-- Up-to-date: /home/mauricio/minicurso-ros2/install/interfaces_package/share/interfaces_package/cmake/export_interfaces_package__rosidl_generator_pyExport-noconfig.cmake
-- Up-to-date: /home/mauricio/minicurso-ros2/install/interfaces_package/share/interfaces_package/cmake/rosidl_cmake-extras.cmake
-- Up-to-date: /home/mauricio/minicurso-ros2/install/interfaces_package/share/interfaces_package/cmake/ament_cmake_export_dependencies-extras.cmake
-- Up-to-date: /home/mauricio/minicurso-ros2/install/interfaces_package/share/interfaces_package/cmake/ament_cmake_export_include_directories-extras.cmake
-- Up-to-date: /home/mauricio/minicurso-ros2/install/interfaces_package/share/interfaces_package/cmake/ament_cmake_export_libraries-extras.cmake
-- Up-to-date: /home/mauricio/minicurso-ros2/install/interfaces_package/share/interfaces_package/cmake/ament_cmake_export_targets-extras.cmake
-- Up-to-date: /home/mauricio/minicurso-ros2/install/interfaces_package/share/interfaces_package/cmake/rosidl_cmake_export_typesupport_targets-extras.cmake
-- Up-to-date: /home/mauricio/minicurso-ros2/install/interfaces_package/share/interfaces_package/cmake/rosidl_cmake_export_typesupport_libraries-extras.cmake
-- Up-to-date: /home/mauricio/minicurso-ros2/install/interfaces_package/share/interfaces_package/cmake/interfaces_packageConfig.cmake
-- Up-to-date: /home/mauricio/minicurso-ros2/install/interfaces_package/share/interfaces_package/cmake/interfaces_packageConfig-version.cmake
-- Up-to-date: /home/mauricio/minicurso-ros2/install/interfaces_package/share/interfaces_package/package.xml
