[0.116s] [34mcolcon[0m [1;30mDEBUG[0m [32mCommand line arguments: ['/usr/bin/colcon', 'build'][0m
[0.116s] [34mcolcon[0m [1;30mDEBUG[0m [32mParsed command line arguments: Namespace(log_base=None, log_level=None, verb_name='build', build_base='build', install_base='install', merge_install=False, symlink_install=False, test_result_base=None, continue_on_error=False, executor='parallel', parallel_workers=12, event_handlers=None, ignore_user_meta=False, metas=['./colcon.meta'], base_paths=['.'], packages_ignore=None, packages_ignore_regex=None, paths=None, packages_up_to=None, packages_up_to_regex=None, packages_above=None, packages_above_and_dependencies=None, packages_above_depth=None, packages_select_by_dep=None, packages_skip_by_dep=None, packages_skip_up_to=None, packages_select_build_failed=False, packages_skip_build_finished=False, packages_select_test_failures=False, packages_skip_test_passed=False, packages_select=None, packages_skip=None, packages_select_regex=None, packages_skip_regex=None, packages_start=None, packages_end=None, allow_overriding=[], cmake_args=None, cmake_target=None, cmake_target_skip_unavailable=False, cmake_clean_cache=False, cmake_clean_first=False, cmake_force_configure=False, ament_cmake_args=None, catkin_cmake_args=None, catkin_skip_building_tests=False, mixin_files=None, mixin=None, verb_parser=<colcon_mixin.mixin.mixin_argument.MixinArgumentDecorator object at 0x7fe8bb3cf370>, verb_extension=<colcon_core.verb.build.BuildVerb object at 0x7fe8bb3ced10>, main=<bound method BuildVerb.main of <colcon_core.verb.build.BuildVerb object at 0x7fe8bb3ced10>>, mixin_verb=('build',))[0m
[0.288s] [34mcolcon.colcon_core.package_discovery[0m [1;30mLevel 1[0m discover_packages(colcon_meta) check parameters
[0.288s] [34mcolcon.colcon_core.package_discovery[0m [1;30mLevel 1[0m discover_packages(recursive) check parameters
[0.289s] [34mcolcon.colcon_core.package_discovery[0m [1;30mLevel 1[0m discover_packages(ignore) check parameters
[0.289s] [34mcolcon.colcon_core.package_discovery[0m [1;30mLevel 1[0m discover_packages(path) check parameters
[0.289s] [34mcolcon.colcon_core.package_discovery[0m [1;30mLevel 1[0m discover_packages(colcon_meta) discover
[0.289s] [34mcolcon.colcon_core.package_discovery[0m [1;30mLevel 1[0m discover_packages(recursive) discover
[0.289s] [34mcolcon.colcon_core.package_discovery[0m [1;30mINFO[0m Crawling recursively for packages in '/home/mauricio/ros2_ws'
[0.289s] [34mcolcon.colcon_core.package_identification[0m [1;30mLevel 1[0m _identify(.) by extensions ['ignore', 'ignore_ament_install']
[0.289s] [34mcolcon.colcon_core.package_identification[0m [1;30mLevel 1[0m _identify(.) by extension 'ignore'
[0.289s] [34mcolcon.colcon_core.package_identification[0m [1;30mLevel 1[0m _identify(.) by extension 'ignore_ament_install'
[0.289s] [34mcolcon.colcon_core.package_identification[0m [1;30mLevel 1[0m _identify(.) by extensions ['colcon_pkg']
[0.289s] [34mcolcon.colcon_core.package_identification[0m [1;30mLevel 1[0m _identify(.) by extension 'colcon_pkg'
[0.289s] [34mcolcon.colcon_core.package_identification[0m [1;30mLevel 1[0m _identify(.) by extensions ['colcon_meta']
[0.289s] [34mcolcon.colcon_core.package_identification[0m [1;30mLevel 1[0m _identify(.) by extension 'colcon_meta'
[0.289s] [34mcolcon.colcon_core.package_identification[0m [1;30mLevel 1[0m _identify(.) by extensions ['ros']
[0.289s] [34mcolcon.colcon_core.package_identification[0m [1;30mLevel 1[0m _identify(.) by extension 'ros'
[0.299s] [34mcolcon.colcon_core.package_identification[0m [1;30mLevel 1[0m _identify(.) by extensions ['cmake', 'python']
[0.299s] [34mcolcon.colcon_core.package_identification[0m [1;30mLevel 1[0m _identify(.) by extension 'cmake'
[0.299s] [34mcolcon.colcon_core.package_identification[0m [1;30mLevel 1[0m _identify(.) by extension 'python'
[0.299s] [34mcolcon.colcon_core.package_identification[0m [1;30mLevel 1[0m _identify(.) by extensions ['python_setup_py']
[0.299s] [34mcolcon.colcon_core.package_identification[0m [1;30mLevel 1[0m _identify(.) by extension 'python_setup_py'
[0.300s] [34mcolcon.colcon_core.package_identification[0m [1;30mLevel 1[0m _identify(build) by extensions ['ignore', 'ignore_ament_install']
[0.300s] [34mcolcon.colcon_core.package_identification[0m [1;30mLevel 1[0m _identify(build) by extension 'ignore'
[0.300s] [34mcolcon.colcon_core.package_identification[0m [1;30mLevel 1[0m _identify(build) ignored
[0.300s] [34mcolcon.colcon_core.package_identification[0m [1;30mLevel 1[0m _identify(install) by extensions ['ignore', 'ignore_ament_install']
[0.300s] [34mcolcon.colcon_core.package_identification[0m [1;30mLevel 1[0m _identify(install) by extension 'ignore'
[0.300s] [34mcolcon.colcon_core.package_identification[0m [1;30mLevel 1[0m _identify(install) ignored
[0.300s] [34mcolcon.colcon_core.package_identification[0m [1;30mLevel 1[0m _identify(log) by extensions ['ignore', 'ignore_ament_install']
[0.300s] [34mcolcon.colcon_core.package_identification[0m [1;30mLevel 1[0m _identify(log) by extension 'ignore'
[0.300s] [34mcolcon.colcon_core.package_identification[0m [1;30mLevel 1[0m _identify(log) ignored
[0.300s] [34mcolcon.colcon_core.package_identification[0m [1;30mLevel 1[0m _identify(src) by extensions ['ignore', 'ignore_ament_install']
[0.300s] [34mcolcon.colcon_core.package_identification[0m [1;30mLevel 1[0m _identify(src) by extension 'ignore'
[0.300s] [34mcolcon.colcon_core.package_identification[0m [1;30mLevel 1[0m _identify(src) by extension 'ignore_ament_install'
[0.300s] [34mcolcon.colcon_core.package_identification[0m [1;30mLevel 1[0m _identify(src) by extensions ['colcon_pkg']
[0.300s] [34mcolcon.colcon_core.package_identification[0m [1;30mLevel 1[0m _identify(src) by extension 'colcon_pkg'
[0.300s] [34mcolcon.colcon_core.package_identification[0m [1;30mLevel 1[0m _identify(src) by extensions ['colcon_meta']
[0.300s] [34mcolcon.colcon_core.package_identification[0m [1;30mLevel 1[0m _identify(src) by extension 'colcon_meta'
[0.301s] [34mcolcon.colcon_core.package_identification[0m [1;30mLevel 1[0m _identify(src) by extensions ['ros']
[0.301s] [34mcolcon.colcon_core.package_identification[0m [1;30mLevel 1[0m _identify(src) by extension 'ros'
[0.301s] [34mcolcon.colcon_core.package_identification[0m [1;30mLevel 1[0m _identify(src) by extensions ['cmake', 'python']
[0.301s] [34mcolcon.colcon_core.package_identification[0m [1;30mLevel 1[0m _identify(src) by extension 'cmake'
[0.301s] [34mcolcon.colcon_core.package_identification[0m [1;30mLevel 1[0m _identify(src) by extension 'python'
[0.301s] [34mcolcon.colcon_core.package_identification[0m [1;30mLevel 1[0m _identify(src) by extensions ['python_setup_py']
[0.301s] [34mcolcon.colcon_core.package_identification[0m [1;30mLevel 1[0m _identify(src) by extension 'python_setup_py'
[0.301s] [34mcolcon.colcon_core.package_identification[0m [1;30mLevel 1[0m _identify(src/controller_package) by extensions ['ignore', 'ignore_ament_install']
[0.301s] [34mcolcon.colcon_core.package_identification[0m [1;30mLevel 1[0m _identify(src/controller_package) by extension 'ignore'
[0.301s] [34mcolcon.colcon_core.package_identification[0m [1;30mLevel 1[0m _identify(src/controller_package) by extension 'ignore_ament_install'
[0.301s] [34mcolcon.colcon_core.package_identification[0m [1;30mLevel 1[0m _identify(src/controller_package) by extensions ['colcon_pkg']
[0.301s] [34mcolcon.colcon_core.package_identification[0m [1;30mLevel 1[0m _identify(src/controller_package) by extension 'colcon_pkg'
[0.301s] [34mcolcon.colcon_core.package_identification[0m [1;30mLevel 1[0m _identify(src/controller_package) by extensions ['colcon_meta']
[0.301s] [34mcolcon.colcon_core.package_identification[0m [1;30mLevel 1[0m _identify(src/controller_package) by extension 'colcon_meta'
[0.301s] [34mcolcon.colcon_core.package_identification[0m [1;30mLevel 1[0m _identify(src/controller_package) by extensions ['ros']
[0.301s] [34mcolcon.colcon_core.package_identification[0m [1;30mLevel 1[0m _identify(src/controller_package) by extension 'ros'
[0.303s] [34mcolcon.colcon_core.package_identification[0m [1;30mDEBUG[0m [32mPackage 'src/controller_package' with type 'ros.ament_python' and name 'controller_package'[0m
[0.303s] [34mcolcon.colcon_core.package_identification[0m [1;30mLevel 1[0m _identify(src/interfaces_package) by extensions ['ignore', 'ignore_ament_install']
[0.303s] [34mcolcon.colcon_core.package_identification[0m [1;30mLevel 1[0m _identify(src/interfaces_package) by extension 'ignore'
[0.303s] [34mcolcon.colcon_core.package_identification[0m [1;30mLevel 1[0m _identify(src/interfaces_package) by extension 'ignore_ament_install'
[0.303s] [34mcolcon.colcon_core.package_identification[0m [1;30mLevel 1[0m _identify(src/interfaces_package) by extensions ['colcon_pkg']
[0.303s] [34mcolcon.colcon_core.package_identification[0m [1;30mLevel 1[0m _identify(src/interfaces_package) by extension 'colcon_pkg'
[0.303s] [34mcolcon.colcon_core.package_identification[0m [1;30mLevel 1[0m _identify(src/interfaces_package) by extensions ['colcon_meta']
[0.303s] [34mcolcon.colcon_core.package_identification[0m [1;30mLevel 1[0m _identify(src/interfaces_package) by extension 'colcon_meta'
[0.303s] [34mcolcon.colcon_core.package_identification[0m [1;30mLevel 1[0m _identify(src/interfaces_package) by extensions ['ros']
[0.303s] [34mcolcon.colcon_core.package_identification[0m [1;30mLevel 1[0m _identify(src/interfaces_package) by extension 'ros'
[0.304s] [34mcolcon.colcon_core.package_identification[0m [1;30mDEBUG[0m [32mPackage 'src/interfaces_package' with type 'ros.ament_cmake' and name 'interfaces_package'[0m
[0.304s] [34mcolcon.colcon_core.package_identification[0m [1;30mLevel 1[0m _identify(src/simulator_package) by extensions ['ignore', 'ignore_ament_install']
[0.304s] [34mcolcon.colcon_core.package_identification[0m [1;30mLevel 1[0m _identify(src/simulator_package) by extension 'ignore'
[0.304s] [34mcolcon.colcon_core.package_identification[0m [1;30mLevel 1[0m _identify(src/simulator_package) by extension 'ignore_ament_install'
[0.304s] [34mcolcon.colcon_core.package_identification[0m [1;30mLevel 1[0m _identify(src/simulator_package) by extensions ['colcon_pkg']
[0.304s] [34mcolcon.colcon_core.package_identification[0m [1;30mLevel 1[0m _identify(src/simulator_package) by extension 'colcon_pkg'
[0.304s] [34mcolcon.colcon_core.package_identification[0m [1;30mLevel 1[0m _identify(src/simulator_package) by extensions ['colcon_meta']
[0.304s] [34mcolcon.colcon_core.package_identification[0m [1;30mLevel 1[0m _identify(src/simulator_package) by extension 'colcon_meta'
[0.304s] [34mcolcon.colcon_core.package_identification[0m [1;30mLevel 1[0m _identify(src/simulator_package) by extensions ['ros']
[0.304s] [34mcolcon.colcon_core.package_identification[0m [1;30mLevel 1[0m _identify(src/simulator_package) by extension 'ros'
[0.305s] [34mcolcon.colcon_core.package_identification[0m [1;30mDEBUG[0m [32mPackage 'src/simulator_package' with type 'ros.ament_python' and name 'simulator_package'[0m
[0.305s] [34mcolcon.colcon_core.package_discovery[0m [1;30mLevel 1[0m discover_packages(recursive) using defaults
[0.305s] [34mcolcon.colcon_core.package_discovery[0m [1;30mLevel 1[0m discover_packages(ignore) discover
[0.305s] [34mcolcon.colcon_core.package_discovery[0m [1;30mLevel 1[0m discover_packages(ignore) using defaults
[0.305s] [34mcolcon.colcon_core.package_discovery[0m [1;30mLevel 1[0m discover_packages(path) discover
[0.305s] [34mcolcon.colcon_core.package_discovery[0m [1;30mLevel 1[0m discover_packages(path) using defaults
[0.317s] [34mcolcon.colcon_core.package_discovery[0m [1;30mLevel 1[0m discover_packages(prefix_path) check parameters
[0.317s] [34mcolcon.colcon_core.package_discovery[0m [1;30mLevel 1[0m discover_packages(prefix_path) discover
[0.319s] [34mcolcon.colcon_installed_package_information.package_discovery[0m [1;30mDEBUG[0m [32mFound 3 installed packages in /home/mauricio/ros2_ws/install[0m
[0.319s] [34mcolcon.colcon_installed_package_information.package_discovery[0m [1;30mDEBUG[0m [32mFound 10 installed packages in /home/mauricio/Documents/Taura/soccer-client-ros2/install[0m
[0.320s] [34mcolcon.colcon_installed_package_information.package_discovery[0m [1;30mDEBUG[0m [32mFound 270 installed packages in /opt/ros/humble[0m
[0.322s] [34mcolcon.colcon_core.package_discovery[0m [1;30mLevel 1[0m discover_packages(prefix_path) using defaults
[0.350s] [34mcolcon.colcon_core.verb[0m [1;30mLevel 5[0m set package 'controller_package' build argument 'cmake_args' from command line to 'None'
[0.351s] [34mcolcon.colcon_core.verb[0m [1;30mLevel 5[0m set package 'controller_package' build argument 'cmake_target' from command line to 'None'
[0.351s] [34mcolcon.colcon_core.verb[0m [1;30mLevel 5[0m set package 'controller_package' build argument 'cmake_target_skip_unavailable' from command line to 'False'
[0.351s] [34mcolcon.colcon_core.verb[0m [1;30mLevel 5[0m set package 'controller_package' build argument 'cmake_clean_cache' from command line to 'False'
[0.351s] [34mcolcon.colcon_core.verb[0m [1;30mLevel 5[0m set package 'controller_package' build argument 'cmake_clean_first' from command line to 'False'
[0.351s] [34mcolcon.colcon_core.verb[0m [1;30mLevel 5[0m set package 'controller_package' build argument 'cmake_force_configure' from command line to 'False'
[0.351s] [34mcolcon.colcon_core.verb[0m [1;30mLevel 5[0m set package 'controller_package' build argument 'ament_cmake_args' from command line to 'None'
[0.351s] [34mcolcon.colcon_core.verb[0m [1;30mLevel 5[0m set package 'controller_package' build argument 'catkin_cmake_args' from command line to 'None'
[0.351s] [34mcolcon.colcon_core.verb[0m [1;30mLevel 5[0m set package 'controller_package' build argument 'catkin_skip_building_tests' from command line to 'False'
[0.351s] [34mcolcon.colcon_core.verb[0m [1;30mDEBUG[0m [32mBuilding package 'controller_package' with the following arguments: {'ament_cmake_args': None, 'build_base': '/home/mauricio/ros2_ws/build/controller_package', 'catkin_cmake_args': None, 'catkin_skip_building_tests': False, 'cmake_args': None, 'cmake_clean_cache': False, 'cmake_clean_first': False, 'cmake_force_configure': False, 'cmake_target': None, 'cmake_target_skip_unavailable': False, 'install_base': '/home/mauricio/ros2_ws/install/controller_package', 'merge_install': False, 'path': '/home/mauricio/ros2_ws/src/controller_package', 'symlink_install': False, 'test_result_base': None}[0m
[0.351s] [34mcolcon.colcon_core.verb[0m [1;30mLevel 5[0m set package 'interfaces_package' build argument 'cmake_args' from command line to 'None'
[0.351s] [34mcolcon.colcon_core.verb[0m [1;30mLevel 5[0m set package 'interfaces_package' build argument 'cmake_target' from command line to 'None'
[0.351s] [34mcolcon.colcon_core.verb[0m [1;30mLevel 5[0m set package 'interfaces_package' build argument 'cmake_target_skip_unavailable' from command line to 'False'
[0.351s] [34mcolcon.colcon_core.verb[0m [1;30mLevel 5[0m set package 'interfaces_package' build argument 'cmake_clean_cache' from command line to 'False'
[0.351s] [34mcolcon.colcon_core.verb[0m [1;30mLevel 5[0m set package 'interfaces_package' build argument 'cmake_clean_first' from command line to 'False'
[0.351s] [34mcolcon.colcon_core.verb[0m [1;30mLevel 5[0m set package 'interfaces_package' build argument 'cmake_force_configure' from command line to 'False'
[0.351s] [34mcolcon.colcon_core.verb[0m [1;30mLevel 5[0m set package 'interfaces_package' build argument 'ament_cmake_args' from command line to 'None'
[0.351s] [34mcolcon.colcon_core.verb[0m [1;30mLevel 5[0m set package 'interfaces_package' build argument 'catkin_cmake_args' from command line to 'None'
[0.351s] [34mcolcon.colcon_core.verb[0m [1;30mLevel 5[0m set package 'interfaces_package' build argument 'catkin_skip_building_tests' from command line to 'False'
[0.351s] [34mcolcon.colcon_core.verb[0m [1;30mDEBUG[0m [32mBuilding package 'interfaces_package' with the following arguments: {'ament_cmake_args': None, 'build_base': '/home/mauricio/ros2_ws/build/interfaces_package', 'catkin_cmake_args': None, 'catkin_skip_building_tests': False, 'cmake_args': None, 'cmake_clean_cache': False, 'cmake_clean_first': False, 'cmake_force_configure': False, 'cmake_target': None, 'cmake_target_skip_unavailable': False, 'install_base': '/home/mauricio/ros2_ws/install/interfaces_package', 'merge_install': False, 'path': '/home/mauricio/ros2_ws/src/interfaces_package', 'symlink_install': False, 'test_result_base': None}[0m
[0.352s] [34mcolcon.colcon_core.verb[0m [1;30mLevel 5[0m set package 'simulator_package' build argument 'cmake_args' from command line to 'None'
[0.352s] [34mcolcon.colcon_core.verb[0m [1;30mLevel 5[0m set package 'simulator_package' build argument 'cmake_target' from command line to 'None'
[0.352s] [34mcolcon.colcon_core.verb[0m [1;30mLevel 5[0m set package 'simulator_package' build argument 'cmake_target_skip_unavailable' from command line to 'False'
[0.352s] [34mcolcon.colcon_core.verb[0m [1;30mLevel 5[0m set package 'simulator_package' build argument 'cmake_clean_cache' from command line to 'False'
[0.352s] [34mcolcon.colcon_core.verb[0m [1;30mLevel 5[0m set package 'simulator_package' build argument 'cmake_clean_first' from command line to 'False'
[0.352s] [34mcolcon.colcon_core.verb[0m [1;30mLevel 5[0m set package 'simulator_package' build argument 'cmake_force_configure' from command line to 'False'
[0.352s] [34mcolcon.colcon_core.verb[0m [1;30mLevel 5[0m set package 'simulator_package' build argument 'ament_cmake_args' from command line to 'None'
[0.352s] [34mcolcon.colcon_core.verb[0m [1;30mLevel 5[0m set package 'simulator_package' build argument 'catkin_cmake_args' from command line to 'None'
[0.352s] [34mcolcon.colcon_core.verb[0m [1;30mLevel 5[0m set package 'simulator_package' build argument 'catkin_skip_building_tests' from command line to 'False'
[0.352s] [34mcolcon.colcon_core.verb[0m [1;30mDEBUG[0m [32mBuilding package 'simulator_package' with the following arguments: {'ament_cmake_args': None, 'build_base': '/home/mauricio/ros2_ws/build/simulator_package', 'catkin_cmake_args': None, 'catkin_skip_building_tests': False, 'cmake_args': None, 'cmake_clean_cache': False, 'cmake_clean_first': False, 'cmake_force_configure': False, 'cmake_target': None, 'cmake_target_skip_unavailable': False, 'install_base': '/home/mauricio/ros2_ws/install/simulator_package', 'merge_install': False, 'path': '/home/mauricio/ros2_ws/src/simulator_package', 'symlink_install': False, 'test_result_base': None}[0m
[0.352s] [34mcolcon.colcon_core.executor[0m [1;30mINFO[0m Executing jobs using 'parallel' executor
[0.353s] [34mcolcon.colcon_parallel_executor.executor.parallel[0m [1;30mDEBUG[0m [32mrun_until_complete[0m
[0.353s] [34mcolcon.colcon_ros.task.ament_python.build[0m [1;30mINFO[0m Building ROS package in '/home/mauricio/ros2_ws/src/controller_package' with build type 'ament_python'
[0.353s] [34mcolcon.colcon_core.shell[0m [1;30mLevel 1[0m create_environment_hook('controller_package', 'ament_prefix_path')
[0.355s] [34mcolcon.colcon_core.plugin_system[0m [1;30mINFO[0m Skipping extension 'colcon_core.shell.bat': Not used on non-Windows systems
[0.355s] [34mcolcon.colcon_core.shell[0m [1;30mINFO[0m Creating environment hook '/home/mauricio/ros2_ws/install/controller_package/share/controller_package/hook/ament_prefix_path.ps1'
[0.356s] [34mcolcon.colcon_core.shell[0m [1;30mINFO[0m Creating environment descriptor '/home/mauricio/ros2_ws/install/controller_package/share/controller_package/hook/ament_prefix_path.dsv'
[0.356s] [34mcolcon.colcon_core.shell[0m [1;30mINFO[0m Creating environment hook '/home/mauricio/ros2_ws/install/controller_package/share/controller_package/hook/ament_prefix_path.sh'
[0.357s] [34mcolcon.colcon_core.shell[0m [1;30mINFO[0m Skip shell extension 'powershell' for command environment: Not usable outside of PowerShell
[0.357s] [34mcolcon.colcon_core.shell[0m [1;30mDEBUG[0m [32mSkip shell extension 'dsv' for command environment[0m
[0.360s] [34mcolcon.colcon_ros.task.ament_cmake.build[0m [1;30mINFO[0m Building ROS package in '/home/mauricio/ros2_ws/src/interfaces_package' with build type 'ament_cmake'
[0.360s] [34mcolcon.colcon_cmake.task.cmake.build[0m [1;30mINFO[0m Building CMake package in '/home/mauricio/ros2_ws/src/interfaces_package'
[0.361s] [34mcolcon.colcon_core.shell[0m [1;30mINFO[0m Skip shell extension 'powershell' for command environment: Not usable outside of PowerShell
[0.361s] [34mcolcon.colcon_core.shell[0m [1;30mDEBUG[0m [32mSkip shell extension 'dsv' for command environment[0m
[0.364s] [34mcolcon.colcon_ros.task.ament_python.build[0m [1;30mINFO[0m Building ROS package in '/home/mauricio/ros2_ws/src/simulator_package' with build type 'ament_python'
[0.365s] [34mcolcon.colcon_core.shell[0m [1;30mLevel 1[0m create_environment_hook('simulator_package', 'ament_prefix_path')
[0.365s] [34mcolcon.colcon_core.shell[0m [1;30mINFO[0m Creating environment hook '/home/mauricio/ros2_ws/install/simulator_package/share/simulator_package/hook/ament_prefix_path.ps1'
[0.365s] [34mcolcon.colcon_core.shell[0m [1;30mINFO[0m Creating environment descriptor '/home/mauricio/ros2_ws/install/simulator_package/share/simulator_package/hook/ament_prefix_path.dsv'
[0.366s] [34mcolcon.colcon_core.shell[0m [1;30mINFO[0m Creating environment hook '/home/mauricio/ros2_ws/install/simulator_package/share/simulator_package/hook/ament_prefix_path.sh'
[0.366s] [34mcolcon.colcon_core.shell[0m [1;30mINFO[0m Skip shell extension 'powershell' for command environment: Not usable outside of PowerShell
[0.366s] [34mcolcon.colcon_core.shell[0m [1;30mDEBUG[0m [32mSkip shell extension 'dsv' for command environment[0m
[0.622s] [34mcolcon.colcon_core.task.python.build[0m [1;30mINFO[0m Building Python package in '/home/mauricio/ros2_ws/src/controller_package'
[0.622s] [34mcolcon.colcon_core.shell[0m [1;30mINFO[0m Skip shell extension 'powershell' for command environment: Not usable outside of PowerShell
[0.622s] [34mcolcon.colcon_core.shell[0m [1;30mDEBUG[0m [32mSkip shell extension 'dsv' for command environment[0m
[0.629s] [34mcolcon.colcon_core.event_handler.log_command[0m [1;30mDEBUG[0m [32mInvoking command in '/home/mauricio/ros2_ws/build/interfaces_package': CMAKE_PREFIX_PATH=${CMAKE_PREFIX_PATH}:/home/mauricio/ros2_ws/install/simulator_package:/home/mauricio/ros2_ws/install/controller_package:/home/mauricio/Documents/Taura/soccer-client-ros2/install/trajectory_package:/home/mauricio/Documents/Taura/soccer-client-ros2/install/strategy_package:/home/mauricio/Documents/Taura/soccer-client-ros2/install/sender_package:/home/mauricio/Documents/Taura/soccer-client-ros2/install/robots_package:/home/mauricio/Documents/Taura/soccer-client-ros2/install/receiver_package:/home/mauricio/Documents/Taura/soccer-client-ros2/install/protobuf_package:/home/mauricio/Documents/Taura/soccer-client-ros2/install/manager_package:/home/mauricio/Documents/Taura/soccer-client-ros2/install/controller_package:/home/mauricio/Documents/Taura/soccer-client-ros2/install/behavior_package:/opt/ros/humble /usr/bin/cmake --build /home/mauricio/ros2_ws/build/interfaces_package -- -j12 -l12[0m
[0.940s] [34mcolcon.colcon_core.task.python.build[0m [1;30mINFO[0m Building Python package in '/home/mauricio/ros2_ws/src/simulator_package'
[0.940s] [34mcolcon.colcon_core.shell[0m [1;30mINFO[0m Skip shell extension 'powershell' for command environment: Not usable outside of PowerShell
[0.940s] [34mcolcon.colcon_core.shell[0m [1;30mDEBUG[0m [32mSkip shell extension 'dsv' for command environment[0m
[0.994s] [34mcolcon.colcon_core.event_handler.log_command[0m [1;30mDEBUG[0m [32mInvoked command in '/home/mauricio/ros2_ws/build/interfaces_package' returned '0': CMAKE_PREFIX_PATH=${CMAKE_PREFIX_PATH}:/home/mauricio/ros2_ws/install/simulator_package:/home/mauricio/ros2_ws/install/controller_package:/home/mauricio/Documents/Taura/soccer-client-ros2/install/trajectory_package:/home/mauricio/Documents/Taura/soccer-client-ros2/install/strategy_package:/home/mauricio/Documents/Taura/soccer-client-ros2/install/sender_package:/home/mauricio/Documents/Taura/soccer-client-ros2/install/robots_package:/home/mauricio/Documents/Taura/soccer-client-ros2/install/receiver_package:/home/mauricio/Documents/Taura/soccer-client-ros2/install/protobuf_package:/home/mauricio/Documents/Taura/soccer-client-ros2/install/manager_package:/home/mauricio/Documents/Taura/soccer-client-ros2/install/controller_package:/home/mauricio/Documents/Taura/soccer-client-ros2/install/behavior_package:/opt/ros/humble /usr/bin/cmake --build /home/mauricio/ros2_ws/build/interfaces_package -- -j12 -l12[0m
[1.039s] [34mcolcon.colcon_core.event_handler.log_command[0m [1;30mDEBUG[0m [32mInvoking command in '/home/mauricio/ros2_ws/build/interfaces_package': CMAKE_PREFIX_PATH=${CMAKE_PREFIX_PATH}:/home/mauricio/ros2_ws/install/simulator_package:/home/mauricio/ros2_ws/install/controller_package:/home/mauricio/Documents/Taura/soccer-client-ros2/install/trajectory_package:/home/mauricio/Documents/Taura/soccer-client-ros2/install/strategy_package:/home/mauricio/Documents/Taura/soccer-client-ros2/install/sender_package:/home/mauricio/Documents/Taura/soccer-client-ros2/install/robots_package:/home/mauricio/Documents/Taura/soccer-client-ros2/install/receiver_package:/home/mauricio/Documents/Taura/soccer-client-ros2/install/protobuf_package:/home/mauricio/Documents/Taura/soccer-client-ros2/install/manager_package:/home/mauricio/Documents/Taura/soccer-client-ros2/install/controller_package:/home/mauricio/Documents/Taura/soccer-client-ros2/install/behavior_package:/opt/ros/humble /usr/bin/cmake --install /home/mauricio/ros2_ws/build/interfaces_package[0m
[1.100s] [34mcolcon.colcon_core.environment[0m [1;30mLevel 1[0m create_environment_scripts_only(interfaces_package)
[1.101s] [34mcolcon.colcon_core.event_handler.log_command[0m [1;30mDEBUG[0m [32mInvoked command in '/home/mauricio/ros2_ws/build/interfaces_package' returned '0': CMAKE_PREFIX_PATH=${CMAKE_PREFIX_PATH}:/home/mauricio/ros2_ws/install/simulator_package:/home/mauricio/ros2_ws/install/controller_package:/home/mauricio/Documents/Taura/soccer-client-ros2/install/trajectory_package:/home/mauricio/Documents/Taura/soccer-client-ros2/install/strategy_package:/home/mauricio/Documents/Taura/soccer-client-ros2/install/sender_package:/home/mauricio/Documents/Taura/soccer-client-ros2/install/robots_package:/home/mauricio/Documents/Taura/soccer-client-ros2/install/receiver_package:/home/mauricio/Documents/Taura/soccer-client-ros2/install/protobuf_package:/home/mauricio/Documents/Taura/soccer-client-ros2/install/manager_package:/home/mauricio/Documents/Taura/soccer-client-ros2/install/controller_package:/home/mauricio/Documents/Taura/soccer-client-ros2/install/behavior_package:/opt/ros/humble /usr/bin/cmake --install /home/mauricio/ros2_ws/build/interfaces_package[0m
[1.103s] [34mcolcon.colcon_core.environment[0m [1;30mLevel 1[0m checking '/home/mauricio/ros2_ws/install/interfaces_package' for CMake module files
[1.103s] [34mcolcon.colcon_core.environment[0m [1;30mLevel 1[0m checking '/home/mauricio/ros2_ws/install/interfaces_package' for CMake config files
[1.104s] [34mcolcon.colcon_core.shell[0m [1;30mLevel 1[0m create_environment_hook('interfaces_package', 'cmake_prefix_path')
[1.104s] [34mcolcon.colcon_core.shell[0m [1;30mINFO[0m Creating environment hook '/home/mauricio/ros2_ws/install/interfaces_package/share/interfaces_package/hook/cmake_prefix_path.ps1'
[1.104s] [34mcolcon.colcon_core.shell[0m [1;30mINFO[0m Creating environment descriptor '/home/mauricio/ros2_ws/install/interfaces_package/share/interfaces_package/hook/cmake_prefix_path.dsv'
[1.104s] [34mcolcon.colcon_core.shell[0m [1;30mINFO[0m Creating environment hook '/home/mauricio/ros2_ws/install/interfaces_package/share/interfaces_package/hook/cmake_prefix_path.sh'
[1.105s] [34mcolcon.colcon_core.environment[0m [1;30mLevel 1[0m checking '/home/mauricio/ros2_ws/install/interfaces_package/lib'
[1.105s] [34mcolcon.colcon_core.shell[0m [1;30mLevel 1[0m create_environment_hook('interfaces_package', 'ld_library_path_lib')
[1.105s] [34mcolcon.colcon_core.shell[0m [1;30mINFO[0m Creating environment hook '/home/mauricio/ros2_ws/install/interfaces_package/share/interfaces_package/hook/ld_library_path_lib.ps1'
[1.106s] [34mcolcon.colcon_core.shell[0m [1;30mINFO[0m Creating environment descriptor '/home/mauricio/ros2_ws/install/interfaces_package/share/interfaces_package/hook/ld_library_path_lib.dsv'
[1.106s] [34mcolcon.colcon_core.shell[0m [1;30mINFO[0m Creating environment hook '/home/mauricio/ros2_ws/install/interfaces_package/share/interfaces_package/hook/ld_library_path_lib.sh'
[1.106s] [34mcolcon.colcon_core.environment[0m [1;30mLevel 1[0m checking '/home/mauricio/ros2_ws/install/interfaces_package/bin'
[1.106s] [34mcolcon.colcon_core.environment[0m [1;30mLevel 1[0m checking '/home/mauricio/ros2_ws/install/interfaces_package/lib/pkgconfig/interfaces_package.pc'
[1.106s] [34mcolcon.colcon_core.environment[0m [1;30mLevel 1[0m checking '/home/mauricio/ros2_ws/install/interfaces_package/lib/python3.10/site-packages'
[1.106s] [34mcolcon.colcon_core.environment[0m [1;30mLevel 1[0m checking '/home/mauricio/ros2_ws/install/interfaces_package/bin'
[1.107s] [34mcolcon.colcon_core.shell[0m [1;30mINFO[0m Creating package script '/home/mauricio/ros2_ws/install/interfaces_package/share/interfaces_package/package.ps1'
[1.107s] [34mcolcon.colcon_core.shell[0m [1;30mINFO[0m Creating package descriptor '/home/mauricio/ros2_ws/install/interfaces_package/share/interfaces_package/package.dsv'
[1.108s] [34mcolcon.colcon_core.shell[0m [1;30mINFO[0m Creating package script '/home/mauricio/ros2_ws/install/interfaces_package/share/interfaces_package/package.sh'
[1.108s] [34mcolcon.colcon_core.shell[0m [1;30mINFO[0m Creating package script '/home/mauricio/ros2_ws/install/interfaces_package/share/interfaces_package/package.bash'
[1.109s] [34mcolcon.colcon_core.shell[0m [1;30mINFO[0m Creating package script '/home/mauricio/ros2_ws/install/interfaces_package/share/interfaces_package/package.zsh'
[1.109s] [34mcolcon.colcon_core.environment[0m [1;30mLevel 1[0m create_file_with_runtime_dependencies(/home/mauricio/ros2_ws/install/interfaces_package/share/colcon-core/packages/interfaces_package)
[1.147s] [34mcolcon.colcon_core.environment[0m [1;30mLevel 1[0m create_environment_scripts_only(interfaces_package)
[1.148s] [34mcolcon.colcon_core.environment[0m [1;30mLevel 1[0m checking '/home/mauricio/ros2_ws/install/interfaces_package' for CMake module files
[1.148s] [34mcolcon.colcon_core.environment[0m [1;30mLevel 1[0m checking '/home/mauricio/ros2_ws/install/interfaces_package' for CMake config files
[1.148s] [34mcolcon.colcon_core.shell[0m [1;30mLevel 1[0m create_environment_hook('interfaces_package', 'cmake_prefix_path')
[1.149s] [34mcolcon.colcon_core.shell[0m [1;30mINFO[0m Creating environment hook '/home/mauricio/ros2_ws/install/interfaces_package/share/interfaces_package/hook/cmake_prefix_path.ps1'
[1.149s] [34mcolcon.colcon_core.shell[0m [1;30mINFO[0m Creating environment descriptor '/home/mauricio/ros2_ws/install/interfaces_package/share/interfaces_package/hook/cmake_prefix_path.dsv'
[1.149s] [34mcolcon.colcon_core.shell[0m [1;30mINFO[0m Creating environment hook '/home/mauricio/ros2_ws/install/interfaces_package/share/interfaces_package/hook/cmake_prefix_path.sh'
[1.150s] [34mcolcon.colcon_core.environment[0m [1;30mLevel 1[0m checking '/home/mauricio/ros2_ws/install/interfaces_package/lib'
[1.150s] [34mcolcon.colcon_core.shell[0m [1;30mLevel 1[0m create_environment_hook('interfaces_package', 'ld_library_path_lib')
[1.150s] [34mcolcon.colcon_core.shell[0m [1;30mINFO[0m Creating environment hook '/home/mauricio/ros2_ws/install/interfaces_package/share/interfaces_package/hook/ld_library_path_lib.ps1'
[1.150s] [34mcolcon.colcon_core.shell[0m [1;30mINFO[0m Creating environment descriptor '/home/mauricio/ros2_ws/install/interfaces_package/share/interfaces_package/hook/ld_library_path_lib.dsv'
[1.151s] [34mcolcon.colcon_core.shell[0m [1;30mINFO[0m Creating environment hook '/home/mauricio/ros2_ws/install/interfaces_package/share/interfaces_package/hook/ld_library_path_lib.sh'
[1.151s] [34mcolcon.colcon_core.environment[0m [1;30mLevel 1[0m checking '/home/mauricio/ros2_ws/install/interfaces_package/bin'
[1.151s] [34mcolcon.colcon_core.environment[0m [1;30mLevel 1[0m checking '/home/mauricio/ros2_ws/install/interfaces_package/lib/pkgconfig/interfaces_package.pc'
[1.151s] [34mcolcon.colcon_core.environment[0m [1;30mLevel 1[0m checking '/home/mauricio/ros2_ws/install/interfaces_package/lib/python3.10/site-packages'
[1.151s] [34mcolcon.colcon_core.environment[0m [1;30mLevel 1[0m checking '/home/mauricio/ros2_ws/install/interfaces_package/bin'
[1.152s] [34mcolcon.colcon_core.shell[0m [1;30mINFO[0m Creating package script '/home/mauricio/ros2_ws/install/interfaces_package/share/interfaces_package/package.ps1'
[1.152s] [34mcolcon.colcon_core.shell[0m [1;30mINFO[0m Creating package descriptor '/home/mauricio/ros2_ws/install/interfaces_package/share/interfaces_package/package.dsv'
[1.153s] [34mcolcon.colcon_core.shell[0m [1;30mINFO[0m Creating package script '/home/mauricio/ros2_ws/install/interfaces_package/share/interfaces_package/package.sh'
[1.153s] [34mcolcon.colcon_core.shell[0m [1;30mINFO[0m Creating package script '/home/mauricio/ros2_ws/install/interfaces_package/share/interfaces_package/package.bash'
[1.154s] [34mcolcon.colcon_core.shell[0m [1;30mINFO[0m Creating package script '/home/mauricio/ros2_ws/install/interfaces_package/share/interfaces_package/package.zsh'
[1.154s] [34mcolcon.colcon_core.environment[0m [1;30mLevel 1[0m create_file_with_runtime_dependencies(/home/mauricio/ros2_ws/install/interfaces_package/share/colcon-core/packages/interfaces_package)
[1.270s] [34mcolcon.colcon_core.event_handler.log_command[0m [1;30mDEBUG[0m [32mInvoking command in '/home/mauricio/ros2_ws/src/simulator_package': PYTHONPATH=/home/mauricio/ros2_ws/build/simulator_package/prefix_override:/home/mauricio/ros2_ws/install/simulator_package/lib/python3.10/site-packages:${PYTHONPATH} /usr/bin/python3 -W ignore:setup.py install is deprecated setup.py egg_info --egg-base ../../build/simulator_package build --build-base /home/mauricio/ros2_ws/build/simulator_package/build install --record /home/mauricio/ros2_ws/build/simulator_package/install.log --single-version-externally-managed install_data[0m
[1.286s] [34mcolcon.colcon_core.event_handler.log_command[0m [1;30mDEBUG[0m [32mInvoking command in '/home/mauricio/ros2_ws/src/controller_package': PYTHONPATH=/home/mauricio/ros2_ws/build/controller_package/prefix_override:/home/mauricio/ros2_ws/install/controller_package/lib/python3.10/site-packages:${PYTHONPATH} /usr/bin/python3 -W ignore:setup.py install is deprecated setup.py egg_info --egg-base ../../build/controller_package build --build-base /home/mauricio/ros2_ws/build/controller_package/build install --record /home/mauricio/ros2_ws/build/controller_package/install.log --single-version-externally-managed install_data[0m
[1.584s] [34mcolcon.colcon_core.environment[0m [1;30mLevel 1[0m checking '/home/mauricio/ros2_ws/install/simulator_package' for CMake module files
[1.585s] [34mcolcon.colcon_core.event_handler.log_command[0m [1;30mDEBUG[0m [32mInvoked command in '/home/mauricio/ros2_ws/src/simulator_package' returned '0': PYTHONPATH=/home/mauricio/ros2_ws/build/simulator_package/prefix_override:/home/mauricio/ros2_ws/install/simulator_package/lib/python3.10/site-packages:${PYTHONPATH} /usr/bin/python3 -W ignore:setup.py install is deprecated setup.py egg_info --egg-base ../../build/simulator_package build --build-base /home/mauricio/ros2_ws/build/simulator_package/build install --record /home/mauricio/ros2_ws/build/simulator_package/install.log --single-version-externally-managed install_data[0m
[1.586s] [34mcolcon.colcon_core.environment[0m [1;30mLevel 1[0m checking '/home/mauricio/ros2_ws/install/simulator_package' for CMake config files
[1.587s] [34mcolcon.colcon_core.environment[0m [1;30mLevel 1[0m checking '/home/mauricio/ros2_ws/install/simulator_package/lib'
[1.587s] [34mcolcon.colcon_core.environment[0m [1;30mLevel 1[0m checking '/home/mauricio/ros2_ws/install/simulator_package/bin'
[1.587s] [34mcolcon.colcon_core.environment[0m [1;30mLevel 1[0m checking '/home/mauricio/ros2_ws/install/simulator_package/lib/pkgconfig/simulator_package.pc'
[1.587s] [34mcolcon.colcon_core.environment[0m [1;30mLevel 1[0m checking '/home/mauricio/ros2_ws/install/simulator_package/lib/python3.10/site-packages'
[1.587s] [34mcolcon.colcon_core.shell[0m [1;30mLevel 1[0m create_environment_hook('simulator_package', 'pythonpath')
[1.588s] [34mcolcon.colcon_core.shell[0m [1;30mINFO[0m Creating environment hook '/home/mauricio/ros2_ws/install/simulator_package/share/simulator_package/hook/pythonpath.ps1'
[1.588s] [34mcolcon.colcon_core.shell[0m [1;30mINFO[0m Creating environment descriptor '/home/mauricio/ros2_ws/install/simulator_package/share/simulator_package/hook/pythonpath.dsv'
[1.589s] [34mcolcon.colcon_core.shell[0m [1;30mINFO[0m Creating environment hook '/home/mauricio/ros2_ws/install/simulator_package/share/simulator_package/hook/pythonpath.sh'
[1.590s] [34mcolcon.colcon_core.environment[0m [1;30mLevel 1[0m checking '/home/mauricio/ros2_ws/install/simulator_package/bin'
[1.590s] [34mcolcon.colcon_core.environment[0m [1;30mLevel 1[0m create_environment_scripts_only(simulator_package)
[1.590s] [34mcolcon.colcon_core.shell[0m [1;30mINFO[0m Creating package script '/home/mauricio/ros2_ws/install/simulator_package/share/simulator_package/package.ps1'
[1.591s] [34mcolcon.colcon_core.shell[0m [1;30mINFO[0m Creating package descriptor '/home/mauricio/ros2_ws/install/simulator_package/share/simulator_package/package.dsv'
[1.592s] [34mcolcon.colcon_core.shell[0m [1;30mINFO[0m Creating package script '/home/mauricio/ros2_ws/install/simulator_package/share/simulator_package/package.sh'
[1.592s] [34mcolcon.colcon_core.shell[0m [1;30mINFO[0m Creating package script '/home/mauricio/ros2_ws/install/simulator_package/share/simulator_package/package.bash'
[1.593s] [34mcolcon.colcon_core.shell[0m [1;30mINFO[0m Creating package script '/home/mauricio/ros2_ws/install/simulator_package/share/simulator_package/package.zsh'
[1.593s] [34mcolcon.colcon_core.environment[0m [1;30mLevel 1[0m create_file_with_runtime_dependencies(/home/mauricio/ros2_ws/install/simulator_package/share/colcon-core/packages/simulator_package)
[1.594s] [34mcolcon.colcon_core.environment[0m [1;30mLevel 1[0m checking '/home/mauricio/ros2_ws/install/controller_package' for CMake module files
[1.595s] [34mcolcon.colcon_core.event_handler.log_command[0m [1;30mDEBUG[0m [32mInvoked command in '/home/mauricio/ros2_ws/src/controller_package' returned '0': PYTHONPATH=/home/mauricio/ros2_ws/build/controller_package/prefix_override:/home/mauricio/ros2_ws/install/controller_package/lib/python3.10/site-packages:${PYTHONPATH} /usr/bin/python3 -W ignore:setup.py install is deprecated setup.py egg_info --egg-base ../../build/controller_package build --build-base /home/mauricio/ros2_ws/build/controller_package/build install --record /home/mauricio/ros2_ws/build/controller_package/install.log --single-version-externally-managed install_data[0m
[1.596s] [34mcolcon.colcon_core.environment[0m [1;30mLevel 1[0m checking '/home/mauricio/ros2_ws/install/controller_package' for CMake config files
[1.596s] [34mcolcon.colcon_core.environment[0m [1;30mLevel 1[0m checking '/home/mauricio/ros2_ws/install/controller_package/lib'
[1.597s] [34mcolcon.colcon_core.environment[0m [1;30mLevel 1[0m checking '/home/mauricio/ros2_ws/install/controller_package/bin'
[1.597s] [34mcolcon.colcon_core.environment[0m [1;30mLevel 1[0m checking '/home/mauricio/ros2_ws/install/controller_package/lib/pkgconfig/controller_package.pc'
[1.597s] [34mcolcon.colcon_core.environment[0m [1;30mLevel 1[0m checking '/home/mauricio/ros2_ws/install/controller_package/lib/python3.10/site-packages'
[1.597s] [34mcolcon.colcon_core.shell[0m [1;30mLevel 1[0m create_environment_hook('controller_package', 'pythonpath')
[1.597s] [34mcolcon.colcon_core.shell[0m [1;30mINFO[0m Creating environment hook '/home/mauricio/ros2_ws/install/controller_package/share/controller_package/hook/pythonpath.ps1'
[1.598s] [34mcolcon.colcon_core.shell[0m [1;30mINFO[0m Creating environment descriptor '/home/mauricio/ros2_ws/install/controller_package/share/controller_package/hook/pythonpath.dsv'
[1.598s] [34mcolcon.colcon_core.shell[0m [1;30mINFO[0m Creating environment hook '/home/mauricio/ros2_ws/install/controller_package/share/controller_package/hook/pythonpath.sh'
[1.599s] [34mcolcon.colcon_core.environment[0m [1;30mLevel 1[0m checking '/home/mauricio/ros2_ws/install/controller_package/bin'
[1.599s] [34mcolcon.colcon_core.environment[0m [1;30mLevel 1[0m create_environment_scripts_only(controller_package)
[1.600s] [34mcolcon.colcon_core.shell[0m [1;30mINFO[0m Creating package script '/home/mauricio/ros2_ws/install/controller_package/share/controller_package/package.ps1'
[1.600s] [34mcolcon.colcon_core.shell[0m [1;30mINFO[0m Creating package descriptor '/home/mauricio/ros2_ws/install/controller_package/share/controller_package/package.dsv'
[1.601s] [34mcolcon.colcon_core.shell[0m [1;30mINFO[0m Creating package script '/home/mauricio/ros2_ws/install/controller_package/share/controller_package/package.sh'
[1.601s] [34mcolcon.colcon_core.shell[0m [1;30mINFO[0m Creating package script '/home/mauricio/ros2_ws/install/controller_package/share/controller_package/package.bash'
[1.602s] [34mcolcon.colcon_core.shell[0m [1;30mINFO[0m Creating package script '/home/mauricio/ros2_ws/install/controller_package/share/controller_package/package.zsh'
[1.602s] [34mcolcon.colcon_core.environment[0m [1;30mLevel 1[0m create_file_with_runtime_dependencies(/home/mauricio/ros2_ws/install/controller_package/share/colcon-core/packages/controller_package)
[1.603s] [34mcolcon.colcon_parallel_executor.executor.parallel[0m [1;30mDEBUG[0m [32mclosing loop[0m
[1.603s] [34mcolcon.colcon_parallel_executor.executor.parallel[0m [1;30mDEBUG[0m [32mloop closed[0m
[1.603s] [34mcolcon.colcon_parallel_executor.executor.parallel[0m [1;30mDEBUG[0m [32mrun_until_complete finished with '0'[0m
[1.603s] [34mcolcon.colcon_core.event_reactor[0m [1;30mDEBUG[0m [32mjoining thread[0m
[1.610s] [34mcolcon.colcon_core.plugin_system[0m [1;30mINFO[0m Skipping extension 'colcon_notification.desktop_notification.terminal_notifier': Not used on non-Darwin systems
[1.610s] [34mcolcon.colcon_core.plugin_system[0m [1;30mINFO[0m Skipping extension 'colcon_notification.desktop_notification.win32': Not used on non-Windows systems
[1.610s] [34mcolcon.colcon_notification.desktop_notification[0m [1;30mINFO[0m Sending desktop notification using 'notify2'
[1.625s] [34mcolcon.colcon_core.event_reactor[0m [1;30mDEBUG[0m [32mjoined thread[0m
[1.626s] [34mcolcon.colcon_core.shell[0m [1;30mINFO[0m Creating prefix script '/home/mauricio/ros2_ws/install/local_setup.ps1'
[1.627s] [34mcolcon.colcon_core.shell[0m [1;30mINFO[0m Creating prefix util module '/home/mauricio/ros2_ws/install/_local_setup_util_ps1.py'
[1.628s] [34mcolcon.colcon_core.shell[0m [1;30mINFO[0m Creating prefix chain script '/home/mauricio/ros2_ws/install/setup.ps1'
[1.630s] [34mcolcon.colcon_core.shell[0m [1;30mINFO[0m Creating prefix script '/home/mauricio/ros2_ws/install/local_setup.sh'
[1.630s] [34mcolcon.colcon_core.shell[0m [1;30mINFO[0m Creating prefix util module '/home/mauricio/ros2_ws/install/_local_setup_util_sh.py'
[1.630s] [34mcolcon.colcon_core.shell[0m [1;30mINFO[0m Creating prefix chain script '/home/mauricio/ros2_ws/install/setup.sh'
[1.632s] [34mcolcon.colcon_core.shell[0m [1;30mINFO[0m Creating prefix script '/home/mauricio/ros2_ws/install/local_setup.bash'
[1.632s] [34mcolcon.colcon_core.shell[0m [1;30mINFO[0m Creating prefix chain script '/home/mauricio/ros2_ws/install/setup.bash'
[1.634s] [34mcolcon.colcon_core.shell[0m [1;30mINFO[0m Creating prefix script '/home/mauricio/ros2_ws/install/local_setup.zsh'
[1.634s] [34mcolcon.colcon_core.shell[0m [1;30mINFO[0m Creating prefix chain script '/home/mauricio/ros2_ws/install/setup.zsh'
