[1.155s] Invoking command in '/home/mauricio/minicurso-ros2/src/auto_paddle_package': PYTHONPATH=/home/mauricio/minicurso-ros2/build/auto_paddle_package/prefix_override:/home/mauricio/minicurso-ros2/install/auto_paddle_package/lib/python3.10/site-packages:${PYTHONPATH} /usr/bin/python3 -W ignore:setup.py install is deprecated setup.py egg_info --egg-base ../../build/auto_paddle_package build --build-base /home/mauricio/minicurso-ros2/build/auto_paddle_package/build install --record /home/mauricio/minicurso-ros2/build/auto_paddle_package/install.log --single-version-externally-managed install_data
[1.376s] running egg_info
[1.376s] writing ../../build/auto_paddle_package/auto_paddle_package.egg-info/PKG-INFO
[1.377s] writing dependency_links to ../../build/auto_paddle_package/auto_paddle_package.egg-info/dependency_links.txt
[1.377s] writing entry points to ../../build/auto_paddle_package/auto_paddle_package.egg-info/entry_points.txt
[1.377s] writing requirements to ../../build/auto_paddle_package/auto_paddle_package.egg-info/requires.txt
[1.377s] writing top-level names to ../../build/auto_paddle_package/auto_paddle_package.egg-info/top_level.txt
[1.379s] reading manifest file '../../build/auto_paddle_package/auto_paddle_package.egg-info/SOURCES.txt'
[1.379s] writing manifest file '../../build/auto_paddle_package/auto_paddle_package.egg-info/SOURCES.txt'
[1.379s] running build
[1.379s] running build_py
[1.379s] running install
[1.380s] running install_lib
[1.381s] running install_data
[1.381s] running install_egg_info
[1.382s] removing '/home/mauricio/minicurso-ros2/install/auto_paddle_package/lib/python3.10/site-packages/auto_paddle_package-0.0.0-py3.10.egg-info' (and everything under it)
[1.382s] Copying ../../build/auto_paddle_package/auto_paddle_package.egg-info to /home/mauricio/minicurso-ros2/install/auto_paddle_package/lib/python3.10/site-packages/auto_paddle_package-0.0.0-py3.10.egg-info
[1.383s] running install_scripts
[1.399s] Installing auto_paddle script to /home/mauricio/minicurso-ros2/install/auto_paddle_package/lib/auto_paddle_package
[1.400s] writing list of installed files to '/home/mauricio/minicurso-ros2/build/auto_paddle_package/install.log'
[1.434s] Invoked command in '/home/mauricio/minicurso-ros2/src/auto_paddle_package' returned '0': PYTHONPATH=/home/mauricio/minicurso-ros2/build/auto_paddle_package/prefix_override:/home/mauricio/minicurso-ros2/install/auto_paddle_package/lib/python3.10/site-packages:${PYTHONPATH} /usr/bin/python3 -W ignore:setup.py install is deprecated setup.py egg_info --egg-base ../../build/auto_paddle_package build --build-base /home/mauricio/minicurso-ros2/build/auto_paddle_package/build install --record /home/mauricio/minicurso-ros2/build/auto_paddle_package/install.log --single-version-externally-managed install_data
