[0.118s] [34mcolcon[0m [1;30mDEBUG[0m [32mCommand line arguments: ['/usr/bin/colcon', 'build'][0m
[0.118s] [34mcolcon[0m [1;30mDEBUG[0m [32mParsed command line arguments: Namespace(log_base=None, log_level=None, verb_name='build', build_base='build', install_base='install', merge_install=False, symlink_install=False, test_result_base=None, continue_on_error=False, executor='parallel', parallel_workers=12, event_handlers=None, ignore_user_meta=False, metas=['./colcon.meta'], base_paths=['.'], packages_ignore=None, packages_ignore_regex=None, paths=None, packages_up_to=None, packages_up_to_regex=None, packages_above=None, packages_above_and_dependencies=None, packages_above_depth=None, packages_select_by_dep=None, packages_skip_by_dep=None, packages_skip_up_to=None, packages_select_build_failed=False, packages_skip_build_finished=False, packages_select_test_failures=False, packages_skip_test_passed=False, packages_select=None, packages_skip=None, packages_select_regex=None, packages_skip_regex=None, packages_start=None, packages_end=None, allow_overriding=[], cmake_args=None, cmake_target=None, cmake_target_skip_unavailable=False, cmake_clean_cache=False, cmake_clean_first=False, cmake_force_configure=False, ament_cmake_args=None, catkin_cmake_args=None, catkin_skip_building_tests=False, mixin_files=None, mixin=None, verb_parser=<colcon_mixin.mixin.mixin_argument.MixinArgumentDecorator object at 0x703184ef21d0>, verb_extension=<colcon_core.verb.build.BuildVerb object at 0x7031851fa890>, main=<bound method BuildVerb.main of <colcon_core.verb.build.BuildVerb object at 0x7031851fa890>>, mixin_verb=('build',))[0m
[0.307s] [34mcolcon.colcon_core.package_discovery[0m [1;30mLevel 1[0m discover_packages(colcon_meta) check parameters
[0.307s] [34mcolcon.colcon_core.package_discovery[0m [1;30mLevel 1[0m discover_packages(recursive) check parameters
[0.307s] [34mcolcon.colcon_core.package_discovery[0m [1;30mLevel 1[0m discover_packages(ignore) check parameters
[0.307s] [34mcolcon.colcon_core.package_discovery[0m [1;30mLevel 1[0m discover_packages(path) check parameters
[0.307s] [34mcolcon.colcon_core.package_discovery[0m [1;30mLevel 1[0m discover_packages(colcon_meta) discover
[0.308s] [34mcolcon.colcon_core.package_discovery[0m [1;30mLevel 1[0m discover_packages(recursive) discover
[0.308s] [34mcolcon.colcon_core.package_discovery[0m [1;30mINFO[0m Crawling recursively for packages in '/home/mauricio/minicurso-ros2'
[0.308s] [34mcolcon.colcon_core.package_identification[0m [1;30mLevel 1[0m _identify(.) by extensions ['ignore', 'ignore_ament_install']
[0.308s] [34mcolcon.colcon_core.package_identification[0m [1;30mLevel 1[0m _identify(.) by extension 'ignore'
[0.308s] [34mcolcon.colcon_core.package_identification[0m [1;30mLevel 1[0m _identify(.) by extension 'ignore_ament_install'
[0.308s] [34mcolcon.colcon_core.package_identification[0m [1;30mLevel 1[0m _identify(.) by extensions ['colcon_pkg']
[0.308s] [34mcolcon.colcon_core.package_identification[0m [1;30mLevel 1[0m _identify(.) by extension 'colcon_pkg'
[0.308s] [34mcolcon.colcon_core.package_identification[0m [1;30mLevel 1[0m _identify(.) by extensions ['colcon_meta']
[0.308s] [34mcolcon.colcon_core.package_identification[0m [1;30mLevel 1[0m _identify(.) by extension 'colcon_meta'
[0.308s] [34mcolcon.colcon_core.package_identification[0m [1;30mLevel 1[0m _identify(.) by extensions ['ros']
[0.309s] [34mcolcon.colcon_core.package_identification[0m [1;30mLevel 1[0m _identify(.) by extension 'ros'
[0.327s] [34mcolcon.colcon_core.package_identification[0m [1;30mLevel 1[0m _identify(.) by extensions ['cmake', 'python']
[0.327s] [34mcolcon.colcon_core.package_identification[0m [1;30mLevel 1[0m _identify(.) by extension 'cmake'
[0.327s] [34mcolcon.colcon_core.package_identification[0m [1;30mLevel 1[0m _identify(.) by extension 'python'
[0.327s] [34mcolcon.colcon_core.package_identification[0m [1;30mLevel 1[0m _identify(.) by extensions ['python_setup_py']
[0.327s] [34mcolcon.colcon_core.package_identification[0m [1;30mLevel 1[0m _identify(.) by extension 'python_setup_py'
[0.328s] [34mcolcon.colcon_core.package_identification[0m [1;30mLevel 1[0m _identify(build) by extensions ['ignore', 'ignore_ament_install']
[0.328s] [34mcolcon.colcon_core.package_identification[0m [1;30mLevel 1[0m _identify(build) by extension 'ignore'
[0.328s] [34mcolcon.colcon_core.package_identification[0m [1;30mLevel 1[0m _identify(build) ignored
[0.328s] [34mcolcon.colcon_core.package_identification[0m [1;30mLevel 1[0m _identify(install) by extensions ['ignore', 'ignore_ament_install']
[0.328s] [34mcolcon.colcon_core.package_identification[0m [1;30mLevel 1[0m _identify(install) by extension 'ignore'
[0.328s] [34mcolcon.colcon_core.package_identification[0m [1;30mLevel 1[0m _identify(install) ignored
[0.329s] [34mcolcon.colcon_core.package_identification[0m [1;30mLevel 1[0m _identify(log) by extensions ['ignore', 'ignore_ament_install']
[0.329s] [34mcolcon.colcon_core.package_identification[0m [1;30mLevel 1[0m _identify(log) by extension 'ignore'
[0.329s] [34mcolcon.colcon_core.package_identification[0m [1;30mLevel 1[0m _identify(log) ignored
[0.329s] [34mcolcon.colcon_core.package_identification[0m [1;30mLevel 1[0m _identify(src) by extensions ['ignore', 'ignore_ament_install']
[0.329s] [34mcolcon.colcon_core.package_identification[0m [1;30mLevel 1[0m _identify(src) by extension 'ignore'
[0.329s] [34mcolcon.colcon_core.package_identification[0m [1;30mLevel 1[0m _identify(src) by extension 'ignore_ament_install'
[0.329s] [34mcolcon.colcon_core.package_identification[0m [1;30mLevel 1[0m _identify(src) by extensions ['colcon_pkg']
[0.329s] [34mcolcon.colcon_core.package_identification[0m [1;30mLevel 1[0m _identify(src) by extension 'colcon_pkg'
[0.329s] [34mcolcon.colcon_core.package_identification[0m [1;30mLevel 1[0m _identify(src) by extensions ['colcon_meta']
[0.329s] [34mcolcon.colcon_core.package_identification[0m [1;30mLevel 1[0m _identify(src) by extension 'colcon_meta'
[0.329s] [34mcolcon.colcon_core.package_identification[0m [1;30mLevel 1[0m _identify(src) by extensions ['ros']
[0.329s] [34mcolcon.colcon_core.package_identification[0m [1;30mLevel 1[0m _identify(src) by extension 'ros'
[0.330s] [34mcolcon.colcon_core.package_identification[0m [1;30mLevel 1[0m _identify(src) by extensions ['cmake', 'python']
[0.330s] [34mcolcon.colcon_core.package_identification[0m [1;30mLevel 1[0m _identify(src) by extension 'cmake'
[0.330s] [34mcolcon.colcon_core.package_identification[0m [1;30mLevel 1[0m _identify(src) by extension 'python'
[0.330s] [34mcolcon.colcon_core.package_identification[0m [1;30mLevel 1[0m _identify(src) by extensions ['python_setup_py']
[0.330s] [34mcolcon.colcon_core.package_identification[0m [1;30mLevel 1[0m _identify(src) by extension 'python_setup_py'
[0.330s] [34mcolcon.colcon_core.package_identification[0m [1;30mLevel 1[0m _identify(src/auto_paddle_package) by extensions ['ignore', 'ignore_ament_install']
[0.330s] [34mcolcon.colcon_core.package_identification[0m [1;30mLevel 1[0m _identify(src/auto_paddle_package) by extension 'ignore'
[0.330s] [34mcolcon.colcon_core.package_identification[0m [1;30mLevel 1[0m _identify(src/auto_paddle_package) by extension 'ignore_ament_install'
[0.330s] [34mcolcon.colcon_core.package_identification[0m [1;30mLevel 1[0m _identify(src/auto_paddle_package) by extensions ['colcon_pkg']
[0.330s] [34mcolcon.colcon_core.package_identification[0m [1;30mLevel 1[0m _identify(src/auto_paddle_package) by extension 'colcon_pkg'
[0.331s] [34mcolcon.colcon_core.package_identification[0m [1;30mLevel 1[0m _identify(src/auto_paddle_package) by extensions ['colcon_meta']
[0.331s] [34mcolcon.colcon_core.package_identification[0m [1;30mLevel 1[0m _identify(src/auto_paddle_package) by extension 'colcon_meta'
[0.331s] [34mcolcon.colcon_core.package_identification[0m [1;30mLevel 1[0m _identify(src/auto_paddle_package) by extensions ['ros']
[0.331s] [34mcolcon.colcon_core.package_identification[0m [1;30mLevel 1[0m _identify(src/auto_paddle_package) by extension 'ros'
[0.334s] [34mcolcon.colcon_core.package_identification[0m [1;30mDEBUG[0m [32mPackage 'src/auto_paddle_package' with type 'ros.ament_python' and name 'auto_paddle_package'[0m
[0.335s] [34mcolcon.colcon_core.package_identification[0m [1;30mLevel 1[0m _identify(src/interfaces_package) by extensions ['ignore', 'ignore_ament_install']
[0.335s] [34mcolcon.colcon_core.package_identification[0m [1;30mLevel 1[0m _identify(src/interfaces_package) by extension 'ignore'
[0.335s] [34mcolcon.colcon_core.package_identification[0m [1;30mLevel 1[0m _identify(src/interfaces_package) by extension 'ignore_ament_install'
[0.335s] [34mcolcon.colcon_core.package_identification[0m [1;30mLevel 1[0m _identify(src/interfaces_package) by extensions ['colcon_pkg']
[0.335s] [34mcolcon.colcon_core.package_identification[0m [1;30mLevel 1[0m _identify(src/interfaces_package) by extension 'colcon_pkg'
[0.335s] [34mcolcon.colcon_core.package_identification[0m [1;30mLevel 1[0m _identify(src/interfaces_package) by extensions ['colcon_meta']
[0.335s] [34mcolcon.colcon_core.package_identification[0m [1;30mLevel 1[0m _identify(src/interfaces_package) by extension 'colcon_meta'
[0.335s] [34mcolcon.colcon_core.package_identification[0m [1;30mLevel 1[0m _identify(src/interfaces_package) by extensions ['ros']
[0.335s] [34mcolcon.colcon_core.package_identification[0m [1;30mLevel 1[0m _identify(src/interfaces_package) by extension 'ros'
[0.336s] [34mcolcon.colcon_core.package_identification[0m [1;30mDEBUG[0m [32mPackage 'src/interfaces_package' with type 'ros.ament_cmake' and name 'interfaces_package'[0m
[0.337s] [34mcolcon.colcon_core.package_identification[0m [1;30mLevel 1[0m _identify(src/paddle_controller_package) by extensions ['ignore', 'ignore_ament_install']
[0.337s] [34mcolcon.colcon_core.package_identification[0m [1;30mLevel 1[0m _identify(src/paddle_controller_package) by extension 'ignore'
[0.337s] [34mcolcon.colcon_core.package_identification[0m [1;30mLevel 1[0m _identify(src/paddle_controller_package) by extension 'ignore_ament_install'
[0.337s] [34mcolcon.colcon_core.package_identification[0m [1;30mLevel 1[0m _identify(src/paddle_controller_package) by extensions ['colcon_pkg']
[0.337s] [34mcolcon.colcon_core.package_identification[0m [1;30mLevel 1[0m _identify(src/paddle_controller_package) by extension 'colcon_pkg'
[0.337s] [34mcolcon.colcon_core.package_identification[0m [1;30mLevel 1[0m _identify(src/paddle_controller_package) by extensions ['colcon_meta']
[0.337s] [34mcolcon.colcon_core.package_identification[0m [1;30mLevel 1[0m _identify(src/paddle_controller_package) by extension 'colcon_meta'
[0.337s] [34mcolcon.colcon_core.package_identification[0m [1;30mLevel 1[0m _identify(src/paddle_controller_package) by extensions ['ros']
[0.337s] [34mcolcon.colcon_core.package_identification[0m [1;30mLevel 1[0m _identify(src/paddle_controller_package) by extension 'ros'
[0.338s] [34mcolcon.colcon_core.package_identification[0m [1;30mDEBUG[0m [32mPackage 'src/paddle_controller_package' with type 'ros.ament_python' and name 'paddle_controller_package'[0m
[0.338s] [34mcolcon.colcon_core.package_identification[0m [1;30mLevel 1[0m _identify(src/simulator_package) by extensions ['ignore', 'ignore_ament_install']
[0.338s] [34mcolcon.colcon_core.package_identification[0m [1;30mLevel 1[0m _identify(src/simulator_package) by extension 'ignore'
[0.339s] [34mcolcon.colcon_core.package_identification[0m [1;30mLevel 1[0m _identify(src/simulator_package) by extension 'ignore_ament_install'
[0.339s] [34mcolcon.colcon_core.package_identification[0m [1;30mLevel 1[0m _identify(src/simulator_package) by extensions ['colcon_pkg']
[0.339s] [34mcolcon.colcon_core.package_identification[0m [1;30mLevel 1[0m _identify(src/simulator_package) by extension 'colcon_pkg'
[0.339s] [34mcolcon.colcon_core.package_identification[0m [1;30mLevel 1[0m _identify(src/simulator_package) by extensions ['colcon_meta']
[0.339s] [34mcolcon.colcon_core.package_identification[0m [1;30mLevel 1[0m _identify(src/simulator_package) by extension 'colcon_meta'
[0.339s] [34mcolcon.colcon_core.package_identification[0m [1;30mLevel 1[0m _identify(src/simulator_package) by extensions ['ros']
[0.339s] [34mcolcon.colcon_core.package_identification[0m [1;30mLevel 1[0m _identify(src/simulator_package) by extension 'ros'
[0.340s] [34mcolcon.colcon_core.package_identification[0m [1;30mDEBUG[0m [32mPackage 'src/simulator_package' with type 'ros.ament_python' and name 'simulator_package'[0m
[0.340s] [34mcolcon.colcon_core.package_discovery[0m [1;30mLevel 1[0m discover_packages(recursive) using defaults
[0.340s] [34mcolcon.colcon_core.package_discovery[0m [1;30mLevel 1[0m discover_packages(ignore) discover
[0.340s] [34mcolcon.colcon_core.package_discovery[0m [1;30mLevel 1[0m discover_packages(ignore) using defaults
[0.340s] [34mcolcon.colcon_core.package_discovery[0m [1;30mLevel 1[0m discover_packages(path) discover
[0.340s] [34mcolcon.colcon_core.package_discovery[0m [1;30mLevel 1[0m discover_packages(path) using defaults
[0.357s] [34mcolcon.colcon_core.package_discovery[0m [1;30mLevel 1[0m discover_packages(prefix_path) check parameters
[0.357s] [34mcolcon.colcon_core.package_discovery[0m [1;30mLevel 1[0m discover_packages(prefix_path) discover
[0.359s] [34mcolcon.colcon_installed_package_information.package_discovery[0m [1;30mDEBUG[0m [32mFound 2 installed packages in /home/mauricio/minicurso-ros2/install[0m
[0.360s] [34mcolcon.colcon_installed_package_information.package_discovery[0m [1;30mDEBUG[0m [32mFound 8 installed packages in /home/mauricio/Documents/taurabots/soccer-client-ros2/install[0m
[0.361s] [34mcolcon.colcon_installed_package_information.package_discovery[0m [1;30mDEBUG[0m [32mFound 7 installed packages in /home/mauricio/Documents/taurabots/soccer-client/install[0m
[0.362s] [34mcolcon.colcon_installed_package_information.package_discovery[0m [1;30mDEBUG[0m [32mFound 226 installed packages in /opt/ros/humble[0m
[0.363s] [34mcolcon.colcon_core.package_discovery[0m [1;30mLevel 1[0m discover_packages(prefix_path) using defaults
[0.396s] [34mcolcon.colcon_core.verb[0m [1;30mLevel 5[0m set package 'auto_paddle_package' build argument 'cmake_args' from command line to 'None'
[0.396s] [34mcolcon.colcon_core.verb[0m [1;30mLevel 5[0m set package 'auto_paddle_package' build argument 'cmake_target' from command line to 'None'
[0.396s] [34mcolcon.colcon_core.verb[0m [1;30mLevel 5[0m set package 'auto_paddle_package' build argument 'cmake_target_skip_unavailable' from command line to 'False'
[0.396s] [34mcolcon.colcon_core.verb[0m [1;30mLevel 5[0m set package 'auto_paddle_package' build argument 'cmake_clean_cache' from command line to 'False'
[0.396s] [34mcolcon.colcon_core.verb[0m [1;30mLevel 5[0m set package 'auto_paddle_package' build argument 'cmake_clean_first' from command line to 'False'
[0.396s] [34mcolcon.colcon_core.verb[0m [1;30mLevel 5[0m set package 'auto_paddle_package' build argument 'cmake_force_configure' from command line to 'False'
[0.396s] [34mcolcon.colcon_core.verb[0m [1;30mLevel 5[0m set package 'auto_paddle_package' build argument 'ament_cmake_args' from command line to 'None'
[0.396s] [34mcolcon.colcon_core.verb[0m [1;30mLevel 5[0m set package 'auto_paddle_package' build argument 'catkin_cmake_args' from command line to 'None'
[0.396s] [34mcolcon.colcon_core.verb[0m [1;30mLevel 5[0m set package 'auto_paddle_package' build argument 'catkin_skip_building_tests' from command line to 'False'
[0.396s] [34mcolcon.colcon_core.verb[0m [1;30mDEBUG[0m [32mBuilding package 'auto_paddle_package' with the following arguments: {'ament_cmake_args': None, 'build_base': '/home/mauricio/minicurso-ros2/build/auto_paddle_package', 'catkin_cmake_args': None, 'catkin_skip_building_tests': False, 'cmake_args': None, 'cmake_clean_cache': False, 'cmake_clean_first': False, 'cmake_force_configure': False, 'cmake_target': None, 'cmake_target_skip_unavailable': False, 'install_base': '/home/mauricio/minicurso-ros2/install/auto_paddle_package', 'merge_install': False, 'path': '/home/mauricio/minicurso-ros2/src/auto_paddle_package', 'symlink_install': False, 'test_result_base': None}[0m
[0.396s] [34mcolcon.colcon_core.verb[0m [1;30mLevel 5[0m set package 'interfaces_package' build argument 'cmake_args' from command line to 'None'
[0.397s] [34mcolcon.colcon_core.verb[0m [1;30mLevel 5[0m set package 'interfaces_package' build argument 'cmake_target' from command line to 'None'
[0.397s] [34mcolcon.colcon_core.verb[0m [1;30mLevel 5[0m set package 'interfaces_package' build argument 'cmake_target_skip_unavailable' from command line to 'False'
[0.397s] [34mcolcon.colcon_core.verb[0m [1;30mLevel 5[0m set package 'interfaces_package' build argument 'cmake_clean_cache' from command line to 'False'
[0.397s] [34mcolcon.colcon_core.verb[0m [1;30mLevel 5[0m set package 'interfaces_package' build argument 'cmake_clean_first' from command line to 'False'
[0.397s] [34mcolcon.colcon_core.verb[0m [1;30mLevel 5[0m set package 'interfaces_package' build argument 'cmake_force_configure' from command line to 'False'
[0.397s] [34mcolcon.colcon_core.verb[0m [1;30mLevel 5[0m set package 'interfaces_package' build argument 'ament_cmake_args' from command line to 'None'
[0.397s] [34mcolcon.colcon_core.verb[0m [1;30mLevel 5[0m set package 'interfaces_package' build argument 'catkin_cmake_args' from command line to 'None'
[0.397s] [34mcolcon.colcon_core.verb[0m [1;30mLevel 5[0m set package 'interfaces_package' build argument 'catkin_skip_building_tests' from command line to 'False'
[0.397s] [34mcolcon.colcon_core.verb[0m [1;30mDEBUG[0m [32mBuilding package 'interfaces_package' with the following arguments: {'ament_cmake_args': None, 'build_base': '/home/mauricio/minicurso-ros2/build/interfaces_package', 'catkin_cmake_args': None, 'catkin_skip_building_tests': False, 'cmake_args': None, 'cmake_clean_cache': False, 'cmake_clean_first': False, 'cmake_force_configure': False, 'cmake_target': None, 'cmake_target_skip_unavailable': False, 'install_base': '/home/mauricio/minicurso-ros2/install/interfaces_package', 'merge_install': False, 'path': '/home/mauricio/minicurso-ros2/src/interfaces_package', 'symlink_install': False, 'test_result_base': None}[0m
[0.397s] [34mcolcon.colcon_core.verb[0m [1;30mLevel 5[0m set package 'paddle_controller_package' build argument 'cmake_args' from command line to 'None'
[0.397s] [34mcolcon.colcon_core.verb[0m [1;30mLevel 5[0m set package 'paddle_controller_package' build argument 'cmake_target' from command line to 'None'
[0.397s] [34mcolcon.colcon_core.verb[0m [1;30mLevel 5[0m set package 'paddle_controller_package' build argument 'cmake_target_skip_unavailable' from command line to 'False'
[0.397s] [34mcolcon.colcon_core.verb[0m [1;30mLevel 5[0m set package 'paddle_controller_package' build argument 'cmake_clean_cache' from command line to 'False'
[0.398s] [34mcolcon.colcon_core.verb[0m [1;30mLevel 5[0m set package 'paddle_controller_package' build argument 'cmake_clean_first' from command line to 'False'
[0.398s] [34mcolcon.colcon_core.verb[0m [1;30mLevel 5[0m set package 'paddle_controller_package' build argument 'cmake_force_configure' from command line to 'False'
[0.398s] [34mcolcon.colcon_core.verb[0m [1;30mLevel 5[0m set package 'paddle_controller_package' build argument 'ament_cmake_args' from command line to 'None'
[0.398s] [34mcolcon.colcon_core.verb[0m [1;30mLevel 5[0m set package 'paddle_controller_package' build argument 'catkin_cmake_args' from command line to 'None'
[0.398s] [34mcolcon.colcon_core.verb[0m [1;30mLevel 5[0m set package 'paddle_controller_package' build argument 'catkin_skip_building_tests' from command line to 'False'
[0.398s] [34mcolcon.colcon_core.verb[0m [1;30mDEBUG[0m [32mBuilding package 'paddle_controller_package' with the following arguments: {'ament_cmake_args': None, 'build_base': '/home/mauricio/minicurso-ros2/build/paddle_controller_package', 'catkin_cmake_args': None, 'catkin_skip_building_tests': False, 'cmake_args': None, 'cmake_clean_cache': False, 'cmake_clean_first': False, 'cmake_force_configure': False, 'cmake_target': None, 'cmake_target_skip_unavailable': False, 'install_base': '/home/mauricio/minicurso-ros2/install/paddle_controller_package', 'merge_install': False, 'path': '/home/mauricio/minicurso-ros2/src/paddle_controller_package', 'symlink_install': False, 'test_result_base': None}[0m
[0.398s] [34mcolcon.colcon_core.verb[0m [1;30mLevel 5[0m set package 'simulator_package' build argument 'cmake_args' from command line to 'None'
[0.398s] [34mcolcon.colcon_core.verb[0m [1;30mLevel 5[0m set package 'simulator_package' build argument 'cmake_target' from command line to 'None'
[0.398s] [34mcolcon.colcon_core.verb[0m [1;30mLevel 5[0m set package 'simulator_package' build argument 'cmake_target_skip_unavailable' from command line to 'False'
[0.398s] [34mcolcon.colcon_core.verb[0m [1;30mLevel 5[0m set package 'simulator_package' build argument 'cmake_clean_cache' from command line to 'False'
[0.398s] [34mcolcon.colcon_core.verb[0m [1;30mLevel 5[0m set package 'simulator_package' build argument 'cmake_clean_first' from command line to 'False'
[0.398s] [34mcolcon.colcon_core.verb[0m [1;30mLevel 5[0m set package 'simulator_package' build argument 'cmake_force_configure' from command line to 'False'
[0.398s] [34mcolcon.colcon_core.verb[0m [1;30mLevel 5[0m set package 'simulator_package' build argument 'ament_cmake_args' from command line to 'None'
[0.398s] [34mcolcon.colcon_core.verb[0m [1;30mLevel 5[0m set package 'simulator_package' build argument 'catkin_cmake_args' from command line to 'None'
[0.399s] [34mcolcon.colcon_core.verb[0m [1;30mLevel 5[0m set package 'simulator_package' build argument 'catkin_skip_building_tests' from command line to 'False'
[0.399s] [34mcolcon.colcon_core.verb[0m [1;30mDEBUG[0m [32mBuilding package 'simulator_package' with the following arguments: {'ament_cmake_args': None, 'build_base': '/home/mauricio/minicurso-ros2/build/simulator_package', 'catkin_cmake_args': None, 'catkin_skip_building_tests': False, 'cmake_args': None, 'cmake_clean_cache': False, 'cmake_clean_first': False, 'cmake_force_configure': False, 'cmake_target': None, 'cmake_target_skip_unavailable': False, 'install_base': '/home/mauricio/minicurso-ros2/install/simulator_package', 'merge_install': False, 'path': '/home/mauricio/minicurso-ros2/src/simulator_package', 'symlink_install': False, 'test_result_base': None}[0m
[0.399s] [34mcolcon.colcon_core.executor[0m [1;30mINFO[0m Executing jobs using 'parallel' executor
[0.400s] [34mcolcon.colcon_parallel_executor.executor.parallel[0m [1;30mDEBUG[0m [32mrun_until_complete[0m
[0.400s] [34mcolcon.colcon_ros.task.ament_python.build[0m [1;30mINFO[0m Building ROS package in '/home/mauricio/minicurso-ros2/src/auto_paddle_package' with build type 'ament_python'
[0.400s] [34mcolcon.colcon_core.shell[0m [1;30mLevel 1[0m create_environment_hook('auto_paddle_package', 'ament_prefix_path')
[0.403s] [34mcolcon.colcon_core.plugin_system[0m [1;30mINFO[0m Skipping extension 'colcon_core.shell.bat': Not used on non-Windows systems
[0.403s] [34mcolcon.colcon_core.shell[0m [1;30mINFO[0m Creating environment hook '/home/mauricio/minicurso-ros2/install/auto_paddle_package/share/auto_paddle_package/hook/ament_prefix_path.ps1'
[0.404s] [34mcolcon.colcon_core.shell[0m [1;30mINFO[0m Creating environment descriptor '/home/mauricio/minicurso-ros2/install/auto_paddle_package/share/auto_paddle_package/hook/ament_prefix_path.dsv'
[0.404s] [34mcolcon.colcon_core.shell[0m [1;30mINFO[0m Creating environment hook '/home/mauricio/minicurso-ros2/install/auto_paddle_package/share/auto_paddle_package/hook/ament_prefix_path.sh'
[0.405s] [34mcolcon.colcon_core.shell[0m [1;30mINFO[0m Skip shell extension 'powershell' for command environment: Not usable outside of PowerShell
[0.405s] [34mcolcon.colcon_core.shell[0m [1;30mDEBUG[0m [32mSkip shell extension 'dsv' for command environment[0m
[0.410s] [34mcolcon.colcon_ros.task.ament_cmake.build[0m [1;30mINFO[0m Building ROS package in '/home/mauricio/minicurso-ros2/src/interfaces_package' with build type 'ament_cmake'
[0.410s] [34mcolcon.colcon_cmake.task.cmake.build[0m [1;30mINFO[0m Building CMake package in '/home/mauricio/minicurso-ros2/src/interfaces_package'
[0.411s] [34mcolcon.colcon_core.shell[0m [1;30mINFO[0m Skip shell extension 'powershell' for command environment: Not usable outside of PowerShell
[0.411s] [34mcolcon.colcon_core.shell[0m [1;30mDEBUG[0m [32mSkip shell extension 'dsv' for command environment[0m
[0.418s] [34mcolcon.colcon_ros.task.ament_python.build[0m [1;30mINFO[0m Building ROS package in '/home/mauricio/minicurso-ros2/src/paddle_controller_package' with build type 'ament_python'
[0.418s] [34mcolcon.colcon_core.shell[0m [1;30mLevel 1[0m create_environment_hook('paddle_controller_package', 'ament_prefix_path')
[0.419s] [34mcolcon.colcon_core.shell[0m [1;30mINFO[0m Creating environment hook '/home/mauricio/minicurso-ros2/install/paddle_controller_package/share/paddle_controller_package/hook/ament_prefix_path.ps1'
[0.420s] [34mcolcon.colcon_core.shell[0m [1;30mINFO[0m Creating environment descriptor '/home/mauricio/minicurso-ros2/install/paddle_controller_package/share/paddle_controller_package/hook/ament_prefix_path.dsv'
[0.420s] [34mcolcon.colcon_core.shell[0m [1;30mINFO[0m Creating environment hook '/home/mauricio/minicurso-ros2/install/paddle_controller_package/share/paddle_controller_package/hook/ament_prefix_path.sh'
[0.421s] [34mcolcon.colcon_core.shell[0m [1;30mINFO[0m Skip shell extension 'powershell' for command environment: Not usable outside of PowerShell
[0.421s] [34mcolcon.colcon_core.shell[0m [1;30mDEBUG[0m [32mSkip shell extension 'dsv' for command environment[0m
[0.426s] [34mcolcon.colcon_ros.task.ament_python.build[0m [1;30mINFO[0m Building ROS package in '/home/mauricio/minicurso-ros2/src/simulator_package' with build type 'ament_python'
[0.427s] [34mcolcon.colcon_core.shell[0m [1;30mLevel 1[0m create_environment_hook('simulator_package', 'ament_prefix_path')
[0.427s] [34mcolcon.colcon_core.shell[0m [1;30mINFO[0m Creating environment hook '/home/mauricio/minicurso-ros2/install/simulator_package/share/simulator_package/hook/ament_prefix_path.ps1'
[0.427s] [34mcolcon.colcon_core.shell[0m [1;30mINFO[0m Creating environment descriptor '/home/mauricio/minicurso-ros2/install/simulator_package/share/simulator_package/hook/ament_prefix_path.dsv'
[0.428s] [34mcolcon.colcon_core.shell[0m [1;30mINFO[0m Creating environment hook '/home/mauricio/minicurso-ros2/install/simulator_package/share/simulator_package/hook/ament_prefix_path.sh'
[0.429s] [34mcolcon.colcon_core.shell[0m [1;30mINFO[0m Skip shell extension 'powershell' for command environment: Not usable outside of PowerShell
[0.429s] [34mcolcon.colcon_core.shell[0m [1;30mDEBUG[0m [32mSkip shell extension 'dsv' for command environment[0m
[0.733s] [34mcolcon.colcon_core.task.python.build[0m [1;30mINFO[0m Building Python package in '/home/mauricio/minicurso-ros2/src/auto_paddle_package'
[0.733s] [34mcolcon.colcon_core.shell[0m [1;30mINFO[0m Skip shell extension 'powershell' for command environment: Not usable outside of PowerShell
[0.733s] [34mcolcon.colcon_core.shell[0m [1;30mDEBUG[0m [32mSkip shell extension 'dsv' for command environment[0m
[0.743s] [34mcolcon.colcon_core.event_handler.log_command[0m [1;30mDEBUG[0m [32mInvoking command in '/home/mauricio/minicurso-ros2/build/interfaces_package': CMAKE_PREFIX_PATH=${CMAKE_PREFIX_PATH}:/home/mauricio/minicurso-ros2/install/simulator_package:/home/mauricio/minicurso-ros2/install/paddle_controller_package:/home/mauricio/Documents/taurabots/soccer-client-ros2/install/strategy_package:/home/mauricio/Documents/taurabots/soccer-client-ros2/install/sender_package:/home/mauricio/Documents/taurabots/soccer-client-ros2/install/robots_package:/home/mauricio/Documents/taurabots/soccer-client-ros2/install/receiver_package:/home/mauricio/Documents/taurabots/soccer-client-ros2/install/protobuf_package:/home/mauricio/Documents/taurabots/soccer-client-ros2/install/navigation_package:/home/mauricio/Documents/taurabots/soccer-client-ros2/install/manager_package:/home/mauricio/Documents/taurabots/soccer-client/install/sender_package:/home/mauricio/Documents/taurabots/soccer-client/install/robots_package:/home/mauricio/Documents/taurabots/soccer-client/install/receiver_package:/home/mauricio/Documents/taurabots/soccer-client/install/manager_package:/home/mauricio/Documents/taurabots/soccer-client/install/controller_package:/home/mauricio/Documents/taurabots/soccer-client/install/behavior_package:/opt/ros/humble /usr/bin/cmake /home/mauricio/minicurso-ros2/src/interfaces_package -DCMAKE_INSTALL_PREFIX=/home/mauricio/minicurso-ros2/install/interfaces_package[0m
[1.060s] [34mcolcon.colcon_core.task.python.build[0m [1;30mINFO[0m Building Python package in '/home/mauricio/minicurso-ros2/src/paddle_controller_package'
[1.061s] [34mcolcon.colcon_core.shell[0m [1;30mINFO[0m Skip shell extension 'powershell' for command environment: Not usable outside of PowerShell
[1.061s] [34mcolcon.colcon_core.shell[0m [1;30mDEBUG[0m [32mSkip shell extension 'dsv' for command environment[0m
[1.365s] [34mcolcon.colcon_core.task.python.build[0m [1;30mINFO[0m Building Python package in '/home/mauricio/minicurso-ros2/src/simulator_package'
[1.366s] [34mcolcon.colcon_core.shell[0m [1;30mINFO[0m Skip shell extension 'powershell' for command environment: Not usable outside of PowerShell
[1.366s] [34mcolcon.colcon_core.shell[0m [1;30mDEBUG[0m [32mSkip shell extension 'dsv' for command environment[0m
[1.769s] [34mcolcon.colcon_core.event_handler.log_command[0m [1;30mDEBUG[0m [32mInvoking command in '/home/mauricio/minicurso-ros2/src/paddle_controller_package': PYTHONPATH=/home/mauricio/minicurso-ros2/build/paddle_controller_package/prefix_override:/home/mauricio/minicurso-ros2/install/paddle_controller_package/lib/python3.10/site-packages:${PYTHONPATH} /usr/bin/python3 -W ignore:setup.py install is deprecated setup.py egg_info --egg-base ../../build/paddle_controller_package build --build-base /home/mauricio/minicurso-ros2/build/paddle_controller_package/build install --record /home/mauricio/minicurso-ros2/build/paddle_controller_package/install.log --single-version-externally-managed install_data[0m
[1.782s] [34mcolcon.colcon_core.event_handler.log_command[0m [1;30mDEBUG[0m [32mInvoking command in '/home/mauricio/minicurso-ros2/src/auto_paddle_package': PYTHONPATH=/home/mauricio/minicurso-ros2/build/auto_paddle_package/prefix_override:/home/mauricio/minicurso-ros2/install/auto_paddle_package/lib/python3.10/site-packages:${PYTHONPATH} /usr/bin/python3 -W ignore:setup.py install is deprecated setup.py egg_info --egg-base ../../build/auto_paddle_package build --build-base /home/mauricio/minicurso-ros2/build/auto_paddle_package/build install --record /home/mauricio/minicurso-ros2/build/auto_paddle_package/install.log --single-version-externally-managed install_data[0m
[1.794s] [34mcolcon.colcon_core.event_handler.log_command[0m [1;30mDEBUG[0m [32mInvoking command in '/home/mauricio/minicurso-ros2/src/simulator_package': PYTHONPATH=/home/mauricio/minicurso-ros2/build/simulator_package/prefix_override:/home/mauricio/minicurso-ros2/install/simulator_package/lib/python3.10/site-packages:${PYTHONPATH} /usr/bin/python3 -W ignore:setup.py install is deprecated setup.py egg_info --egg-base ../../build/simulator_package build --build-base /home/mauricio/minicurso-ros2/build/simulator_package/build install --record /home/mauricio/minicurso-ros2/build/simulator_package/install.log --single-version-externally-managed install_data[0m
[2.168s] [34mcolcon.colcon_core.event_handler.log_command[0m [1;30mDEBUG[0m [32mInvoked command in '/home/mauricio/minicurso-ros2/src/paddle_controller_package' returned '0': PYTHONPATH=/home/mauricio/minicurso-ros2/build/paddle_controller_package/prefix_override:/home/mauricio/minicurso-ros2/install/paddle_controller_package/lib/python3.10/site-packages:${PYTHONPATH} /usr/bin/python3 -W ignore:setup.py install is deprecated setup.py egg_info --egg-base ../../build/paddle_controller_package build --build-base /home/mauricio/minicurso-ros2/build/paddle_controller_package/build install --record /home/mauricio/minicurso-ros2/build/paddle_controller_package/install.log --single-version-externally-managed install_data[0m
[2.172s] [34mcolcon.colcon_core.environment[0m [1;30mLevel 1[0m checking '/home/mauricio/minicurso-ros2/install/paddle_controller_package' for CMake module files
[2.173s] [34mcolcon.colcon_core.environment[0m [1;30mLevel 1[0m checking '/home/mauricio/minicurso-ros2/install/paddle_controller_package' for CMake config files
[2.174s] [34mcolcon.colcon_core.environment[0m [1;30mLevel 1[0m checking '/home/mauricio/minicurso-ros2/install/paddle_controller_package/lib'
[2.174s] [34mcolcon.colcon_core.environment[0m [1;30mLevel 1[0m checking '/home/mauricio/minicurso-ros2/install/paddle_controller_package/bin'
[2.174s] [34mcolcon.colcon_core.environment[0m [1;30mLevel 1[0m checking '/home/mauricio/minicurso-ros2/install/paddle_controller_package/lib/pkgconfig/paddle_controller_package.pc'
[2.174s] [34mcolcon.colcon_core.environment[0m [1;30mLevel 1[0m checking '/home/mauricio/minicurso-ros2/install/paddle_controller_package/lib/python3.10/site-packages'
[2.175s] [34mcolcon.colcon_core.shell[0m [1;30mLevel 1[0m create_environment_hook('paddle_controller_package', 'pythonpath')
[2.175s] [34mcolcon.colcon_core.shell[0m [1;30mINFO[0m Creating environment hook '/home/mauricio/minicurso-ros2/install/paddle_controller_package/share/paddle_controller_package/hook/pythonpath.ps1'
[2.175s] [34mcolcon.colcon_core.shell[0m [1;30mINFO[0m Creating environment descriptor '/home/mauricio/minicurso-ros2/install/paddle_controller_package/share/paddle_controller_package/hook/pythonpath.dsv'
[2.176s] [34mcolcon.colcon_core.shell[0m [1;30mINFO[0m Creating environment hook '/home/mauricio/minicurso-ros2/install/paddle_controller_package/share/paddle_controller_package/hook/pythonpath.sh'
[2.177s] [34mcolcon.colcon_core.environment[0m [1;30mLevel 1[0m checking '/home/mauricio/minicurso-ros2/install/paddle_controller_package/bin'
[2.177s] [34mcolcon.colcon_core.environment[0m [1;30mLevel 1[0m create_environment_scripts_only(paddle_controller_package)
[2.178s] [34mcolcon.colcon_core.shell[0m [1;30mINFO[0m Creating package script '/home/mauricio/minicurso-ros2/install/paddle_controller_package/share/paddle_controller_package/package.ps1'
[2.179s] [34mcolcon.colcon_core.shell[0m [1;30mINFO[0m Creating package descriptor '/home/mauricio/minicurso-ros2/install/paddle_controller_package/share/paddle_controller_package/package.dsv'
[2.179s] [34mcolcon.colcon_core.shell[0m [1;30mINFO[0m Creating package script '/home/mauricio/minicurso-ros2/install/paddle_controller_package/share/paddle_controller_package/package.sh'
[2.180s] [34mcolcon.colcon_core.shell[0m [1;30mINFO[0m Creating package script '/home/mauricio/minicurso-ros2/install/paddle_controller_package/share/paddle_controller_package/package.bash'
[2.181s] [34mcolcon.colcon_core.shell[0m [1;30mINFO[0m Creating package script '/home/mauricio/minicurso-ros2/install/paddle_controller_package/share/paddle_controller_package/package.zsh'
[2.182s] [34mcolcon.colcon_core.environment[0m [1;30mLevel 1[0m create_file_with_runtime_dependencies(/home/mauricio/minicurso-ros2/install/paddle_controller_package/share/colcon-core/packages/paddle_controller_package)
[2.184s] [34mcolcon.colcon_core.environment[0m [1;30mLevel 1[0m checking '/home/mauricio/minicurso-ros2/install/auto_paddle_package' for CMake module files
[2.185s] [34mcolcon.colcon_core.event_handler.log_command[0m [1;30mDEBUG[0m [32mInvoked command in '/home/mauricio/minicurso-ros2/src/auto_paddle_package' returned '0': PYTHONPATH=/home/mauricio/minicurso-ros2/build/auto_paddle_package/prefix_override:/home/mauricio/minicurso-ros2/install/auto_paddle_package/lib/python3.10/site-packages:${PYTHONPATH} /usr/bin/python3 -W ignore:setup.py install is deprecated setup.py egg_info --egg-base ../../build/auto_paddle_package build --build-base /home/mauricio/minicurso-ros2/build/auto_paddle_package/build install --record /home/mauricio/minicurso-ros2/build/auto_paddle_package/install.log --single-version-externally-managed install_data[0m
[2.186s] [34mcolcon.colcon_core.environment[0m [1;30mLevel 1[0m checking '/home/mauricio/minicurso-ros2/install/auto_paddle_package' for CMake config files
[2.186s] [34mcolcon.colcon_core.environment[0m [1;30mLevel 1[0m checking '/home/mauricio/minicurso-ros2/install/auto_paddle_package/lib'
[2.187s] [34mcolcon.colcon_core.environment[0m [1;30mLevel 1[0m checking '/home/mauricio/minicurso-ros2/install/auto_paddle_package/bin'
[2.187s] [34mcolcon.colcon_core.environment[0m [1;30mLevel 1[0m checking '/home/mauricio/minicurso-ros2/install/auto_paddle_package/lib/pkgconfig/auto_paddle_package.pc'
[2.187s] [34mcolcon.colcon_core.environment[0m [1;30mLevel 1[0m checking '/home/mauricio/minicurso-ros2/install/auto_paddle_package/lib/python3.10/site-packages'
[2.187s] [34mcolcon.colcon_core.shell[0m [1;30mLevel 1[0m create_environment_hook('auto_paddle_package', 'pythonpath')
[2.188s] [34mcolcon.colcon_core.shell[0m [1;30mINFO[0m Creating environment hook '/home/mauricio/minicurso-ros2/install/auto_paddle_package/share/auto_paddle_package/hook/pythonpath.ps1'
[2.188s] [34mcolcon.colcon_core.shell[0m [1;30mINFO[0m Creating environment descriptor '/home/mauricio/minicurso-ros2/install/auto_paddle_package/share/auto_paddle_package/hook/pythonpath.dsv'
[2.189s] [34mcolcon.colcon_core.shell[0m [1;30mINFO[0m Creating environment hook '/home/mauricio/minicurso-ros2/install/auto_paddle_package/share/auto_paddle_package/hook/pythonpath.sh'
[2.189s] [34mcolcon.colcon_core.environment[0m [1;30mLevel 1[0m checking '/home/mauricio/minicurso-ros2/install/auto_paddle_package/bin'
[2.189s] [34mcolcon.colcon_core.environment[0m [1;30mLevel 1[0m create_environment_scripts_only(auto_paddle_package)
[2.190s] [34mcolcon.colcon_core.shell[0m [1;30mINFO[0m Creating package script '/home/mauricio/minicurso-ros2/install/auto_paddle_package/share/auto_paddle_package/package.ps1'
[2.191s] [34mcolcon.colcon_core.shell[0m [1;30mINFO[0m Creating package descriptor '/home/mauricio/minicurso-ros2/install/auto_paddle_package/share/auto_paddle_package/package.dsv'
[2.191s] [34mcolcon.colcon_core.shell[0m [1;30mINFO[0m Creating package script '/home/mauricio/minicurso-ros2/install/auto_paddle_package/share/auto_paddle_package/package.sh'
[2.192s] [34mcolcon.colcon_core.shell[0m [1;30mINFO[0m Creating package script '/home/mauricio/minicurso-ros2/install/auto_paddle_package/share/auto_paddle_package/package.bash'
[2.193s] [34mcolcon.colcon_core.shell[0m [1;30mINFO[0m Creating package script '/home/mauricio/minicurso-ros2/install/auto_paddle_package/share/auto_paddle_package/package.zsh'
[2.193s] [34mcolcon.colcon_core.environment[0m [1;30mLevel 1[0m create_file_with_runtime_dependencies(/home/mauricio/minicurso-ros2/install/auto_paddle_package/share/colcon-core/packages/auto_paddle_package)
[2.236s] [34mcolcon.colcon_core.environment[0m [1;30mLevel 1[0m checking '/home/mauricio/minicurso-ros2/install/simulator_package' for CMake module files
[2.236s] [34mcolcon.colcon_core.event_handler.log_command[0m [1;30mDEBUG[0m [32mInvoked command in '/home/mauricio/minicurso-ros2/src/simulator_package' returned '0': PYTHONPATH=/home/mauricio/minicurso-ros2/build/simulator_package/prefix_override:/home/mauricio/minicurso-ros2/install/simulator_package/lib/python3.10/site-packages:${PYTHONPATH} /usr/bin/python3 -W ignore:setup.py install is deprecated setup.py egg_info --egg-base ../../build/simulator_package build --build-base /home/mauricio/minicurso-ros2/build/simulator_package/build install --record /home/mauricio/minicurso-ros2/build/simulator_package/install.log --single-version-externally-managed install_data[0m
[2.237s] [34mcolcon.colcon_core.environment[0m [1;30mLevel 1[0m checking '/home/mauricio/minicurso-ros2/install/simulator_package' for CMake config files
[2.237s] [34mcolcon.colcon_core.environment[0m [1;30mLevel 1[0m checking '/home/mauricio/minicurso-ros2/install/simulator_package/lib'
[2.237s] [34mcolcon.colcon_core.environment[0m [1;30mLevel 1[0m checking '/home/mauricio/minicurso-ros2/install/simulator_package/bin'
[2.238s] [34mcolcon.colcon_core.environment[0m [1;30mLevel 1[0m checking '/home/mauricio/minicurso-ros2/install/simulator_package/lib/pkgconfig/simulator_package.pc'
[2.238s] [34mcolcon.colcon_core.environment[0m [1;30mLevel 1[0m checking '/home/mauricio/minicurso-ros2/install/simulator_package/lib/python3.10/site-packages'
[2.238s] [34mcolcon.colcon_core.shell[0m [1;30mLevel 1[0m create_environment_hook('simulator_package', 'pythonpath')
[2.239s] [34mcolcon.colcon_core.shell[0m [1;30mINFO[0m Creating environment hook '/home/mauricio/minicurso-ros2/install/simulator_package/share/simulator_package/hook/pythonpath.ps1'
[2.239s] [34mcolcon.colcon_core.shell[0m [1;30mINFO[0m Creating environment descriptor '/home/mauricio/minicurso-ros2/install/simulator_package/share/simulator_package/hook/pythonpath.dsv'
[2.239s] [34mcolcon.colcon_core.shell[0m [1;30mINFO[0m Creating environment hook '/home/mauricio/minicurso-ros2/install/simulator_package/share/simulator_package/hook/pythonpath.sh'
[2.240s] [34mcolcon.colcon_core.environment[0m [1;30mLevel 1[0m checking '/home/mauricio/minicurso-ros2/install/simulator_package/bin'
[2.241s] [34mcolcon.colcon_core.environment[0m [1;30mLevel 1[0m create_environment_scripts_only(simulator_package)
[2.241s] [34mcolcon.colcon_core.shell[0m [1;30mINFO[0m Creating package script '/home/mauricio/minicurso-ros2/install/simulator_package/share/simulator_package/package.ps1'
[2.242s] [34mcolcon.colcon_core.shell[0m [1;30mINFO[0m Creating package descriptor '/home/mauricio/minicurso-ros2/install/simulator_package/share/simulator_package/package.dsv'
[2.242s] [34mcolcon.colcon_core.shell[0m [1;30mINFO[0m Creating package script '/home/mauricio/minicurso-ros2/install/simulator_package/share/simulator_package/package.sh'
[2.242s] [34mcolcon.colcon_core.shell[0m [1;30mINFO[0m Creating package script '/home/mauricio/minicurso-ros2/install/simulator_package/share/simulator_package/package.bash'
[2.243s] [34mcolcon.colcon_core.shell[0m [1;30mINFO[0m Creating package script '/home/mauricio/minicurso-ros2/install/simulator_package/share/simulator_package/package.zsh'
[2.243s] [34mcolcon.colcon_core.environment[0m [1;30mLevel 1[0m create_file_with_runtime_dependencies(/home/mauricio/minicurso-ros2/install/simulator_package/share/colcon-core/packages/simulator_package)
[2.430s] [34mcolcon.colcon_core.event_handler.log_command[0m [1;30mDEBUG[0m [32mInvoked command in '/home/mauricio/minicurso-ros2/build/interfaces_package' returned '1': CMAKE_PREFIX_PATH=${CMAKE_PREFIX_PATH}:/home/mauricio/minicurso-ros2/install/simulator_package:/home/mauricio/minicurso-ros2/install/paddle_controller_package:/home/mauricio/Documents/taurabots/soccer-client-ros2/install/strategy_package:/home/mauricio/Documents/taurabots/soccer-client-ros2/install/sender_package:/home/mauricio/Documents/taurabots/soccer-client-ros2/install/robots_package:/home/mauricio/Documents/taurabots/soccer-client-ros2/install/receiver_package:/home/mauricio/Documents/taurabots/soccer-client-ros2/install/protobuf_package:/home/mauricio/Documents/taurabots/soccer-client-ros2/install/navigation_package:/home/mauricio/Documents/taurabots/soccer-client-ros2/install/manager_package:/home/mauricio/Documents/taurabots/soccer-client/install/sender_package:/home/mauricio/Documents/taurabots/soccer-client/install/robots_package:/home/mauricio/Documents/taurabots/soccer-client/install/receiver_package:/home/mauricio/Documents/taurabots/soccer-client/install/manager_package:/home/mauricio/Documents/taurabots/soccer-client/install/controller_package:/home/mauricio/Documents/taurabots/soccer-client/install/behavior_package:/opt/ros/humble /usr/bin/cmake /home/mauricio/minicurso-ros2/src/interfaces_package -DCMAKE_INSTALL_PREFIX=/home/mauricio/minicurso-ros2/install/interfaces_package[0m
[2.443s] [34mcolcon.colcon_core.environment[0m [1;30mLevel 1[0m create_environment_scripts_only(interfaces_package)
[2.444s] [34mcolcon.colcon_core.environment[0m [1;30mLevel 1[0m checking '/home/mauricio/minicurso-ros2/install/interfaces_package' for CMake module files
[2.444s] [34mcolcon.colcon_core.environment[0m [1;30mLevel 1[0m checking '/home/mauricio/minicurso-ros2/install/interfaces_package' for CMake config files
[2.444s] [34mcolcon.colcon_core.environment[0m [1;30mLevel 1[0m checking '/home/mauricio/minicurso-ros2/install/interfaces_package/bin'
[2.444s] [34mcolcon.colcon_core.environment[0m [1;30mLevel 1[0m checking '/home/mauricio/minicurso-ros2/install/interfaces_package/lib/pkgconfig/interfaces_package.pc'
[2.444s] [34mcolcon.colcon_core.environment[0m [1;30mLevel 1[0m checking '/home/mauricio/minicurso-ros2/install/interfaces_package/lib/python3.10/site-packages'
[2.444s] [34mcolcon.colcon_core.environment[0m [1;30mLevel 1[0m checking '/home/mauricio/minicurso-ros2/install/interfaces_package/bin'
[2.445s] [34mcolcon.colcon_core.shell[0m [1;30mINFO[0m Creating package script '/home/mauricio/minicurso-ros2/install/interfaces_package/share/interfaces_package/package.ps1'
[2.445s] [34mcolcon.colcon_core.shell[0m [1;30mINFO[0m Creating package descriptor '/home/mauricio/minicurso-ros2/install/interfaces_package/share/interfaces_package/package.dsv'
[2.445s] [34mcolcon.colcon_core.shell[0m [1;30mINFO[0m Creating package script '/home/mauricio/minicurso-ros2/install/interfaces_package/share/interfaces_package/package.sh'
[2.446s] [34mcolcon.colcon_core.shell[0m [1;30mINFO[0m Creating package script '/home/mauricio/minicurso-ros2/install/interfaces_package/share/interfaces_package/package.bash'
[2.446s] [34mcolcon.colcon_core.shell[0m [1;30mINFO[0m Creating package script '/home/mauricio/minicurso-ros2/install/interfaces_package/share/interfaces_package/package.zsh'
[2.447s] [34mcolcon.colcon_core.environment[0m [1;30mLevel 1[0m create_file_with_runtime_dependencies(/home/mauricio/minicurso-ros2/install/interfaces_package/share/colcon-core/packages/interfaces_package)
[2.457s] [34mcolcon.colcon_parallel_executor.executor.parallel[0m [1;30mDEBUG[0m [32mclosing loop[0m
[2.457s] [34mcolcon.colcon_parallel_executor.executor.parallel[0m [1;30mDEBUG[0m [32mloop closed[0m
[2.458s] [34mcolcon.colcon_parallel_executor.executor.parallel[0m [1;30mDEBUG[0m [32mrun_until_complete finished with '1'[0m
[2.458s] [34mcolcon.colcon_core.event_reactor[0m [1;30mDEBUG[0m [32mjoining thread[0m
[2.464s] [34mcolcon.colcon_core.plugin_system[0m [1;30mINFO[0m Skipping extension 'colcon_notification.desktop_notification.notify_send': Could not find 'notify-send'
[2.464s] [34mcolcon.colcon_core.plugin_system[0m [1;30mINFO[0m Skipping extension 'colcon_notification.desktop_notification.terminal_notifier': Not used on non-Darwin systems
[2.464s] [34mcolcon.colcon_core.plugin_system[0m [1;30mINFO[0m Skipping extension 'colcon_notification.desktop_notification.win32': Not used on non-Windows systems
[2.464s] [34mcolcon.colcon_notification.desktop_notification[0m [1;30mINFO[0m Sending desktop notification using 'notify2'
[2.490s] [34mcolcon.colcon_core.event_reactor[0m [1;30mDEBUG[0m [32mjoined thread[0m
[2.491s] [34mcolcon.colcon_core.shell[0m [1;30mINFO[0m Creating prefix script '/home/mauricio/minicurso-ros2/install/local_setup.ps1'
[2.492s] [34mcolcon.colcon_core.shell[0m [1;30mINFO[0m Creating prefix util module '/home/mauricio/minicurso-ros2/install/_local_setup_util_ps1.py'
[2.494s] [34mcolcon.colcon_core.shell[0m [1;30mINFO[0m Creating prefix chain script '/home/mauricio/minicurso-ros2/install/setup.ps1'
[2.497s] [34mcolcon.colcon_core.shell[0m [1;30mINFO[0m Creating prefix script '/home/mauricio/minicurso-ros2/install/local_setup.sh'
[2.499s] [34mcolcon.colcon_core.shell[0m [1;30mINFO[0m Creating prefix util module '/home/mauricio/minicurso-ros2/install/_local_setup_util_sh.py'
[2.499s] [34mcolcon.colcon_core.shell[0m [1;30mINFO[0m Creating prefix chain script '/home/mauricio/minicurso-ros2/install/setup.sh'
[2.502s] [34mcolcon.colcon_core.shell[0m [1;30mINFO[0m Creating prefix script '/home/mauricio/minicurso-ros2/install/local_setup.bash'
[2.503s] [34mcolcon.colcon_core.shell[0m [1;30mINFO[0m Creating prefix chain script '/home/mauricio/minicurso-ros2/install/setup.bash'
[2.505s] [34mcolcon.colcon_core.shell[0m [1;30mINFO[0m Creating prefix script '/home/mauricio/minicurso-ros2/install/local_setup.zsh'
[2.506s] [34mcolcon.colcon_core.shell[0m [1;30mINFO[0m Creating prefix chain script '/home/mauricio/minicurso-ros2/install/setup.zsh'
