running egg_info
creating ../../build/controller_package/controller_package.egg-info
writing ../../build/controller_package/controller_package.egg-info/PKG-INFO
writing dependency_links to ../../build/controller_package/controller_package.egg-info/dependency_links.txt
writing entry points to ../../build/controller_package/controller_package.egg-info/entry_points.txt
writing requirements to ../../build/controller_package/controller_package.egg-info/requires.txt
writing top-level names to ../../build/controller_package/controller_package.egg-info/top_level.txt
writing manifest file '../../build/controller_package/controller_package.egg-info/SOURCES.txt'
reading manifest file '../../build/controller_package/controller_package.egg-info/SOURCES.txt'
writing manifest file '../../build/controller_package/controller_package.egg-info/SOURCES.txt'
running build
running build_py
creating /home/mauricio/ros2_ws/build/controller_package/build
creating /home/mauricio/ros2_ws/build/controller_package/build/lib
creating /home/mauricio/ros2_ws/build/controller_package/build/lib/controller_package
copying controller_package/auto_controller.py -> /home/mauricio/ros2_ws/build/controller_package/build/lib/controller_package
copying controller_package/__init__.py -> /home/mauricio/ros2_ws/build/controller_package/build/lib/controller_package
running install
running install_lib
creating /home/mauricio/ros2_ws/install/controller_package/lib/python3.10/site-packages/controller_package
copying /home/mauricio/ros2_ws/build/controller_package/build/lib/controller_package/auto_controller.py -> /home/mauricio/ros2_ws/install/controller_package/lib/python3.10/site-packages/controller_package
copying /home/mauricio/ros2_ws/build/controller_package/build/lib/controller_package/__init__.py -> /home/mauricio/ros2_ws/install/controller_package/lib/python3.10/site-packages/controller_package
byte-compiling /home/mauricio/ros2_ws/install/controller_package/lib/python3.10/site-packages/controller_package/auto_controller.py to auto_controller.cpython-310.pyc
byte-compiling /home/mauricio/ros2_ws/install/controller_package/lib/python3.10/site-packages/controller_package/__init__.py to __init__.cpython-310.pyc
running install_data
creating /home/mauricio/ros2_ws/install/controller_package/share/ament_index
creating /home/mauricio/ros2_ws/install/controller_package/share/ament_index/resource_index
creating /home/mauricio/ros2_ws/install/controller_package/share/ament_index/resource_index/packages
copying resource/controller_package -> /home/mauricio/ros2_ws/install/controller_package/share/ament_index/resource_index/packages
copying package.xml -> /home/mauricio/ros2_ws/install/controller_package/share/controller_package
running install_egg_info
Copying ../../build/controller_package/controller_package.egg-info to /home/mauricio/ros2_ws/install/controller_package/lib/python3.10/site-packages/controller_package-0.0.0-py3.10.egg-info
running install_scripts
Installing auto script to /home/mauricio/ros2_ws/install/controller_package/lib/controller_package
writing list of installed files to '/home/mauricio/ros2_ws/build/controller_package/install.log'
