[0.766s] Invoking command in '/home/mauricio/ros2_ws/src/controller_package': PYTHONPATH=/home/mauricio/ros2_ws/build/controller_package/prefix_override:/home/mauricio/ros2_ws/install/controller_package/lib/python3.10/site-packages:${PYTHONPATH} /usr/bin/python3 -W ignore:setup.py install is deprecated setup.py egg_info --egg-base ../../build/controller_package build --build-base /home/mauricio/ros2_ws/build/controller_package/build install --record /home/mauricio/ros2_ws/build/controller_package/install.log --single-version-externally-managed install_data
[1.002s] running egg_info
[1.003s] creating ../../build/controller_package/controller_package.egg-info
[1.003s] writing ../../build/controller_package/controller_package.egg-info/PKG-INFO
[1.003s] writing dependency_links to ../../build/controller_package/controller_package.egg-info/dependency_links.txt
[1.003s] writing entry points to ../../build/controller_package/controller_package.egg-info/entry_points.txt
[1.003s] writing requirements to ../../build/controller_package/controller_package.egg-info/requires.txt
[1.003s] writing top-level names to ../../build/controller_package/controller_package.egg-info/top_level.txt
[1.003s] writing manifest file '../../build/controller_package/controller_package.egg-info/SOURCES.txt'
[1.004s] reading manifest file '../../build/controller_package/controller_package.egg-info/SOURCES.txt'
[1.005s] writing manifest file '../../build/controller_package/controller_package.egg-info/SOURCES.txt'
[1.005s] running build
[1.005s] running build_py
[1.005s] creating /home/mauricio/ros2_ws/build/controller_package/build
[1.005s] creating /home/mauricio/ros2_ws/build/controller_package/build/lib
[1.005s] creating /home/mauricio/ros2_ws/build/controller_package/build/lib/controller_package
[1.005s] copying controller_package/auto_controller.py -> /home/mauricio/ros2_ws/build/controller_package/build/lib/controller_package
[1.006s] copying controller_package/__init__.py -> /home/mauricio/ros2_ws/build/controller_package/build/lib/controller_package
[1.006s] running install
[1.006s] running install_lib
[1.006s] creating /home/mauricio/ros2_ws/install/controller_package/lib/python3.10/site-packages/controller_package
[1.006s] copying /home/mauricio/ros2_ws/build/controller_package/build/lib/controller_package/auto_controller.py -> /home/mauricio/ros2_ws/install/controller_package/lib/python3.10/site-packages/controller_package
[1.007s] copying /home/mauricio/ros2_ws/build/controller_package/build/lib/controller_package/__init__.py -> /home/mauricio/ros2_ws/install/controller_package/lib/python3.10/site-packages/controller_package
[1.007s] byte-compiling /home/mauricio/ros2_ws/install/controller_package/lib/python3.10/site-packages/controller_package/auto_controller.py to auto_controller.cpython-310.pyc
[1.007s] byte-compiling /home/mauricio/ros2_ws/install/controller_package/lib/python3.10/site-packages/controller_package/__init__.py to __init__.cpython-310.pyc
[1.008s] running install_data
[1.008s] creating /home/mauricio/ros2_ws/install/controller_package/share/ament_index
[1.008s] creating /home/mauricio/ros2_ws/install/controller_package/share/ament_index/resource_index
[1.008s] creating /home/mauricio/ros2_ws/install/controller_package/share/ament_index/resource_index/packages
[1.008s] copying resource/controller_package -> /home/mauricio/ros2_ws/install/controller_package/share/ament_index/resource_index/packages
[1.008s] copying package.xml -> /home/mauricio/ros2_ws/install/controller_package/share/controller_package
[1.008s] running install_egg_info
[1.009s] Copying ../../build/controller_package/controller_package.egg-info to /home/mauricio/ros2_ws/install/controller_package/lib/python3.10/site-packages/controller_package-0.0.0-py3.10.egg-info
[1.010s] running install_scripts
[1.026s] Installing auto script to /home/mauricio/ros2_ws/install/controller_package/lib/controller_package
[1.027s] writing list of installed files to '/home/mauricio/ros2_ws/build/controller_package/install.log'
[1.051s] Invoked command in '/home/mauricio/ros2_ws/src/controller_package' returned '0': PYTHONPATH=/home/mauricio/ros2_ws/build/controller_package/prefix_override:/home/mauricio/ros2_ws/install/controller_package/lib/python3.10/site-packages:${PYTHONPATH} /usr/bin/python3 -W ignore:setup.py install is deprecated setup.py egg_info --egg-base ../../build/controller_package build --build-base /home/mauricio/ros2_ws/build/controller_package/build install --record /home/mauricio/ros2_ws/build/controller_package/install.log --single-version-externally-managed install_data
